[2023-01-12T13:05:52.512Z] Log level: Info
[2023-01-12T13:05:52.560Z] [info] Validating found git in: git
[2023-01-12T13:05:52.802Z] [info] Using git 2.36.2 from git
[2023-01-12T13:05:52.825Z] > git rev-parse --show-toplevel [15ms]
[2023-01-12T13:05:52.903Z] > git rev-parse --git-dir --git-common-dir [69ms]
[2023-01-12T13:05:52.907Z] [info] Open repository: /afs/cri.epita.fr/user/g/gu/guillaume-alain.priso-totto/u/work/spe/prog/epita-prepa-asm-2026-s4-seminaire-guillaume-alain.priso-totto
[2023-01-12T13:05:53.055Z] > git status -z -uall [143ms]
[2023-01-12T13:05:53.060Z] > git symbolic-ref --short HEAD [1ms]
[2023-01-12T13:05:53.067Z] > git for-each-ref --format=%(refname)%00%(upstream:short)%00%(objectname)%00%(upstream:track)%00%(upstream:remotename)%00%(upstream:remoteref) refs/heads/master refs/remotes/master [4ms]
[2023-01-12T13:05:53.076Z] > git remote --verbose [2ms]
[2023-01-12T13:05:53.110Z] > git for-each-ref --sort -committerdate --format %(refname) %(objectname) %(*objectname) [39ms]
[2023-01-12T13:05:53.122Z] > git config --get commit.template [1ms]
[2023-01-12T13:05:53.132Z] > git status -z -uall [3ms]
[2023-01-12T13:05:53.139Z] > git symbolic-ref --short HEAD [2ms]
[2023-01-12T13:05:53.147Z] > git for-each-ref --format=%(refname)%00%(upstream:short)%00%(objectname)%00%(upstream:track)%00%(upstream:remotename)%00%(upstream:remoteref) refs/heads/master refs/remotes/master [3ms]
[2023-01-12T13:05:53.154Z] > git for-each-ref --sort -committerdate --format %(refname) %(objectname) %(*objectname) [4ms]
[2023-01-12T13:05:53.154Z] > git remote --verbose [1ms]
[2023-01-12T13:05:53.162Z] > git config --get commit.template [1ms]
[2023-01-12T13:05:53.440Z] > git check-ignore -v -z --stdin [2ms]
[2023-01-12T13:05:53.485Z] > git show --textconv :day4/src/lock_picker.c [4ms]
[2023-01-12T13:05:53.486Z] > git ls-files --stage -- /afs/cri.epita.fr/user/g/gu/guillaume-alain.priso-totto/u/work/spe/prog/epita-prepa-asm-2026-s4-seminaire-guillaume-alain.priso-totto/day4/src/lock_picker.c [2ms]
[2023-01-12T13:34:23.953Z] > git show --textconv :day4/src/utils.c [7ms]
[2023-01-12T13:34:23.957Z] > git ls-files --stage -- /afs/cri.epita.fr/user/g/gu/guillaume-alain.priso-totto/u/work/spe/prog/epita-prepa-asm-2026-s4-seminaire-guillaume-alain.priso-totto/day4/src/utils.c [5ms]
[2023-01-12T13:36:18.880Z] > git show --textconv :day4/src/worker.c [4ms]
[2023-01-12T13:36:18.881Z] > git ls-files --stage -- /afs/cri.epita.fr/user/g/gu/guillaume-alain.priso-totto/u/work/spe/prog/epita-prepa-asm-2026-s4-seminaire-guillaume-alain.priso-totto/day4/src/worker.c [2ms]
[2023-01-12T13:36:25.088Z] > git show --textconv :day3/io/parrot.c [4ms]
[2023-01-12T13:36:25.089Z] > git ls-files --stage -- /afs/cri.epita.fr/user/g/gu/guillaume-alain.priso-totto/u/work/spe/prog/epita-prepa-asm-2026-s4-seminaire-guillaume-alain.priso-totto/day3/io/parrot.c [2ms]
[2023-01-12T13:36:25.401Z] > git check-ignore -v -z --stdin [3ms]
[2023-01-12T13:36:27.104Z] > git show --textconv :day4/src/worker.c [4ms]
[2023-01-12T13:36:27.105Z] > git ls-files --stage -- /afs/cri.epita.fr/user/g/gu/guillaume-alain.priso-totto/u/work/spe/prog/epita-prepa-asm-2026-s4-seminaire-guillaume-alain.priso-totto/day4/src/worker.c [2ms]
[2023-01-12T13:36:32.280Z] > git show --textconv :day3/io/parrot.c [4ms]
[2023-01-12T13:36:32.281Z] > git ls-files --stage -- /afs/cri.epita.fr/user/g/gu/guillaume-alain.priso-totto/u/work/spe/prog/epita-prepa-asm-2026-s4-seminaire-guillaume-alain.priso-totto/day3/io/parrot.c [2ms]
[2023-01-12T13:36:35.353Z] > git show --textconv :day4/src/worker.c [4ms]
[2023-01-12T13:36:35.355Z] > git ls-files --stage -- /afs/cri.epita.fr/user/g/gu/guillaume-alain.priso-totto/u/work/spe/prog/epita-prepa-asm-2026-s4-seminaire-guillaume-alain.priso-totto/day4/src/worker.c [2ms]
[2023-01-12T13:42:01.409Z] > git show --textconv :day4/include/worker.h [3ms]
[2023-01-12T13:42:01.410Z] > git ls-files --stage -- /afs/cri.epita.fr/user/g/gu/guillaume-alain.priso-totto/u/work/spe/prog/epita-prepa-asm-2026-s4-seminaire-guillaume-alain.priso-totto/day4/include/worker.h [1ms]
[2023-01-12T13:42:01.438Z] > git check-ignore -v -z --stdin [1ms]
[2023-01-12T13:42:11.731Z] > git show --textconv :day4/include/utils.h [4ms]
[2023-01-12T13:42:11.732Z] > git ls-files --stage -- /afs/cri.epita.fr/user/g/gu/guillaume-alain.priso-totto/u/work/spe/prog/epita-prepa-asm-2026-s4-seminaire-guillaume-alain.priso-totto/day4/include/utils.h [1ms]
[2023-01-12T13:42:11.997Z] > git check-ignore -v -z --stdin [1ms]
[2023-01-12T13:43:25.174Z] > git show --textconv :day4/include/worker.h [4ms]
[2023-01-12T13:43:25.175Z] > git ls-files --stage -- /afs/cri.epita.fr/user/g/gu/guillaume-alain.priso-totto/u/work/spe/prog/epita-prepa-asm-2026-s4-seminaire-guillaume-alain.priso-totto/day4/include/worker.h [2ms]
[2023-01-12T13:43:25.759Z] > git show --textconv :day4/src/worker.c [4ms]
[2023-01-12T13:43:25.760Z] > git ls-files --stage -- /afs/cri.epita.fr/user/g/gu/guillaume-alain.priso-totto/u/work/spe/prog/epita-prepa-asm-2026-s4-seminaire-guillaume-alain.priso-totto/day4/src/worker.c [2ms]
[2023-01-12T13:44:31.263Z] > git show --textconv :day4/include/worker.h [4ms]
[2023-01-12T13:44:31.264Z] > git ls-files --stage -- /afs/cri.epita.fr/user/g/gu/guillaume-alain.priso-totto/u/work/spe/prog/epita-prepa-asm-2026-s4-seminaire-guillaume-alain.priso-totto/day4/include/worker.h [1ms]
[2023-01-12T13:44:37.919Z] > git show --textconv :day4/src/worker.c [5ms]
[2023-01-12T13:44:37.920Z] > git ls-files --stage -- /afs/cri.epita.fr/user/g/gu/guillaume-alain.priso-totto/u/work/spe/prog/epita-prepa-asm-2026-s4-seminaire-guillaume-alain.priso-totto/day4/src/worker.c [1ms]
[2023-01-12T13:44:38.888Z] > git show --textconv :day4/include/utils.h [4ms]
[2023-01-12T13:44:38.889Z] > git ls-files --stage -- /afs/cri.epita.fr/user/g/gu/guillaume-alain.priso-totto/u/work/spe/prog/epita-prepa-asm-2026-s4-seminaire-guillaume-alain.priso-totto/day4/include/utils.h [1ms]
[2023-01-12T13:44:51.582Z] > git show --textconv :day4/src/worker.c [4ms]
[2023-01-12T13:44:51.584Z] > git ls-files --stage -- /afs/cri.epita.fr/user/g/gu/guillaume-alain.priso-totto/u/work/spe/prog/epita-prepa-asm-2026-s4-seminaire-guillaume-alain.priso-totto/day4/src/worker.c [2ms]
[2023-01-12T13:45:43.057Z] > git show --textconv :day4/include/utils.h [5ms]
[2023-01-12T13:45:43.058Z] > git ls-files --stage -- /afs/cri.epita.fr/user/g/gu/guillaume-alain.priso-totto/u/work/spe/prog/epita-prepa-asm-2026-s4-seminaire-guillaume-alain.priso-totto/day4/include/utils.h [2ms]
[2023-01-12T13:45:44.528Z] > git show --textconv :day4/src/worker.c [4ms]
[2023-01-12T13:45:44.529Z] > git ls-files --stage -- /afs/cri.epita.fr/user/g/gu/guillaume-alain.priso-totto/u/work/spe/prog/epita-prepa-asm-2026-s4-seminaire-guillaume-alain.priso-totto/day4/src/worker.c [2ms]
[2023-01-12T13:45:58.539Z] > git show --textconv :day4/include/utils.h [6ms]
[2023-01-12T13:45:58.540Z] > git ls-files --stage -- /afs/cri.epita.fr/user/g/gu/guillaume-alain.priso-totto/u/work/spe/prog/epita-prepa-asm-2026-s4-seminaire-guillaume-alain.priso-totto/day4/include/utils.h [1ms]
[2023-01-12T13:46:03.382Z] > git show --textconv :day4/src/worker.c [4ms]
[2023-01-12T13:46:03.383Z] > git ls-files --stage -- /afs/cri.epita.fr/user/g/gu/guillaume-alain.priso-totto/u/work/spe/prog/epita-prepa-asm-2026-s4-seminaire-guillaume-alain.priso-totto/day4/src/worker.c [2ms]
[2023-01-12T13:46:26.458Z] > git show --textconv :day4/include/utils.h [3ms]
[2023-01-12T13:46:26.460Z] > git ls-files --stage -- /afs/cri.epita.fr/user/g/gu/guillaume-alain.priso-totto/u/work/spe/prog/epita-prepa-asm-2026-s4-seminaire-guillaume-alain.priso-totto/day4/include/utils.h [1ms]
[2023-01-12T13:46:46.343Z] > git show --textconv :day4/src/worker.c [5ms]
[2023-01-12T13:46:46.344Z] > git ls-files --stage -- /afs/cri.epita.fr/user/g/gu/guillaume-alain.priso-totto/u/work/spe/prog/epita-prepa-asm-2026-s4-seminaire-guillaume-alain.priso-totto/day4/src/worker.c [2ms]
[2023-01-12T14:07:37.621Z] > git rev-parse --show-toplevel [1ms]
[2023-01-12T14:07:37.627Z] > git rev-parse --git-dir --git-common-dir [2ms]
[2023-01-12T14:07:37.629Z] [info] Open repository: /afs/cri.epita.fr/user/g/gu/guillaume-alain.priso-totto/u/.confs
[2023-01-12T14:07:37.986Z] > git show --textconv :config/i3/config [4ms]
[2023-01-12T14:07:37.987Z] > git ls-files --stage -- /afs/cri.epita.fr/user/g/gu/guillaume-alain.priso-totto/u/.confs/config/i3/config [2ms]
[2023-01-12T14:07:38.159Z] > git check-ignore -v -z --stdin [4ms]
[2023-01-12T14:07:38.159Z] > git check-ignore -v -z --stdin [1ms]
[2023-01-12T14:07:47.750Z] > git status -z -uall [10114ms]
[2023-01-12T14:07:47.759Z] > git symbolic-ref --short HEAD [6ms]
[2023-01-12T14:07:47.773Z] > git for-each-ref --format=%(refname)%00%(upstream:short)%00%(objectname)%00%(upstream:track)%00%(upstream:remotename)%00%(upstream:remoteref) refs/heads/master refs/remotes/master [10ms]
[2023-01-12T14:07:47.780Z] > git remote --verbose [2ms]
[2023-01-12T14:07:47.780Z] > git for-each-ref --sort -committerdate --format %(refname) %(objectname) %(*objectname) [5ms]
[2023-01-12T14:07:49.016Z] > git config --get commit.template [1104ms]
[2023-01-12T14:07:49.036Z] > git rev-parse --show-toplevel [2ms]
[2023-01-12T14:07:49.043Z] > git rev-parse --git-dir --git-common-dir [2ms]
[2023-01-12T14:07:49.045Z] [info] Open repository: /afs/cri.epita.fr/user/g/gu/guillaume-alain.priso-totto/u/.confs/vim/bundle/Vundle.vim
[2023-01-12T14:07:49.056Z] > git status -z -uall [6ms]
[2023-01-12T14:07:49.061Z] > git rev-parse --show-toplevel [6ms]
[2023-01-12T14:07:49.066Z] > git symbolic-ref --short HEAD [5ms]
[2023-01-12T14:07:49.066Z] fatal: ref HEAD is not a symbolic ref
[2023-01-12T14:07:49.072Z] > git rev-parse --git-dir --git-common-dir [6ms]
[2023-01-12T14:07:49.074Z] [info] Open repository: /afs/cri.epita.fr/user/g/gu/guillaume-alain.priso-totto/u/.confs/vim/bundle/vim-sensible
[2023-01-12T14:07:49.078Z] > git rev-parse HEAD [7ms]
[2023-01-12T14:07:49.088Z] > git status -z -uall [10ms]
[2023-01-12T14:07:49.094Z] > git remote --verbose [6ms]
[2023-01-12T14:07:49.096Z] > git symbolic-ref --short HEAD [3ms]
[2023-01-12T14:07:49.096Z] fatal: ref HEAD is not a symbolic ref
[2023-01-12T14:07:49.101Z] > git rev-parse HEAD [1ms]
[2023-01-12T14:07:49.113Z] > git remote --verbose [2ms]
[2023-01-12T14:07:49.151Z] > git for-each-ref --sort -committerdate --format %(refname) %(objectname) %(*objectname) [46ms]
[2023-01-12T14:07:49.165Z] > git for-each-ref --sort -committerdate --format %(refname) %(objectname) %(*objectname) [82ms]
[2023-01-12T14:07:49.176Z] > git config --get commit.template [12ms]
[2023-01-12T14:07:49.179Z] > git config --get commit.template [4ms]
[2023-01-12T14:07:49.790Z] > git check-ignore -v -z --stdin [6ms]
[2023-01-12T14:07:49.791Z] > git check-ignore -v -z --stdin [2ms]
[2023-01-12T14:07:54.092Z] > git status -z -uall [5070ms]
[2023-01-12T14:07:54.098Z] > git symbolic-ref --short HEAD [1ms]
[2023-01-12T14:07:54.114Z] > git for-each-ref --format=%(refname)%00%(upstream:short)%00%(objectname)%00%(upstream:track)%00%(upstream:remotename)%00%(upstream:remoteref) refs/heads/master refs/remotes/master [11ms]
[2023-01-12T14:07:54.125Z] > git remote --verbose [1ms]
[2023-01-12T14:07:54.128Z] > git for-each-ref --sort -committerdate --format %(refname) %(objectname) %(*objectname) [9ms]
[2023-01-12T14:07:54.200Z] > git config --get commit.template [1ms]
[2023-01-12T14:08:03.423Z] > git status -z -uall [7057ms]
[2023-01-12T14:08:03.430Z] > git symbolic-ref --short HEAD [1ms]
[2023-01-12T14:08:03.448Z] > git for-each-ref --format=%(refname)%00%(upstream:short)%00%(objectname)%00%(upstream:track)%00%(upstream:remotename)%00%(upstream:remoteref) refs/heads/master refs/remotes/master [12ms]
[2023-01-12T14:08:03.461Z] > git remote --verbose [2ms]
[2023-01-12T14:08:03.461Z] > git for-each-ref --sort -committerdate --format %(refname) %(objectname) %(*objectname) [7ms]
[2023-01-12T14:08:03.555Z] > git config --get commit.template [2ms]
[2023-01-12T14:19:28.761Z] > git status -z -uall [6312ms]
[2023-01-12T14:19:28.774Z] > git symbolic-ref --short HEAD [9ms]
[2023-01-12T14:19:28.796Z] > git for-each-ref --format=%(refname)%00%(upstream:short)%00%(objectname)%00%(upstream:track)%00%(upstream:remotename)%00%(upstream:remoteref) refs/heads/master refs/remotes/master [17ms]
[2023-01-12T14:19:28.804Z] > git for-each-ref --sort -committerdate --format %(refname) %(objectname) %(*objectname) [5ms]
[2023-01-12T14:19:28.805Z] > git remote --verbose [2ms]
[2023-01-12T14:19:28.894Z] > git config --get commit.template [5ms]
[2023-01-12T14:40:30.272Z] > git show --textconv :day4/src/utils.c [30ms]
[2023-01-12T14:40:30.272Z] > git ls-files --stage -- /afs/cri.epita.fr/user/g/gu/guillaume-alain.priso-totto/u/work/spe/prog/epita-prepa-asm-2026-s4-seminaire-guillaume-alain.priso-totto/day4/src/utils.c [25ms]
[2023-01-12T14:40:30.570Z] > git check-ignore -v -z --stdin [10ms]
[2023-01-12T14:40:31.615Z] > git status -z -uall [8144ms]
[2023-01-12T14:40:31.620Z] > git symbolic-ref --short HEAD [2ms]
[2023-01-12T14:40:31.636Z] > git for-each-ref --format=%(refname)%00%(upstream:short)%00%(objectname)%00%(upstream:track)%00%(upstream:remotename)%00%(upstream:remoteref) refs/heads/master refs/remotes/master [13ms]
[2023-01-12T14:40:31.644Z] > git remote --verbose [1ms]
[2023-01-12T14:40:31.647Z] > git for-each-ref --sort -committerdate --format %(refname) %(objectname) %(*objectname) [8ms]
[2023-01-12T14:40:31.728Z] > git config --get commit.template [6ms]
[2023-01-12T14:40:41.280Z] > git status -z -uall [4546ms]
[2023-01-12T14:40:41.286Z] > git symbolic-ref --short HEAD [1ms]
[2023-01-12T14:40:41.302Z] > git for-each-ref --format=%(refname)%00%(upstream:short)%00%(objectname)%00%(upstream:track)%00%(upstream:remotename)%00%(upstream:remoteref) refs/heads/master refs/remotes/master [11ms]
[2023-01-12T14:40:41.313Z] > git remote --verbose [1ms]
[2023-01-12T14:40:41.313Z] > git for-each-ref --sort -committerdate --format %(refname) %(objectname) %(*objectname) [6ms]
[2023-01-12T14:40:41.384Z] > git config --get commit.template [2ms]
[2023-01-12T14:40:50.751Z] > git status -z -uall [4361ms]
[2023-01-12T14:40:50.757Z] > git symbolic-ref --short HEAD [1ms]
[2023-01-12T14:40:50.773Z] > git for-each-ref --format=%(refname)%00%(upstream:short)%00%(objectname)%00%(upstream:track)%00%(upstream:remotename)%00%(upstream:remoteref) refs/heads/master refs/remotes/master [11ms]
[2023-01-12T14:40:50.784Z] > git for-each-ref --sort -committerdate --format %(refname) %(objectname) %(*objectname) [6ms]
[2023-01-12T14:40:50.784Z] > git remote --verbose [2ms]
[2023-01-12T14:40:50.847Z] > git config --get commit.template [2ms]
[2023-01-12T14:41:00.213Z] > git status -z -uall [4361ms]
[2023-01-12T14:41:00.219Z] > git symbolic-ref --short HEAD [1ms]
[2023-01-12T14:41:00.235Z] > git for-each-ref --format=%(refname)%00%(upstream:short)%00%(objectname)%00%(upstream:track)%00%(upstream:remotename)%00%(upstream:remoteref) refs/heads/master refs/remotes/master [11ms]
[2023-01-12T14:41:00.246Z] > git remote --verbose [1ms]
[2023-01-12T14:41:00.246Z] > git for-each-ref --sort -committerdate --format %(refname) %(objectname) %(*objectname) [6ms]
[2023-01-12T14:41:00.319Z] > git config --get commit.template [2ms]
[2023-01-12T14:41:10.251Z] > git status -z -uall [4926ms]
[2023-01-12T14:41:10.257Z] > git symbolic-ref --short HEAD [1ms]
[2023-01-12T14:41:10.274Z] > git for-each-ref --format=%(refname)%00%(upstream:short)%00%(objectname)%00%(upstream:track)%00%(upstream:remotename)%00%(upstream:remoteref) refs/heads/master refs/remotes/master [11ms]
[2023-01-12T14:41:10.285Z] > git for-each-ref --sort -committerdate --format %(refname) %(objectname) %(*objectname) [6ms]
[2023-01-12T14:41:10.286Z] > git remote --verbose [2ms]
[2023-01-12T14:41:10.361Z] > git config --get commit.template [3ms]
[2023-01-12T14:41:19.913Z] > git status -z -uall [4546ms]
[2023-01-12T14:41:19.919Z] > git symbolic-ref --short HEAD [1ms]
[2023-01-12T14:41:19.935Z] > git for-each-ref --format=%(refname)%00%(upstream:short)%00%(objectname)%00%(upstream:track)%00%(upstream:remotename)%00%(upstream:remoteref) refs/heads/master refs/remotes/master [11ms]
[2023-01-12T14:41:19.946Z] > git for-each-ref --sort -committerdate --format %(refname) %(objectname) %(*objectname) [6ms]
[2023-01-12T14:41:19.946Z] > git remote --verbose [1ms]
[2023-01-12T14:41:20.024Z] > git config --get commit.template [3ms]
[2023-01-12T14:41:30.399Z] > git status -z -uall [5370ms]
[2023-01-12T14:41:30.406Z] > git symbolic-ref --short HEAD [2ms]
[2023-01-12T14:41:30.423Z] > git for-each-ref --format=%(refname)%00%(upstream:short)%00%(objectname)%00%(upstream:track)%00%(upstream:remotename)%00%(upstream:remoteref) refs/heads/master refs/remotes/master [11ms]
[2023-01-12T14:41:30.435Z] > git for-each-ref --sort -committerdate --format %(refname) %(objectname) %(*objectname) [6ms]
[2023-01-12T14:41:30.436Z] > git remote --verbose [2ms]
[2023-01-12T14:41:30.505Z] > git config --get commit.template [2ms]
[2023-01-12T14:41:40.120Z] > git status -z -uall [4607ms]
[2023-01-12T14:41:40.126Z] > git symbolic-ref --short HEAD [1ms]
[2023-01-12T14:41:40.143Z] > git for-each-ref --format=%(refname)%00%(upstream:short)%00%(objectname)%00%(upstream:track)%00%(upstream:remotename)%00%(upstream:remoteref) refs/heads/master refs/remotes/master [12ms]
[2023-01-12T14:41:40.154Z] > git for-each-ref --sort -committerdate --format %(refname) %(objectname) %(*objectname) [6ms]
[2023-01-12T14:41:40.154Z] > git remote --verbose [1ms]
[2023-01-12T14:41:40.224Z] > git config --get commit.template [3ms]
[2023-01-12T14:41:51.167Z] > git status -z -uall [5936ms]
[2023-01-12T14:41:51.176Z] > git symbolic-ref --short HEAD [2ms]
[2023-01-12T14:41:51.194Z] > git for-each-ref --format=%(refname)%00%(upstream:short)%00%(objectname)%00%(upstream:track)%00%(upstream:remotename)%00%(upstream:remoteref) refs/heads/master refs/remotes/master [10ms]
[2023-01-12T14:41:51.207Z] > git for-each-ref --sort -committerdate --format %(refname) %(objectname) %(*objectname) [7ms]
[2023-01-12T14:41:51.208Z] > git remote --verbose [2ms]
[2023-01-12T14:41:51.281Z] > git config --get commit.template [2ms]
[2023-01-12T14:42:00.483Z] > git show --textconv :day4/src/worker.c [7ms]
[2023-01-12T14:42:00.484Z] > git ls-files --stage -- /afs/cri.epita.fr/user/g/gu/guillaume-alain.priso-totto/u/work/spe/prog/epita-prepa-asm-2026-s4-seminaire-guillaume-alain.priso-totto/day4/src/worker.c [2ms]
[2023-01-12T14:42:00.654Z] > git status -z -uall [4367ms]
[2023-01-12T14:42:00.662Z] > git symbolic-ref --short HEAD [1ms]
[2023-01-12T14:42:00.678Z] > git for-each-ref --format=%(refname)%00%(upstream:short)%00%(objectname)%00%(upstream:track)%00%(upstream:remotename)%00%(upstream:remoteref) refs/heads/master refs/remotes/master [10ms]
[2023-01-12T14:42:00.692Z] > git for-each-ref --sort -committerdate --format %(refname) %(objectname) %(*objectname) [8ms]
[2023-01-12T14:42:00.692Z] > git remote --verbose [1ms]
[2023-01-12T14:42:00.786Z] > git config --get commit.template [2ms]
[2023-01-12T14:42:12.096Z] > git status -z -uall [6300ms]
[2023-01-12T14:42:12.104Z] > git symbolic-ref --short HEAD [2ms]
[2023-01-12T14:42:12.120Z] > git for-each-ref --format=%(refname)%00%(upstream:short)%00%(objectname)%00%(upstream:track)%00%(upstream:remotename)%00%(upstream:remoteref) refs/heads/master refs/remotes/master [10ms]
[2023-01-12T14:42:12.135Z] > git for-each-ref --sort -committerdate --format %(refname) %(objectname) %(*objectname) [7ms]
[2023-01-12T14:42:12.136Z] > git remote --verbose [2ms]
[2023-01-12T14:42:12.215Z] > git config --get commit.template [7ms]
[2023-01-12T14:42:21.576Z] > git status -z -uall [4352ms]
[2023-01-12T14:42:21.583Z] > git symbolic-ref --short HEAD [1ms]
[2023-01-12T14:42:21.601Z] > git for-each-ref --format=%(refname)%00%(upstream:short)%00%(objectname)%00%(upstream:track)%00%(upstream:remotename)%00%(upstream:remoteref) refs/heads/master refs/remotes/master [12ms]
[2023-01-12T14:42:21.613Z] > git for-each-ref --sort -committerdate --format %(refname) %(objectname) %(*objectname) [6ms]
[2023-01-12T14:42:21.614Z] > git remote --verbose [1ms]
[2023-01-12T14:42:21.705Z] > git config --get commit.template [5ms]
[2023-01-12T14:42:45.058Z] > git status -z -uall [4527ms]
[2023-01-12T14:42:45.063Z] > git symbolic-ref --short HEAD [1ms]
[2023-01-12T14:42:45.080Z] > git for-each-ref --format=%(refname)%00%(upstream:short)%00%(objectname)%00%(upstream:track)%00%(upstream:remotename)%00%(upstream:remoteref) refs/heads/master refs/remotes/master [11ms]
[2023-01-12T14:42:45.089Z] > git remote --verbose [1ms]
[2023-01-12T14:42:45.090Z] > git for-each-ref --sort -committerdate --format %(refname) %(objectname) %(*objectname) [7ms]
[2023-01-12T14:42:45.170Z] > git config --get commit.template [3ms]
[2023-01-12T14:43:19.070Z] > git status -z -uall [4616ms]
[2023-01-12T14:43:19.075Z] > git symbolic-ref --short HEAD [2ms]
[2023-01-12T14:43:19.090Z] > git for-each-ref --format=%(refname)%00%(upstream:short)%00%(objectname)%00%(upstream:track)%00%(upstream:remotename)%00%(upstream:remoteref) refs/heads/master refs/remotes/master [11ms]
[2023-01-12T14:43:19.102Z] > git remote --verbose [2ms]
[2023-01-12T14:43:19.102Z] > git for-each-ref --sort -committerdate --format %(refname) %(objectname) %(*objectname) [7ms]
[2023-01-12T14:43:19.184Z] > git config --get commit.template [4ms]
[2023-01-12T14:43:29.099Z] > git status -z -uall [4910ms]
[2023-01-12T14:43:29.105Z] > git symbolic-ref --short HEAD [1ms]
[2023-01-12T14:43:29.122Z] > git for-each-ref --format=%(refname)%00%(upstream:short)%00%(objectname)%00%(upstream:track)%00%(upstream:remotename)%00%(upstream:remoteref) refs/heads/master refs/remotes/master [12ms]
[2023-01-12T14:43:29.133Z] > git for-each-ref --sort -committerdate --format %(refname) %(objectname) %(*objectname) [6ms]
[2023-01-12T14:43:29.134Z] > git remote --verbose [2ms]
[2023-01-12T14:43:29.212Z] > git config --get commit.template [2ms]
[2023-01-12T14:43:39.021Z] > git status -z -uall [4802ms]
[2023-01-12T14:43:39.027Z] > git symbolic-ref --short HEAD [1ms]
[2023-01-12T14:43:39.043Z] > git for-each-ref --format=%(refname)%00%(upstream:short)%00%(objectname)%00%(upstream:track)%00%(upstream:remotename)%00%(upstream:remoteref) refs/heads/master refs/remotes/master [11ms]
[2023-01-12T14:43:39.054Z] > git for-each-ref --sort -committerdate --format %(refname) %(objectname) %(*objectname) [5ms]
[2023-01-12T14:43:39.055Z] > git remote --verbose [1ms]
[2023-01-12T14:43:39.121Z] > git config --get commit.template [2ms]
[2023-01-12T14:43:51.448Z] > git status -z -uall [4830ms]
[2023-01-12T14:43:51.454Z] > git symbolic-ref --short HEAD [1ms]
[2023-01-12T14:43:51.470Z] > git for-each-ref --format=%(refname)%00%(upstream:short)%00%(objectname)%00%(upstream:track)%00%(upstream:remotename)%00%(upstream:remoteref) refs/heads/master refs/remotes/master [10ms]
[2023-01-12T14:43:51.481Z] > git for-each-ref --sort -committerdate --format %(refname) %(objectname) %(*objectname) [6ms]
[2023-01-12T14:43:51.482Z] > git remote --verbose [1ms]
[2023-01-12T14:43:51.556Z] > git config --get commit.template [2ms]
[2023-01-12T14:44:01.114Z] > git status -z -uall [4552ms]
[2023-01-12T14:44:01.120Z] > git symbolic-ref --short HEAD [1ms]
[2023-01-12T14:44:01.136Z] > git for-each-ref --format=%(refname)%00%(upstream:short)%00%(objectname)%00%(upstream:track)%00%(upstream:remotename)%00%(upstream:remoteref) refs/heads/master refs/remotes/master [11ms]
[2023-01-12T14:44:01.147Z] > git for-each-ref --sort -committerdate --format %(refname) %(objectname) %(*objectname) [6ms]
[2023-01-12T14:44:01.148Z] > git remote --verbose [1ms]
[2023-01-12T14:44:01.212Z] > git config --get commit.template [3ms]
[2023-01-12T14:44:10.671Z] > git status -z -uall [4451ms]
[2023-01-12T14:44:10.678Z] > git symbolic-ref --short HEAD [1ms]
[2023-01-12T14:44:10.693Z] > git for-each-ref --format=%(refname)%00%(upstream:short)%00%(objectname)%00%(upstream:track)%00%(upstream:remotename)%00%(upstream:remoteref) refs/heads/master refs/remotes/master [9ms]
[2023-01-12T14:44:10.708Z] > git for-each-ref --sort -committerdate --format %(refname) %(objectname) %(*objectname) [8ms]
[2023-01-12T14:44:10.708Z] > git remote --verbose [1ms]
[2023-01-12T14:44:10.801Z] > git config --get commit.template [4ms]
[2023-01-12T14:44:21.415Z] > git status -z -uall [5608ms]
[2023-01-12T14:44:21.422Z] > git symbolic-ref --short HEAD [1ms]
[2023-01-12T14:44:21.440Z] > git for-each-ref --format=%(refname)%00%(upstream:short)%00%(objectname)%00%(upstream:track)%00%(upstream:remotename)%00%(upstream:remoteref) refs/heads/master refs/remotes/master [12ms]
[2023-01-12T14:44:21.453Z] > git for-each-ref --sort -committerdate --format %(refname) %(objectname) %(*objectname) [7ms]
[2023-01-12T14:44:21.453Z] > git remote --verbose [1ms]
[2023-01-12T14:44:21.558Z] > git config --get commit.template [2ms]
[2023-01-12T14:44:31.421Z] > git status -z -uall [4857ms]
[2023-01-12T14:44:31.427Z] > git symbolic-ref --short HEAD [1ms]
[2023-01-12T14:44:31.443Z] > git for-each-ref --format=%(refname)%00%(upstream:short)%00%(objectname)%00%(upstream:track)%00%(upstream:remotename)%00%(upstream:remoteref) refs/heads/master refs/remotes/master [11ms]
[2023-01-12T14:44:31.454Z] > git for-each-ref --sort -committerdate --format %(refname) %(objectname) %(*objectname) [6ms]
[2023-01-12T14:44:31.455Z] > git remote --verbose [2ms]
[2023-01-12T14:44:31.529Z] > git config --get commit.template [3ms]
[2023-01-12T14:44:42.518Z] > git status -z -uall [5983ms]
[2023-01-12T14:44:42.525Z] > git symbolic-ref --short HEAD [2ms]
[2023-01-12T14:44:42.541Z] > git for-each-ref --format=%(refname)%00%(upstream:short)%00%(objectname)%00%(upstream:track)%00%(upstream:remotename)%00%(upstream:remoteref) refs/heads/master refs/remotes/master [11ms]
[2023-01-12T14:44:42.553Z] > git for-each-ref --sort -committerdate --format %(refname) %(objectname) %(*objectname) [7ms]
[2023-01-12T14:44:42.553Z] > git remote --verbose [1ms]
[2023-01-12T14:44:42.631Z] > git config --get commit.template [2ms]
[2023-01-12T14:44:54.216Z] > git status -z -uall [6579ms]
[2023-01-12T14:44:54.222Z] > git symbolic-ref --short HEAD [1ms]
[2023-01-12T14:44:54.238Z] > git for-each-ref --format=%(refname)%00%(upstream:short)%00%(objectname)%00%(upstream:track)%00%(upstream:remotename)%00%(upstream:remoteref) refs/heads/master refs/remotes/master [9ms]
[2023-01-12T14:44:54.250Z] > git for-each-ref --sort -committerdate --format %(refname) %(objectname) %(*objectname) [6ms]
[2023-01-12T14:44:54.251Z] > git remote --verbose [1ms]
[2023-01-12T14:44:54.327Z] > git config --get commit.template [3ms]
[2023-01-12T14:45:03.690Z] > git status -z -uall [4356ms]
[2023-01-12T14:45:03.696Z] > git symbolic-ref --short HEAD [1ms]
[2023-01-12T14:45:03.711Z] > git for-each-ref --format=%(refname)%00%(upstream:short)%00%(objectname)%00%(upstream:track)%00%(upstream:remotename)%00%(upstream:remoteref) refs/heads/master refs/remotes/master [10ms]
[2023-01-12T14:45:03.722Z] > git for-each-ref --sort -committerdate --format %(refname) %(objectname) %(*objectname) [6ms]
[2023-01-12T14:45:03.722Z] > git remote --verbose [1ms]
[2023-01-12T14:45:03.786Z] > git config --get commit.template [2ms]
[2023-01-12T14:45:13.238Z] > git status -z -uall [4441ms]
[2023-01-12T14:45:13.245Z] > git symbolic-ref --short HEAD [2ms]
[2023-01-12T14:45:13.262Z] > git for-each-ref --format=%(refname)%00%(upstream:short)%00%(objectname)%00%(upstream:track)%00%(upstream:remotename)%00%(upstream:remoteref) refs/heads/master refs/remotes/master [11ms]
[2023-01-12T14:45:13.275Z] > git for-each-ref --sort -committerdate --format %(refname) %(objectname) %(*objectname) [7ms]
[2023-01-12T14:45:13.275Z] > git remote --verbose [1ms]
[2023-01-12T14:45:13.369Z] > git config --get commit.template [3ms]
[2023-01-12T14:45:22.831Z] > git status -z -uall [4456ms]
[2023-01-12T14:45:22.838Z] > git symbolic-ref --short HEAD [1ms]
[2023-01-12T14:45:22.856Z] > git for-each-ref --format=%(refname)%00%(upstream:short)%00%(objectname)%00%(upstream:track)%00%(upstream:remotename)%00%(upstream:remoteref) refs/heads/master refs/remotes/master [12ms]
[2023-01-12T14:45:22.869Z] > git for-each-ref --sort -committerdate --format %(refname) %(objectname) %(*objectname) [7ms]
[2023-01-12T14:45:22.870Z] > git remote --verbose [1ms]
[2023-01-12T14:45:22.958Z] > git config --get commit.template [4ms]
[2023-01-12T14:45:33.511Z] > git status -z -uall [5547ms]
[2023-01-12T14:45:33.519Z] > git symbolic-ref --short HEAD [2ms]
[2023-01-12T14:45:33.536Z] > git for-each-ref --format=%(refname)%00%(upstream:short)%00%(objectname)%00%(upstream:track)%00%(upstream:remotename)%00%(upstream:remoteref) refs/heads/master refs/remotes/master [11ms]
[2023-01-12T14:45:33.550Z] > git for-each-ref --sort -committerdate --format %(refname) %(objectname) %(*objectname) [7ms]
[2023-01-12T14:45:33.550Z] > git remote --verbose [1ms]
[2023-01-12T14:45:33.648Z] > git config --get commit.template [2ms]
[2023-01-12T14:45:43.273Z] > git status -z -uall [4619ms]
[2023-01-12T14:45:43.279Z] > git symbolic-ref --short HEAD [1ms]
[2023-01-12T14:45:43.295Z] > git for-each-ref --format=%(refname)%00%(upstream:short)%00%(objectname)%00%(upstream:track)%00%(upstream:remotename)%00%(upstream:remoteref) refs/heads/master refs/remotes/master [10ms]
[2023-01-12T14:45:43.308Z] > git for-each-ref --sort -committerdate --format %(refname) %(objectname) %(*objectname) [6ms]
[2023-01-12T14:45:43.308Z] > git remote --verbose [1ms]
[2023-01-12T14:45:43.378Z] > git config --get commit.template [2ms]
[2023-01-12T14:45:53.061Z] > git status -z -uall [4676ms]
[2023-01-12T14:45:53.067Z] > git symbolic-ref --short HEAD [1ms]
[2023-01-12T14:45:53.084Z] > git for-each-ref --format=%(refname)%00%(upstream:short)%00%(objectname)%00%(upstream:track)%00%(upstream:remotename)%00%(upstream:remoteref) refs/heads/master refs/remotes/master [12ms]
[2023-01-12T14:45:53.095Z] > git for-each-ref --sort -committerdate --format %(refname) %(objectname) %(*objectname) [6ms]
[2023-01-12T14:45:53.096Z] > git remote --verbose [2ms]
[2023-01-12T14:45:53.166Z] > git config --get commit.template [3ms]
[2023-01-12T14:46:02.973Z] > git status -z -uall [4802ms]
[2023-01-12T14:46:02.979Z] > git symbolic-ref --short HEAD [1ms]
[2023-01-12T14:46:02.999Z] > git for-each-ref --format=%(refname)%00%(upstream:short)%00%(objectname)%00%(upstream:track)%00%(upstream:remotename)%00%(upstream:remoteref) refs/heads/master refs/remotes/master [15ms]
[2023-01-12T14:46:03.010Z] > git for-each-ref --sort -committerdate --format %(refname) %(objectname) %(*objectname) [6ms]
[2023-01-12T14:46:03.011Z] > git remote --verbose [2ms]
[2023-01-12T14:46:03.082Z] > git config --get commit.template [3ms]
[2023-01-12T14:46:12.464Z] > git status -z -uall [4375ms]
[2023-01-12T14:46:12.470Z] > git symbolic-ref --short HEAD [1ms]
[2023-01-12T14:46:12.486Z] > git for-each-ref --format=%(refname)%00%(upstream:short)%00%(objectname)%00%(upstream:track)%00%(upstream:remotename)%00%(upstream:remoteref) refs/heads/master refs/remotes/master [11ms]
[2023-01-12T14:46:12.497Z] > git for-each-ref --sort -committerdate --format %(refname) %(objectname) %(*objectname) [6ms]
[2023-01-12T14:46:12.497Z] > git remote --verbose [1ms]
[2023-01-12T14:46:12.567Z] > git config --get commit.template [2ms]
[2023-01-12T14:46:23.375Z] > git status -z -uall [5802ms]
[2023-01-12T14:46:23.381Z] > git symbolic-ref --short HEAD [1ms]
[2023-01-12T14:46:23.398Z] > git for-each-ref --format=%(refname)%00%(upstream:short)%00%(objectname)%00%(upstream:track)%00%(upstream:remotename)%00%(upstream:remoteref) refs/heads/master refs/remotes/master [12ms]
[2023-01-12T14:46:23.410Z] > git for-each-ref --sort -committerdate --format %(refname) %(objectname) %(*objectname) [7ms]
[2023-01-12T14:46:23.410Z] > git remote --verbose [1ms]
[2023-01-12T14:46:23.483Z] > git config --get commit.template [2ms]
[2023-01-12T14:46:35.328Z] > git status -z -uall [6838ms]
[2023-01-12T14:46:35.334Z] > git symbolic-ref --short HEAD [1ms]
[2023-01-12T14:46:35.350Z] > git for-each-ref --format=%(refname)%00%(upstream:short)%00%(objectname)%00%(upstream:track)%00%(upstream:remotename)%00%(upstream:remoteref) refs/heads/master refs/remotes/master [11ms]
[2023-01-12T14:46:35.361Z] > git for-each-ref --sort -committerdate --format %(refname) %(objectname) %(*objectname) [6ms]
[2023-01-12T14:46:35.362Z] > git remote --verbose [1ms]
[2023-01-12T14:46:35.438Z] > git config --get commit.template [3ms]
[2023-01-12T14:46:45.078Z] > git status -z -uall [4633ms]
[2023-01-12T14:46:45.084Z] > git symbolic-ref --short HEAD [1ms]
[2023-01-12T14:46:45.101Z] > git for-each-ref --format=%(refname)%00%(upstream:short)%00%(objectname)%00%(upstream:track)%00%(upstream:remotename)%00%(upstream:remoteref) refs/heads/master refs/remotes/master [12ms]
[2023-01-12T14:46:45.112Z] > git remote --verbose [1ms]
[2023-01-12T14:46:45.113Z] > git for-each-ref --sort -committerdate --format %(refname) %(objectname) %(*objectname) [7ms]
[2023-01-12T14:46:45.183Z] > git config --get commit.template [2ms]
[2023-01-12T14:46:54.859Z] > git status -z -uall [4669ms]
[2023-01-12T14:46:54.866Z] > git symbolic-ref --short HEAD [2ms]
[2023-01-12T14:46:54.882Z] > git for-each-ref --format=%(refname)%00%(upstream:short)%00%(objectname)%00%(upstream:track)%00%(upstream:remotename)%00%(upstream:remoteref) refs/heads/master refs/remotes/master [11ms]
[2023-01-12T14:46:54.893Z] > git for-each-ref --sort -committerdate --format %(refname) %(objectname) %(*objectname) [6ms]
[2023-01-12T14:46:54.894Z] > git remote --verbose [1ms]
[2023-01-12T14:46:54.964Z] > git config --get commit.template [3ms]
[2023-01-12T14:47:04.762Z] > git status -z -uall [4793ms]
[2023-01-12T14:47:04.769Z] > git symbolic-ref --short HEAD [1ms]
[2023-01-12T14:47:04.785Z] > git for-each-ref --format=%(refname)%00%(upstream:short)%00%(objectname)%00%(upstream:track)%00%(upstream:remotename)%00%(upstream:remoteref) refs/heads/master refs/remotes/master [11ms]
[2023-01-12T14:47:04.799Z] > git for-each-ref --sort -committerdate --format %(refname) %(objectname) %(*objectname) [8ms]
[2023-01-12T14:47:04.800Z] > git remote --verbose [3ms]
[2023-01-12T14:47:04.876Z] > git config --get commit.template [3ms]
[2023-01-12T14:47:14.598Z] > git status -z -uall [4717ms]
[2023-01-12T14:47:14.604Z] > git symbolic-ref --short HEAD [2ms]
[2023-01-12T14:47:14.622Z] > git for-each-ref --format=%(refname)%00%(upstream:short)%00%(objectname)%00%(upstream:track)%00%(upstream:remotename)%00%(upstream:remoteref) refs/heads/master refs/remotes/master [13ms]
[2023-01-12T14:47:14.633Z] > git for-each-ref --sort -committerdate --format %(refname) %(objectname) %(*objectname) [6ms]
[2023-01-12T14:47:14.633Z] > git remote --verbose [1ms]
[2023-01-12T14:47:14.704Z] > git config --get commit.template [2ms]
[2023-01-12T14:47:24.540Z] > git status -z -uall [4829ms]
[2023-01-12T14:47:24.546Z] > git symbolic-ref --short HEAD [1ms]
[2023-01-12T14:47:24.560Z] > git for-each-ref --format=%(refname)%00%(upstream:short)%00%(objectname)%00%(upstream:track)%00%(upstream:remotename)%00%(upstream:remoteref) refs/heads/master refs/remotes/master [9ms]
[2023-01-12T14:47:24.572Z] > git for-each-ref --sort -committerdate --format %(refname) %(objectname) %(*objectname) [6ms]
[2023-01-12T14:47:24.572Z] > git remote --verbose [1ms]
[2023-01-12T14:47:24.643Z] > git config --get commit.template [2ms]
[2023-01-12T14:47:34.353Z] > git status -z -uall [4703ms]
[2023-01-12T14:47:34.360Z] > git symbolic-ref --short HEAD [2ms]
[2023-01-12T14:47:34.376Z] > git for-each-ref --format=%(refname)%00%(upstream:short)%00%(objectname)%00%(upstream:track)%00%(upstream:remotename)%00%(upstream:remoteref) refs/heads/master refs/remotes/master [11ms]
[2023-01-12T14:47:34.387Z] > git for-each-ref --sort -committerdate --format %(refname) %(objectname) %(*objectname) [6ms]
[2023-01-12T14:47:34.387Z] > git remote --verbose [1ms]
[2023-01-12T14:47:34.458Z] > git config --get commit.template [2ms]
[2023-01-12T14:47:45.126Z] > git status -z -uall [5661ms]
[2023-01-12T14:47:45.133Z] > git symbolic-ref --short HEAD [2ms]
[2023-01-12T14:47:45.149Z] > git for-each-ref --format=%(refname)%00%(upstream:short)%00%(objectname)%00%(upstream:track)%00%(upstream:remotename)%00%(upstream:remoteref) refs/heads/master refs/remotes/master [11ms]
[2023-01-12T14:47:45.160Z] > git for-each-ref --sort -committerdate --format %(refname) %(objectname) %(*objectname) [6ms]
[2023-01-12T14:47:45.160Z] > git remote --verbose [1ms]
[2023-01-12T14:47:45.231Z] > git config --get commit.template [2ms]
[2023-01-12T14:47:54.740Z] > git status -z -uall [4502ms]
[2023-01-12T14:47:54.746Z] > git symbolic-ref --short HEAD [1ms]
[2023-01-12T14:47:54.764Z] > git for-each-ref --format=%(refname)%00%(upstream:short)%00%(objectname)%00%(upstream:track)%00%(upstream:remotename)%00%(upstream:remoteref) refs/heads/master refs/remotes/master [11ms]
[2023-01-12T14:47:54.775Z] > git for-each-ref --sort -committerdate --format %(refname) %(objectname) %(*objectname) [6ms]
[2023-01-12T14:47:54.775Z] > git remote --verbose [1ms]
[2023-01-12T14:47:54.849Z] > git config --get commit.template [1ms]
[2023-01-12T14:48:06.428Z] > git status -z -uall [6573ms]
[2023-01-12T14:48:06.434Z] > git symbolic-ref --short HEAD [1ms]
[2023-01-12T14:48:06.451Z] > git for-each-ref --format=%(refname)%00%(upstream:short)%00%(objectname)%00%(upstream:track)%00%(upstream:remotename)%00%(upstream:remoteref) refs/heads/master refs/remotes/master [12ms]
[2023-01-12T14:48:06.462Z] > git for-each-ref --sort -committerdate --format %(refname) %(objectname) %(*objectname) [6ms]
[2023-01-12T14:48:06.462Z] > git remote --verbose [1ms]
[2023-01-12T14:48:06.532Z] > git config --get commit.template [2ms]
[2023-01-12T14:48:16.191Z] > git status -z -uall [4652ms]
[2023-01-12T14:48:16.200Z] > git symbolic-ref --short HEAD [2ms]
[2023-01-12T14:48:16.217Z] > git for-each-ref --format=%(refname)%00%(upstream:short)%00%(objectname)%00%(upstream:track)%00%(upstream:remotename)%00%(upstream:remoteref) refs/heads/master refs/remotes/master [12ms]
[2023-01-12T14:48:16.228Z] > git for-each-ref --sort -committerdate --format %(refname) %(objectname) %(*objectname) [6ms]
[2023-01-12T14:48:16.228Z] > git remote --verbose [1ms]
[2023-01-12T14:48:16.300Z] > git config --get commit.template [4ms]
[2023-01-12T14:48:26.358Z] > git status -z -uall [5051ms]
[2023-01-12T14:48:26.364Z] > git symbolic-ref --short HEAD [1ms]
[2023-01-12T14:48:26.382Z] > git for-each-ref --format=%(refname)%00%(upstream:short)%00%(objectname)%00%(upstream:track)%00%(upstream:remotename)%00%(upstream:remoteref) refs/heads/master refs/remotes/master [12ms]
[2023-01-12T14:48:26.393Z] > git for-each-ref --sort -committerdate --format %(refname) %(objectname) %(*objectname) [6ms]
[2023-01-12T14:48:26.393Z] > git remote --verbose [1ms]
[2023-01-12T14:48:26.469Z] > git config --get commit.template [2ms]
[2023-01-12T14:48:36.992Z] > git status -z -uall [5517ms]
[2023-01-12T14:48:36.999Z] > git symbolic-ref --short HEAD [2ms]
[2023-01-12T14:48:37.016Z] > git for-each-ref --format=%(refname)%00%(upstream:short)%00%(objectname)%00%(upstream:track)%00%(upstream:remotename)%00%(upstream:remoteref) refs/heads/master refs/remotes/master [12ms]
[2023-01-12T14:48:37.028Z] > git remote --verbose [2ms]
[2023-01-12T14:48:37.031Z] > git for-each-ref --sort -committerdate --format %(refname) %(objectname) %(*objectname) [9ms]
[2023-01-12T14:48:37.102Z] > git config --get commit.template [2ms]
[2023-01-12T14:48:48.656Z] > git status -z -uall [6548ms]
[2023-01-12T14:48:48.663Z] > git symbolic-ref --short HEAD [2ms]
[2023-01-12T14:48:48.679Z] > git for-each-ref --format=%(refname)%00%(upstream:short)%00%(objectname)%00%(upstream:track)%00%(upstream:remotename)%00%(upstream:remoteref) refs/heads/master refs/remotes/master [11ms]
[2023-01-12T14:48:48.691Z] > git remote --verbose [1ms]
[2023-01-12T14:48:48.691Z] > git for-each-ref --sort -committerdate --format %(refname) %(objectname) %(*objectname) [7ms]
[2023-01-12T14:48:48.762Z] > git config --get commit.template [2ms]
[2023-01-12T14:49:04.394Z] > git status -z -uall [10626ms]
[2023-01-12T14:49:04.400Z] > git symbolic-ref --short HEAD [1ms]
[2023-01-12T14:49:04.418Z] > git for-each-ref --format=%(refname)%00%(upstream:short)%00%(objectname)%00%(upstream:track)%00%(upstream:remotename)%00%(upstream:remoteref) refs/heads/master refs/remotes/master [13ms]
[2023-01-12T14:49:04.429Z] > git for-each-ref --sort -committerdate --format %(refname) %(objectname) %(*objectname) [6ms]
[2023-01-12T14:49:04.429Z] > git remote --verbose [1ms]
[2023-01-12T14:49:04.508Z] > git config --get commit.template [4ms]
[2023-01-12T14:49:16.477Z] > git status -z -uall [6962ms]
[2023-01-12T14:49:16.484Z] > git symbolic-ref --short HEAD [1ms]
[2023-01-12T14:49:16.502Z] > git for-each-ref --format=%(refname)%00%(upstream:short)%00%(objectname)%00%(upstream:track)%00%(upstream:remotename)%00%(upstream:remoteref) refs/heads/master refs/remotes/master [12ms]
[2023-01-12T14:49:16.515Z] > git for-each-ref --sort -committerdate --format %(refname) %(objectname) %(*objectname) [7ms]
[2023-01-12T14:49:16.516Z] > git remote --verbose [2ms]
[2023-01-12T14:49:16.589Z] > git config --get commit.template [9ms]
[2023-01-12T14:49:30.104Z] > git status -z -uall [8506ms]
[2023-01-12T14:49:30.111Z] > git symbolic-ref --short HEAD [1ms]
[2023-01-12T14:49:30.132Z] > git for-each-ref --format=%(refname)%00%(upstream:short)%00%(objectname)%00%(upstream:track)%00%(upstream:remotename)%00%(upstream:remoteref) refs/heads/master refs/remotes/master [15ms]
[2023-01-12T14:49:30.145Z] > git for-each-ref --sort -committerdate --format %(refname) %(objectname) %(*objectname) [7ms]
[2023-01-12T14:49:30.145Z] > git remote --verbose [1ms]
[2023-01-12T14:49:30.240Z] > git config --get commit.template [3ms]
[2023-01-12T14:49:40.685Z] > git status -z -uall [5440ms]
[2023-01-12T14:49:40.692Z] > git symbolic-ref --short HEAD [1ms]
[2023-01-12T14:49:40.709Z] > git for-each-ref --format=%(refname)%00%(upstream:short)%00%(objectname)%00%(upstream:track)%00%(upstream:remotename)%00%(upstream:remoteref) refs/heads/master refs/remotes/master [12ms]
[2023-01-12T14:49:40.721Z] > git for-each-ref --sort -committerdate --format %(refname) %(objectname) %(*objectname) [6ms]
[2023-01-12T14:49:40.721Z] > git remote --verbose [1ms]
[2023-01-12T14:49:40.792Z] > git config --get commit.template [3ms]
[2023-01-12T14:49:54.974Z] > git status -z -uall [9175ms]
[2023-01-12T14:49:54.980Z] > git symbolic-ref --short HEAD [1ms]
[2023-01-12T14:49:54.997Z] > git for-each-ref --format=%(refname)%00%(upstream:short)%00%(objectname)%00%(upstream:track)%00%(upstream:remotename)%00%(upstream:remoteref) refs/heads/master refs/remotes/master [12ms]
[2023-01-12T14:49:55.010Z] > git remote --verbose [1ms]
[2023-01-12T14:49:55.013Z] > git for-each-ref --sort -committerdate --format %(refname) %(objectname) %(*objectname) [10ms]
[2023-01-12T14:49:55.086Z] > git config --get commit.template [2ms]
[2023-01-12T14:50:08.694Z] > git status -z -uall [8601ms]
[2023-01-12T14:50:08.701Z] > git symbolic-ref --short HEAD [1ms]
[2023-01-12T14:50:08.717Z] > git for-each-ref --format=%(refname)%00%(upstream:short)%00%(objectname)%00%(upstream:track)%00%(upstream:remotename)%00%(upstream:remoteref) refs/heads/master refs/remotes/master [11ms]
[2023-01-12T14:50:08.728Z] > git for-each-ref --sort -committerdate --format %(refname) %(objectname) %(*objectname) [6ms]
[2023-01-12T14:50:08.729Z] > git remote --verbose [2ms]
[2023-01-12T14:50:08.805Z] > git config --get commit.template [4ms]
[2023-01-12T14:50:21.873Z] > git status -z -uall [8062ms]
[2023-01-12T14:50:21.878Z] > git symbolic-ref --short HEAD [2ms]
[2023-01-12T14:50:21.893Z] > git for-each-ref --format=%(refname)%00%(upstream:short)%00%(objectname)%00%(upstream:track)%00%(upstream:remotename)%00%(upstream:remoteref) refs/heads/master refs/remotes/master [12ms]
[2023-01-12T14:50:21.901Z] > git remote --verbose [1ms]
[2023-01-12T14:50:21.903Z] > git for-each-ref --sort -committerdate --format %(refname) %(objectname) %(*objectname) [7ms]
[2023-01-12T14:50:21.982Z] > git config --get commit.template [9ms]
[2023-01-12T14:50:33.221Z] > git status -z -uall [6234ms]
[2023-01-12T14:50:33.228Z] > git symbolic-ref --short HEAD [1ms]
[2023-01-12T14:50:33.252Z] > git for-each-ref --format=%(refname)%00%(upstream:short)%00%(objectname)%00%(upstream:track)%00%(upstream:remotename)%00%(upstream:remoteref) refs/heads/master refs/remotes/master [18ms]
[2023-01-12T14:50:33.265Z] > git for-each-ref --sort -committerdate --format %(refname) %(objectname) %(*objectname) [7ms]
[2023-01-12T14:50:33.266Z] > git remote --verbose [2ms]
[2023-01-12T14:50:33.378Z] > git config --get commit.template [3ms]
[2023-01-12T14:50:42.828Z] > git status -z -uall [4443ms]
[2023-01-12T14:50:42.834Z] > git symbolic-ref --short HEAD [1ms]
[2023-01-12T14:50:42.849Z] > git for-each-ref --format=%(refname)%00%(upstream:short)%00%(objectname)%00%(upstream:track)%00%(upstream:remotename)%00%(upstream:remoteref) refs/heads/master refs/remotes/master [10ms]
[2023-01-12T14:50:42.860Z] > git for-each-ref --sort -committerdate --format %(refname) %(objectname) %(*objectname) [6ms]
[2023-01-12T14:50:42.861Z] > git remote --verbose [1ms]
[2023-01-12T14:50:42.934Z] > git config --get commit.template [2ms]
[2023-01-12T14:50:52.714Z] > git status -z -uall [4774ms]
[2023-01-12T14:50:52.721Z] > git symbolic-ref --short HEAD [1ms]
[2023-01-12T14:50:52.738Z] > git for-each-ref --format=%(refname)%00%(upstream:short)%00%(objectname)%00%(upstream:track)%00%(upstream:remotename)%00%(upstream:remoteref) refs/heads/master refs/remotes/master [12ms]
[2023-01-12T14:50:52.749Z] > git for-each-ref --sort -committerdate --format %(refname) %(objectname) %(*objectname) [6ms]
[2023-01-12T14:50:52.749Z] > git remote --verbose [1ms]
[2023-01-12T14:50:52.826Z] > git config --get commit.template [3ms]
[2023-01-12T14:51:04.153Z] > git status -z -uall [6321ms]
[2023-01-12T14:51:04.160Z] > git symbolic-ref --short HEAD [1ms]
[2023-01-12T14:51:04.178Z] > git for-each-ref --format=%(refname)%00%(upstream:short)%00%(objectname)%00%(upstream:track)%00%(upstream:remotename)%00%(upstream:remoteref) refs/heads/master refs/remotes/master [12ms]
[2023-01-12T14:51:04.191Z] > git for-each-ref --sort -committerdate --format %(refname) %(objectname) %(*objectname) [7ms]
[2023-01-12T14:51:04.191Z] > git remote --verbose [1ms]
[2023-01-12T14:51:04.286Z] > git config --get commit.template [3ms]
[2023-01-12T14:51:15.909Z] > git status -z -uall [6617ms]
[2023-01-12T14:51:15.916Z] > git symbolic-ref --short HEAD [2ms]
[2023-01-12T14:51:15.931Z] > git for-each-ref --format=%(refname)%00%(upstream:short)%00%(objectname)%00%(upstream:track)%00%(upstream:remotename)%00%(upstream:remoteref) refs/heads/master refs/remotes/master [10ms]
[2023-01-12T14:51:15.943Z] > git for-each-ref --sort -committerdate --format %(refname) %(objectname) %(*objectname) [6ms]
[2023-01-12T14:51:15.943Z] > git remote --verbose [1ms]
[2023-01-12T14:51:16.017Z] > git config --get commit.template [3ms]
[2023-01-12T14:51:25.673Z] > git status -z -uall [4648ms]
[2023-01-12T14:51:25.681Z] > git symbolic-ref --short HEAD [1ms]
[2023-01-12T14:51:25.699Z] > git for-each-ref --format=%(refname)%00%(upstream:short)%00%(objectname)%00%(upstream:track)%00%(upstream:remotename)%00%(upstream:remoteref) refs/heads/master refs/remotes/master [12ms]
[2023-01-12T14:51:25.712Z] > git for-each-ref --sort -committerdate --format %(refname) %(objectname) %(*objectname) [7ms]
[2023-01-12T14:51:25.712Z] > git remote --verbose [1ms]
[2023-01-12T14:51:25.829Z] > git config --get commit.template [4ms]
[2023-01-12T14:51:35.916Z] > git status -z -uall [5079ms]
[2023-01-12T14:51:35.923Z] > git symbolic-ref --short HEAD [1ms]
[2023-01-12T14:51:35.939Z] > git for-each-ref --format=%(refname)%00%(upstream:short)%00%(objectname)%00%(upstream:track)%00%(upstream:remotename)%00%(upstream:remoteref) refs/heads/master refs/remotes/master [9ms]
[2023-01-12T14:51:35.953Z] > git for-each-ref --sort -committerdate --format %(refname) %(objectname) %(*objectname) [7ms]
[2023-01-12T14:51:35.954Z] > git remote --verbose [2ms]
[2023-01-12T14:51:36.027Z] > git config --get commit.template [2ms]
[2023-01-12T14:51:46.455Z] > git status -z -uall [5422ms]
[2023-01-12T14:51:46.462Z] > git symbolic-ref --short HEAD [1ms]
[2023-01-12T14:51:46.479Z] > git for-each-ref --format=%(refname)%00%(upstream:short)%00%(objectname)%00%(upstream:track)%00%(upstream:remotename)%00%(upstream:remoteref) refs/heads/master refs/remotes/master [10ms]
[2023-01-12T14:51:46.492Z] > git for-each-ref --sort -committerdate --format %(refname) %(objectname) %(*objectname) [7ms]
[2023-01-12T14:51:46.493Z] > git remote --verbose [2ms]
[2023-01-12T14:51:46.561Z] > git config --get commit.template [5ms]
[2023-01-12T14:51:57.544Z] > git status -z -uall [5975ms]
[2023-01-12T14:51:57.551Z] > git symbolic-ref --short HEAD [1ms]
[2023-01-12T14:51:57.570Z] > git for-each-ref --format=%(refname)%00%(upstream:short)%00%(objectname)%00%(upstream:track)%00%(upstream:remotename)%00%(upstream:remoteref) refs/heads/master refs/remotes/master [13ms]
[2023-01-12T14:51:57.583Z] > git for-each-ref --sort -committerdate --format %(refname) %(objectname) %(*objectname) [7ms]
[2023-01-12T14:51:57.583Z] > git remote --verbose [1ms]
[2023-01-12T14:51:57.681Z] > git config --get commit.template [2ms]
[2023-01-12T14:52:07.303Z] > git status -z -uall [4616ms]
[2023-01-12T14:52:07.311Z] > git symbolic-ref --short HEAD [1ms]
[2023-01-12T14:52:07.328Z] > git for-each-ref --format=%(refname)%00%(upstream:short)%00%(objectname)%00%(upstream:track)%00%(upstream:remotename)%00%(upstream:remoteref) refs/heads/master refs/remotes/master [12ms]
[2023-01-12T14:52:07.339Z] > git for-each-ref --sort -committerdate --format %(refname) %(objectname) %(*objectname) [6ms]
[2023-01-12T14:52:07.340Z] > git remote --verbose [2ms]
[2023-01-12T14:52:07.410Z] > git config --get commit.template [2ms]
[2023-01-12T14:52:16.854Z] > git status -z -uall [4438ms]
[2023-01-12T14:52:16.860Z] > git symbolic-ref --short HEAD [1ms]
[2023-01-12T14:52:16.875Z] > git for-each-ref --format=%(refname)%00%(upstream:short)%00%(objectname)%00%(upstream:track)%00%(upstream:remotename)%00%(upstream:remoteref) refs/heads/master refs/remotes/master [10ms]
[2023-01-12T14:52:16.887Z] > git for-each-ref --sort -committerdate --format %(refname) %(objectname) %(*objectname) [6ms]
[2023-01-12T14:52:16.888Z] > git remote --verbose [2ms]
[2023-01-12T14:52:16.958Z] > git config --get commit.template [2ms]
[2023-01-12T14:52:26.839Z] > git status -z -uall [4875ms]
[2023-01-12T14:52:26.846Z] > git symbolic-ref --short HEAD [1ms]
[2023-01-12T14:52:26.861Z] > git for-each-ref --format=%(refname)%00%(upstream:short)%00%(objectname)%00%(upstream:track)%00%(upstream:remotename)%00%(upstream:remoteref) refs/heads/master refs/remotes/master [10ms]
[2023-01-12T14:52:26.872Z] > git for-each-ref --sort -committerdate --format %(refname) %(objectname) %(*objectname) [6ms]
[2023-01-12T14:52:26.873Z] > git remote --verbose [1ms]
[2023-01-12T14:52:26.943Z] > git config --get commit.template [2ms]
[2023-01-12T14:52:37.895Z] > git status -z -uall [5946ms]
[2023-01-12T14:52:37.901Z] > git symbolic-ref --short HEAD [2ms]
[2023-01-12T14:52:37.917Z] > git for-each-ref --format=%(refname)%00%(upstream:short)%00%(objectname)%00%(upstream:track)%00%(upstream:remotename)%00%(upstream:remoteref) refs/heads/master refs/remotes/master [12ms]
[2023-01-12T14:52:37.927Z] > git for-each-ref --sort -committerdate --format %(refname) %(objectname) %(*objectname) [6ms]
[2023-01-12T14:52:37.928Z] > git remote --verbose [2ms]
[2023-01-12T14:52:37.997Z] > git config --get commit.template [2ms]
[2023-01-12T14:52:47.220Z] > git status -z -uall [4217ms]
[2023-01-12T14:52:47.226Z] > git symbolic-ref --short HEAD [1ms]
[2023-01-12T14:52:47.242Z] > git for-each-ref --format=%(refname)%00%(upstream:short)%00%(objectname)%00%(upstream:track)%00%(upstream:remotename)%00%(upstream:remoteref) refs/heads/master refs/remotes/master [11ms]
[2023-01-12T14:52:47.253Z] > git for-each-ref --sort -committerdate --format %(refname) %(objectname) %(*objectname) [6ms]
[2023-01-12T14:52:47.253Z] > git remote --verbose [1ms]
[2023-01-12T14:52:47.329Z] > git config --get commit.template [3ms]
[2023-01-12T14:52:57.158Z] > git status -z -uall [4821ms]
[2023-01-12T14:52:57.164Z] > git symbolic-ref --short HEAD [1ms]
[2023-01-12T14:52:57.181Z] > git for-each-ref --format=%(refname)%00%(upstream:short)%00%(objectname)%00%(upstream:track)%00%(upstream:remotename)%00%(upstream:remoteref) refs/heads/master refs/remotes/master [12ms]
[2023-01-12T14:52:57.192Z] > git remote --verbose [1ms]
[2023-01-12T14:52:57.193Z] > git for-each-ref --sort -committerdate --format %(refname) %(objectname) %(*objectname) [7ms]
[2023-01-12T14:52:57.263Z] > git config --get commit.template [3ms]
[2023-01-12T14:53:08.320Z] > git status -z -uall [6051ms]
[2023-01-12T14:53:08.327Z] > git symbolic-ref --short HEAD [1ms]
[2023-01-12T14:53:08.345Z] > git for-each-ref --format=%(refname)%00%(upstream:short)%00%(objectname)%00%(upstream:track)%00%(upstream:remotename)%00%(upstream:remoteref) refs/heads/master refs/remotes/master [13ms]
[2023-01-12T14:53:08.356Z] > git for-each-ref --sort -committerdate --format %(refname) %(objectname) %(*objectname) [6ms]
[2023-01-12T14:53:08.357Z] > git remote --verbose [2ms]
[2023-01-12T14:53:08.435Z] > git config --get commit.template [3ms]
[2023-01-12T14:53:20.683Z] > git status -z -uall [7242ms]
[2023-01-12T14:53:20.690Z] > git symbolic-ref --short HEAD [1ms]
[2023-01-12T14:53:20.916Z] > git for-each-ref --format=%(refname)%00%(upstream:short)%00%(objectname)%00%(upstream:track)%00%(upstream:remotename)%00%(upstream:remoteref) refs/heads/master refs/remotes/master [221ms]
[2023-01-12T14:53:20.927Z] > git for-each-ref --sort -committerdate --format %(refname) %(objectname) %(*objectname) [6ms]
[2023-01-12T14:53:20.927Z] > git remote --verbose [1ms]
[2023-01-12T14:53:21.001Z] > git config --get commit.template [2ms]
[2023-01-12T14:53:31.577Z] > git status -z -uall [5572ms]
[2023-01-12T14:53:31.584Z] > git symbolic-ref --short HEAD [2ms]
[2023-01-12T14:53:31.600Z] > git for-each-ref --format=%(refname)%00%(upstream:short)%00%(objectname)%00%(upstream:track)%00%(upstream:remotename)%00%(upstream:remoteref) refs/heads/master refs/remotes/master [11ms]
[2023-01-12T14:53:31.611Z] > git for-each-ref --sort -committerdate --format %(refname) %(objectname) %(*objectname) [6ms]
[2023-01-12T14:53:31.611Z] > git remote --verbose [1ms]
[2023-01-12T14:53:31.682Z] > git config --get commit.template [2ms]
[2023-01-12T14:53:43.356Z] > git status -z -uall [6668ms]
[2023-01-12T14:53:43.363Z] > git symbolic-ref --short HEAD [1ms]
[2023-01-12T14:53:43.380Z] > git for-each-ref --format=%(refname)%00%(upstream:short)%00%(objectname)%00%(upstream:track)%00%(upstream:remotename)%00%(upstream:remoteref) refs/heads/master refs/remotes/master [12ms]
[2023-01-12T14:53:43.392Z] > git for-each-ref --sort -committerdate --format %(refname) %(objectname) %(*objectname) [7ms]
[2023-01-12T14:53:43.393Z] > git remote --verbose [2ms]
[2023-01-12T14:53:43.467Z] > git config --get commit.template [2ms]
[2023-01-12T14:53:57.446Z] > git status -z -uall [8973ms]
[2023-01-12T14:53:57.452Z] > git symbolic-ref --short HEAD [1ms]
[2023-01-12T14:53:57.471Z] > git for-each-ref --format=%(refname)%00%(upstream:short)%00%(objectname)%00%(upstream:track)%00%(upstream:remotename)%00%(upstream:remoteref) refs/heads/master refs/remotes/master [14ms]
[2023-01-12T14:53:57.482Z] > git remote --verbose [1ms]
[2023-01-12T14:53:57.485Z] > git for-each-ref --sort -committerdate --format %(refname) %(objectname) %(*objectname) [9ms]
[2023-01-12T14:53:57.558Z] > git config --get commit.template [3ms]
[2023-01-12T14:54:10.926Z] > git status -z -uall [8360ms]
[2023-01-12T14:54:10.932Z] > git symbolic-ref --short HEAD [1ms]
[2023-01-12T14:54:10.949Z] > git for-each-ref --format=%(refname)%00%(upstream:short)%00%(objectname)%00%(upstream:track)%00%(upstream:remotename)%00%(upstream:remoteref) refs/heads/master refs/remotes/master [12ms]
[2023-01-12T14:54:10.960Z] > git for-each-ref --sort -committerdate --format %(refname) %(objectname) %(*objectname) [6ms]
[2023-01-12T14:54:10.960Z] > git remote --verbose [1ms]
[2023-01-12T14:54:11.037Z] > git config --get commit.template [3ms]
[2023-01-12T14:54:20.957Z] > git status -z -uall [4915ms]
[2023-01-12T14:54:20.964Z] > git symbolic-ref --short HEAD [2ms]
[2023-01-12T14:54:20.980Z] > git for-each-ref --format=%(refname)%00%(upstream:short)%00%(objectname)%00%(upstream:track)%00%(upstream:remotename)%00%(upstream:remoteref) refs/heads/master refs/remotes/master [11ms]
[2023-01-12T14:54:20.991Z] > git remote --verbose [1ms]
[2023-01-12T14:54:20.992Z] > git for-each-ref --sort -committerdate --format %(refname) %(objectname) %(*objectname) [7ms]
[2023-01-12T14:54:21.065Z] > git config --get commit.template [3ms]
[2023-01-12T14:54:32.036Z] > git status -z -uall [5963ms]
[2023-01-12T14:54:32.044Z] > git symbolic-ref --short HEAD [1ms]
[2023-01-12T14:54:32.064Z] > git for-each-ref --format=%(refname)%00%(upstream:short)%00%(objectname)%00%(upstream:track)%00%(upstream:remotename)%00%(upstream:remoteref) refs/heads/master refs/remotes/master [13ms]
[2023-01-12T14:54:32.077Z] > git for-each-ref --sort -committerdate --format %(refname) %(objectname) %(*objectname) [7ms]
[2023-01-12T14:54:32.078Z] > git remote --verbose [1ms]
[2023-01-12T14:54:32.153Z] > git config --get commit.template [2ms]
[2023-01-12T14:54:45.047Z] > git status -z -uall [7888ms]
[2023-01-12T14:54:45.054Z] > git symbolic-ref --short HEAD [1ms]
[2023-01-12T14:54:45.072Z] > git for-each-ref --format=%(refname)%00%(upstream:short)%00%(objectname)%00%(upstream:track)%00%(upstream:remotename)%00%(upstream:remoteref) refs/heads/master refs/remotes/master [13ms]
[2023-01-12T14:54:45.083Z] > git for-each-ref --sort -committerdate --format %(refname) %(objectname) %(*objectname) [6ms]
[2023-01-12T14:54:45.083Z] > git remote --verbose [1ms]
[2023-01-12T14:54:45.160Z] > git config --get commit.template [2ms]
[2023-01-12T14:54:57.107Z] > git status -z -uall [6941ms]
[2023-01-12T14:54:57.113Z] > git symbolic-ref --short HEAD [1ms]
[2023-01-12T14:54:57.131Z] > git for-each-ref --format=%(refname)%00%(upstream:short)%00%(objectname)%00%(upstream:track)%00%(upstream:remotename)%00%(upstream:remoteref) refs/heads/master refs/remotes/master [13ms]
[2023-01-12T14:54:57.142Z] > git for-each-ref --sort -committerdate --format %(refname) %(objectname) %(*objectname) [6ms]
[2023-01-12T14:54:57.142Z] > git remote --verbose [1ms]
[2023-01-12T14:54:57.215Z] > git config --get commit.template [2ms]
[2023-01-12T14:55:07.712Z] > git status -z -uall [5491ms]
[2023-01-12T14:55:07.718Z] > git symbolic-ref --short HEAD [1ms]
[2023-01-12T14:55:07.734Z] > git for-each-ref --format=%(refname)%00%(upstream:short)%00%(objectname)%00%(upstream:track)%00%(upstream:remotename)%00%(upstream:remoteref) refs/heads/master refs/remotes/master [11ms]
[2023-01-12T14:55:07.746Z] > git for-each-ref --sort -committerdate --format %(refname) %(objectname) %(*objectname) [6ms]
[2023-01-12T14:55:07.746Z] > git remote --verbose [1ms]
[2023-01-12T14:55:07.817Z] > git config --get commit.template [3ms]
[2023-01-12T14:55:17.796Z] > git status -z -uall [4974ms]
[2023-01-12T14:55:17.802Z] > git symbolic-ref --short HEAD [1ms]
[2023-01-12T14:55:17.819Z] > git for-each-ref --format=%(refname)%00%(upstream:short)%00%(objectname)%00%(upstream:track)%00%(upstream:remotename)%00%(upstream:remoteref) refs/heads/master refs/remotes/master [12ms]
[2023-01-12T14:55:17.830Z] > git for-each-ref --sort -committerdate --format %(refname) %(objectname) %(*objectname) [6ms]
[2023-01-12T14:55:17.830Z] > git remote --verbose [1ms]
[2023-01-12T14:55:17.901Z] > git config --get commit.template [2ms]
[2023-01-12T14:55:27.785Z] > git status -z -uall [4877ms]
[2023-01-12T14:55:27.791Z] > git symbolic-ref --short HEAD [1ms]
[2023-01-12T14:55:27.809Z] > git for-each-ref --format=%(refname)%00%(upstream:short)%00%(objectname)%00%(upstream:track)%00%(upstream:remotename)%00%(upstream:remoteref) refs/heads/master refs/remotes/master [13ms]
[2023-01-12T14:55:27.820Z] > git remote --verbose [1ms]
[2023-01-12T14:55:27.821Z] > git for-each-ref --sort -committerdate --format %(refname) %(objectname) %(*objectname) [7ms]
[2023-01-12T14:55:27.898Z] > git config --get commit.template [3ms]
[2023-01-12T14:55:39.302Z] > git status -z -uall [6399ms]
[2023-01-12T14:55:39.308Z] > git symbolic-ref --short HEAD [1ms]
[2023-01-12T14:55:39.333Z] > git for-each-ref --format=%(refname)%00%(upstream:short)%00%(objectname)%00%(upstream:track)%00%(upstream:remotename)%00%(upstream:remoteref) refs/heads/master refs/remotes/master [20ms]
[2023-01-12T14:55:39.345Z] > git remote --verbose [1ms]
[2023-01-12T14:55:39.348Z] > git for-each-ref --sort -committerdate --format %(refname) %(objectname) %(*objectname) [10ms]
[2023-01-12T14:55:39.422Z] > git config --get commit.template [2ms]
[2023-01-12T14:55:49.447Z] > git status -z -uall [5018ms]
[2023-01-12T14:55:49.453Z] > git symbolic-ref --short HEAD [1ms]
[2023-01-12T14:55:49.472Z] > git for-each-ref --format=%(refname)%00%(upstream:short)%00%(objectname)%00%(upstream:track)%00%(upstream:remotename)%00%(upstream:remoteref) refs/heads/master refs/remotes/master [14ms]
[2023-01-12T14:55:49.483Z] > git for-each-ref --sort -committerdate --format %(refname) %(objectname) %(*objectname) [6ms]
[2023-01-12T14:55:49.484Z] > git remote --verbose [2ms]
[2023-01-12T14:55:49.557Z] > git config --get commit.template [3ms]
[2023-01-12T14:56:00.399Z] > git status -z -uall [5836ms]
[2023-01-12T14:56:00.405Z] > git symbolic-ref --short HEAD [1ms]
[2023-01-12T14:56:00.422Z] > git for-each-ref --format=%(refname)%00%(upstream:short)%00%(objectname)%00%(upstream:track)%00%(upstream:remotename)%00%(upstream:remoteref) refs/heads/master refs/remotes/master [11ms]
[2023-01-12T14:56:00.434Z] > git for-each-ref --sort -committerdate --format %(refname) %(objectname) %(*objectname) [7ms]
[2023-01-12T14:56:00.434Z] > git remote --verbose [2ms]
[2023-01-12T14:56:00.508Z] > git config --get commit.template [2ms]
[2023-01-12T14:56:10.995Z] > git status -z -uall [5481ms]
[2023-01-12T14:56:11.002Z] > git symbolic-ref --short HEAD [1ms]
[2023-01-12T14:56:11.026Z] > git for-each-ref --format=%(refname)%00%(upstream:short)%00%(objectname)%00%(upstream:track)%00%(upstream:remotename)%00%(upstream:remoteref) refs/heads/master refs/remotes/master [19ms]
[2023-01-12T14:56:11.037Z] > git remote --verbose [1ms]
[2023-01-12T14:56:11.038Z] > git for-each-ref --sort -committerdate --format %(refname) %(objectname) %(*objectname) [7ms]
[2023-01-12T14:56:11.106Z] > git config --get commit.template [2ms]
[2023-01-12T14:56:21.033Z] > git status -z -uall [4921ms]
[2023-01-12T14:56:21.039Z] > git symbolic-ref --short HEAD [1ms]
[2023-01-12T14:56:21.056Z] > git for-each-ref --format=%(refname)%00%(upstream:short)%00%(objectname)%00%(upstream:track)%00%(upstream:remotename)%00%(upstream:remoteref) refs/heads/master refs/remotes/master [12ms]
[2023-01-12T14:56:21.067Z] > git for-each-ref --sort -committerdate --format %(refname) %(objectname) %(*objectname) [6ms]
[2023-01-12T14:56:21.067Z] > git remote --verbose [1ms]
[2023-01-12T14:56:21.136Z] > git config --get commit.template [2ms]
[2023-01-12T14:56:30.797Z] > git status -z -uall [4656ms]
[2023-01-12T14:56:30.803Z] > git symbolic-ref --short HEAD [1ms]
[2023-01-12T14:56:30.819Z] > git for-each-ref --format=%(refname)%00%(upstream:short)%00%(objectname)%00%(upstream:track)%00%(upstream:remotename)%00%(upstream:remoteref) refs/heads/master refs/remotes/master [11ms]
[2023-01-12T14:56:30.830Z] > git for-each-ref --sort -committerdate --format %(refname) %(objectname) %(*objectname) [6ms]
[2023-01-12T14:56:30.830Z] > git remote --verbose [1ms]
[2023-01-12T14:56:30.905Z] > git config --get commit.template [2ms]
[2023-01-12T14:56:41.226Z] > git status -z -uall [5315ms]
[2023-01-12T14:56:41.232Z] > git symbolic-ref --short HEAD [1ms]
[2023-01-12T14:56:41.248Z] > git for-each-ref --format=%(refname)%00%(upstream:short)%00%(objectname)%00%(upstream:track)%00%(upstream:remotename)%00%(upstream:remoteref) refs/heads/master refs/remotes/master [11ms]
[2023-01-12T14:56:41.260Z] > git for-each-ref --sort -committerdate --format %(refname) %(objectname) %(*objectname) [7ms]
[2023-01-12T14:56:41.260Z] > git remote --verbose [1ms]
[2023-01-12T14:56:41.329Z] > git config --get commit.template [2ms]
[2023-01-12T14:56:52.399Z] > git status -z -uall [6063ms]
[2023-01-12T14:56:52.405Z] > git symbolic-ref --short HEAD [1ms]
[2023-01-12T14:56:52.422Z] > git for-each-ref --format=%(refname)%00%(upstream:short)%00%(objectname)%00%(upstream:track)%00%(upstream:remotename)%00%(upstream:remoteref) refs/heads/master refs/remotes/master [11ms]
[2023-01-12T14:56:52.433Z] > git for-each-ref --sort -committerdate --format %(refname) %(objectname) %(*objectname) [5ms]
[2023-01-12T14:56:52.434Z] > git remote --verbose [1ms]
[2023-01-12T14:56:52.505Z] > git config --get commit.template [2ms]
[2023-01-12T14:57:03.581Z] > git status -z -uall [6070ms]
[2023-01-12T14:57:03.588Z] > git symbolic-ref --short HEAD [2ms]
[2023-01-12T14:57:03.604Z] > git for-each-ref --format=%(refname)%00%(upstream:short)%00%(objectname)%00%(upstream:track)%00%(upstream:remotename)%00%(upstream:remoteref) refs/heads/master refs/remotes/master [11ms]
[2023-01-12T14:57:03.616Z] > git for-each-ref --sort -committerdate --format %(refname) %(objectname) %(*objectname) [6ms]
[2023-01-12T14:57:03.617Z] > git remote --verbose [2ms]
[2023-01-12T14:57:03.693Z] > git config --get commit.template [2ms]
[2023-01-12T14:57:13.356Z] > git status -z -uall [4657ms]
[2023-01-12T14:57:13.363Z] > git symbolic-ref --short HEAD [1ms]
[2023-01-12T14:57:13.380Z] > git for-each-ref --format=%(refname)%00%(upstream:short)%00%(objectname)%00%(upstream:track)%00%(upstream:remotename)%00%(upstream:remoteref) refs/heads/master refs/remotes/master [12ms]
[2023-01-12T14:57:13.391Z] > git remote --verbose [1ms]
[2023-01-12T14:57:13.392Z] > git for-each-ref --sort -committerdate --format %(refname) %(objectname) %(*objectname) [7ms]
[2023-01-12T14:57:13.461Z] > git config --get commit.template [2ms]
[2023-01-12T14:57:23.163Z] > git status -z -uall [4696ms]
[2023-01-12T14:57:23.170Z] > git symbolic-ref --short HEAD [1ms]
[2023-01-12T14:57:23.187Z] > git for-each-ref --format=%(refname)%00%(upstream:short)%00%(objectname)%00%(upstream:track)%00%(upstream:remotename)%00%(upstream:remoteref) refs/heads/master refs/remotes/master [12ms]
[2023-01-12T14:57:23.198Z] > git for-each-ref --sort -committerdate --format %(refname) %(objectname) %(*objectname) [6ms]
[2023-01-12T14:57:23.199Z] > git remote --verbose [1ms]
[2023-01-12T14:57:23.272Z] > git config --get commit.template [2ms]
[2023-01-12T14:57:33.312Z] > git status -z -uall [5032ms]
[2023-01-12T14:57:33.318Z] > git symbolic-ref --short HEAD [1ms]
[2023-01-12T14:57:33.335Z] > git for-each-ref --format=%(refname)%00%(upstream:short)%00%(objectname)%00%(upstream:track)%00%(upstream:remotename)%00%(upstream:remoteref) refs/heads/master refs/remotes/master [12ms]
[2023-01-12T14:57:33.346Z] > git for-each-ref --sort -committerdate --format %(refname) %(objectname) %(*objectname) [6ms]
[2023-01-12T14:57:33.346Z] > git remote --verbose [1ms]
[2023-01-12T14:57:33.415Z] > git config --get commit.template [3ms]
[2023-01-12T14:57:43.896Z] > git status -z -uall [5476ms]
[2023-01-12T14:57:43.902Z] > git symbolic-ref --short HEAD [1ms]
[2023-01-12T14:57:43.918Z] > git for-each-ref --format=%(refname)%00%(upstream:short)%00%(objectname)%00%(upstream:track)%00%(upstream:remotename)%00%(upstream:remoteref) refs/heads/master refs/remotes/master [11ms]
[2023-01-12T14:57:43.930Z] > git for-each-ref --sort -committerdate --format %(refname) %(objectname) %(*objectname) [7ms]
[2023-01-12T14:57:43.930Z] > git remote --verbose [1ms]
[2023-01-12T14:57:44.003Z] > git config --get commit.template [2ms]
[2023-01-12T14:57:53.386Z] > git status -z -uall [4376ms]
[2023-01-12T14:57:53.392Z] > git symbolic-ref --short HEAD [1ms]
[2023-01-12T14:57:53.409Z] > git for-each-ref --format=%(refname)%00%(upstream:short)%00%(objectname)%00%(upstream:track)%00%(upstream:remotename)%00%(upstream:remoteref) refs/heads/master refs/remotes/master [12ms]
[2023-01-12T14:57:53.420Z] > git for-each-ref --sort -committerdate --format %(refname) %(objectname) %(*objectname) [6ms]
[2023-01-12T14:57:53.420Z] > git remote --verbose [1ms]
[2023-01-12T14:57:53.491Z] > git config --get commit.template [2ms]
[2023-01-12T14:58:04.619Z] > git status -z -uall [6120ms]
[2023-01-12T14:58:04.626Z] > git symbolic-ref --short HEAD [1ms]
[2023-01-12T14:58:04.641Z] > git for-each-ref --format=%(refname)%00%(upstream:short)%00%(objectname)%00%(upstream:track)%00%(upstream:remotename)%00%(upstream:remoteref) refs/heads/master refs/remotes/master [10ms]
[2023-01-12T14:58:04.652Z] > git for-each-ref --sort -committerdate --format %(refname) %(objectname) %(*objectname) [6ms]
[2023-01-12T14:58:04.653Z] > git remote --verbose [2ms]
[2023-01-12T14:58:04.724Z] > git config --get commit.template [2ms]
[2023-01-12T14:58:14.168Z] > git status -z -uall [4437ms]
[2023-01-12T14:58:14.175Z] > git symbolic-ref --short HEAD [1ms]
[2023-01-12T14:58:14.191Z] > git for-each-ref --format=%(refname)%00%(upstream:short)%00%(objectname)%00%(upstream:track)%00%(upstream:remotename)%00%(upstream:remoteref) refs/heads/master refs/remotes/master [11ms]
[2023-01-12T14:58:14.202Z] > git for-each-ref --sort -committerdate --format %(refname) %(objectname) %(*objectname) [6ms]
[2023-01-12T14:58:14.202Z] > git remote --verbose [1ms]
[2023-01-12T14:58:14.278Z] > git config --get commit.template [3ms]
[2023-01-12T14:58:23.914Z] > git status -z -uall [4630ms]
[2023-01-12T14:58:23.921Z] > git symbolic-ref --short HEAD [2ms]
[2023-01-12T14:58:23.937Z] > git for-each-ref --format=%(refname)%00%(upstream:short)%00%(objectname)%00%(upstream:track)%00%(upstream:remotename)%00%(upstream:remoteref) refs/heads/master refs/remotes/master [11ms]
[2023-01-12T14:58:23.948Z] > git for-each-ref --sort -committerdate --format %(refname) %(objectname) %(*objectname) [6ms]
[2023-01-12T14:58:23.949Z] > git remote --verbose [1ms]
[2023-01-12T14:58:24.021Z] > git config --get commit.template [2ms]
[2023-01-12T14:58:33.776Z] > git status -z -uall [4748ms]
[2023-01-12T14:58:33.782Z] > git symbolic-ref --short HEAD [1ms]
[2023-01-12T14:58:33.799Z] > git for-each-ref --format=%(refname)%00%(upstream:short)%00%(objectname)%00%(upstream:track)%00%(upstream:remotename)%00%(upstream:remoteref) refs/heads/master refs/remotes/master [11ms]
[2023-01-12T14:58:33.810Z] > git for-each-ref --sort -committerdate --format %(refname) %(objectname) %(*objectname) [6ms]
[2023-01-12T14:58:33.810Z] > git remote --verbose [1ms]
[2023-01-12T14:58:33.883Z] > git config --get commit.template [2ms]
[2023-01-12T14:58:43.304Z] > git status -z -uall [4412ms]
[2023-01-12T14:58:43.311Z] > git symbolic-ref --short HEAD [1ms]
[2023-01-12T14:58:43.327Z] > git for-each-ref --format=%(refname)%00%(upstream:short)%00%(objectname)%00%(upstream:track)%00%(upstream:remotename)%00%(upstream:remoteref) refs/heads/master refs/remotes/master [9ms]
[2023-01-12T14:58:43.340Z] > git for-each-ref --sort -committerdate --format %(refname) %(objectname) %(*objectname) [7ms]
[2023-01-12T14:58:43.341Z] > git remote --verbose [1ms]
[2023-01-12T14:58:43.413Z] > git config --get commit.template [2ms]
[2023-01-12T14:58:54.022Z] > git status -z -uall [5603ms]
[2023-01-12T14:58:54.029Z] > git symbolic-ref --short HEAD [2ms]
[2023-01-12T14:58:54.060Z] > git for-each-ref --format=%(refname)%00%(upstream:short)%00%(objectname)%00%(upstream:track)%00%(upstream:remotename)%00%(upstream:remoteref) refs/heads/master refs/remotes/master [26ms]
[2023-01-12T14:58:54.071Z] > git remote --verbose [1ms]
[2023-01-12T14:58:54.076Z] > git for-each-ref --sort -committerdate --format %(refname) %(objectname) %(*objectname) [11ms]
[2023-01-12T14:58:54.149Z] > git config --get commit.template [3ms]
[2023-01-12T14:59:04.007Z] > git status -z -uall [4851ms]
[2023-01-12T14:59:04.013Z] > git symbolic-ref --short HEAD [1ms]
[2023-01-12T14:59:04.031Z] > git for-each-ref --format=%(refname)%00%(upstream:short)%00%(objectname)%00%(upstream:track)%00%(upstream:remotename)%00%(upstream:remoteref) refs/heads/master refs/remotes/master [12ms]
[2023-01-12T14:59:04.042Z] > git for-each-ref --sort -committerdate --format %(refname) %(objectname) %(*objectname) [6ms]
[2023-01-12T14:59:04.042Z] > git remote --verbose [1ms]
[2023-01-12T14:59:04.113Z] > git config --get commit.template [2ms]
[2023-01-12T14:59:13.583Z] > git status -z -uall [4463ms]
[2023-01-12T14:59:13.589Z] > git symbolic-ref --short HEAD [1ms]
[2023-01-12T14:59:13.606Z] > git for-each-ref --format=%(refname)%00%(upstream:short)%00%(objectname)%00%(upstream:track)%00%(upstream:remotename)%00%(upstream:remoteref) refs/heads/master refs/remotes/master [12ms]
[2023-01-12T14:59:13.617Z] > git for-each-ref --sort -committerdate --format %(refname) %(objectname) %(*objectname) [6ms]
[2023-01-12T14:59:13.618Z] > git remote --verbose [1ms]
[2023-01-12T14:59:13.687Z] > git config --get commit.template [2ms]
[2023-01-12T14:59:23.860Z] > git status -z -uall [5167ms]
[2023-01-12T14:59:23.866Z] > git symbolic-ref --short HEAD [1ms]
[2023-01-12T14:59:23.883Z] > git for-each-ref --format=%(refname)%00%(upstream:short)%00%(objectname)%00%(upstream:track)%00%(upstream:remotename)%00%(upstream:remoteref) refs/heads/master refs/remotes/master [12ms]
[2023-01-12T14:59:23.895Z] > git for-each-ref --sort -committerdate --format %(refname) %(objectname) %(*objectname) [6ms]
[2023-01-12T14:59:23.895Z] > git remote --verbose [2ms]
[2023-01-12T14:59:23.965Z] > git config --get commit.template [2ms]
[2023-01-12T14:59:33.929Z] > git status -z -uall [4957ms]
[2023-01-12T14:59:33.935Z] > git symbolic-ref --short HEAD [1ms]
[2023-01-12T14:59:33.952Z] > git for-each-ref --format=%(refname)%00%(upstream:short)%00%(objectname)%00%(upstream:track)%00%(upstream:remotename)%00%(upstream:remoteref) refs/heads/master refs/remotes/master [12ms]
[2023-01-12T14:59:33.963Z] > git for-each-ref --sort -committerdate --format %(refname) %(objectname) %(*objectname) [6ms]
[2023-01-12T14:59:33.963Z] > git remote --verbose [1ms]
[2023-01-12T14:59:34.036Z] > git config --get commit.template [2ms]
[2023-01-12T14:59:43.617Z] > git status -z -uall [4575ms]
[2023-01-12T14:59:43.623Z] > git symbolic-ref --short HEAD [1ms]
[2023-01-12T14:59:43.640Z] > git for-each-ref --format=%(refname)%00%(upstream:short)%00%(objectname)%00%(upstream:track)%00%(upstream:remotename)%00%(upstream:remoteref) refs/heads/master refs/remotes/master [12ms]
[2023-01-12T14:59:43.650Z] > git for-each-ref --sort -committerdate --format %(refname) %(objectname) %(*objectname) [5ms]
[2023-01-12T14:59:43.651Z] > git remote --verbose [1ms]
[2023-01-12T14:59:43.722Z] > git config --get commit.template [1ms]
[2023-01-12T14:59:54.805Z] > git status -z -uall [6076ms]
[2023-01-12T14:59:54.811Z] > git symbolic-ref --short HEAD [1ms]
[2023-01-12T14:59:54.827Z] > git for-each-ref --format=%(refname)%00%(upstream:short)%00%(objectname)%00%(upstream:track)%00%(upstream:remotename)%00%(upstream:remoteref) refs/heads/master refs/remotes/master [11ms]
[2023-01-12T14:59:54.839Z] > git remote --verbose [1ms]
[2023-01-12T14:59:54.839Z] > git for-each-ref --sort -committerdate --format %(refname) %(objectname) %(*objectname) [6ms]
[2023-01-12T14:59:54.911Z] > git config --get commit.template [2ms]
[2023-01-12T15:00:05.130Z] > git status -z -uall [5213ms]
[2023-01-12T15:00:05.136Z] > git symbolic-ref --short HEAD [1ms]
[2023-01-12T15:00:05.153Z] > git for-each-ref --format=%(refname)%00%(upstream:short)%00%(objectname)%00%(upstream:track)%00%(upstream:remotename)%00%(upstream:remoteref) refs/heads/master refs/remotes/master [12ms]
[2023-01-12T15:00:05.164Z] > git for-each-ref --sort -committerdate --format %(refname) %(objectname) %(*objectname) [6ms]
[2023-01-12T15:00:05.164Z] > git remote --verbose [1ms]
[2023-01-12T15:00:05.232Z] > git config --get commit.template [2ms]
[2023-01-12T15:00:15.317Z] > git status -z -uall [5077ms]
[2023-01-12T15:00:15.324Z] > git symbolic-ref --short HEAD [1ms]
[2023-01-12T15:00:15.342Z] > git for-each-ref --format=%(refname)%00%(upstream:short)%00%(objectname)%00%(upstream:track)%00%(upstream:remotename)%00%(upstream:remoteref) refs/heads/master refs/remotes/master [11ms]
[2023-01-12T15:00:15.356Z] > git for-each-ref --sort -committerdate --format %(refname) %(objectname) %(*objectname) [8ms]
[2023-01-12T15:00:15.356Z] > git remote --verbose [1ms]
[2023-01-12T15:00:15.434Z] > git config --get commit.template [3ms]
[2023-01-12T15:00:25.278Z] > git status -z -uall [4839ms]
[2023-01-12T15:00:25.284Z] > git symbolic-ref --short HEAD [1ms]
[2023-01-12T15:00:25.300Z] > git for-each-ref --format=%(refname)%00%(upstream:short)%00%(objectname)%00%(upstream:track)%00%(upstream:remotename)%00%(upstream:remoteref) refs/heads/master refs/remotes/master [11ms]
[2023-01-12T15:00:25.311Z] > git for-each-ref --sort -committerdate --format %(refname) %(objectname) %(*objectname) [6ms]
[2023-01-12T15:00:25.312Z] > git remote --verbose [2ms]
[2023-01-12T15:00:25.383Z] > git config --get commit.template [2ms]
[2023-01-12T15:00:35.258Z] > git status -z -uall [4869ms]
[2023-01-12T15:00:35.264Z] > git symbolic-ref --short HEAD [1ms]
[2023-01-12T15:00:35.281Z] > git for-each-ref --format=%(refname)%00%(upstream:short)%00%(objectname)%00%(upstream:track)%00%(upstream:remotename)%00%(upstream:remoteref) refs/heads/master refs/remotes/master [12ms]
[2023-01-12T15:00:35.292Z] > git remote --verbose [1ms]
[2023-01-12T15:00:35.295Z] > git for-each-ref --sort -committerdate --format %(refname) %(objectname) %(*objectname) [9ms]
[2023-01-12T15:00:35.366Z] > git config --get commit.template [2ms]
[2023-01-12T15:00:45.679Z] > git status -z -uall [5306ms]
[2023-01-12T15:00:45.685Z] > git symbolic-ref --short HEAD [1ms]
[2023-01-12T15:00:45.701Z] > git for-each-ref --format=%(refname)%00%(upstream:short)%00%(objectname)%00%(upstream:track)%00%(upstream:remotename)%00%(upstream:remoteref) refs/heads/master refs/remotes/master [11ms]
[2023-01-12T15:00:45.713Z] > git for-each-ref --sort -committerdate --format %(refname) %(objectname) %(*objectname) [7ms]
[2023-01-12T15:00:45.713Z] > git remote --verbose [2ms]
[2023-01-12T15:00:45.782Z] > git config --get commit.template [2ms]
[2023-01-12T15:00:55.467Z] > git status -z -uall [4678ms]
[2023-01-12T15:00:55.473Z] > git symbolic-ref --short HEAD [1ms]
[2023-01-12T15:00:55.491Z] > git for-each-ref --format=%(refname)%00%(upstream:short)%00%(objectname)%00%(upstream:track)%00%(upstream:remotename)%00%(upstream:remoteref) refs/heads/master refs/remotes/master [13ms]
[2023-01-12T15:00:55.502Z] > git for-each-ref --sort -committerdate --format %(refname) %(objectname) %(*objectname) [6ms]
[2023-01-12T15:00:55.503Z] > git remote --verbose [2ms]
[2023-01-12T15:00:55.577Z] > git config --get commit.template [2ms]
[2023-01-12T15:01:05.531Z] > git status -z -uall [4947ms]
[2023-01-12T15:01:05.537Z] > git symbolic-ref --short HEAD [1ms]
[2023-01-12T15:01:05.554Z] > git for-each-ref --format=%(refname)%00%(upstream:short)%00%(objectname)%00%(upstream:track)%00%(upstream:remotename)%00%(upstream:remoteref) refs/heads/master refs/remotes/master [12ms]
[2023-01-12T15:01:05.565Z] > git for-each-ref --sort -committerdate --format %(refname) %(objectname) %(*objectname) [6ms]
[2023-01-12T15:01:05.565Z] > git remote --verbose [1ms]
[2023-01-12T15:01:05.640Z] > git config --get commit.template [4ms]
[2023-01-12T15:01:15.627Z] > git status -z -uall [4981ms]
[2023-01-12T15:01:15.634Z] > git symbolic-ref --short HEAD [1ms]
[2023-01-12T15:01:15.651Z] > git for-each-ref --format=%(refname)%00%(upstream:short)%00%(objectname)%00%(upstream:track)%00%(upstream:remotename)%00%(upstream:remoteref) refs/heads/master refs/remotes/master [12ms]
[2023-01-12T15:01:15.662Z] > git remote --verbose [1ms]
[2023-01-12T15:01:15.662Z] > git for-each-ref --sort -committerdate --format %(refname) %(objectname) %(*objectname) [6ms]
[2023-01-12T15:01:15.732Z] > git config --get commit.template [2ms]
[2023-01-12T15:01:25.813Z] > git status -z -uall [5075ms]
[2023-01-12T15:01:25.820Z] > git symbolic-ref --short HEAD [2ms]
[2023-01-12T15:01:25.839Z] > git for-each-ref --format=%(refname)%00%(upstream:short)%00%(objectname)%00%(upstream:track)%00%(upstream:remotename)%00%(upstream:remoteref) refs/heads/master refs/remotes/master [15ms]
[2023-01-12T15:01:25.850Z] > git for-each-ref --sort -committerdate --format %(refname) %(objectname) %(*objectname) [6ms]
[2023-01-12T15:01:25.851Z] > git remote --verbose [2ms]
[2023-01-12T15:01:25.921Z] > git config --get commit.template [3ms]
[2023-01-12T15:01:35.787Z] > git status -z -uall [4860ms]
[2023-01-12T15:01:35.793Z] > git symbolic-ref --short HEAD [1ms]
[2023-01-12T15:01:35.810Z] > git for-each-ref --format=%(refname)%00%(upstream:short)%00%(objectname)%00%(upstream:track)%00%(upstream:remotename)%00%(upstream:remoteref) refs/heads/master refs/remotes/master [12ms]
[2023-01-12T15:01:35.822Z] > git for-each-ref --sort -committerdate --format %(refname) %(objectname) %(*objectname) [6ms]
[2023-01-12T15:01:35.822Z] > git remote --verbose [1ms]
[2023-01-12T15:01:35.891Z] > git config --get commit.template [2ms]
[2023-01-12T15:01:46.362Z] > git status -z -uall [5464ms]
[2023-01-12T15:01:46.368Z] > git symbolic-ref --short HEAD [1ms]
[2023-01-12T15:01:46.387Z] > git for-each-ref --format=%(refname)%00%(upstream:short)%00%(objectname)%00%(upstream:track)%00%(upstream:remotename)%00%(upstream:remoteref) refs/heads/master refs/remotes/master [14ms]
[2023-01-12T15:01:46.398Z] > git remote --verbose [1ms]
[2023-01-12T15:01:46.399Z] > git for-each-ref --sort -committerdate --format %(refname) %(objectname) %(*objectname) [7ms]
[2023-01-12T15:01:46.469Z] > git config --get commit.template [2ms]
[2023-01-12T15:01:56.744Z] > git status -z -uall [5268ms]
[2023-01-12T15:01:56.751Z] > git symbolic-ref --short HEAD [2ms]
[2023-01-12T15:01:56.766Z] > git for-each-ref --format=%(refname)%00%(upstream:short)%00%(objectname)%00%(upstream:track)%00%(upstream:remotename)%00%(upstream:remoteref) refs/heads/master refs/remotes/master [10ms]
[2023-01-12T15:01:56.777Z] > git for-each-ref --sort -committerdate --format %(refname) %(objectname) %(*objectname) [6ms]
[2023-01-12T15:01:56.777Z] > git remote --verbose [1ms]
[2023-01-12T15:01:56.848Z] > git config --get commit.template [2ms]
[2023-01-12T15:02:06.292Z] > git status -z -uall [4437ms]
[2023-01-12T15:02:06.299Z] > git symbolic-ref --short HEAD [1ms]
[2023-01-12T15:02:06.315Z] > git for-each-ref --format=%(refname)%00%(upstream:short)%00%(objectname)%00%(upstream:track)%00%(upstream:remotename)%00%(upstream:remoteref) refs/heads/master refs/remotes/master [11ms]
[2023-01-12T15:02:06.326Z] > git for-each-ref --sort -committerdate --format %(refname) %(objectname) %(*objectname) [6ms]
[2023-01-12T15:02:06.326Z] > git remote --verbose [1ms]
[2023-01-12T15:02:06.399Z] > git config --get commit.template [3ms]
[2023-01-12T15:02:15.867Z] > git status -z -uall [4463ms]
[2023-01-12T15:02:15.874Z] > git symbolic-ref --short HEAD [2ms]
[2023-01-12T15:02:15.890Z] > git for-each-ref --format=%(refname)%00%(upstream:short)%00%(objectname)%00%(upstream:track)%00%(upstream:remotename)%00%(upstream:remoteref) refs/heads/master refs/remotes/master [11ms]
[2023-01-12T15:02:15.901Z] > git for-each-ref --sort -committerdate --format %(refname) %(objectname) %(*objectname) [6ms]
[2023-01-12T15:02:15.901Z] > git remote --verbose [1ms]
[2023-01-12T15:02:15.976Z] > git config --get commit.template [5ms]
[2023-01-12T15:02:25.590Z] > git status -z -uall [4609ms]
[2023-01-12T15:02:25.597Z] > git symbolic-ref --short HEAD [1ms]
[2023-01-12T15:02:25.613Z] > git for-each-ref --format=%(refname)%00%(upstream:short)%00%(objectname)%00%(upstream:track)%00%(upstream:remotename)%00%(upstream:remoteref) refs/heads/master refs/remotes/master [11ms]
[2023-01-12T15:02:25.624Z] > git for-each-ref --sort -committerdate --format %(refname) %(objectname) %(*objectname) [6ms]
[2023-01-12T15:02:25.624Z] > git remote --verbose [1ms]
[2023-01-12T15:02:25.693Z] > git config --get commit.template [2ms]
