[2023-01-09T13:38:00.500Z] Log level: Info
[2023-01-09T13:38:00.531Z] [info] Validating found git in: git
[2023-01-09T13:38:00.686Z] [info] Using git 2.36.2 from git
[2023-01-09T13:38:00.795Z] > git rev-parse --show-toplevel [101ms]
[2023-01-09T13:38:00.810Z] > git rev-parse --git-dir --git-common-dir [9ms]
[2023-01-09T13:38:00.816Z] [info] Open repository: /afs/cri.epita.fr/user/g/gu/guillaume-alain.priso-totto/u/work/spe/prog/epita-prepa-asm-2026-s4-seminaire-guillaume-alain.priso-totto
[2023-01-09T13:38:00.914Z] > git status -z -uall [92ms]
[2023-01-09T13:38:00.922Z] > git symbolic-ref --short HEAD [2ms]
[2023-01-09T13:38:00.927Z] > git for-each-ref --format=%(refname)%00%(upstream:short)%00%(objectname)%00%(upstream:track)%00%(upstream:remotename)%00%(upstream:remoteref) refs/heads/master refs/remotes/master [2ms]
[2023-01-09T13:38:00.939Z] > git for-each-ref --sort -committerdate --format %(refname) %(objectname) %(*objectname) [6ms]
[2023-01-09T13:38:00.940Z] > git remote --verbose [2ms]
[2023-01-09T13:38:00.955Z] > git config --get commit.template [4ms]
[2023-01-09T13:38:00.963Z] > git status -z -uall [3ms]
[2023-01-09T13:38:00.971Z] > git symbolic-ref --short HEAD [2ms]
[2023-01-09T13:38:00.977Z] > git for-each-ref --format=%(refname)%00%(upstream:short)%00%(objectname)%00%(upstream:track)%00%(upstream:remotename)%00%(upstream:remoteref) refs/heads/master refs/remotes/master [2ms]
[2023-01-09T13:38:00.985Z] > git for-each-ref --sort -committerdate --format %(refname) %(objectname) %(*objectname) [4ms]
[2023-01-09T13:38:00.985Z] > git remote --verbose [1ms]
[2023-01-09T13:38:00.991Z] > git config --get commit.template [1ms]
[2023-01-09T13:38:01.325Z] > git show --textconv :day1/make/Makefile [7ms]
[2023-01-09T13:38:01.325Z] > git ls-files --stage -- /afs/cri.epita.fr/user/g/gu/guillaume-alain.priso-totto/u/work/spe/prog/epita-prepa-asm-2026-s4-seminaire-guillaume-alain.priso-totto/day1/make/Makefile [1ms]
[2023-01-09T13:38:01.365Z] > git check-ignore -v -z --stdin [2ms]
[2023-01-09T13:39:21.409Z] > git status -z -uall [3ms]
[2023-01-09T13:39:21.417Z] > git symbolic-ref --short HEAD [3ms]
[2023-01-09T13:39:21.422Z] > git for-each-ref --format=%(refname)%00%(upstream:short)%00%(objectname)%00%(upstream:track)%00%(upstream:remotename)%00%(upstream:remoteref) refs/heads/master refs/remotes/master [1ms]
[2023-01-09T13:39:21.431Z] > git for-each-ref --sort -committerdate --format %(refname) %(objectname) %(*objectname) [6ms]
[2023-01-09T13:39:21.432Z] > git remote --verbose [3ms]
[2023-01-09T13:39:21.439Z] > git config --get commit.template [1ms]
[2023-01-09T13:39:27.773Z] > git status -z -uall [4ms]
[2023-01-09T13:39:27.777Z] > git symbolic-ref --short HEAD [1ms]
[2023-01-09T13:39:27.786Z] > git for-each-ref --format=%(refname)%00%(upstream:short)%00%(objectname)%00%(upstream:track)%00%(upstream:remotename)%00%(upstream:remoteref) refs/heads/master refs/remotes/master [3ms]
[2023-01-09T13:39:27.793Z] > git for-each-ref --sort -committerdate --format %(refname) %(objectname) %(*objectname) [4ms]
[2023-01-09T13:39:27.794Z] > git remote --verbose [2ms]
[2023-01-09T13:39:27.804Z] > git config --get commit.template [4ms]
[2023-01-09T13:40:42.210Z] > git status -z -uall [2ms]
[2023-01-09T13:40:42.217Z] > git symbolic-ref --short HEAD [2ms]
[2023-01-09T13:40:42.223Z] > git for-each-ref --format=%(refname)%00%(upstream:short)%00%(objectname)%00%(upstream:track)%00%(upstream:remotename)%00%(upstream:remoteref) refs/heads/master refs/remotes/master [3ms]
[2023-01-09T13:40:42.231Z] > git for-each-ref --sort -committerdate --format %(refname) %(objectname) %(*objectname) [5ms]
[2023-01-09T13:40:42.232Z] > git remote --verbose [3ms]
[2023-01-09T13:40:42.241Z] > git config --get commit.template [3ms]
[2023-01-09T13:41:13.589Z] > git status -z -uall [2ms]
[2023-01-09T13:41:13.595Z] > git symbolic-ref --short HEAD [2ms]
[2023-01-09T13:41:13.599Z] > git for-each-ref --format=%(refname)%00%(upstream:short)%00%(objectname)%00%(upstream:track)%00%(upstream:remotename)%00%(upstream:remoteref) refs/heads/master refs/remotes/master [1ms]
[2023-01-09T13:41:13.605Z] > git for-each-ref --sort -committerdate --format %(refname) %(objectname) %(*objectname) [3ms]
[2023-01-09T13:41:13.606Z] > git remote --verbose [1ms]
[2023-01-09T13:41:13.614Z] > git config --get commit.template [1ms]
[2023-01-09T13:43:00.038Z] > git status -z -uall [3ms]
[2023-01-09T13:43:00.045Z] > git symbolic-ref --short HEAD [3ms]
[2023-01-09T13:43:00.053Z] > git for-each-ref --format=%(refname)%00%(upstream:short)%00%(objectname)%00%(upstream:track)%00%(upstream:remotename)%00%(upstream:remoteref) refs/heads/master refs/remotes/master [3ms]
[2023-01-09T13:43:00.060Z] > git for-each-ref --sort -committerdate --format %(refname) %(objectname) %(*objectname) [4ms]
[2023-01-09T13:43:00.060Z] > git remote --verbose [1ms]
[2023-01-09T13:43:00.067Z] > git config --get commit.template [3ms]
[2023-01-09T13:43:05.073Z] > git status -z -uall [2ms]
[2023-01-09T13:43:05.077Z] > git symbolic-ref --short HEAD [1ms]
[2023-01-09T13:43:05.082Z] > git for-each-ref --format=%(refname)%00%(upstream:short)%00%(objectname)%00%(upstream:track)%00%(upstream:remotename)%00%(upstream:remoteref) refs/heads/master refs/remotes/master [2ms]
[2023-01-09T13:43:05.088Z] > git for-each-ref --sort -committerdate --format %(refname) %(objectname) %(*objectname) [4ms]
[2023-01-09T13:43:05.089Z] > git remote --verbose [2ms]
[2023-01-09T13:43:05.095Z] > git config --get commit.template [1ms]
[2023-01-09T13:43:10.746Z] > git status -z -uall [3ms]
[2023-01-09T13:43:10.756Z] > git symbolic-ref --short HEAD [3ms]
[2023-01-09T13:43:10.760Z] > git for-each-ref --format=%(refname)%00%(upstream:short)%00%(objectname)%00%(upstream:track)%00%(upstream:remotename)%00%(upstream:remoteref) refs/heads/master refs/remotes/master [1ms]
[2023-01-09T13:43:10.769Z] > git for-each-ref --sort -committerdate --format %(refname) %(objectname) %(*objectname) [6ms]
[2023-01-09T13:43:10.769Z] > git remote --verbose [2ms]
[2023-01-09T13:43:10.774Z] > git config --get commit.template [1ms]
[2023-01-09T13:43:24.616Z] > git status -z -uall [3ms]
[2023-01-09T13:43:24.625Z] > git symbolic-ref --short HEAD [2ms]
[2023-01-09T13:43:24.630Z] > git for-each-ref --format=%(refname)%00%(upstream:short)%00%(objectname)%00%(upstream:track)%00%(upstream:remotename)%00%(upstream:remoteref) refs/heads/master refs/remotes/master [1ms]
[2023-01-09T13:43:24.640Z] > git for-each-ref --sort -committerdate --format %(refname) %(objectname) %(*objectname) [4ms]
[2023-01-09T13:43:24.641Z] > git remote --verbose [1ms]
[2023-01-09T13:43:24.647Z] > git config --get commit.template [1ms]
[2023-01-09T13:43:44.622Z] > git status -z -uall [5ms]
[2023-01-09T13:43:44.628Z] > git symbolic-ref --short HEAD [1ms]
[2023-01-09T13:43:44.637Z] > git for-each-ref --format=%(refname)%00%(upstream:short)%00%(objectname)%00%(upstream:track)%00%(upstream:remotename)%00%(upstream:remoteref) refs/heads/master refs/remotes/master [1ms]
[2023-01-09T13:43:44.643Z] > git for-each-ref --sort -committerdate --format %(refname) %(objectname) %(*objectname) [3ms]
[2023-01-09T13:43:44.644Z] > git remote --verbose [2ms]
[2023-01-09T13:43:44.651Z] > git config --get commit.template [3ms]
[2023-01-09T13:44:13.902Z] > git status -z -uall [4ms]
[2023-01-09T13:44:13.908Z] > git symbolic-ref --short HEAD [1ms]
[2023-01-09T13:44:13.912Z] > git for-each-ref --format=%(refname)%00%(upstream:short)%00%(objectname)%00%(upstream:track)%00%(upstream:remotename)%00%(upstream:remoteref) refs/heads/master refs/remotes/master [1ms]
[2023-01-09T13:44:13.921Z] > git for-each-ref --sort -committerdate --format %(refname) %(objectname) %(*objectname) [5ms]
[2023-01-09T13:44:13.921Z] > git remote --verbose [1ms]
[2023-01-09T13:44:13.926Z] > git config --get commit.template [1ms]
[2023-01-09T13:45:47.970Z] > git status -z -uall [3ms]
[2023-01-09T13:45:47.977Z] > git symbolic-ref --short HEAD [1ms]
[2023-01-09T13:45:47.981Z] > git for-each-ref --format=%(refname)%00%(upstream:short)%00%(objectname)%00%(upstream:track)%00%(upstream:remotename)%00%(upstream:remoteref) refs/heads/master refs/remotes/master [1ms]
[2023-01-09T13:45:47.990Z] > git for-each-ref --sort -committerdate --format %(refname) %(objectname) %(*objectname) [6ms]
[2023-01-09T13:45:47.991Z] > git remote --verbose [1ms]
[2023-01-09T13:45:47.997Z] > git config --get commit.template [1ms]
[2023-01-09T13:45:53.004Z] > git status -z -uall [3ms]
[2023-01-09T13:45:53.008Z] > git symbolic-ref --short HEAD [1ms]
[2023-01-09T13:45:53.013Z] > git for-each-ref --format=%(refname)%00%(upstream:short)%00%(objectname)%00%(upstream:track)%00%(upstream:remotename)%00%(upstream:remoteref) refs/heads/master refs/remotes/master [2ms]
[2023-01-09T13:45:53.019Z] > git for-each-ref --sort -committerdate --format %(refname) %(objectname) %(*objectname) [3ms]
[2023-01-09T13:45:53.020Z] > git remote --verbose [1ms]
[2023-01-09T13:45:53.026Z] > git config --get commit.template [1ms]
[2023-01-09T13:46:42.364Z] > git status -z -uall [3ms]
[2023-01-09T13:46:42.370Z] > git symbolic-ref --short HEAD [1ms]
[2023-01-09T13:46:42.379Z] > git for-each-ref --format=%(refname)%00%(upstream:short)%00%(objectname)%00%(upstream:track)%00%(upstream:remotename)%00%(upstream:remoteref) refs/heads/master refs/remotes/master [2ms]
[2023-01-09T13:46:42.388Z] > git for-each-ref --sort -committerdate --format %(refname) %(objectname) %(*objectname) [6ms]
[2023-01-09T13:46:42.389Z] > git remote --verbose [3ms]
[2023-01-09T13:46:42.394Z] > git config --get commit.template [1ms]
[2023-01-09T13:46:52.798Z] > git status -z -uall [3ms]
[2023-01-09T13:46:52.807Z] > git symbolic-ref --short HEAD [2ms]
[2023-01-09T13:46:52.813Z] > git for-each-ref --format=%(refname)%00%(upstream:short)%00%(objectname)%00%(upstream:track)%00%(upstream:remotename)%00%(upstream:remoteref) refs/heads/master refs/remotes/master [1ms]
[2023-01-09T13:46:52.821Z] > git for-each-ref --sort -committerdate --format %(refname) %(objectname) %(*objectname) [5ms]
[2023-01-09T13:46:52.823Z] > git remote --verbose [3ms]
[2023-01-09T13:46:52.828Z] > git config --get commit.template [1ms]
[2023-01-09T13:47:12.969Z] > git status -z -uall [12ms]
[2023-01-09T13:47:12.977Z] > git symbolic-ref --short HEAD [2ms]
[2023-01-09T13:47:12.984Z] > git for-each-ref --format=%(refname)%00%(upstream:short)%00%(objectname)%00%(upstream:track)%00%(upstream:remotename)%00%(upstream:remoteref) refs/heads/master refs/remotes/master [3ms]
[2023-01-09T13:47:12.994Z] > git for-each-ref --sort -committerdate --format %(refname) %(objectname) %(*objectname) [4ms]
[2023-01-09T13:47:12.995Z] > git remote --verbose [1ms]
[2023-01-09T13:47:13.001Z] > git config --get commit.template [2ms]
[2023-01-09T13:47:15.397Z] > git rev-parse --show-toplevel [13ms]
[2023-01-09T13:47:15.401Z] > git rev-parse --git-dir --git-common-dir [1ms]
[2023-01-09T13:47:15.402Z] [info] Open repository: /afs/cri.epita.fr/user/g/gu/guillaume-alain.priso-totto/u/work/spe/prog/epita-prepa-asm-2026-s3-tp08-guillaume-alain.priso-totto
[2023-01-09T13:47:15.476Z] > git status -z -uall [68ms]
[2023-01-09T13:47:15.481Z] > git symbolic-ref --short HEAD [2ms]
[2023-01-09T13:47:15.486Z] > git for-each-ref --format=%(refname)%00%(upstream:short)%00%(objectname)%00%(upstream:track)%00%(upstream:remotename)%00%(upstream:remoteref) refs/heads/master refs/remotes/master [2ms]
[2023-01-09T13:47:15.494Z] > git for-each-ref --sort -committerdate --format %(refname) %(objectname) %(*objectname) [5ms]
[2023-01-09T13:47:15.494Z] > git remote --verbose [2ms]
[2023-01-09T13:47:15.500Z] > git config --get commit.template [1ms]
[2023-01-09T13:47:15.509Z] > git status -z -uall [2ms]
[2023-01-09T13:47:15.513Z] > git symbolic-ref --short HEAD [1ms]
[2023-01-09T13:47:15.518Z] > git for-each-ref --format=%(refname)%00%(upstream:short)%00%(objectname)%00%(upstream:track)%00%(upstream:remotename)%00%(upstream:remoteref) refs/heads/master refs/remotes/master [2ms]
[2023-01-09T13:47:15.526Z] > git for-each-ref --sort -committerdate --format %(refname) %(objectname) %(*objectname) [5ms]
[2023-01-09T13:47:15.527Z] > git remote --verbose [2ms]
[2023-01-09T13:47:15.533Z] > git config --get commit.template [2ms]
[2023-01-09T13:47:15.724Z] > git show --textconv :basics/Makefile [7ms]
[2023-01-09T13:47:15.724Z] > git ls-files --stage -- /afs/cri.epita.fr/user/g/gu/guillaume-alain.priso-totto/u/work/spe/prog/epita-prepa-asm-2026-s3-tp08-guillaume-alain.priso-totto/basics/Makefile [2ms]
[2023-01-09T13:47:15.732Z] > git cat-file -s c67a9456bc237defcb3c988aaeda1ff6fa49f5de [2ms]
[2023-01-09T13:47:15.936Z] > git check-ignore -v -z --stdin [6ms]
[2023-01-09T13:47:15.936Z] > git check-ignore -v -z --stdin [2ms]
[2023-01-09T13:47:22.726Z] > git show --textconv :day1/make/Makefile [4ms]
[2023-01-09T13:47:22.727Z] > git ls-files --stage -- /afs/cri.epita.fr/user/g/gu/guillaume-alain.priso-totto/u/work/spe/prog/epita-prepa-asm-2026-s4-seminaire-guillaume-alain.priso-totto/day1/make/Makefile [2ms]
[2023-01-09T13:47:23.035Z] > git check-ignore -v -z --stdin [1ms]
[2023-01-09T13:49:12.617Z] > git status -z -uall [4ms]
[2023-01-09T13:49:12.626Z] > git symbolic-ref --short HEAD [2ms]
[2023-01-09T13:49:12.631Z] > git for-each-ref --format=%(refname)%00%(upstream:short)%00%(objectname)%00%(upstream:track)%00%(upstream:remotename)%00%(upstream:remoteref) refs/heads/master refs/remotes/master [1ms]
[2023-01-09T13:49:12.638Z] > git for-each-ref --sort -committerdate --format %(refname) %(objectname) %(*objectname) [4ms]
[2023-01-09T13:49:12.640Z] > git remote --verbose [3ms]
[2023-01-09T13:49:12.647Z] > git config --get commit.template [1ms]
[2023-01-09T13:49:39.544Z] > git status -z -uall [3ms]
[2023-01-09T13:49:39.552Z] > git symbolic-ref --short HEAD [3ms]
[2023-01-09T13:49:39.561Z] > git for-each-ref --format=%(refname)%00%(upstream:short)%00%(objectname)%00%(upstream:track)%00%(upstream:remotename)%00%(upstream:remoteref) refs/heads/master refs/remotes/master [3ms]
[2023-01-09T13:49:39.567Z] > git for-each-ref --sort -committerdate --format %(refname) %(objectname) %(*objectname) [3ms]
[2023-01-09T13:49:39.568Z] > git remote --verbose [2ms]
[2023-01-09T13:49:39.576Z] > git config --get commit.template [2ms]
