[2022-12-06T09:10:54.539Z] Log level: Info
[2022-12-06T09:10:54.545Z] [info] Validating found git in: git
[2022-12-06T09:10:54.580Z] [info] Using git 2.36.2 from git
[2022-12-06T09:12:27.245Z] > git rev-parse --show-toplevel [10ms]
[2022-12-06T09:12:27.258Z] > git rev-parse --git-dir --git-common-dir [2ms]
[2022-12-06T09:12:27.269Z] [info] Open repository: /afs/cri.epita.fr/user/g/gu/guillaume-alain.priso-totto/u/work/spe/prog/epita-prepa-asm-2026-s3-tp11-guillaume-alain.priso-totto
[2022-12-06T09:12:27.291Z] > git status -z -uall [9ms]
[2022-12-06T09:12:27.305Z] > git symbolic-ref --short HEAD [1ms]
[2022-12-06T09:12:27.316Z] > git for-each-ref --format=%(refname)%00%(upstream:short)%00%(objectname)%00%(upstream:track)%00%(upstream:remotename)%00%(upstream:remoteref) refs/heads/master refs/remotes/master [5ms]
[2022-12-06T09:12:27.327Z] > git for-each-ref --sort -committerdate --format %(refname) %(objectname) %(*objectname) [6ms]
[2022-12-06T09:12:27.330Z] > git remote --verbose [4ms]
[2022-12-06T09:12:27.339Z] > git config --get commit.template [2ms]
[2022-12-06T09:12:27.345Z] > git status -z -uall [1ms]
[2022-12-06T09:12:27.351Z] > git symbolic-ref --short HEAD [1ms]
[2022-12-06T09:12:27.357Z] > git for-each-ref --format=%(refname)%00%(upstream:short)%00%(objectname)%00%(upstream:track)%00%(upstream:remotename)%00%(upstream:remoteref) refs/heads/master refs/remotes/master [2ms]
[2022-12-06T09:12:27.367Z] > git remote --verbose [3ms]
[2022-12-06T09:12:27.368Z] > git for-each-ref --sort -committerdate --format %(refname) %(objectname) %(*objectname) [7ms]
[2022-12-06T09:12:27.373Z] > git config --get commit.template [1ms]
[2022-12-06T09:18:43.470Z] > git status -z -uall [2ms]
[2022-12-06T09:18:43.475Z] > git symbolic-ref --short HEAD [1ms]
[2022-12-06T09:18:43.480Z] > git for-each-ref --format=%(refname)%00%(upstream:short)%00%(objectname)%00%(upstream:track)%00%(upstream:remotename)%00%(upstream:remoteref) refs/heads/master refs/remotes/master [1ms]
[2022-12-06T09:18:43.488Z] > git for-each-ref --sort -committerdate --format %(refname) %(objectname) %(*objectname) [5ms]
[2022-12-06T09:18:43.488Z] > git remote --verbose [1ms]
[2022-12-06T09:18:43.494Z] > git config --get commit.template [1ms]
[2022-12-06T09:18:53.309Z] > git rev-parse --show-toplevel [2ms]
[2022-12-06T09:19:01.755Z] > git rev-parse --show-toplevel [3ms]
[2022-12-06T09:25:25.151Z] > git rev-parse --show-toplevel [4ms]
[2022-12-06T09:26:21.644Z] > git rev-parse --show-toplevel [2ms]
[2022-12-06T09:28:06.995Z] > git status -z -uall [1ms]
[2022-12-06T09:28:07.001Z] > git symbolic-ref --short HEAD [1ms]
[2022-12-06T09:28:07.006Z] > git for-each-ref --format=%(refname)%00%(upstream:short)%00%(objectname)%00%(upstream:track)%00%(upstream:remotename)%00%(upstream:remoteref) refs/heads/master refs/remotes/master [1ms]
[2022-12-06T09:28:07.017Z] > git for-each-ref --sort -committerdate --format %(refname) %(objectname) %(*objectname) [7ms]
[2022-12-06T09:28:07.017Z] > git remote --verbose [2ms]
[2022-12-06T09:28:07.028Z] > git config --get commit.template [2ms]
[2022-12-06T09:31:12.587Z] > git status -z -uall [1ms]
[2022-12-06T09:31:12.595Z] > git symbolic-ref --short HEAD [2ms]
[2022-12-06T09:31:12.601Z] > git for-each-ref --format=%(refname)%00%(upstream:short)%00%(objectname)%00%(upstream:track)%00%(upstream:remotename)%00%(upstream:remoteref) refs/heads/master refs/remotes/master [1ms]
[2022-12-06T09:31:12.612Z] > git for-each-ref --sort -committerdate --format %(refname) %(objectname) %(*objectname) [7ms]
[2022-12-06T09:31:12.612Z] > git remote --verbose [2ms]
[2022-12-06T09:31:12.620Z] > git config --get commit.template [1ms]
[2022-12-06T09:31:15.931Z] > git rev-parse --show-toplevel [4ms]
[2022-12-06T09:32:43.247Z] > git status -z -uall [2ms]
[2022-12-06T09:32:43.255Z] > git symbolic-ref --short HEAD [2ms]
[2022-12-06T09:32:43.264Z] > git for-each-ref --format=%(refname)%00%(upstream:short)%00%(objectname)%00%(upstream:track)%00%(upstream:remotename)%00%(upstream:remoteref) refs/heads/master refs/remotes/master [1ms]
[2022-12-06T09:32:43.273Z] > git for-each-ref --sort -committerdate --format %(refname) %(objectname) %(*objectname) [5ms]
[2022-12-06T09:32:43.274Z] > git remote --verbose [2ms]
[2022-12-06T09:32:43.282Z] > git config --get commit.template [1ms]
[2022-12-06T09:32:47.606Z] > git rev-parse --show-toplevel [14ms]
[2022-12-06T09:32:48.289Z] > git status -z -uall [2ms]
[2022-12-06T09:32:48.294Z] > git symbolic-ref --short HEAD [1ms]
[2022-12-06T09:32:48.299Z] > git for-each-ref --format=%(refname)%00%(upstream:short)%00%(objectname)%00%(upstream:track)%00%(upstream:remotename)%00%(upstream:remoteref) refs/heads/master refs/remotes/master [1ms]
[2022-12-06T09:32:48.307Z] > git for-each-ref --sort -committerdate --format %(refname) %(objectname) %(*objectname) [4ms]
[2022-12-06T09:32:48.308Z] > git remote --verbose [1ms]
[2022-12-06T09:32:48.314Z] > git config --get commit.template [2ms]
[2022-12-06T09:34:30.964Z] > git status -z -uall [1ms]
[2022-12-06T09:34:30.971Z] > git symbolic-ref --short HEAD [2ms]
[2022-12-06T09:34:30.981Z] > git for-each-ref --format=%(refname)%00%(upstream:short)%00%(objectname)%00%(upstream:track)%00%(upstream:remotename)%00%(upstream:remoteref) refs/heads/master refs/remotes/master [2ms]
[2022-12-06T09:34:30.990Z] > git for-each-ref --sort -committerdate --format %(refname) %(objectname) %(*objectname) [5ms]
[2022-12-06T09:34:30.990Z] > git remote --verbose [1ms]
[2022-12-06T09:34:30.999Z] > git config --get commit.template [1ms]
[2022-12-06T09:34:45.157Z] > git status -z -uall [2ms]
[2022-12-06T09:34:45.171Z] > git symbolic-ref --short HEAD [3ms]
[2022-12-06T09:34:45.176Z] > git for-each-ref --format=%(refname)%00%(upstream:short)%00%(objectname)%00%(upstream:track)%00%(upstream:remotename)%00%(upstream:remoteref) refs/heads/master refs/remotes/master [1ms]
[2022-12-06T09:34:45.189Z] > git for-each-ref --sort -committerdate --format %(refname) %(objectname) %(*objectname) [5ms]
[2022-12-06T09:34:45.189Z] > git remote --verbose [1ms]
[2022-12-06T09:34:45.199Z] > git config --get commit.template [2ms]
[2022-12-06T09:35:46.652Z] > git status -z -uall [3ms]
[2022-12-06T09:35:46.662Z] > git symbolic-ref --short HEAD [2ms]
[2022-12-06T09:35:46.668Z] > git for-each-ref --format=%(refname)%00%(upstream:short)%00%(objectname)%00%(upstream:track)%00%(upstream:remotename)%00%(upstream:remoteref) refs/heads/master refs/remotes/master [1ms]
[2022-12-06T09:35:46.678Z] > git for-each-ref --sort -committerdate --format %(refname) %(objectname) %(*objectname) [5ms]
[2022-12-06T09:35:46.678Z] > git remote --verbose [1ms]
[2022-12-06T09:35:46.685Z] > git config --get commit.template [2ms]
[2022-12-06T09:36:10.035Z] > git status -z -uall [2ms]
[2022-12-06T09:36:10.048Z] > git symbolic-ref --short HEAD [3ms]
[2022-12-06T09:36:10.054Z] > git for-each-ref --format=%(refname)%00%(upstream:short)%00%(objectname)%00%(upstream:track)%00%(upstream:remotename)%00%(upstream:remoteref) refs/heads/master refs/remotes/master [2ms]
[2022-12-06T09:36:10.064Z] > git for-each-ref --sort -committerdate --format %(refname) %(objectname) %(*objectname) [5ms]
[2022-12-06T09:36:10.065Z] > git remote --verbose [1ms]
[2022-12-06T09:36:10.071Z] > git config --get commit.template [1ms]
[2022-12-06T09:36:20.000Z] > git rev-parse --show-toplevel [2ms]
[2022-12-06T09:36:22.350Z] > git rev-parse --show-toplevel [3ms]
[2022-12-06T09:36:35.384Z] > git rev-parse --show-toplevel [3ms]
[2022-12-06T09:37:00.761Z] > git rev-parse --show-toplevel [3ms]
[2022-12-06T09:37:01.766Z] > git status -z -uall [2ms]
[2022-12-06T09:37:01.771Z] > git symbolic-ref --short HEAD [1ms]
[2022-12-06T09:37:01.776Z] > git for-each-ref --format=%(refname)%00%(upstream:short)%00%(objectname)%00%(upstream:track)%00%(upstream:remotename)%00%(upstream:remoteref) refs/heads/master refs/remotes/master [1ms]
[2022-12-06T09:37:01.785Z] > git for-each-ref --sort -committerdate --format %(refname) %(objectname) %(*objectname) [5ms]
[2022-12-06T09:37:01.786Z] > git remote --verbose [2ms]
[2022-12-06T09:37:01.792Z] > git config --get commit.template [2ms]
[2022-12-06T09:37:03.642Z] > git rev-parse --show-toplevel [8ms]
[2022-12-06T09:37:14.234Z] > git status -z -uall [1ms]
[2022-12-06T09:37:14.241Z] > git symbolic-ref --short HEAD [1ms]
[2022-12-06T09:37:14.246Z] > git for-each-ref --format=%(refname)%00%(upstream:short)%00%(objectname)%00%(upstream:track)%00%(upstream:remotename)%00%(upstream:remoteref) refs/heads/master refs/remotes/master [1ms]
[2022-12-06T09:37:14.256Z] > git for-each-ref --sort -committerdate --format %(refname) %(objectname) %(*objectname) [6ms]
[2022-12-06T09:37:14.256Z] > git remote --verbose [1ms]
[2022-12-06T09:37:14.262Z] > git config --get commit.template [1ms]
[2022-12-06T09:37:31.277Z] > git status -z -uall [2ms]
[2022-12-06T09:37:31.284Z] > git symbolic-ref --short HEAD [2ms]
[2022-12-06T09:37:31.293Z] > git for-each-ref --format=%(refname)%00%(upstream:short)%00%(objectname)%00%(upstream:track)%00%(upstream:remotename)%00%(upstream:remoteref) refs/heads/master refs/remotes/master [1ms]
[2022-12-06T09:37:31.303Z] > git for-each-ref --sort -committerdate --format %(refname) %(objectname) %(*objectname) [6ms]
[2022-12-06T09:37:31.304Z] > git remote --verbose [2ms]
[2022-12-06T09:37:31.311Z] > git config --get commit.template [1ms]
[2022-12-06T09:37:38.266Z] > git rev-parse --show-toplevel [2ms]
[2022-12-06T09:37:46.666Z] > git status -z -uall [2ms]
[2022-12-06T09:37:46.675Z] > git symbolic-ref --short HEAD [1ms]
[2022-12-06T09:37:46.681Z] > git for-each-ref --format=%(refname)%00%(upstream:short)%00%(objectname)%00%(upstream:track)%00%(upstream:remotename)%00%(upstream:remoteref) refs/heads/master refs/remotes/master [1ms]
[2022-12-06T09:37:46.691Z] > git for-each-ref --sort -committerdate --format %(refname) %(objectname) %(*objectname) [6ms]
[2022-12-06T09:37:46.691Z] > git remote --verbose [1ms]
[2022-12-06T09:37:46.698Z] > git config --get commit.template [2ms]
[2022-12-06T09:40:08.506Z] > git status -z -uall [2ms]
[2022-12-06T09:40:08.518Z] > git symbolic-ref --short HEAD [2ms]
[2022-12-06T09:40:08.524Z] > git for-each-ref --format=%(refname)%00%(upstream:short)%00%(objectname)%00%(upstream:track)%00%(upstream:remotename)%00%(upstream:remoteref) refs/heads/master refs/remotes/master [1ms]
[2022-12-06T09:40:08.536Z] > git for-each-ref --sort -committerdate --format %(refname) %(objectname) %(*objectname) [7ms]
[2022-12-06T09:40:08.536Z] > git remote --verbose [1ms]
[2022-12-06T09:40:08.543Z] > git config --get commit.template [1ms]
[2022-12-06T09:40:10.599Z] > git rev-parse --show-toplevel [4ms]
[2022-12-06T09:40:13.550Z] > git status -z -uall [1ms]
[2022-12-06T09:40:13.556Z] > git symbolic-ref --short HEAD [2ms]
[2022-12-06T09:40:13.561Z] > git for-each-ref --format=%(refname)%00%(upstream:short)%00%(objectname)%00%(upstream:track)%00%(upstream:remotename)%00%(upstream:remoteref) refs/heads/master refs/remotes/master [1ms]
[2022-12-06T09:40:13.569Z] > git for-each-ref --sort -committerdate --format %(refname) %(objectname) %(*objectname) [4ms]
[2022-12-06T09:40:13.570Z] > git remote --verbose [2ms]
[2022-12-06T09:40:13.576Z] > git config --get commit.template [2ms]
[2022-12-06T09:43:13.598Z] > git rev-parse --show-toplevel [4ms]
[2022-12-06T09:43:14.152Z] > git rev-parse --show-toplevel [1ms]
[2022-12-06T09:43:14.448Z] > git rev-parse --show-toplevel [4ms]
[2022-12-06T09:43:20.138Z] > git rev-parse --show-toplevel [4ms]
[2022-12-06T09:44:03.892Z] > git rev-parse --show-toplevel [3ms]
[2022-12-06T09:44:06.835Z] > git rev-parse --show-toplevel [4ms]
[2022-12-06T09:44:17.733Z] > git rev-parse --show-toplevel [1ms]
[2022-12-06T09:44:26.382Z] > git rev-parse --show-toplevel [3ms]
[2022-12-06T09:44:36.230Z] > git rev-parse --show-toplevel [3ms]
[2022-12-06T09:44:48.687Z] > git rev-parse --show-toplevel [3ms]
[2022-12-06T09:44:49.726Z] > git rev-parse --show-toplevel [2ms]
[2022-12-06T09:45:05.691Z] > git rev-parse --show-toplevel [3ms]
[2022-12-06T09:45:13.471Z] > git rev-parse --show-toplevel [3ms]
[2022-12-06T09:45:16.964Z] > git rev-parse --show-toplevel [4ms]
[2022-12-06T09:45:25.588Z] > git rev-parse --show-toplevel [3ms]
[2022-12-06T09:45:40.207Z] > git rev-parse --show-toplevel [2ms]
[2022-12-06T09:45:43.506Z] > git rev-parse --show-toplevel [1ms]
[2022-12-06T09:45:58.474Z] > git rev-parse --show-toplevel [12ms]
[2022-12-06T09:45:59.550Z] > git rev-parse --show-toplevel [3ms]
[2022-12-06T09:46:01.183Z] > git rev-parse --show-toplevel [3ms]
[2022-12-06T09:46:09.963Z] > git rev-parse --show-toplevel [2ms]
[2022-12-06T09:46:11.664Z] > git rev-parse --show-toplevel [2ms]
[2022-12-06T09:46:17.645Z] > git rev-parse --show-toplevel [4ms]
[2022-12-06T09:46:29.087Z] > git rev-parse --show-toplevel [2ms]
[2022-12-06T09:46:30.964Z] > git rev-parse --show-toplevel [3ms]
[2022-12-06T09:47:03.466Z] > git rev-parse --show-toplevel [2ms]
[2022-12-06T09:47:04.716Z] > git rev-parse --show-toplevel [5ms]
[2022-12-06T09:47:10.126Z] > git rev-parse --show-toplevel [3ms]
[2022-12-06T09:47:11.739Z] > git rev-parse --show-toplevel [4ms]
[2022-12-06T09:47:14.851Z] > git rev-parse --show-toplevel [2ms]
[2022-12-06T09:47:50.116Z] > git rev-parse --show-toplevel [2ms]
[2022-12-06T09:48:10.496Z] > git rev-parse --show-toplevel [2ms]
[2022-12-06T09:48:14.327Z] > git rev-parse --show-toplevel [1ms]
[2022-12-06T09:49:08.096Z] > git rev-parse --show-toplevel [2ms]
[2022-12-06T09:49:30.897Z] > git rev-parse --show-toplevel [2ms]
[2022-12-06T09:49:42.924Z] > git rev-parse --show-toplevel [2ms]
[2022-12-06T09:49:44.125Z] > git rev-parse --show-toplevel [2ms]
[2022-12-06T09:49:48.204Z] > git rev-parse --show-toplevel [6ms]
[2022-12-06T09:49:48.965Z] > git rev-parse --show-toplevel [3ms]
[2022-12-06T09:51:46.203Z] > git rev-parse --show-toplevel [2ms]
[2022-12-06T09:52:26.647Z] > git rev-parse --show-toplevel [3ms]
[2022-12-06T09:52:34.455Z] > git rev-parse --show-toplevel [2ms]
[2022-12-06T09:52:44.300Z] > git status -z -uall [2ms]
[2022-12-06T09:52:44.305Z] > git symbolic-ref --short HEAD [1ms]
[2022-12-06T09:52:44.311Z] > git for-each-ref --format=%(refname)%00%(upstream:short)%00%(objectname)%00%(upstream:track)%00%(upstream:remotename)%00%(upstream:remoteref) refs/heads/master refs/remotes/master [2ms]
[2022-12-06T09:52:44.319Z] > git for-each-ref --sort -committerdate --format %(refname) %(objectname) %(*objectname) [4ms]
[2022-12-06T09:52:44.320Z] > git remote --verbose [1ms]
[2022-12-06T09:52:44.325Z] > git config --get commit.template [1ms]
[2022-12-06T09:52:55.090Z] > git rev-parse --show-toplevel [2ms]
[2022-12-06T09:53:31.253Z] > git rev-parse --show-toplevel [4ms]
[2022-12-06T09:54:01.001Z] > git rev-parse --show-toplevel [3ms]
[2022-12-06T09:54:12.713Z] > git rev-parse --show-toplevel [4ms]
[2022-12-06T09:54:17.650Z] > git rev-parse --show-toplevel [2ms]
[2022-12-06T09:54:22.581Z] > git rev-parse --show-toplevel [5ms]
[2022-12-06T09:54:23.279Z] > git rev-parse --show-toplevel [3ms]
[2022-12-06T09:54:24.771Z] > git rev-parse --show-toplevel [4ms]
[2022-12-06T09:54:50.870Z] > git rev-parse --show-toplevel [6ms]
[2022-12-06T09:54:55.428Z] > git rev-parse --show-toplevel [3ms]
[2022-12-06T09:55:09.683Z] > git rev-parse --show-toplevel [18ms]
[2022-12-06T09:55:14.976Z] > git rev-parse --show-toplevel [3ms]
[2022-12-06T09:55:26.355Z] > git rev-parse --show-toplevel [5ms]
[2022-12-06T09:55:35.744Z] > git rev-parse --show-toplevel [3ms]
[2022-12-06T09:56:22.800Z] > git rev-parse --show-toplevel [2ms]
[2022-12-06T09:56:23.801Z] > git rev-parse --show-toplevel [8ms]
[2022-12-06T09:56:26.928Z] > git rev-parse --show-toplevel [2ms]
[2022-12-06T09:56:44.353Z] > git rev-parse --show-toplevel [4ms]
[2022-12-06T09:59:07.866Z] > git status -z -uall [2ms]
[2022-12-06T09:59:07.871Z] > git symbolic-ref --short HEAD [1ms]
[2022-12-06T09:59:07.877Z] > git for-each-ref --format=%(refname)%00%(upstream:short)%00%(objectname)%00%(upstream:track)%00%(upstream:remotename)%00%(upstream:remoteref) refs/heads/master refs/remotes/master [1ms]
[2022-12-06T09:59:07.885Z] > git for-each-ref --sort -committerdate --format %(refname) %(objectname) %(*objectname) [4ms]
[2022-12-06T09:59:07.886Z] > git remote --verbose [1ms]
[2022-12-06T09:59:07.892Z] > git config --get commit.template [1ms]
[2022-12-06T10:01:37.532Z] > git status -z -uall [5ms]
[2022-12-06T10:01:37.539Z] > git symbolic-ref --short HEAD [1ms]
[2022-12-06T10:01:37.545Z] > git for-each-ref --format=%(refname)%00%(upstream:short)%00%(objectname)%00%(upstream:track)%00%(upstream:remotename)%00%(upstream:remoteref) refs/heads/master refs/remotes/master [2ms]
[2022-12-06T10:01:37.555Z] > git for-each-ref --sort -committerdate --format %(refname) %(objectname) %(*objectname) [5ms]
[2022-12-06T10:01:37.556Z] > git remote --verbose [2ms]
[2022-12-06T10:01:37.562Z] > git config --get commit.template [2ms]
[2022-12-06T10:02:26.064Z] > git status -z -uall [3ms]
[2022-12-06T10:02:26.072Z] > git symbolic-ref --short HEAD [2ms]
[2022-12-06T10:02:26.084Z] > git for-each-ref --format=%(refname)%00%(upstream:short)%00%(objectname)%00%(upstream:track)%00%(upstream:remotename)%00%(upstream:remoteref) refs/heads/master refs/remotes/master [4ms]
[2022-12-06T10:02:26.094Z] > git for-each-ref --sort -committerdate --format %(refname) %(objectname) %(*objectname) [6ms]
[2022-12-06T10:02:26.094Z] > git remote --verbose [1ms]
[2022-12-06T10:02:26.105Z] > git config --get commit.template [1ms]
