[2023-01-12 14:05:52.034] [exthost] [info] Extension host with pid 8391 started
[2023-01-12 14:05:52.062] [exthost] [info] ExtensionService#_doActivateExtension vscode.microsoft-authentication, startup: false, activationEvent: 'onAuthenticationRequest:microsoft'
[2023-01-12 14:05:52.177] [exthost] [info] ExtensionService#_doActivateExtension vscode.debug-auto-launch, startup: true, activationEvent: '*'
[2023-01-12 14:05:52.191] [exthost] [info] ExtensionService#_doActivateExtension vscode.git-base, startup: true, activationEvent: '*', root cause: vscode.git
[2023-01-12 14:05:52.205] [exthost] [info] ExtensionService#_doActivateExtension vscode.ipynb, startup: true, activationEvent: '*'
[2023-01-12 14:05:52.312] [exthost] [info] ExtensionService#_doActivateExtension vscode.git, startup: true, activationEvent: '*'
[2023-01-12 14:05:52.491] [exthost] [info] ExtensionService#_doActivateExtension vscode.github, startup: true, activationEvent: '*'
[2023-01-12 14:05:52.630] [exthost] [info] ExtensionService#_doActivateExtension vscode.github-authentication, startup: false, activationEvent: 'onAuthenticationRequest:github'
[2023-01-12 14:05:52.812] [exthost] [info] Eager extensions activated
[2023-01-12 14:05:52.838] [exthost] [info] ExtensionService#_doActivateExtension vscode.emmet, startup: false, activationEvent: 'onStartupFinished'
[2023-01-12 14:05:52.886] [exthost] [info] ExtensionService#_doActivateExtension vscode.merge-conflict, startup: false, activationEvent: 'onStartupFinished'
[2023-01-12 15:07:47.868] [exthost] [warning] [Decorations] CAPPING events from decorations provider vscode.git 7329
[2023-01-12 15:07:54.184] [exthost] [warning] [Decorations] CAPPING events from decorations provider vscode.git 7330
[2023-01-12 15:08:03.538] [exthost] [warning] [Decorations] CAPPING events from decorations provider vscode.git 7331
[2023-01-12 15:19:28.867] [exthost] [warning] [Decorations] CAPPING events from decorations provider vscode.git 7333
[2023-01-12 15:40:31.709] [exthost] [warning] [Decorations] CAPPING events from decorations provider vscode.git 7334
[2023-01-12 15:40:41.368] [exthost] [warning] [Decorations] CAPPING events from decorations provider vscode.git 7333
[2023-01-12 15:40:50.831] [exthost] [warning] [Decorations] CAPPING events from decorations provider vscode.git 7333
[2023-01-12 15:41:00.302] [exthost] [warning] [Decorations] CAPPING events from decorations provider vscode.git 7333
[2023-01-12 15:41:10.342] [exthost] [warning] [Decorations] CAPPING events from decorations provider vscode.git 7333
[2023-01-12 15:41:20.008] [exthost] [warning] [Decorations] CAPPING events from decorations provider vscode.git 7333
[2023-01-12 15:41:30.489] [exthost] [warning] [Decorations] CAPPING events from decorations provider vscode.git 7333
[2023-01-12 15:41:40.206] [exthost] [warning] [Decorations] CAPPING events from decorations provider vscode.git 7333
[2023-01-12 15:41:51.263] [exthost] [warning] [Decorations] CAPPING events from decorations provider vscode.git 7333
[2023-01-12 15:42:00.750] [exthost] [warning] [Decorations] CAPPING events from decorations provider vscode.git 7333
[2023-01-12 15:42:12.190] [exthost] [warning] [Decorations] CAPPING events from decorations provider vscode.git 7333
[2023-01-12 15:42:21.669] [exthost] [warning] [Decorations] CAPPING events from decorations provider vscode.git 7333
[2023-01-12 15:42:45.151] [exthost] [warning] [Decorations] CAPPING events from decorations provider vscode.git 7333
[2023-01-12 15:43:19.160] [exthost] [warning] [Decorations] CAPPING events from decorations provider vscode.git 7333
[2023-01-12 15:43:29.196] [exthost] [warning] [Decorations] CAPPING events from decorations provider vscode.git 7333
[2023-01-12 15:43:39.104] [exthost] [warning] [Decorations] CAPPING events from decorations provider vscode.git 7333
[2023-01-12 15:43:51.539] [exthost] [warning] [Decorations] CAPPING events from decorations provider vscode.git 7333
[2023-01-12 15:44:01.196] [exthost] [warning] [Decorations] CAPPING events from decorations provider vscode.git 7333
[2023-01-12 15:44:10.763] [exthost] [warning] [Decorations] CAPPING events from decorations provider vscode.git 7334
[2023-01-12 15:44:21.532] [exthost] [warning] [Decorations] CAPPING events from decorations provider vscode.git 7334
[2023-01-12 15:44:31.511] [exthost] [warning] [Decorations] CAPPING events from decorations provider vscode.git 7333
[2023-01-12 15:44:42.612] [exthost] [warning] [Decorations] CAPPING events from decorations provider vscode.git 7333
[2023-01-12 15:44:54.311] [exthost] [warning] [Decorations] CAPPING events from decorations provider vscode.git 7333
[2023-01-12 15:45:03.770] [exthost] [warning] [Decorations] CAPPING events from decorations provider vscode.git 7335
[2023-01-12 15:45:13.334] [exthost] [warning] [Decorations] CAPPING events from decorations provider vscode.git 7335
[2023-01-12 15:45:22.924] [exthost] [warning] [Decorations] CAPPING events from decorations provider vscode.git 7333
[2023-01-12 15:45:33.632] [exthost] [warning] [Decorations] CAPPING events from decorations provider vscode.git 7333
[2023-01-12 15:45:43.363] [exthost] [warning] [Decorations] CAPPING events from decorations provider vscode.git 7333
[2023-01-12 15:45:53.149] [exthost] [warning] [Decorations] CAPPING events from decorations provider vscode.git 7333
[2023-01-12 15:46:03.065] [exthost] [warning] [Decorations] CAPPING events from decorations provider vscode.git 7333
[2023-01-12 15:46:12.550] [exthost] [warning] [Decorations] CAPPING events from decorations provider vscode.git 7333
[2023-01-12 15:46:23.466] [exthost] [warning] [Decorations] CAPPING events from decorations provider vscode.git 7333
[2023-01-12 15:46:35.422] [exthost] [warning] [Decorations] CAPPING events from decorations provider vscode.git 7333
[2023-01-12 15:46:45.167] [exthost] [warning] [Decorations] CAPPING events from decorations provider vscode.git 7333
[2023-01-12 15:46:54.948] [exthost] [warning] [Decorations] CAPPING events from decorations provider vscode.git 7333
[2023-01-12 15:47:04.860] [exthost] [warning] [Decorations] CAPPING events from decorations provider vscode.git 7333
[2023-01-12 15:47:14.689] [exthost] [warning] [Decorations] CAPPING events from decorations provider vscode.git 7333
[2023-01-12 15:47:24.628] [exthost] [warning] [Decorations] CAPPING events from decorations provider vscode.git 7333
[2023-01-12 15:47:34.441] [exthost] [warning] [Decorations] CAPPING events from decorations provider vscode.git 7333
[2023-01-12 15:47:45.215] [exthost] [warning] [Decorations] CAPPING events from decorations provider vscode.git 7333
[2023-01-12 15:47:54.833] [exthost] [warning] [Decorations] CAPPING events from decorations provider vscode.git 7333
[2023-01-12 15:48:06.516] [exthost] [warning] [Decorations] CAPPING events from decorations provider vscode.git 7333
[2023-01-12 15:48:16.281] [exthost] [warning] [Decorations] CAPPING events from decorations provider vscode.git 7333
[2023-01-12 15:48:26.451] [exthost] [warning] [Decorations] CAPPING events from decorations provider vscode.git 7333
[2023-01-12 15:48:37.087] [exthost] [warning] [Decorations] CAPPING events from decorations provider vscode.git 7333
[2023-01-12 15:48:48.746] [exthost] [warning] [Decorations] CAPPING events from decorations provider vscode.git 7333
[2023-01-12 15:49:04.490] [exthost] [warning] [Decorations] CAPPING events from decorations provider vscode.git 7333
[2023-01-12 15:49:16.564] [exthost] [warning] [Decorations] CAPPING events from decorations provider vscode.git 7333
[2023-01-12 15:49:30.224] [exthost] [warning] [Decorations] CAPPING events from decorations provider vscode.git 7333
[2023-01-12 15:49:40.775] [exthost] [warning] [Decorations] CAPPING events from decorations provider vscode.git 7333
[2023-01-12 15:49:55.069] [exthost] [warning] [Decorations] CAPPING events from decorations provider vscode.git 7333
[2023-01-12 15:50:08.786] [exthost] [warning] [Decorations] CAPPING events from decorations provider vscode.git 7335
[2023-01-12 15:50:21.957] [exthost] [warning] [Decorations] CAPPING events from decorations provider vscode.git 7335
[2023-01-12 15:50:33.348] [exthost] [warning] [Decorations] CAPPING events from decorations provider vscode.git 7333
[2023-01-12 15:50:42.917] [exthost] [warning] [Decorations] CAPPING events from decorations provider vscode.git 7333
[2023-01-12 15:50:52.808] [exthost] [warning] [Decorations] CAPPING events from decorations provider vscode.git 7333
[2023-01-12 15:51:04.270] [exthost] [warning] [Decorations] CAPPING events from decorations provider vscode.git 7333
[2023-01-12 15:51:16.000] [exthost] [warning] [Decorations] CAPPING events from decorations provider vscode.git 7333
[2023-01-12 15:51:25.790] [exthost] [warning] [Decorations] CAPPING events from decorations provider vscode.git 7333
[2023-01-12 15:51:36.009] [exthost] [warning] [Decorations] CAPPING events from decorations provider vscode.git 7333
[2023-01-12 15:51:46.542] [exthost] [warning] [Decorations] CAPPING events from decorations provider vscode.git 7333
[2023-01-12 15:51:57.664] [exthost] [warning] [Decorations] CAPPING events from decorations provider vscode.git 7333
[2023-01-12 15:52:07.394] [exthost] [warning] [Decorations] CAPPING events from decorations provider vscode.git 7333
[2023-01-12 15:52:16.942] [exthost] [warning] [Decorations] CAPPING events from decorations provider vscode.git 7333
[2023-01-12 15:52:26.927] [exthost] [warning] [Decorations] CAPPING events from decorations provider vscode.git 7333
[2023-01-12 15:52:37.982] [exthost] [warning] [Decorations] CAPPING events from decorations provider vscode.git 7333
[2023-01-12 15:52:47.312] [exthost] [warning] [Decorations] CAPPING events from decorations provider vscode.git 7333
[2023-01-12 15:52:57.246] [exthost] [warning] [Decorations] CAPPING events from decorations provider vscode.git 7333
[2023-01-12 15:53:08.416] [exthost] [warning] [Decorations] CAPPING events from decorations provider vscode.git 7333
[2023-01-12 15:53:20.982] [exthost] [warning] [Decorations] CAPPING events from decorations provider vscode.git 7333
[2023-01-12 15:53:31.667] [exthost] [warning] [Decorations] CAPPING events from decorations provider vscode.git 7333
[2023-01-12 15:53:43.449] [exthost] [warning] [Decorations] CAPPING events from decorations provider vscode.git 7333
[2023-01-12 15:53:57.540] [exthost] [warning] [Decorations] CAPPING events from decorations provider vscode.git 7333
[2023-01-12 15:54:11.020] [exthost] [warning] [Decorations] CAPPING events from decorations provider vscode.git 7333
[2023-01-12 15:54:21.049] [exthost] [warning] [Decorations] CAPPING events from decorations provider vscode.git 7333
[2023-01-12 15:54:32.134] [exthost] [warning] [Decorations] CAPPING events from decorations provider vscode.git 7333
[2023-01-12 15:54:45.143] [exthost] [warning] [Decorations] CAPPING events from decorations provider vscode.git 7333
[2023-01-12 15:54:57.198] [exthost] [warning] [Decorations] CAPPING events from decorations provider vscode.git 7333
[2023-01-12 15:55:07.800] [exthost] [warning] [Decorations] CAPPING events from decorations provider vscode.git 7335
[2023-01-12 15:55:17.884] [exthost] [warning] [Decorations] CAPPING events from decorations provider vscode.git 7335
[2023-01-12 15:55:27.880] [exthost] [warning] [Decorations] CAPPING events from decorations provider vscode.git 7333
[2023-01-12 15:55:39.404] [exthost] [warning] [Decorations] CAPPING events from decorations provider vscode.git 7333
[2023-01-12 15:55:49.539] [exthost] [warning] [Decorations] CAPPING events from decorations provider vscode.git 7333
[2023-01-12 15:56:00.489] [exthost] [warning] [Decorations] CAPPING events from decorations provider vscode.git 7333
[2023-01-12 15:56:11.090] [exthost] [warning] [Decorations] CAPPING events from decorations provider vscode.git 7333
[2023-01-12 15:56:21.121] [exthost] [warning] [Decorations] CAPPING events from decorations provider vscode.git 7333
[2023-01-12 15:56:30.888] [exthost] [warning] [Decorations] CAPPING events from decorations provider vscode.git 7333
[2023-01-12 15:56:41.314] [exthost] [warning] [Decorations] CAPPING events from decorations provider vscode.git 7333
[2023-01-12 15:56:52.489] [exthost] [warning] [Decorations] CAPPING events from decorations provider vscode.git 7333
[2023-01-12 15:57:03.676] [exthost] [warning] [Decorations] CAPPING events from decorations provider vscode.git 7333
[2023-01-12 15:57:13.446] [exthost] [warning] [Decorations] CAPPING events from decorations provider vscode.git 7333
[2023-01-12 15:57:23.256] [exthost] [warning] [Decorations] CAPPING events from decorations provider vscode.git 7333
[2023-01-12 15:57:33.399] [exthost] [warning] [Decorations] CAPPING events from decorations provider vscode.git 7333
[2023-01-12 15:57:43.987] [exthost] [warning] [Decorations] CAPPING events from decorations provider vscode.git 7333
[2023-01-12 15:57:53.476] [exthost] [warning] [Decorations] CAPPING events from decorations provider vscode.git 7333
[2023-01-12 15:58:04.708] [exthost] [warning] [Decorations] CAPPING events from decorations provider vscode.git 7333
[2023-01-12 15:58:14.260] [exthost] [warning] [Decorations] CAPPING events from decorations provider vscode.git 7333
[2023-01-12 15:58:24.006] [exthost] [warning] [Decorations] CAPPING events from decorations provider vscode.git 7333
[2023-01-12 15:58:33.868] [exthost] [warning] [Decorations] CAPPING events from decorations provider vscode.git 7333
[2023-01-12 15:58:43.397] [exthost] [warning] [Decorations] CAPPING events from decorations provider vscode.git 7333
[2023-01-12 15:58:54.133] [exthost] [warning] [Decorations] CAPPING events from decorations provider vscode.git 7333
[2023-01-12 15:59:04.098] [exthost] [warning] [Decorations] CAPPING events from decorations provider vscode.git 7333
[2023-01-12 15:59:13.671] [exthost] [warning] [Decorations] CAPPING events from decorations provider vscode.git 7333
[2023-01-12 15:59:23.948] [exthost] [warning] [Decorations] CAPPING events from decorations provider vscode.git 7333
[2023-01-12 15:59:34.020] [exthost] [warning] [Decorations] CAPPING events from decorations provider vscode.git 7333
[2023-01-12 15:59:43.707] [exthost] [warning] [Decorations] CAPPING events from decorations provider vscode.git 7333
[2023-01-12 15:59:54.896] [exthost] [warning] [Decorations] CAPPING events from decorations provider vscode.git 7333
[2023-01-12 16:00:05.217] [exthost] [warning] [Decorations] CAPPING events from decorations provider vscode.git 7335
[2023-01-12 16:00:15.415] [exthost] [warning] [Decorations] CAPPING events from decorations provider vscode.git 7335
[2023-01-12 16:00:25.367] [exthost] [warning] [Decorations] CAPPING events from decorations provider vscode.git 7333
[2023-01-12 16:00:35.350] [exthost] [warning] [Decorations] CAPPING events from decorations provider vscode.git 7333
[2023-01-12 16:00:45.766] [exthost] [warning] [Decorations] CAPPING events from decorations provider vscode.git 7333
[2023-01-12 16:00:55.560] [exthost] [warning] [Decorations] CAPPING events from decorations provider vscode.git 7333
[2023-01-12 16:01:05.619] [exthost] [warning] [Decorations] CAPPING events from decorations provider vscode.git 7333
[2023-01-12 16:01:15.716] [exthost] [warning] [Decorations] CAPPING events from decorations provider vscode.git 7333
[2023-01-12 16:01:25.904] [exthost] [warning] [Decorations] CAPPING events from decorations provider vscode.git 7333
[2023-01-12 16:01:35.875] [exthost] [warning] [Decorations] CAPPING events from decorations provider vscode.git 7333
[2023-01-12 16:01:46.453] [exthost] [warning] [Decorations] CAPPING events from decorations provider vscode.git 7333
[2023-01-12 16:01:56.831] [exthost] [warning] [Decorations] CAPPING events from decorations provider vscode.git 7333
[2023-01-12 16:02:06.383] [exthost] [warning] [Decorations] CAPPING events from decorations provider vscode.git 7333
[2023-01-12 16:02:15.958] [exthost] [warning] [Decorations] CAPPING events from decorations provider vscode.git 7333
[2023-01-12 16:02:25.678] [exthost] [warning] [Decorations] CAPPING events from decorations provider vscode.git 7333
