[2023-01-11T12:51:17.535Z] Log level: Info
[2023-01-11T12:51:17.567Z] [info] Validating found git in: git
[2023-01-11T12:51:17.754Z] [info] Using git 2.36.2 from git
[2023-01-11T12:51:17.781Z] > git rev-parse --show-toplevel [14ms]
[2023-01-11T12:51:17.837Z] > git rev-parse --git-dir --git-common-dir [48ms]
[2023-01-11T12:51:17.841Z] [info] Open repository: /afs/cri.epita.fr/user/g/gu/guillaume-alain.priso-totto/u/work/spe/prog/epita-prepa-asm-2026-s4-seminaire-guillaume-alain.priso-totto
[2023-01-11T12:51:17.960Z] > git status -z -uall [114ms]
[2023-01-11T12:51:17.965Z] > git symbolic-ref --short HEAD [2ms]
[2023-01-11T12:51:17.972Z] > git for-each-ref --format=%(refname)%00%(upstream:short)%00%(objectname)%00%(upstream:track)%00%(upstream:remotename)%00%(upstream:remoteref) refs/heads/master refs/remotes/master [4ms]
[2023-01-11T12:51:17.981Z] > git remote --verbose [2ms]
[2023-01-11T12:51:18.069Z] > git for-each-ref --sort -committerdate --format %(refname) %(objectname) %(*objectname) [93ms]
[2023-01-11T12:51:18.080Z] > git config --get commit.template [1ms]
[2023-01-11T12:51:18.093Z] > git status -z -uall [7ms]
[2023-01-11T12:51:18.099Z] > git symbolic-ref --short HEAD [2ms]
[2023-01-11T12:51:18.105Z] > git for-each-ref --format=%(refname)%00%(upstream:short)%00%(objectname)%00%(upstream:track)%00%(upstream:remotename)%00%(upstream:remoteref) refs/heads/master refs/remotes/master [2ms]
[2023-01-11T12:51:18.112Z] > git for-each-ref --sort -committerdate --format %(refname) %(objectname) %(*objectname) [4ms]
[2023-01-11T12:51:18.113Z] > git remote --verbose [2ms]
[2023-01-11T12:51:18.120Z] > git config --get commit.template [2ms]
[2023-01-11T12:51:18.374Z] > git check-ignore -v -z --stdin [4ms]
[2023-01-11T12:51:18.435Z] > git show --textconv :day3/io/my_puts.c [4ms]
[2023-01-11T12:51:18.436Z] > git ls-files --stage -- /afs/cri.epita.fr/user/g/gu/guillaume-alain.priso-totto/u/work/spe/prog/epita-prepa-asm-2026-s4-seminaire-guillaume-alain.priso-totto/day3/io/my_puts.c [2ms]
[2023-01-11T12:51:34.531Z] > git ls-files --stage -- /afs/cri.epita.fr/user/g/gu/guillaume-alain.priso-totto/u/work/spe/prog/epita-prepa-asm-2026-s4-seminaire-guillaume-alain.priso-totto/day2/playlist/playlist.h [1ms]
[2023-01-11T12:51:34.536Z] > git show --textconv :day2/playlist/playlist.h [10ms]
[2023-01-11T12:51:34.537Z] > git cat-file -s 208a458f76f90967c9b92fc60c31b4cbbdd0138d [2ms]
[2023-01-11T12:51:34.846Z] > git check-ignore -v -z --stdin [1ms]
[2023-01-11T12:51:36.842Z] > git show --textconv :day3/io/my_puts.c [6ms]
[2023-01-11T12:51:36.843Z] > git ls-files --stage -- /afs/cri.epita.fr/user/g/gu/guillaume-alain.priso-totto/u/work/spe/prog/epita-prepa-asm-2026-s4-seminaire-guillaume-alain.priso-totto/day3/io/my_puts.c [2ms]
[2023-01-11T13:12:06.725Z] > git status -z -uall [151ms]
[2023-01-11T13:12:06.729Z] > git symbolic-ref --short HEAD [1ms]
[2023-01-11T13:12:06.734Z] > git for-each-ref --format=%(refname)%00%(upstream:short)%00%(objectname)%00%(upstream:track)%00%(upstream:remotename)%00%(upstream:remoteref) refs/heads/master refs/remotes/master [1ms]
[2023-01-11T13:12:06.741Z] > git remote --verbose [1ms]
[2023-01-11T13:12:06.761Z] > git for-each-ref --sort -committerdate --format %(refname) %(objectname) %(*objectname) [24ms]
[2023-01-11T13:12:06.767Z] > git config --get commit.template [1ms]
[2023-01-11T13:13:46.790Z] > git status -z -uall [6ms]
[2023-01-11T13:13:46.798Z] > git symbolic-ref --short HEAD [3ms]
[2023-01-11T13:13:46.803Z] > git for-each-ref --format=%(refname)%00%(upstream:short)%00%(objectname)%00%(upstream:track)%00%(upstream:remotename)%00%(upstream:remoteref) refs/heads/master refs/remotes/master [1ms]
[2023-01-11T13:13:46.810Z] > git for-each-ref --sort -committerdate --format %(refname) %(objectname) %(*objectname) [3ms]
[2023-01-11T13:13:46.811Z] > git remote --verbose [2ms]
[2023-01-11T13:13:46.820Z] > git config --get commit.template [2ms]
[2023-01-11T13:13:54.047Z] > git show --textconv :day3/Makefile [4ms]
[2023-01-11T13:13:54.049Z] > git ls-files --stage -- /afs/cri.epita.fr/user/g/gu/guillaume-alain.priso-totto/u/work/spe/prog/epita-prepa-asm-2026-s4-seminaire-guillaume-alain.priso-totto/day3/Makefile [3ms]
[2023-01-11T13:13:54.372Z] > git check-ignore -v -z --stdin [1ms]
[2023-01-11T13:17:33.651Z] > git ls-files --stage -- /afs/cri.epita.fr/user/g/gu/guillaume-alain.priso-totto/u/work/spe/prog/epita-prepa-asm-2026-s4-seminaire-guillaume-alain.priso-totto/day1/make/Makefile [1ms]
[2023-01-11T13:17:33.657Z] > git cat-file -s a947078bcc0d4b2784e6a65cdb8b98ed5ce30040 [3ms]
[2023-01-11T13:17:33.658Z] > git show --textconv :day1/make/Makefile [12ms]
[2023-01-11T13:17:33.915Z] > git check-ignore -v -z --stdin [1ms]
[2023-01-11T13:17:40.302Z] > git show --textconv :day3/Makefile [3ms]
[2023-01-11T13:17:40.303Z] > git ls-files --stage -- /afs/cri.epita.fr/user/g/gu/guillaume-alain.priso-totto/u/work/spe/prog/epita-prepa-asm-2026-s4-seminaire-guillaume-alain.priso-totto/day3/Makefile [1ms]
[2023-01-11T13:17:42.110Z] > git show --textconv :day1/make/Makefile [4ms]
[2023-01-11T13:17:42.111Z] > git ls-files --stage -- /afs/cri.epita.fr/user/g/gu/guillaume-alain.priso-totto/u/work/spe/prog/epita-prepa-asm-2026-s4-seminaire-guillaume-alain.priso-totto/day1/make/Makefile [1ms]
[2023-01-11T13:17:42.116Z] > git cat-file -s a947078bcc0d4b2784e6a65cdb8b98ed5ce30040 [2ms]
[2023-01-11T13:17:45.236Z] > git show --textconv :day3/Makefile [4ms]
[2023-01-11T13:17:45.237Z] > git ls-files --stage -- /afs/cri.epita.fr/user/g/gu/guillaume-alain.priso-totto/u/work/spe/prog/epita-prepa-asm-2026-s4-seminaire-guillaume-alain.priso-totto/day3/Makefile [2ms]
[2023-01-11T13:17:48.415Z] > git show --textconv :day1/make/Makefile [4ms]
[2023-01-11T13:17:48.416Z] > git ls-files --stage -- /afs/cri.epita.fr/user/g/gu/guillaume-alain.priso-totto/u/work/spe/prog/epita-prepa-asm-2026-s4-seminaire-guillaume-alain.priso-totto/day1/make/Makefile [1ms]
[2023-01-11T13:17:48.421Z] > git cat-file -s a947078bcc0d4b2784e6a65cdb8b98ed5ce30040 [2ms]
[2023-01-11T13:17:53.965Z] > git show --textconv :day3/Makefile [3ms]
[2023-01-11T13:17:53.966Z] > git ls-files --stage -- /afs/cri.epita.fr/user/g/gu/guillaume-alain.priso-totto/u/work/spe/prog/epita-prepa-asm-2026-s4-seminaire-guillaume-alain.priso-totto/day3/Makefile [1ms]
[2023-01-11T13:17:58.446Z] > git show --textconv :day1/make/Makefile [4ms]
[2023-01-11T13:17:58.447Z] > git ls-files --stage -- /afs/cri.epita.fr/user/g/gu/guillaume-alain.priso-totto/u/work/spe/prog/epita-prepa-asm-2026-s4-seminaire-guillaume-alain.priso-totto/day1/make/Makefile [2ms]
[2023-01-11T13:17:58.451Z] > git cat-file -s a947078bcc0d4b2784e6a65cdb8b98ed5ce30040 [1ms]
[2023-01-11T13:18:00.187Z] > git show --textconv :day3/Makefile [3ms]
[2023-01-11T13:18:00.188Z] > git ls-files --stage -- /afs/cri.epita.fr/user/g/gu/guillaume-alain.priso-totto/u/work/spe/prog/epita-prepa-asm-2026-s4-seminaire-guillaume-alain.priso-totto/day3/Makefile [1ms]
[2023-01-11T13:18:05.111Z] > git show --textconv :day1/make/Makefile [4ms]
[2023-01-11T13:18:05.112Z] > git ls-files --stage -- /afs/cri.epita.fr/user/g/gu/guillaume-alain.priso-totto/u/work/spe/prog/epita-prepa-asm-2026-s4-seminaire-guillaume-alain.priso-totto/day1/make/Makefile [1ms]
[2023-01-11T13:18:05.116Z] > git cat-file -s a947078bcc0d4b2784e6a65cdb8b98ed5ce30040 [1ms]
[2023-01-11T13:18:23.672Z] > git show --textconv :day3/Makefile [4ms]
[2023-01-11T13:18:23.673Z] > git ls-files --stage -- /afs/cri.epita.fr/user/g/gu/guillaume-alain.priso-totto/u/work/spe/prog/epita-prepa-asm-2026-s4-seminaire-guillaume-alain.priso-totto/day3/Makefile [2ms]
[2023-01-11T13:19:13.780Z] > git show --textconv :day1/make/Makefile [5ms]
[2023-01-11T13:19:13.781Z] > git ls-files --stage -- /afs/cri.epita.fr/user/g/gu/guillaume-alain.priso-totto/u/work/spe/prog/epita-prepa-asm-2026-s4-seminaire-guillaume-alain.priso-totto/day1/make/Makefile [2ms]
[2023-01-11T13:19:13.785Z] > git cat-file -s a947078bcc0d4b2784e6a65cdb8b98ed5ce30040 [2ms]
[2023-01-11T13:19:17.001Z] > git show --textconv :day3/Makefile [4ms]
[2023-01-11T13:19:17.002Z] > git ls-files --stage -- /afs/cri.epita.fr/user/g/gu/guillaume-alain.priso-totto/u/work/spe/prog/epita-prepa-asm-2026-s4-seminaire-guillaume-alain.priso-totto/day3/Makefile [1ms]
[2023-01-11T13:19:39.123Z] > git show --textconv :day1/make/Makefile [4ms]
[2023-01-11T13:19:39.124Z] > git ls-files --stage -- /afs/cri.epita.fr/user/g/gu/guillaume-alain.priso-totto/u/work/spe/prog/epita-prepa-asm-2026-s4-seminaire-guillaume-alain.priso-totto/day1/make/Makefile [2ms]
[2023-01-11T13:19:39.128Z] > git cat-file -s a947078bcc0d4b2784e6a65cdb8b98ed5ce30040 [1ms]
[2023-01-11T13:19:40.994Z] > git show --textconv :day3/Makefile [3ms]
[2023-01-11T13:19:40.995Z] > git ls-files --stage -- /afs/cri.epita.fr/user/g/gu/guillaume-alain.priso-totto/u/work/spe/prog/epita-prepa-asm-2026-s4-seminaire-guillaume-alain.priso-totto/day3/Makefile [1ms]
[2023-01-11T13:23:54.549Z] > git status -z -uall [4ms]
[2023-01-11T13:23:54.555Z] > git symbolic-ref --short HEAD [2ms]
[2023-01-11T13:23:54.559Z] > git for-each-ref --format=%(refname)%00%(upstream:short)%00%(objectname)%00%(upstream:track)%00%(upstream:remotename)%00%(upstream:remoteref) refs/heads/master refs/remotes/master [1ms]
[2023-01-11T13:23:54.568Z] > git for-each-ref --sort -committerdate --format %(refname) %(objectname) %(*objectname) [6ms]
[2023-01-11T13:23:54.568Z] > git remote --verbose [1ms]
[2023-01-11T13:23:54.577Z] > git config --get commit.template [2ms]
[2023-01-11T13:24:12.863Z] > git status -z -uall [3ms]
[2023-01-11T13:24:12.871Z] > git symbolic-ref --short HEAD [2ms]
[2023-01-11T13:24:12.879Z] > git for-each-ref --format=%(refname)%00%(upstream:short)%00%(objectname)%00%(upstream:track)%00%(upstream:remotename)%00%(upstream:remoteref) refs/heads/master refs/remotes/master [2ms]
[2023-01-11T13:24:12.888Z] > git for-each-ref --sort -committerdate --format %(refname) %(objectname) %(*objectname) [5ms]
[2023-01-11T13:24:12.889Z] > git remote --verbose [2ms]
[2023-01-11T13:24:12.895Z] > git config --get commit.template [1ms]
[2023-01-11T13:24:16.648Z] > git show --textconv :day3/io/my_puts.c [4ms]
[2023-01-11T13:24:16.648Z] > git ls-files --stage -- /afs/cri.epita.fr/user/g/gu/guillaume-alain.priso-totto/u/work/spe/prog/epita-prepa-asm-2026-s4-seminaire-guillaume-alain.priso-totto/day3/io/my_puts.c [2ms]
[2023-01-11T13:24:17.904Z] > git status -z -uall [5ms]
[2023-01-11T13:24:17.909Z] > git symbolic-ref --short HEAD [2ms]
[2023-01-11T13:24:17.915Z] > git for-each-ref --format=%(refname)%00%(upstream:short)%00%(objectname)%00%(upstream:track)%00%(upstream:remotename)%00%(upstream:remoteref) refs/heads/master refs/remotes/master [3ms]
[2023-01-11T13:24:17.922Z] > git for-each-ref --sort -committerdate --format %(refname) %(objectname) %(*objectname) [3ms]
[2023-01-11T13:24:17.923Z] > git remote --verbose [2ms]
[2023-01-11T13:24:17.929Z] > git config --get commit.template [1ms]
[2023-01-11T13:24:29.786Z] > git status -z -uall [3ms]
[2023-01-11T13:24:29.792Z] > git symbolic-ref --short HEAD [2ms]
[2023-01-11T13:24:29.799Z] > git for-each-ref --format=%(refname)%00%(upstream:short)%00%(objectname)%00%(upstream:track)%00%(upstream:remotename)%00%(upstream:remoteref) refs/heads/master refs/remotes/master [3ms]
[2023-01-11T13:24:29.810Z] > git for-each-ref --sort -committerdate --format %(refname) %(objectname) %(*objectname) [4ms]
[2023-01-11T13:24:29.810Z] > git remote --verbose [1ms]
[2023-01-11T13:24:29.818Z] > git config --get commit.template [2ms]
[2023-01-11T13:24:38.273Z] > git status -z -uall [2ms]
[2023-01-11T13:24:38.279Z] > git symbolic-ref --short HEAD [2ms]
[2023-01-11T13:24:38.289Z] > git for-each-ref --format=%(refname)%00%(upstream:short)%00%(objectname)%00%(upstream:track)%00%(upstream:remotename)%00%(upstream:remoteref) refs/heads/master refs/remotes/master [2ms]
[2023-01-11T13:24:38.297Z] > git for-each-ref --sort -committerdate --format %(refname) %(objectname) %(*objectname) [5ms]
[2023-01-11T13:24:38.297Z] > git remote --verbose [2ms]
[2023-01-11T13:24:38.306Z] > git config --get commit.template [2ms]
[2023-01-11T13:26:41.739Z] > git status -z -uall [2ms]
[2023-01-11T13:26:41.746Z] > git symbolic-ref --short HEAD [2ms]
[2023-01-11T13:26:41.756Z] > git for-each-ref --format=%(refname)%00%(upstream:short)%00%(objectname)%00%(upstream:track)%00%(upstream:remotename)%00%(upstream:remoteref) refs/heads/master refs/remotes/master [4ms]
[2023-01-11T13:26:41.765Z] > git for-each-ref --sort -committerdate --format %(refname) %(objectname) %(*objectname) [4ms]
[2023-01-11T13:26:41.766Z] > git remote --verbose [2ms]
[2023-01-11T13:26:41.774Z] > git config --get commit.template [1ms]
[2023-01-11T13:27:09.304Z] > git status -z -uall [4ms]
[2023-01-11T13:27:09.312Z] > git symbolic-ref --short HEAD [2ms]
[2023-01-11T13:27:09.317Z] > git for-each-ref --format=%(refname)%00%(upstream:short)%00%(objectname)%00%(upstream:track)%00%(upstream:remotename)%00%(upstream:remoteref) refs/heads/master refs/remotes/master [2ms]
[2023-01-11T13:27:09.325Z] > git for-each-ref --sort -committerdate --format %(refname) %(objectname) %(*objectname) [4ms]
[2023-01-11T13:27:09.326Z] > git remote --verbose [2ms]
[2023-01-11T13:27:09.332Z] > git config --get commit.template [2ms]
[2023-01-11T13:27:14.337Z] > git status -z -uall [2ms]
[2023-01-11T13:27:14.342Z] > git symbolic-ref --short HEAD [1ms]
[2023-01-11T13:27:14.346Z] > git for-each-ref --format=%(refname)%00%(upstream:short)%00%(objectname)%00%(upstream:track)%00%(upstream:remotename)%00%(upstream:remoteref) refs/heads/master refs/remotes/master [1ms]
[2023-01-11T13:27:14.353Z] > git for-each-ref --sort -committerdate --format %(refname) %(objectname) %(*objectname) [4ms]
[2023-01-11T13:27:14.354Z] > git remote --verbose [2ms]
[2023-01-11T13:27:14.359Z] > git config --get commit.template [1ms]
[2023-01-11T13:27:15.215Z] > git show --textconv :day3/Makefile [4ms]
[2023-01-11T13:27:15.216Z] > git ls-files --stage -- /afs/cri.epita.fr/user/g/gu/guillaume-alain.priso-totto/u/work/spe/prog/epita-prepa-asm-2026-s4-seminaire-guillaume-alain.priso-totto/day3/Makefile [2ms]
[2023-01-11T13:27:34.204Z] > git status -z -uall [2ms]
[2023-01-11T13:27:34.211Z] > git symbolic-ref --short HEAD [2ms]
[2023-01-11T13:27:34.220Z] > git for-each-ref --format=%(refname)%00%(upstream:short)%00%(objectname)%00%(upstream:track)%00%(upstream:remotename)%00%(upstream:remoteref) refs/heads/master refs/remotes/master [3ms]
[2023-01-11T13:27:34.229Z] > git for-each-ref --sort -committerdate --format %(refname) %(objectname) %(*objectname) [4ms]
[2023-01-11T13:27:34.230Z] > git remote --verbose [1ms]
[2023-01-11T13:27:34.236Z] > git config --get commit.template [1ms]
[2023-01-11T13:28:18.229Z] > git status -z -uall [3ms]
[2023-01-11T13:28:18.235Z] > git symbolic-ref --short HEAD [2ms]
[2023-01-11T13:28:18.245Z] > git for-each-ref --format=%(refname)%00%(upstream:short)%00%(objectname)%00%(upstream:track)%00%(upstream:remotename)%00%(upstream:remoteref) refs/heads/master refs/remotes/master [2ms]
[2023-01-11T13:28:18.254Z] > git for-each-ref --sort -committerdate --format %(refname) %(objectname) %(*objectname) [5ms]
[2023-01-11T13:28:18.255Z] > git remote --verbose [2ms]
[2023-01-11T13:28:18.263Z] > git config --get commit.template [2ms]
[2023-01-11T13:28:25.525Z] > git status -z -uall [3ms]
[2023-01-11T13:28:25.531Z] > git symbolic-ref --short HEAD [2ms]
[2023-01-11T13:28:25.541Z] > git for-each-ref --format=%(refname)%00%(upstream:short)%00%(objectname)%00%(upstream:track)%00%(upstream:remotename)%00%(upstream:remoteref) refs/heads/master refs/remotes/master [2ms]
[2023-01-11T13:28:25.550Z] > git for-each-ref --sort -committerdate --format %(refname) %(objectname) %(*objectname) [4ms]
[2023-01-11T13:28:25.551Z] > git remote --verbose [2ms]
[2023-01-11T13:28:25.559Z] > git config --get commit.template [2ms]
[2023-01-11T13:28:47.069Z] > git status -z -uall [3ms]
[2023-01-11T13:28:47.077Z] > git symbolic-ref --short HEAD [1ms]
[2023-01-11T13:28:47.082Z] > git for-each-ref --format=%(refname)%00%(upstream:short)%00%(objectname)%00%(upstream:track)%00%(upstream:remotename)%00%(upstream:remoteref) refs/heads/master refs/remotes/master [1ms]
[2023-01-11T13:28:47.092Z] > git for-each-ref --sort -committerdate --format %(refname) %(objectname) %(*objectname) [7ms]
[2023-01-11T13:28:47.092Z] > git remote --verbose [2ms]
[2023-01-11T13:28:47.098Z] > git config --get commit.template [1ms]
[2023-01-11T13:28:52.105Z] > git status -z -uall [2ms]
[2023-01-11T13:28:52.110Z] > git symbolic-ref --short HEAD [2ms]
[2023-01-11T13:28:52.114Z] > git for-each-ref --format=%(refname)%00%(upstream:short)%00%(objectname)%00%(upstream:track)%00%(upstream:remotename)%00%(upstream:remoteref) refs/heads/master refs/remotes/master [1ms]
[2023-01-11T13:28:52.121Z] > git for-each-ref --sort -committerdate --format %(refname) %(objectname) %(*objectname) [4ms]
[2023-01-11T13:28:52.122Z] > git remote --verbose [2ms]
[2023-01-11T13:28:52.127Z] > git config --get commit.template [1ms]
[2023-01-11T13:29:49.419Z] > git status -z -uall [3ms]
[2023-01-11T13:29:49.428Z] > git symbolic-ref --short HEAD [4ms]
[2023-01-11T13:29:49.433Z] > git for-each-ref --format=%(refname)%00%(upstream:short)%00%(objectname)%00%(upstream:track)%00%(upstream:remotename)%00%(upstream:remoteref) refs/heads/master refs/remotes/master [1ms]
[2023-01-11T13:29:49.443Z] > git for-each-ref --sort -committerdate --format %(refname) %(objectname) %(*objectname) [7ms]
[2023-01-11T13:29:49.444Z] > git remote --verbose [2ms]
[2023-01-11T13:29:49.449Z] > git config --get commit.template [1ms]
[2023-01-11T13:29:51.900Z] > git show --textconv :day3/io/my_puts.c [4ms]
[2023-01-11T13:29:51.901Z] > git ls-files --stage -- /afs/cri.epita.fr/user/g/gu/guillaume-alain.priso-totto/u/work/spe/prog/epita-prepa-asm-2026-s4-seminaire-guillaume-alain.priso-totto/day3/io/my_puts.c [2ms]
[2023-01-11T13:29:54.456Z] > git status -z -uall [2ms]
[2023-01-11T13:29:54.460Z] > git symbolic-ref --short HEAD [1ms]
[2023-01-11T13:29:54.465Z] > git for-each-ref --format=%(refname)%00%(upstream:short)%00%(objectname)%00%(upstream:track)%00%(upstream:remotename)%00%(upstream:remoteref) refs/heads/master refs/remotes/master [2ms]
[2023-01-11T13:29:54.471Z] > git for-each-ref --sort -committerdate --format %(refname) %(objectname) %(*objectname) [3ms]
[2023-01-11T13:29:54.472Z] > git remote --verbose [1ms]
[2023-01-11T13:29:54.479Z] > git config --get commit.template [2ms]
[2023-01-11T13:30:43.844Z] > git status -z -uall [4ms]
[2023-01-11T13:30:43.852Z] > git symbolic-ref --short HEAD [3ms]
[2023-01-11T13:30:43.863Z] > git for-each-ref --format=%(refname)%00%(upstream:short)%00%(objectname)%00%(upstream:track)%00%(upstream:remotename)%00%(upstream:remoteref) refs/heads/master refs/remotes/master [3ms]
[2023-01-11T13:30:43.883Z] > git for-each-ref --sort -committerdate --format %(refname) %(objectname) %(*objectname) [10ms]
[2023-01-11T13:30:43.885Z] > git remote --verbose [3ms]
[2023-01-11T13:30:43.894Z] > git config --get commit.template [3ms]
[2023-01-11T13:30:48.903Z] > git status -z -uall [3ms]
[2023-01-11T13:30:48.909Z] > git symbolic-ref --short HEAD [1ms]
[2023-01-11T13:30:48.916Z] > git for-each-ref --format=%(refname)%00%(upstream:short)%00%(objectname)%00%(upstream:track)%00%(upstream:remotename)%00%(upstream:remoteref) refs/heads/master refs/remotes/master [3ms]
[2023-01-11T13:30:48.925Z] > git for-each-ref --sort -committerdate --format %(refname) %(objectname) %(*objectname) [5ms]
[2023-01-11T13:30:48.926Z] > git remote --verbose [2ms]
[2023-01-11T13:30:48.934Z] > git config --get commit.template [2ms]
[2023-01-11T13:31:03.155Z] > git status -z -uall [3ms]
[2023-01-11T13:31:03.164Z] > git symbolic-ref --short HEAD [4ms]
[2023-01-11T13:31:03.171Z] > git for-each-ref --format=%(refname)%00%(upstream:short)%00%(objectname)%00%(upstream:track)%00%(upstream:remotename)%00%(upstream:remoteref) refs/heads/master refs/remotes/master [2ms]
[2023-01-11T13:31:03.180Z] > git for-each-ref --sort -committerdate --format %(refname) %(objectname) %(*objectname) [6ms]
[2023-01-11T13:31:03.181Z] > git remote --verbose [1ms]
[2023-01-11T13:31:03.187Z] > git config --get commit.template [1ms]
[2023-01-11T13:31:08.194Z] > git status -z -uall [2ms]
[2023-01-11T13:31:08.198Z] > git symbolic-ref --short HEAD [1ms]
[2023-01-11T13:31:08.203Z] > git for-each-ref --format=%(refname)%00%(upstream:short)%00%(objectname)%00%(upstream:track)%00%(upstream:remotename)%00%(upstream:remoteref) refs/heads/master refs/remotes/master [2ms]
[2023-01-11T13:31:08.210Z] > git for-each-ref --sort -committerdate --format %(refname) %(objectname) %(*objectname) [4ms]
[2023-01-11T13:31:08.210Z] > git remote --verbose [1ms]
[2023-01-11T13:31:08.216Z] > git config --get commit.template [1ms]
[2023-01-11T13:31:34.409Z] > git status -z -uall [2ms]
[2023-01-11T13:31:34.414Z] > git symbolic-ref --short HEAD [2ms]
[2023-01-11T13:31:34.418Z] > git for-each-ref --format=%(refname)%00%(upstream:short)%00%(objectname)%00%(upstream:track)%00%(upstream:remotename)%00%(upstream:remoteref) refs/heads/master refs/remotes/master [1ms]
[2023-01-11T13:31:34.425Z] > git for-each-ref --sort -committerdate --format %(refname) %(objectname) %(*objectname) [4ms]
[2023-01-11T13:31:34.426Z] > git remote --verbose [2ms]
[2023-01-11T13:31:34.431Z] > git config --get commit.template [1ms]
[2023-01-11T13:32:05.918Z] > git show --textconv :day3/io/parrot.c [3ms]
[2023-01-11T13:32:05.919Z] > git ls-files --stage -- /afs/cri.epita.fr/user/g/gu/guillaume-alain.priso-totto/u/work/spe/prog/epita-prepa-asm-2026-s4-seminaire-guillaume-alain.priso-totto/day3/io/parrot.c [1ms]
[2023-01-11T13:32:06.231Z] > git check-ignore -v -z --stdin [1ms]
