[2023-01-13T12:07:47.890Z] Log level: Info
[2023-01-13T12:07:47.919Z] [info] Validating found git in: git
[2023-01-13T12:07:48.141Z] [info] Using git 2.36.2 from git
[2023-01-13T12:07:48.161Z] > git rev-parse --show-toplevel [12ms]
[2023-01-13T12:07:48.220Z] > git rev-parse --git-dir --git-common-dir [51ms]
[2023-01-13T12:07:48.224Z] [info] Open repository: /afs/cri.epita.fr/user/g/gu/guillaume-alain.priso-totto/u/work/spe/prog/epita-prepa-asm-2026-s4-seminaire-guillaume-alain.priso-totto
[2023-01-13T12:07:48.338Z] > git status -z -uall [109ms]
[2023-01-13T12:07:48.343Z] > git symbolic-ref --short HEAD [1ms]
[2023-01-13T12:07:48.351Z] > git for-each-ref --format=%(refname)%00%(upstream:short)%00%(objectname)%00%(upstream:track)%00%(upstream:remotename)%00%(upstream:remoteref) refs/heads/master refs/remotes/master [4ms]
[2023-01-13T12:07:48.359Z] > git remote --verbose [1ms]
[2023-01-13T12:07:48.388Z] > git for-each-ref --sort -committerdate --format %(refname) %(objectname) %(*objectname) [33ms]
[2023-01-13T12:07:48.399Z] > git config --get commit.template [1ms]
[2023-01-13T12:07:48.407Z] > git status -z -uall [3ms]
[2023-01-13T12:07:48.411Z] > git symbolic-ref --short HEAD [1ms]
[2023-01-13T12:07:48.417Z] > git for-each-ref --format=%(refname)%00%(upstream:short)%00%(objectname)%00%(upstream:track)%00%(upstream:remotename)%00%(upstream:remoteref) refs/heads/master refs/remotes/master [2ms]
[2023-01-13T12:07:48.423Z] > git for-each-ref --sort -committerdate --format %(refname) %(objectname) %(*objectname) [3ms]
[2023-01-13T12:07:48.424Z] > git remote --verbose [1ms]
[2023-01-13T12:07:48.438Z] > git config --get commit.template [9ms]
[2023-01-13T12:07:48.760Z] > git check-ignore -v -z --stdin [2ms]
[2023-01-13T12:07:49.455Z] > git show --textconv :day5/Makefile [6ms]
[2023-01-13T12:07:49.455Z] > git ls-files --stage -- /afs/cri.epita.fr/user/g/gu/guillaume-alain.priso-totto/u/work/spe/prog/epita-prepa-asm-2026-s4-seminaire-guillaume-alain.priso-totto/day5/Makefile [1ms]
[2023-01-13T12:08:14.654Z] > git show --textconv :day4/src/worker.c [3ms]
[2023-01-13T12:08:14.655Z] > git ls-files --stage -- /afs/cri.epita.fr/user/g/gu/guillaume-alain.priso-totto/u/work/spe/prog/epita-prepa-asm-2026-s4-seminaire-guillaume-alain.priso-totto/day4/src/worker.c [1ms]
[2023-01-13T12:08:14.984Z] > git check-ignore -v -z --stdin [2ms]
[2023-01-13T12:08:16.682Z] > git show --textconv :day5/Makefile [4ms]
[2023-01-13T12:08:16.683Z] > git ls-files --stage -- /afs/cri.epita.fr/user/g/gu/guillaume-alain.priso-totto/u/work/spe/prog/epita-prepa-asm-2026-s4-seminaire-guillaume-alain.priso-totto/day5/Makefile [2ms]
[2023-01-13T12:08:17.507Z] > git status -z -uall [3ms]
[2023-01-13T12:08:17.511Z] > git symbolic-ref --short HEAD [1ms]
[2023-01-13T12:08:17.516Z] > git for-each-ref --format=%(refname)%00%(upstream:short)%00%(objectname)%00%(upstream:track)%00%(upstream:remotename)%00%(upstream:remoteref) refs/heads/master refs/remotes/master [2ms]
[2023-01-13T12:08:17.522Z] > git for-each-ref --sort -committerdate --format %(refname) %(objectname) %(*objectname) [3ms]
[2023-01-13T12:08:17.523Z] > git remote --verbose [2ms]
[2023-01-13T12:08:17.529Z] > git config --get commit.template [2ms]
[2023-01-13T12:08:17.942Z] > git show --textconv :day4/src/lock_picker.c [4ms]
[2023-01-13T12:08:17.943Z] > git ls-files --stage -- /afs/cri.epita.fr/user/g/gu/guillaume-alain.priso-totto/u/work/spe/prog/epita-prepa-asm-2026-s4-seminaire-guillaume-alain.priso-totto/day4/src/lock_picker.c [2ms]
[2023-01-13T12:08:19.173Z] > git show --textconv :day5/Makefile [4ms]
[2023-01-13T12:08:19.174Z] > git ls-files --stage -- /afs/cri.epita.fr/user/g/gu/guillaume-alain.priso-totto/u/work/spe/prog/epita-prepa-asm-2026-s4-seminaire-guillaume-alain.priso-totto/day5/Makefile [2ms]
[2023-01-13T12:08:22.536Z] > git status -z -uall [3ms]
[2023-01-13T12:08:22.540Z] > git symbolic-ref --short HEAD [1ms]
[2023-01-13T12:08:22.545Z] > git for-each-ref --format=%(refname)%00%(upstream:short)%00%(objectname)%00%(upstream:track)%00%(upstream:remotename)%00%(upstream:remoteref) refs/heads/master refs/remotes/master [2ms]
[2023-01-13T12:08:22.551Z] > git for-each-ref --sort -committerdate --format %(refname) %(objectname) %(*objectname) [3ms]
[2023-01-13T12:08:22.552Z] > git remote --verbose [2ms]
[2023-01-13T12:08:22.558Z] > git config --get commit.template [2ms]
[2023-01-13T12:11:13.825Z] > git ls-files --stage -- /afs/cri.epita.fr/user/g/gu/guillaume-alain.priso-totto/u/work/spe/prog/epita-prepa-asm-2026-s4-seminaire-guillaume-alain.priso-totto/day1/make/Makefile [1ms]
[2023-01-13T12:11:13.829Z] > git show --textconv :day1/make/Makefile [8ms]
[2023-01-13T12:11:13.830Z] > git cat-file -s a947078bcc0d4b2784e6a65cdb8b98ed5ce30040 [2ms]
[2023-01-13T12:11:14.072Z] > git check-ignore -v -z --stdin [1ms]
[2023-01-13T12:11:17.577Z] > git show --textconv :day5/Makefile [4ms]
[2023-01-13T12:11:17.578Z] > git ls-files --stage -- /afs/cri.epita.fr/user/g/gu/guillaume-alain.priso-totto/u/work/spe/prog/epita-prepa-asm-2026-s4-seminaire-guillaume-alain.priso-totto/day5/Makefile [2ms]
[2023-01-13T12:11:25.190Z] > git status -z -uall [2ms]
[2023-01-13T12:11:25.194Z] > git symbolic-ref --short HEAD [1ms]
[2023-01-13T12:11:25.199Z] > git for-each-ref --format=%(refname)%00%(upstream:short)%00%(objectname)%00%(upstream:track)%00%(upstream:remotename)%00%(upstream:remoteref) refs/heads/master refs/remotes/master [2ms]
[2023-01-13T12:11:25.205Z] > git for-each-ref --sort -committerdate --format %(refname) %(objectname) %(*objectname) [4ms]
[2023-01-13T12:11:25.206Z] > git remote --verbose [2ms]
[2023-01-13T12:11:25.212Z] > git config --get commit.template [2ms]
[2023-01-13T12:11:28.710Z] > git show --textconv :day1/make/Makefile [3ms]
[2023-01-13T12:11:28.711Z] > git ls-files --stage -- /afs/cri.epita.fr/user/g/gu/guillaume-alain.priso-totto/u/work/spe/prog/epita-prepa-asm-2026-s4-seminaire-guillaume-alain.priso-totto/day1/make/Makefile [1ms]
[2023-01-13T12:11:28.716Z] > git cat-file -s a947078bcc0d4b2784e6a65cdb8b98ed5ce30040 [2ms]
[2023-01-13T12:11:37.816Z] > git show --textconv :day5/Makefile [4ms]
[2023-01-13T12:11:37.816Z] > git ls-files --stage -- /afs/cri.epita.fr/user/g/gu/guillaume-alain.priso-totto/u/work/spe/prog/epita-prepa-asm-2026-s4-seminaire-guillaume-alain.priso-totto/day5/Makefile [1ms]
[2023-01-13T12:17:01.761Z] > git status -z -uall [4ms]
[2023-01-13T12:17:01.765Z] > git symbolic-ref --short HEAD [1ms]
[2023-01-13T12:17:01.771Z] > git for-each-ref --format=%(refname)%00%(upstream:short)%00%(objectname)%00%(upstream:track)%00%(upstream:remotename)%00%(upstream:remoteref) refs/heads/master refs/remotes/master [1ms]
[2023-01-13T12:17:01.781Z] > git for-each-ref --sort -committerdate --format %(refname) %(objectname) %(*objectname) [7ms]
[2023-01-13T12:17:01.782Z] > git remote --verbose [1ms]
[2023-01-13T12:17:01.792Z] > git config --get commit.template [2ms]
[2023-01-13T12:17:02.117Z] > git show --textconv :day5/src/lexer.c [4ms]
[2023-01-13T12:17:02.118Z] > git ls-files --stage -- /afs/cri.epita.fr/user/g/gu/guillaume-alain.priso-totto/u/work/spe/prog/epita-prepa-asm-2026-s4-seminaire-guillaume-alain.priso-totto/day5/src/lexer.c [1ms]
[2023-01-13T12:17:02.262Z] > git check-ignore -v -z --stdin [2ms]
[2023-01-13T12:18:20.671Z] > git check-ignore -v -z --stdin [1ms]
[2023-01-13T12:18:20.723Z] > git show --textconv :day4/include/utils.h [4ms]
[2023-01-13T12:18:20.724Z] > git ls-files --stage -- /afs/cri.epita.fr/user/g/gu/guillaume-alain.priso-totto/u/work/spe/prog/epita-prepa-asm-2026-s4-seminaire-guillaume-alain.priso-totto/day4/include/utils.h [2ms]
[2023-01-13T12:18:28.707Z] > git show --textconv :day5/src/lexer.c [5ms]
[2023-01-13T12:18:28.710Z] > git ls-files --stage -- /afs/cri.epita.fr/user/g/gu/guillaume-alain.priso-totto/u/work/spe/prog/epita-prepa-asm-2026-s4-seminaire-guillaume-alain.priso-totto/day5/src/lexer.c [3ms]
[2023-01-13T12:18:29.664Z] > git show --textconv :day5/Makefile [4ms]
[2023-01-13T12:18:29.665Z] > git ls-files --stage -- /afs/cri.epita.fr/user/g/gu/guillaume-alain.priso-totto/u/work/spe/prog/epita-prepa-asm-2026-s4-seminaire-guillaume-alain.priso-totto/day5/Makefile [1ms]
[2023-01-13T12:18:30.645Z] > git show --textconv :day5/src/lexer.c [5ms]
[2023-01-13T12:18:30.646Z] > git ls-files --stage -- /afs/cri.epita.fr/user/g/gu/guillaume-alain.priso-totto/u/work/spe/prog/epita-prepa-asm-2026-s4-seminaire-guillaume-alain.priso-totto/day5/src/lexer.c [2ms]
[2023-01-13T12:19:42.028Z] > git show --textconv :day4/include/utils.h [5ms]
[2023-01-13T12:19:42.029Z] > git ls-files --stage -- /afs/cri.epita.fr/user/g/gu/guillaume-alain.priso-totto/u/work/spe/prog/epita-prepa-asm-2026-s4-seminaire-guillaume-alain.priso-totto/day4/include/utils.h [2ms]
[2023-01-13T12:19:49.308Z] > git show --textconv :day5/src/lexer.c [4ms]
[2023-01-13T12:19:49.309Z] > git ls-files --stage -- /afs/cri.epita.fr/user/g/gu/guillaume-alain.priso-totto/u/work/spe/prog/epita-prepa-asm-2026-s4-seminaire-guillaume-alain.priso-totto/day5/src/lexer.c [2ms]
[2023-01-13T12:19:52.978Z] > git show --textconv :day4/include/utils.h [3ms]
[2023-01-13T12:19:52.980Z] > git ls-files --stage -- /afs/cri.epita.fr/user/g/gu/guillaume-alain.priso-totto/u/work/spe/prog/epita-prepa-asm-2026-s4-seminaire-guillaume-alain.priso-totto/day4/include/utils.h [2ms]
[2023-01-13T12:19:57.929Z] > git show --textconv :day4/include/worker.h [5ms]
[2023-01-13T12:19:57.929Z] > git ls-files --stage -- /afs/cri.epita.fr/user/g/gu/guillaume-alain.priso-totto/u/work/spe/prog/epita-prepa-asm-2026-s4-seminaire-guillaume-alain.priso-totto/day4/include/worker.h [2ms]
[2023-01-13T12:19:58.191Z] > git check-ignore -v -z --stdin [1ms]
[2023-01-13T12:20:02.870Z] > git show --textconv :day5/Makefile [4ms]
[2023-01-13T12:20:02.871Z] > git ls-files --stage -- /afs/cri.epita.fr/user/g/gu/guillaume-alain.priso-totto/u/work/spe/prog/epita-prepa-asm-2026-s4-seminaire-guillaume-alain.priso-totto/day5/Makefile [2ms]
[2023-01-13T12:20:05.080Z] > git show --textconv :day5/src/lexer.c [4ms]
[2023-01-13T12:20:05.082Z] > git ls-files --stage -- /afs/cri.epita.fr/user/g/gu/guillaume-alain.priso-totto/u/work/spe/prog/epita-prepa-asm-2026-s4-seminaire-guillaume-alain.priso-totto/day5/src/lexer.c [2ms]
[2023-01-13T12:20:10.835Z] > git show --textconv :day4/include/utils.h [4ms]
[2023-01-13T12:20:10.836Z] > git ls-files --stage -- /afs/cri.epita.fr/user/g/gu/guillaume-alain.priso-totto/u/work/spe/prog/epita-prepa-asm-2026-s4-seminaire-guillaume-alain.priso-totto/day4/include/utils.h [1ms]
[2023-01-13T12:20:17.607Z] > git show --textconv :day1/make/Makefile [4ms]
[2023-01-13T12:20:17.608Z] > git ls-files --stage -- /afs/cri.epita.fr/user/g/gu/guillaume-alain.priso-totto/u/work/spe/prog/epita-prepa-asm-2026-s4-seminaire-guillaume-alain.priso-totto/day1/make/Makefile [2ms]
[2023-01-13T12:20:17.613Z] > git cat-file -s a947078bcc0d4b2784e6a65cdb8b98ed5ce30040 [2ms]
[2023-01-13T12:20:19.167Z] > git show --textconv :day4/include/worker.h [4ms]
[2023-01-13T12:20:19.168Z] > git ls-files --stage -- /afs/cri.epita.fr/user/g/gu/guillaume-alain.priso-totto/u/work/spe/prog/epita-prepa-asm-2026-s4-seminaire-guillaume-alain.priso-totto/day4/include/worker.h [2ms]
[2023-01-13T12:20:20.572Z] > git show --textconv :day4/include/utils.h [3ms]
[2023-01-13T12:20:20.573Z] > git ls-files --stage -- /afs/cri.epita.fr/user/g/gu/guillaume-alain.priso-totto/u/work/spe/prog/epita-prepa-asm-2026-s4-seminaire-guillaume-alain.priso-totto/day4/include/utils.h [1ms]
[2023-01-13T12:20:22.722Z] > git show --textconv :day5/src/lexer.c [3ms]
[2023-01-13T12:20:22.723Z] > git ls-files --stage -- /afs/cri.epita.fr/user/g/gu/guillaume-alain.priso-totto/u/work/spe/prog/epita-prepa-asm-2026-s4-seminaire-guillaume-alain.priso-totto/day5/src/lexer.c [1ms]
[2023-01-13T12:20:26.180Z] > git show --textconv :day4/include/worker.h [7ms]
[2023-01-13T12:20:26.181Z] > git ls-files --stage -- /afs/cri.epita.fr/user/g/gu/guillaume-alain.priso-totto/u/work/spe/prog/epita-prepa-asm-2026-s4-seminaire-guillaume-alain.priso-totto/day4/include/worker.h [2ms]
[2023-01-13T12:20:32.447Z] > git show --textconv :day4/include/worker_job.h [3ms]
[2023-01-13T12:20:32.448Z] > git ls-files --stage -- /afs/cri.epita.fr/user/g/gu/guillaume-alain.priso-totto/u/work/spe/prog/epita-prepa-asm-2026-s4-seminaire-guillaume-alain.priso-totto/day4/include/worker_job.h [1ms]
[2023-01-13T12:20:32.722Z] > git check-ignore -v -z --stdin [1ms]
[2023-01-13T12:20:34.996Z] > git show --textconv :day5/src/lexer.c [4ms]
[2023-01-13T12:20:34.997Z] > git ls-files --stage -- /afs/cri.epita.fr/user/g/gu/guillaume-alain.priso-totto/u/work/spe/prog/epita-prepa-asm-2026-s4-seminaire-guillaume-alain.priso-totto/day5/src/lexer.c [2ms]
[2023-01-13T12:50:09.889Z] > git show --textconv :day4/include/worker_job.h [4ms]
[2023-01-13T12:50:09.890Z] > git ls-files --stage -- /afs/cri.epita.fr/user/g/gu/guillaume-alain.priso-totto/u/work/spe/prog/epita-prepa-asm-2026-s4-seminaire-guillaume-alain.priso-totto/day4/include/worker_job.h [2ms]
[2023-01-13T12:50:11.293Z] > git show --textconv :day5/src/lexer.c [3ms]
[2023-01-13T12:50:11.295Z] > git ls-files --stage -- /afs/cri.epita.fr/user/g/gu/guillaume-alain.priso-totto/u/work/spe/prog/epita-prepa-asm-2026-s4-seminaire-guillaume-alain.priso-totto/day5/src/lexer.c [2ms]
[2023-01-13T13:20:20.472Z] > git status -z -uall [8ms]
[2023-01-13T13:20:20.476Z] > git symbolic-ref --short HEAD [1ms]
[2023-01-13T13:20:20.483Z] > git for-each-ref --format=%(refname)%00%(upstream:short)%00%(objectname)%00%(upstream:track)%00%(upstream:remotename)%00%(upstream:remoteref) refs/heads/master refs/remotes/master [4ms]
[2023-01-13T13:20:20.489Z] > git for-each-ref --sort -committerdate --format %(refname) %(objectname) %(*objectname) [3ms]
[2023-01-13T13:20:20.490Z] > git remote --verbose [1ms]
[2023-01-13T13:20:20.496Z] > git config --get commit.template [1ms]
[2023-01-13T13:35:29.168Z] > git status -z -uall [2ms]
[2023-01-13T13:35:29.173Z] > git symbolic-ref --short HEAD [2ms]
[2023-01-13T13:35:29.177Z] > git for-each-ref --format=%(refname)%00%(upstream:short)%00%(objectname)%00%(upstream:track)%00%(upstream:remotename)%00%(upstream:remoteref) refs/heads/master refs/remotes/master [1ms]
[2023-01-13T13:35:29.186Z] > git for-each-ref --sort -committerdate --format %(refname) %(objectname) %(*objectname) [6ms]
[2023-01-13T13:35:29.186Z] > git remote --verbose [1ms]
[2023-01-13T13:35:29.193Z] > git config --get commit.template [2ms]
[2023-01-13T13:36:01.968Z] > git status -z -uall [4ms]
[2023-01-13T13:36:01.974Z] > git symbolic-ref --short HEAD [2ms]
[2023-01-13T13:36:01.983Z] > git for-each-ref --format=%(refname)%00%(upstream:short)%00%(objectname)%00%(upstream:track)%00%(upstream:remotename)%00%(upstream:remoteref) refs/heads/master refs/remotes/master [3ms]
[2023-01-13T13:36:01.991Z] > git for-each-ref --sort -committerdate --format %(refname) %(objectname) %(*objectname) [4ms]
[2023-01-13T13:36:01.992Z] > git remote --verbose [2ms]
[2023-01-13T13:36:01.999Z] > git config --get commit.template [3ms]
[2023-01-13T13:36:25.530Z] > git status -z -uall [3ms]
[2023-01-13T13:36:25.536Z] > git symbolic-ref --short HEAD [2ms]
[2023-01-13T13:36:25.544Z] > git for-each-ref --format=%(refname)%00%(upstream:short)%00%(objectname)%00%(upstream:track)%00%(upstream:remotename)%00%(upstream:remoteref) refs/heads/master refs/remotes/master [1ms]
[2023-01-13T13:36:25.552Z] > git for-each-ref --sort -committerdate --format %(refname) %(objectname) %(*objectname) [5ms]
[2023-01-13T13:36:25.553Z] > git remote --verbose [1ms]
[2023-01-13T13:36:25.560Z] > git config --get commit.template [2ms]
[2023-01-13T13:36:33.115Z] > git status -z -uall [3ms]
[2023-01-13T13:36:33.124Z] > git symbolic-ref --short HEAD [3ms]
[2023-01-13T13:36:33.128Z] > git for-each-ref --format=%(refname)%00%(upstream:short)%00%(objectname)%00%(upstream:track)%00%(upstream:remotename)%00%(upstream:remoteref) refs/heads/master refs/remotes/master [1ms]
[2023-01-13T13:36:33.137Z] > git for-each-ref --sort -committerdate --format %(refname) %(objectname) %(*objectname) [4ms]
[2023-01-13T13:36:33.138Z] > git remote --verbose [1ms]
[2023-01-13T13:36:33.145Z] > git config --get commit.template [2ms]
[2023-01-13T13:37:14.812Z] > git status -z -uall [4ms]
[2023-01-13T13:37:14.820Z] > git symbolic-ref --short HEAD [2ms]
[2023-01-13T13:37:14.826Z] > git for-each-ref --format=%(refname)%00%(upstream:short)%00%(objectname)%00%(upstream:track)%00%(upstream:remotename)%00%(upstream:remoteref) refs/heads/master refs/remotes/master [1ms]
[2023-01-13T13:37:14.835Z] > git for-each-ref --sort -committerdate --format %(refname) %(objectname) %(*objectname) [5ms]
[2023-01-13T13:37:14.836Z] > git remote --verbose [2ms]
[2023-01-13T13:37:14.842Z] > git config --get commit.template [1ms]
[2023-01-13T13:37:21.780Z] > git status -z -uall [3ms]
[2023-01-13T13:37:21.787Z] > git symbolic-ref --short HEAD [2ms]
[2023-01-13T13:37:21.795Z] > git for-each-ref --format=%(refname)%00%(upstream:short)%00%(objectname)%00%(upstream:track)%00%(upstream:remotename)%00%(upstream:remoteref) refs/heads/master refs/remotes/master [2ms]
[2023-01-13T13:37:21.805Z] > git for-each-ref --sort -committerdate --format %(refname) %(objectname) %(*objectname) [6ms]
[2023-01-13T13:37:21.806Z] > git remote --verbose [2ms]
[2023-01-13T13:37:21.812Z] > git config --get commit.template [2ms]
[2023-01-13T13:39:43.927Z] > git status -z -uall [3ms]
[2023-01-13T13:39:43.936Z] > git symbolic-ref --short HEAD [2ms]
[2023-01-13T13:39:43.943Z] > git for-each-ref --format=%(refname)%00%(upstream:short)%00%(objectname)%00%(upstream:track)%00%(upstream:remotename)%00%(upstream:remoteref) refs/heads/master refs/remotes/master [2ms]
[2023-01-13T13:39:43.950Z] > git for-each-ref --sort -committerdate --format %(refname) %(objectname) %(*objectname) [4ms]
[2023-01-13T13:39:43.951Z] > git remote --verbose [2ms]
[2023-01-13T13:39:43.959Z] > git config --get commit.template [2ms]
[2023-01-13T13:42:58.304Z] > git status -z -uall [5ms]
[2023-01-13T13:42:58.311Z] > git symbolic-ref --short HEAD [2ms]
[2023-01-13T13:42:58.316Z] > git for-each-ref --format=%(refname)%00%(upstream:short)%00%(objectname)%00%(upstream:track)%00%(upstream:remotename)%00%(upstream:remoteref) refs/heads/master refs/remotes/master [2ms]
[2023-01-13T13:42:58.322Z] > git for-each-ref --sort -committerdate --format %(refname) %(objectname) %(*objectname) [3ms]
[2023-01-13T13:42:58.323Z] > git remote --verbose [1ms]
[2023-01-13T13:42:58.329Z] > git config --get commit.template [1ms]
[2023-01-13T13:43:09.524Z] > git status -z -uall [2ms]
[2023-01-13T13:43:09.530Z] > git symbolic-ref --short HEAD [2ms]
[2023-01-13T13:43:09.536Z] > git for-each-ref --format=%(refname)%00%(upstream:short)%00%(objectname)%00%(upstream:track)%00%(upstream:remotename)%00%(upstream:remoteref) refs/heads/master refs/remotes/master [2ms]
[2023-01-13T13:43:09.547Z] > git for-each-ref --sort -committerdate --format %(refname) %(objectname) %(*objectname) [4ms]
[2023-01-13T13:43:09.548Z] > git remote --verbose [2ms]
[2023-01-13T13:43:09.554Z] > git config --get commit.template [2ms]
[2023-01-13T13:43:43.421Z] > git status -z -uall [3ms]
[2023-01-13T13:43:43.428Z] > git symbolic-ref --short HEAD [1ms]
[2023-01-13T13:43:43.434Z] > git for-each-ref --format=%(refname)%00%(upstream:short)%00%(objectname)%00%(upstream:track)%00%(upstream:remotename)%00%(upstream:remoteref) refs/heads/master refs/remotes/master [1ms]
[2023-01-13T13:43:43.443Z] > git for-each-ref --sort -committerdate --format %(refname) %(objectname) %(*objectname) [5ms]
[2023-01-13T13:43:43.443Z] > git remote --verbose [2ms]
[2023-01-13T13:43:43.451Z] > git config --get commit.template [1ms]
[2023-01-13T13:43:48.457Z] > git status -z -uall [3ms]
[2023-01-13T13:43:48.461Z] > git symbolic-ref --short HEAD [1ms]
[2023-01-13T13:43:48.466Z] > git for-each-ref --format=%(refname)%00%(upstream:short)%00%(objectname)%00%(upstream:track)%00%(upstream:remotename)%00%(upstream:remoteref) refs/heads/master refs/remotes/master [2ms]
[2023-01-13T13:43:48.472Z] > git for-each-ref --sort -committerdate --format %(refname) %(objectname) %(*objectname) [3ms]
[2023-01-13T13:43:48.473Z] > git remote --verbose [2ms]
[2023-01-13T13:43:48.479Z] > git config --get commit.template [1ms]
[2023-01-13T13:44:27.507Z] > git status -z -uall [3ms]
[2023-01-13T13:44:27.514Z] > git symbolic-ref --short HEAD [1ms]
[2023-01-13T13:44:27.527Z] > git for-each-ref --format=%(refname)%00%(upstream:short)%00%(objectname)%00%(upstream:track)%00%(upstream:remotename)%00%(upstream:remoteref) refs/heads/master refs/remotes/master [4ms]
[2023-01-13T13:44:27.537Z] > git for-each-ref --sort -committerdate --format %(refname) %(objectname) %(*objectname) [6ms]
[2023-01-13T13:44:27.537Z] > git remote --verbose [1ms]
[2023-01-13T13:44:27.547Z] > git config --get commit.template [1ms]
[2023-01-13T13:44:32.554Z] > git status -z -uall [2ms]
[2023-01-13T13:44:32.558Z] > git symbolic-ref --short HEAD [1ms]
[2023-01-13T13:44:32.563Z] > git for-each-ref --format=%(refname)%00%(upstream:short)%00%(objectname)%00%(upstream:track)%00%(upstream:remotename)%00%(upstream:remoteref) refs/heads/master refs/remotes/master [2ms]
[2023-01-13T13:44:32.570Z] > git for-each-ref --sort -committerdate --format %(refname) %(objectname) %(*objectname) [4ms]
[2023-01-13T13:44:32.570Z] > git remote --verbose [1ms]
[2023-01-13T13:44:32.577Z] > git config --get commit.template [2ms]
[2023-01-13T13:46:31.398Z] > git status -z -uall [3ms]
[2023-01-13T13:46:31.405Z] > git symbolic-ref --short HEAD [2ms]
[2023-01-13T13:46:31.414Z] > git for-each-ref --format=%(refname)%00%(upstream:short)%00%(objectname)%00%(upstream:track)%00%(upstream:remotename)%00%(upstream:remoteref) refs/heads/master refs/remotes/master [5ms]
[2023-01-13T13:46:31.420Z] > git for-each-ref --sort -committerdate --format %(refname) %(objectname) %(*objectname) [3ms]
[2023-01-13T13:46:31.421Z] > git remote --verbose [1ms]
[2023-01-13T13:46:31.427Z] > git config --get commit.template [1ms]
[2023-01-13T13:46:36.434Z] > git status -z -uall [2ms]
[2023-01-13T13:46:36.439Z] > git symbolic-ref --short HEAD [1ms]
[2023-01-13T13:46:36.443Z] > git for-each-ref --format=%(refname)%00%(upstream:short)%00%(objectname)%00%(upstream:track)%00%(upstream:remotename)%00%(upstream:remoteref) refs/heads/master refs/remotes/master [1ms]
[2023-01-13T13:46:36.450Z] > git for-each-ref --sort -committerdate --format %(refname) %(objectname) %(*objectname) [4ms]
[2023-01-13T13:46:36.451Z] > git remote --verbose [2ms]
[2023-01-13T13:46:36.457Z] > git config --get commit.template [1ms]
[2023-01-13T13:47:45.994Z] > git status -z -uall [2ms]
[2023-01-13T13:47:46.000Z] > git symbolic-ref --short HEAD [1ms]
[2023-01-13T13:47:46.007Z] > git for-each-ref --format=%(refname)%00%(upstream:short)%00%(objectname)%00%(upstream:track)%00%(upstream:remotename)%00%(upstream:remoteref) refs/heads/master refs/remotes/master [2ms]
[2023-01-13T13:47:46.014Z] > git for-each-ref --sort -committerdate --format %(refname) %(objectname) %(*objectname) [4ms]
[2023-01-13T13:47:46.016Z] > git remote --verbose [3ms]
[2023-01-13T13:47:46.022Z] > git config --get commit.template [1ms]
[2023-01-13T13:47:51.027Z] > git status -z -uall [2ms]
[2023-01-13T13:47:51.033Z] > git symbolic-ref --short HEAD [2ms]
[2023-01-13T13:47:51.038Z] > git for-each-ref --format=%(refname)%00%(upstream:short)%00%(objectname)%00%(upstream:track)%00%(upstream:remotename)%00%(upstream:remoteref) refs/heads/master refs/remotes/master [2ms]
[2023-01-13T13:47:51.044Z] > git for-each-ref --sort -committerdate --format %(refname) %(objectname) %(*objectname) [3ms]
[2023-01-13T13:47:51.045Z] > git remote --verbose [2ms]
[2023-01-13T13:47:51.051Z] > git config --get commit.template [1ms]
[2023-01-13T13:49:53.692Z] > git status -z -uall [3ms]
[2023-01-13T13:49:53.696Z] > git symbolic-ref --short HEAD [1ms]
[2023-01-13T13:49:53.701Z] > git for-each-ref --format=%(refname)%00%(upstream:short)%00%(objectname)%00%(upstream:track)%00%(upstream:remotename)%00%(upstream:remoteref) refs/heads/master refs/remotes/master [2ms]
[2023-01-13T13:49:53.708Z] > git for-each-ref --sort -committerdate --format %(refname) %(objectname) %(*objectname) [4ms]
[2023-01-13T13:49:53.708Z] > git remote --verbose [1ms]
[2023-01-13T13:49:53.714Z] > git config --get commit.template [1ms]
[2023-01-13T13:51:46.834Z] > git status -z -uall [3ms]
[2023-01-13T13:51:46.840Z] > git symbolic-ref --short HEAD [2ms]
[2023-01-13T13:51:46.847Z] > git for-each-ref --format=%(refname)%00%(upstream:short)%00%(objectname)%00%(upstream:track)%00%(upstream:remotename)%00%(upstream:remoteref) refs/heads/master refs/remotes/master [2ms]
[2023-01-13T13:51:46.855Z] > git for-each-ref --sort -committerdate --format %(refname) %(objectname) %(*objectname) [5ms]
[2023-01-13T13:51:46.856Z] > git remote --verbose [2ms]
[2023-01-13T13:51:46.864Z] > git config --get commit.template [2ms]
[2023-01-13T13:51:51.868Z] > git status -z -uall [2ms]
[2023-01-13T13:51:51.873Z] > git symbolic-ref --short HEAD [2ms]
[2023-01-13T13:51:51.877Z] > git for-each-ref --format=%(refname)%00%(upstream:short)%00%(objectname)%00%(upstream:track)%00%(upstream:remotename)%00%(upstream:remoteref) refs/heads/master refs/remotes/master [1ms]
[2023-01-13T13:51:51.884Z] > git for-each-ref --sort -committerdate --format %(refname) %(objectname) %(*objectname) [4ms]
[2023-01-13T13:51:51.885Z] > git remote --verbose [2ms]
[2023-01-13T13:51:51.892Z] > git config --get commit.template [2ms]
[2023-01-13T13:52:17.812Z] > git show --textconv :day4/include/worker.h [4ms]
[2023-01-13T13:52:17.813Z] > git ls-files --stage -- /afs/cri.epita.fr/user/g/gu/guillaume-alain.priso-totto/u/work/spe/prog/epita-prepa-asm-2026-s4-seminaire-guillaume-alain.priso-totto/day4/include/worker.h [1ms]
[2023-01-13T13:52:19.220Z] > git show --textconv :day5/src/lexer.c [4ms]
[2023-01-13T13:52:19.220Z] > git ls-files --stage -- /afs/cri.epita.fr/user/g/gu/guillaume-alain.priso-totto/u/work/spe/prog/epita-prepa-asm-2026-s4-seminaire-guillaume-alain.priso-totto/day5/src/lexer.c [1ms]
[2023-01-13T13:52:20.860Z] > git show --textconv :day1/make/Makefile [4ms]
[2023-01-13T13:52:20.862Z] > git ls-files --stage -- /afs/cri.epita.fr/user/g/gu/guillaume-alain.priso-totto/u/work/spe/prog/epita-prepa-asm-2026-s4-seminaire-guillaume-alain.priso-totto/day1/make/Makefile [1ms]
[2023-01-13T13:52:20.866Z] > git cat-file -s a947078bcc0d4b2784e6a65cdb8b98ed5ce30040 [1ms]
[2023-01-13T13:52:22.222Z] > git show --textconv :day5/src/lexer.c [5ms]
[2023-01-13T13:52:22.224Z] > git ls-files --stage -- /afs/cri.epita.fr/user/g/gu/guillaume-alain.priso-totto/u/work/spe/prog/epita-prepa-asm-2026-s4-seminaire-guillaume-alain.priso-totto/day5/src/lexer.c [3ms]
[2023-01-13T13:57:47.435Z] > git status -z -uall [5ms]
[2023-01-13T13:57:47.439Z] > git symbolic-ref --short HEAD [1ms]
[2023-01-13T13:57:47.445Z] > git for-each-ref --format=%(refname)%00%(upstream:short)%00%(objectname)%00%(upstream:track)%00%(upstream:remotename)%00%(upstream:remoteref) refs/heads/master refs/remotes/master [3ms]
[2023-01-13T13:57:47.452Z] > git for-each-ref --sort -committerdate --format %(refname) %(objectname) %(*objectname) [4ms]
[2023-01-13T13:57:47.453Z] > git remote --verbose [2ms]
[2023-01-13T13:57:47.459Z] > git config --get commit.template [1ms]
[2023-01-13T13:57:53.585Z] > git status -z -uall [4ms]
[2023-01-13T13:57:53.591Z] > git symbolic-ref --short HEAD [1ms]
[2023-01-13T13:57:53.597Z] > git for-each-ref --format=%(refname)%00%(upstream:short)%00%(objectname)%00%(upstream:track)%00%(upstream:remotename)%00%(upstream:remoteref) refs/heads/master refs/remotes/master [3ms]
[2023-01-13T13:57:53.604Z] > git for-each-ref --sort -committerdate --format %(refname) %(objectname) %(*objectname) [4ms]
[2023-01-13T13:57:53.604Z] > git remote --verbose [1ms]
[2023-01-13T13:57:53.611Z] > git config --get commit.template [2ms]
[2023-01-13T13:58:10.051Z] > git status -z -uall [2ms]
[2023-01-13T13:58:10.058Z] > git symbolic-ref --short HEAD [2ms]
[2023-01-13T13:58:10.067Z] > git for-each-ref --format=%(refname)%00%(upstream:short)%00%(objectname)%00%(upstream:track)%00%(upstream:remotename)%00%(upstream:remoteref) refs/heads/master refs/remotes/master [2ms]
[2023-01-13T13:58:10.074Z] > git for-each-ref --sort -committerdate --format %(refname) %(objectname) %(*objectname) [3ms]
[2023-01-13T13:58:10.075Z] > git remote --verbose [1ms]
[2023-01-13T13:58:10.083Z] > git config --get commit.template [2ms]
[2023-01-13T13:58:21.068Z] > git status -z -uall [1ms]
[2023-01-13T13:58:21.074Z] > git symbolic-ref --short HEAD [2ms]
[2023-01-13T13:58:21.083Z] > git for-each-ref --format=%(refname)%00%(upstream:short)%00%(objectname)%00%(upstream:track)%00%(upstream:remotename)%00%(upstream:remoteref) refs/heads/master refs/remotes/master [3ms]
[2023-01-13T13:58:21.091Z] > git for-each-ref --sort -committerdate --format %(refname) %(objectname) %(*objectname) [4ms]
[2023-01-13T13:58:21.092Z] > git remote --verbose [2ms]
[2023-01-13T13:58:21.100Z] > git config --get commit.template [2ms]
[2023-01-13T13:59:28.978Z] > git status -z -uall [3ms]
[2023-01-13T13:59:28.983Z] > git symbolic-ref --short HEAD [2ms]
[2023-01-13T13:59:28.989Z] > git for-each-ref --format=%(refname)%00%(upstream:short)%00%(objectname)%00%(upstream:track)%00%(upstream:remotename)%00%(upstream:remoteref) refs/heads/master refs/remotes/master [2ms]
[2023-01-13T13:59:28.996Z] > git for-each-ref --sort -committerdate --format %(refname) %(objectname) %(*objectname) [3ms]
[2023-01-13T13:59:28.997Z] > git remote --verbose [1ms]
[2023-01-13T13:59:29.005Z] > git config --get commit.template [1ms]
[2023-01-13T13:59:38.602Z] > git status -z -uall [2ms]
[2023-01-13T13:59:38.607Z] > git symbolic-ref --short HEAD [2ms]
[2023-01-13T13:59:38.611Z] > git for-each-ref --format=%(refname)%00%(upstream:short)%00%(objectname)%00%(upstream:track)%00%(upstream:remotename)%00%(upstream:remoteref) refs/heads/master refs/remotes/master [1ms]
[2023-01-13T13:59:38.619Z] > git for-each-ref --sort -committerdate --format %(refname) %(objectname) %(*objectname) [4ms]
[2023-01-13T13:59:38.620Z] > git remote --verbose [1ms]
[2023-01-13T13:59:38.626Z] > git config --get commit.template [1ms]
[2023-01-13T14:00:41.133Z] > git status -z -uall [3ms]
[2023-01-13T14:00:41.140Z] > git symbolic-ref --short HEAD [2ms]
[2023-01-13T14:00:41.147Z] > git for-each-ref --format=%(refname)%00%(upstream:short)%00%(objectname)%00%(upstream:track)%00%(upstream:remotename)%00%(upstream:remoteref) refs/heads/master refs/remotes/master [2ms]
[2023-01-13T14:00:41.156Z] > git for-each-ref --sort -committerdate --format %(refname) %(objectname) %(*objectname) [4ms]
[2023-01-13T14:00:41.157Z] > git remote --verbose [1ms]
[2023-01-13T14:00:41.163Z] > git config --get commit.template [1ms]
[2023-01-13T14:01:00.155Z] > git status -z -uall [3ms]
[2023-01-13T14:01:00.162Z] > git symbolic-ref --short HEAD [2ms]
[2023-01-13T14:01:00.172Z] > git for-each-ref --format=%(refname)%00%(upstream:short)%00%(objectname)%00%(upstream:track)%00%(upstream:remotename)%00%(upstream:remoteref) refs/heads/master refs/remotes/master [5ms]
[2023-01-13T14:01:00.179Z] > git for-each-ref --sort -committerdate --format %(refname) %(objectname) %(*objectname) [4ms]
[2023-01-13T14:01:00.180Z] > git remote --verbose [2ms]
[2023-01-13T14:01:00.189Z] > git config --get commit.template [1ms]
[2023-01-13T14:01:05.195Z] > git status -z -uall [2ms]
[2023-01-13T14:01:05.201Z] > git symbolic-ref --short HEAD [3ms]
[2023-01-13T14:01:05.206Z] > git for-each-ref --format=%(refname)%00%(upstream:short)%00%(objectname)%00%(upstream:track)%00%(upstream:remotename)%00%(upstream:remoteref) refs/heads/master refs/remotes/master [2ms]
[2023-01-13T14:01:05.213Z] > git for-each-ref --sort -committerdate --format %(refname) %(objectname) %(*objectname) [5ms]
[2023-01-13T14:01:05.214Z] > git remote --verbose [2ms]
[2023-01-13T14:01:05.222Z] > git config --get commit.template [1ms]
[2023-01-13T14:01:57.042Z] > git status -z -uall [3ms]
[2023-01-13T14:01:57.048Z] > git symbolic-ref --short HEAD [1ms]
[2023-01-13T14:01:57.055Z] > git for-each-ref --format=%(refname)%00%(upstream:short)%00%(objectname)%00%(upstream:track)%00%(upstream:remotename)%00%(upstream:remoteref) refs/heads/master refs/remotes/master [2ms]
[2023-01-13T14:01:57.063Z] > git for-each-ref --sort -committerdate --format %(refname) %(objectname) %(*objectname) [4ms]
[2023-01-13T14:01:57.063Z] > git remote --verbose [1ms]
[2023-01-13T14:01:57.071Z] > git config --get commit.template [3ms]
[2023-01-13T14:02:02.078Z] > git status -z -uall [2ms]
[2023-01-13T14:02:02.083Z] > git symbolic-ref --short HEAD [1ms]
[2023-01-13T14:02:02.090Z] > git for-each-ref --format=%(refname)%00%(upstream:short)%00%(objectname)%00%(upstream:track)%00%(upstream:remotename)%00%(upstream:remoteref) refs/heads/master refs/remotes/master [2ms]
[2023-01-13T14:02:02.098Z] > git for-each-ref --sort -committerdate --format %(refname) %(objectname) %(*objectname) [4ms]
[2023-01-13T14:02:02.099Z] > git remote --verbose [2ms]
[2023-01-13T14:02:02.106Z] > git config --get commit.template [1ms]
[2023-01-13T14:02:12.084Z] > git status -z -uall [2ms]
[2023-01-13T14:02:12.091Z] > git symbolic-ref --short HEAD [2ms]
[2023-01-13T14:02:12.096Z] > git for-each-ref --format=%(refname)%00%(upstream:short)%00%(objectname)%00%(upstream:track)%00%(upstream:remotename)%00%(upstream:remoteref) refs/heads/master refs/remotes/master [2ms]
[2023-01-13T14:02:12.104Z] > git for-each-ref --sort -committerdate --format %(refname) %(objectname) %(*objectname) [5ms]
[2023-01-13T14:02:12.104Z] > git remote --verbose [1ms]
[2023-01-13T14:02:12.111Z] > git config --get commit.template [1ms]
[2023-01-13T14:04:20.150Z] > git status -z -uall [3ms]
[2023-01-13T14:04:20.154Z] > git symbolic-ref --short HEAD [1ms]
[2023-01-13T14:04:20.159Z] > git for-each-ref --format=%(refname)%00%(upstream:short)%00%(objectname)%00%(upstream:track)%00%(upstream:remotename)%00%(upstream:remoteref) refs/heads/master refs/remotes/master [2ms]
[2023-01-13T14:04:20.165Z] > git for-each-ref --sort -committerdate --format %(refname) %(objectname) %(*objectname) [3ms]
[2023-01-13T14:04:20.166Z] > git remote --verbose [2ms]
[2023-01-13T14:04:20.172Z] > git config --get commit.template [1ms]
[2023-01-13T14:05:20.778Z] > git status -z -uall [2ms]
[2023-01-13T14:05:20.782Z] > git symbolic-ref --short HEAD [1ms]
[2023-01-13T14:05:20.787Z] > git for-each-ref --format=%(refname)%00%(upstream:short)%00%(objectname)%00%(upstream:track)%00%(upstream:remotename)%00%(upstream:remoteref) refs/heads/master refs/remotes/master [2ms]
[2023-01-13T14:05:20.794Z] > git for-each-ref --sort -committerdate --format %(refname) %(objectname) %(*objectname) [4ms]
[2023-01-13T14:05:20.795Z] > git remote --verbose [1ms]
[2023-01-13T14:05:20.803Z] > git config --get commit.template [2ms]
[2023-01-13T14:05:34.680Z] > git status -z -uall [2ms]
[2023-01-13T14:05:34.684Z] > git symbolic-ref --short HEAD [1ms]
[2023-01-13T14:05:34.688Z] > git for-each-ref --format=%(refname)%00%(upstream:short)%00%(objectname)%00%(upstream:track)%00%(upstream:remotename)%00%(upstream:remoteref) refs/heads/master refs/remotes/master [1ms]
[2023-01-13T14:05:34.695Z] > git for-each-ref --sort -committerdate --format %(refname) %(objectname) %(*objectname) [4ms]
[2023-01-13T14:05:34.696Z] > git remote --verbose [2ms]
[2023-01-13T14:05:34.702Z] > git config --get commit.template [1ms]
[2023-01-13T14:11:52.989Z] > git status -z -uall [3ms]
[2023-01-13T14:11:52.994Z] > git symbolic-ref --short HEAD [2ms]
[2023-01-13T14:11:53.000Z] > git for-each-ref --format=%(refname)%00%(upstream:short)%00%(objectname)%00%(upstream:track)%00%(upstream:remotename)%00%(upstream:remoteref) refs/heads/master refs/remotes/master [2ms]
[2023-01-13T14:11:53.007Z] > git for-each-ref --sort -committerdate --format %(refname) %(objectname) %(*objectname) [4ms]
[2023-01-13T14:11:53.008Z] > git remote --verbose [2ms]
[2023-01-13T14:11:53.013Z] > git config --get commit.template [1ms]
[2023-01-13T14:12:11.773Z] > git status -z -uall [3ms]
[2023-01-13T14:12:11.779Z] > git symbolic-ref --short HEAD [2ms]
[2023-01-13T14:12:11.787Z] > git for-each-ref --format=%(refname)%00%(upstream:short)%00%(objectname)%00%(upstream:track)%00%(upstream:remotename)%00%(upstream:remoteref) refs/heads/master refs/remotes/master [2ms]
[2023-01-13T14:12:11.796Z] > git for-each-ref --sort -committerdate --format %(refname) %(objectname) %(*objectname) [3ms]
[2023-01-13T14:12:11.798Z] > git remote --verbose [3ms]
[2023-01-13T14:12:11.807Z] > git config --get commit.template [2ms]
[2023-01-13T14:12:22.017Z] > git status -z -uall [3ms]
[2023-01-13T14:12:22.023Z] > git symbolic-ref --short HEAD [1ms]
[2023-01-13T14:12:22.030Z] > git for-each-ref --format=%(refname)%00%(upstream:short)%00%(objectname)%00%(upstream:track)%00%(upstream:remotename)%00%(upstream:remoteref) refs/heads/master refs/remotes/master [3ms]
[2023-01-13T14:12:22.043Z] > git for-each-ref --sort -committerdate --format %(refname) %(objectname) %(*objectname) [5ms]
[2023-01-13T14:12:22.044Z] > git remote --verbose [2ms]
[2023-01-13T14:12:22.052Z] > git config --get commit.template [2ms]
[2023-01-13T14:12:33.262Z] > git status -z -uall [3ms]
[2023-01-13T14:12:33.270Z] > git symbolic-ref --short HEAD [3ms]
[2023-01-13T14:12:33.277Z] > git for-each-ref --format=%(refname)%00%(upstream:short)%00%(objectname)%00%(upstream:track)%00%(upstream:remotename)%00%(upstream:remoteref) refs/heads/master refs/remotes/master [2ms]
[2023-01-13T14:12:33.285Z] > git for-each-ref --sort -committerdate --format %(refname) %(objectname) %(*objectname) [5ms]
[2023-01-13T14:12:33.286Z] > git remote --verbose [1ms]
[2023-01-13T14:12:33.293Z] > git config --get commit.template [1ms]
[2023-01-13T14:12:42.389Z] > git status -z -uall [2ms]
[2023-01-13T14:12:42.394Z] > git symbolic-ref --short HEAD [2ms]
[2023-01-13T14:12:42.400Z] > git for-each-ref --format=%(refname)%00%(upstream:short)%00%(objectname)%00%(upstream:track)%00%(upstream:remotename)%00%(upstream:remoteref) refs/heads/master refs/remotes/master [1ms]
[2023-01-13T14:12:42.412Z] > git for-each-ref --sort -committerdate --format %(refname) %(objectname) %(*objectname) [4ms]
[2023-01-13T14:12:42.412Z] > git remote --verbose [1ms]
[2023-01-13T14:12:42.421Z] > git config --get commit.template [1ms]
[2023-01-13T14:13:01.399Z] > git status -z -uall [3ms]
[2023-01-13T14:13:01.407Z] > git symbolic-ref --short HEAD [2ms]
[2023-01-13T14:13:01.412Z] > git for-each-ref --format=%(refname)%00%(upstream:short)%00%(objectname)%00%(upstream:track)%00%(upstream:remotename)%00%(upstream:remoteref) refs/heads/master refs/remotes/master [2ms]
[2023-01-13T14:13:01.420Z] > git for-each-ref --sort -committerdate --format %(refname) %(objectname) %(*objectname) [5ms]
[2023-01-13T14:13:01.421Z] > git remote --verbose [1ms]
[2023-01-13T14:13:01.427Z] > git config --get commit.template [1ms]
[2023-01-13T14:13:14.247Z] > git status -z -uall [3ms]
[2023-01-13T14:13:14.256Z] > git symbolic-ref --short HEAD [3ms]
[2023-01-13T14:13:14.262Z] > git for-each-ref --format=%(refname)%00%(upstream:short)%00%(objectname)%00%(upstream:track)%00%(upstream:remotename)%00%(upstream:remoteref) refs/heads/master refs/remotes/master [1ms]
[2023-01-13T14:13:14.271Z] > git for-each-ref --sort -committerdate --format %(refname) %(objectname) %(*objectname) [4ms]
[2023-01-13T14:13:14.271Z] > git remote --verbose [1ms]
[2023-01-13T14:13:14.278Z] > git config --get commit.template [2ms]
[2023-01-13T14:13:19.284Z] > git status -z -uall [2ms]
[2023-01-13T14:13:19.289Z] > git symbolic-ref --short HEAD [1ms]
[2023-01-13T14:13:19.294Z] > git for-each-ref --format=%(refname)%00%(upstream:short)%00%(objectname)%00%(upstream:track)%00%(upstream:remotename)%00%(upstream:remoteref) refs/heads/master refs/remotes/master [2ms]
[2023-01-13T14:13:19.300Z] > git for-each-ref --sort -committerdate --format %(refname) %(objectname) %(*objectname) [3ms]
[2023-01-13T14:13:19.301Z] > git remote --verbose [1ms]
[2023-01-13T14:13:19.307Z] > git config --get commit.template [1ms]
[2023-01-13T14:15:41.083Z] > git status -z -uall [3ms]
[2023-01-13T14:15:41.090Z] > git symbolic-ref --short HEAD [2ms]
[2023-01-13T14:15:41.097Z] > git for-each-ref --format=%(refname)%00%(upstream:short)%00%(objectname)%00%(upstream:track)%00%(upstream:remotename)%00%(upstream:remoteref) refs/heads/master refs/remotes/master [1ms]
[2023-01-13T14:15:41.106Z] > git for-each-ref --sort -committerdate --format %(refname) %(objectname) %(*objectname) [6ms]
[2023-01-13T14:15:41.107Z] > git remote --verbose [2ms]
[2023-01-13T14:15:41.112Z] > git config --get commit.template [1ms]
[2023-01-13T14:15:46.119Z] > git status -z -uall [2ms]
[2023-01-13T14:15:46.124Z] > git symbolic-ref --short HEAD [2ms]
[2023-01-13T14:15:46.128Z] > git for-each-ref --format=%(refname)%00%(upstream:short)%00%(objectname)%00%(upstream:track)%00%(upstream:remotename)%00%(upstream:remoteref) refs/heads/master refs/remotes/master [1ms]
[2023-01-13T14:15:46.135Z] > git for-each-ref --sort -committerdate --format %(refname) %(objectname) %(*objectname) [4ms]
[2023-01-13T14:15:46.135Z] > git remote --verbose [1ms]
[2023-01-13T14:15:46.141Z] > git config --get commit.template [1ms]
[2023-01-13T14:18:26.430Z] > git status -z -uall [3ms]
[2023-01-13T14:18:26.436Z] > git symbolic-ref --short HEAD [1ms]
[2023-01-13T14:18:26.444Z] > git for-each-ref --format=%(refname)%00%(upstream:short)%00%(objectname)%00%(upstream:track)%00%(upstream:remotename)%00%(upstream:remoteref) refs/heads/master refs/remotes/master [2ms]
[2023-01-13T14:18:26.451Z] > git for-each-ref --sort -committerdate --format %(refname) %(objectname) %(*objectname) [4ms]
[2023-01-13T14:18:26.452Z] > git remote --verbose [2ms]
[2023-01-13T14:18:26.461Z] > git config --get commit.template [2ms]
[2023-01-13T14:18:31.467Z] > git status -z -uall [2ms]
[2023-01-13T14:18:31.472Z] > git symbolic-ref --short HEAD [2ms]
[2023-01-13T14:18:31.476Z] > git for-each-ref --format=%(refname)%00%(upstream:short)%00%(objectname)%00%(upstream:track)%00%(upstream:remotename)%00%(upstream:remoteref) refs/heads/master refs/remotes/master [1ms]
[2023-01-13T14:18:31.483Z] > git for-each-ref --sort -committerdate --format %(refname) %(objectname) %(*objectname) [4ms]
[2023-01-13T14:18:31.483Z] > git remote --verbose [1ms]
[2023-01-13T14:18:31.490Z] > git config --get commit.template [2ms]
[2023-01-13T14:20:02.033Z] > git status -z -uall [4ms]
[2023-01-13T14:20:02.043Z] > git symbolic-ref --short HEAD [4ms]
[2023-01-13T14:20:02.049Z] > git for-each-ref --format=%(refname)%00%(upstream:short)%00%(objectname)%00%(upstream:track)%00%(upstream:remotename)%00%(upstream:remoteref) refs/heads/master refs/remotes/master [2ms]
[2023-01-13T14:20:02.057Z] > git for-each-ref --sort -committerdate --format %(refname) %(objectname) %(*objectname) [4ms]
[2023-01-13T14:20:02.059Z] > git remote --verbose [2ms]
[2023-01-13T14:20:02.065Z] > git config --get commit.template [1ms]
[2023-01-13T14:20:07.072Z] > git status -z -uall [2ms]
[2023-01-13T14:20:07.077Z] > git symbolic-ref --short HEAD [2ms]
[2023-01-13T14:20:07.081Z] > git for-each-ref --format=%(refname)%00%(upstream:short)%00%(objectname)%00%(upstream:track)%00%(upstream:remotename)%00%(upstream:remoteref) refs/heads/master refs/remotes/master [1ms]
[2023-01-13T14:20:07.088Z] > git for-each-ref --sort -committerdate --format %(refname) %(objectname) %(*objectname) [4ms]
[2023-01-13T14:20:07.088Z] > git remote --verbose [1ms]
[2023-01-13T14:20:07.094Z] > git config --get commit.template [1ms]
[2023-01-13T14:20:46.474Z] > git status -z -uall [3ms]
[2023-01-13T14:20:46.482Z] > git symbolic-ref --short HEAD [2ms]
[2023-01-13T14:20:46.489Z] > git for-each-ref --format=%(refname)%00%(upstream:short)%00%(objectname)%00%(upstream:track)%00%(upstream:remotename)%00%(upstream:remoteref) refs/heads/master refs/remotes/master [2ms]
[2023-01-13T14:20:46.498Z] > git for-each-ref --sort -committerdate --format %(refname) %(objectname) %(*objectname) [6ms]
[2023-01-13T14:20:46.499Z] > git remote --verbose [1ms]
[2023-01-13T14:20:46.505Z] > git config --get commit.template [1ms]
[2023-01-13T14:21:09.218Z] > git status -z -uall [3ms]
[2023-01-13T14:21:09.225Z] > git symbolic-ref --short HEAD [2ms]
[2023-01-13T14:21:09.232Z] > git for-each-ref --format=%(refname)%00%(upstream:short)%00%(objectname)%00%(upstream:track)%00%(upstream:remotename)%00%(upstream:remoteref) refs/heads/master refs/remotes/master [3ms]
[2023-01-13T14:21:09.239Z] > git for-each-ref --sort -committerdate --format %(refname) %(objectname) %(*objectname) [4ms]
[2023-01-13T14:21:09.240Z] > git remote --verbose [2ms]
[2023-01-13T14:21:09.248Z] > git config --get commit.template [2ms]
[2023-01-13T14:21:57.811Z] > git show --textconv :day5/Makefile [5ms]
[2023-01-13T14:21:57.812Z] > git ls-files --stage -- /afs/cri.epita.fr/user/g/gu/guillaume-alain.priso-totto/u/work/spe/prog/epita-prepa-asm-2026-s4-seminaire-guillaume-alain.priso-totto/day5/Makefile [2ms]
[2023-01-13T14:24:01.567Z] > git status -z -uall [3ms]
[2023-01-13T14:24:01.571Z] > git symbolic-ref --short HEAD [1ms]
[2023-01-13T14:24:01.575Z] > git for-each-ref --format=%(refname)%00%(upstream:short)%00%(objectname)%00%(upstream:track)%00%(upstream:remotename)%00%(upstream:remoteref) refs/heads/master refs/remotes/master [1ms]
[2023-01-13T14:24:01.583Z] > git for-each-ref --sort -committerdate --format %(refname) %(objectname) %(*objectname) [5ms]
[2023-01-13T14:24:01.583Z] > git remote --verbose [2ms]
[2023-01-13T14:24:01.589Z] > git config --get commit.template [1ms]
[2023-01-13T14:24:43.203Z] > git status -z -uall [2ms]
[2023-01-13T14:24:43.209Z] > git symbolic-ref --short HEAD [1ms]
[2023-01-13T14:24:43.216Z] > git for-each-ref --format=%(refname)%00%(upstream:short)%00%(objectname)%00%(upstream:track)%00%(upstream:remotename)%00%(upstream:remoteref) refs/heads/master refs/remotes/master [3ms]
[2023-01-13T14:24:43.225Z] > git for-each-ref --sort -committerdate --format %(refname) %(objectname) %(*objectname) [4ms]
[2023-01-13T14:24:43.225Z] > git remote --verbose [1ms]
[2023-01-13T14:24:43.232Z] > git config --get commit.template [1ms]
[2023-01-13T14:25:01.577Z] > git status -z -uall [3ms]
[2023-01-13T14:25:01.583Z] > git symbolic-ref --short HEAD [2ms]
[2023-01-13T14:25:01.591Z] > git for-each-ref --format=%(refname)%00%(upstream:short)%00%(objectname)%00%(upstream:track)%00%(upstream:remotename)%00%(upstream:remoteref) refs/heads/master refs/remotes/master [2ms]
[2023-01-13T14:25:01.598Z] > git for-each-ref --sort -committerdate --format %(refname) %(objectname) %(*objectname) [4ms]
[2023-01-13T14:25:01.600Z] > git remote --verbose [3ms]
[2023-01-13T14:25:01.607Z] > git config --get commit.template [2ms]
[2023-01-13T14:25:21.679Z] > git status -z -uall [3ms]
[2023-01-13T14:25:21.685Z] > git symbolic-ref --short HEAD [1ms]
[2023-01-13T14:25:21.694Z] > git for-each-ref --format=%(refname)%00%(upstream:short)%00%(objectname)%00%(upstream:track)%00%(upstream:remotename)%00%(upstream:remoteref) refs/heads/master refs/remotes/master [1ms]
[2023-01-13T14:25:21.702Z] > git for-each-ref --sort -committerdate --format %(refname) %(objectname) %(*objectname) [5ms]
[2023-01-13T14:25:21.703Z] > git remote --verbose [1ms]
[2023-01-13T14:25:21.708Z] > git config --get commit.template [1ms]
[2023-01-13T14:25:26.715Z] > git status -z -uall [3ms]
[2023-01-13T14:25:26.719Z] > git symbolic-ref --short HEAD [1ms]
[2023-01-13T14:25:26.724Z] > git for-each-ref --format=%(refname)%00%(upstream:short)%00%(objectname)%00%(upstream:track)%00%(upstream:remotename)%00%(upstream:remoteref) refs/heads/master refs/remotes/master [2ms]
[2023-01-13T14:25:26.730Z] > git for-each-ref --sort -committerdate --format %(refname) %(objectname) %(*objectname) [4ms]
[2023-01-13T14:25:26.731Z] > git remote --verbose [2ms]
[2023-01-13T14:25:26.736Z] > git config --get commit.template [1ms]
