[2022-12-06T10:11:10.020Z] Log level: Info
[2022-12-06T10:11:10.050Z] [info] Validating found git in: git
[2022-12-06T10:11:10.209Z] [info] Using git 2.36.2 from git
[2022-12-06T10:11:10.230Z] > git rev-parse --show-toplevel [12ms]
[2022-12-06T10:11:10.285Z] > git rev-parse --git-dir --git-common-dir [47ms]
[2022-12-06T10:11:10.289Z] [info] Open repository: /afs/cri.epita.fr/user/g/gu/guillaume-alain.priso-totto/u/work/spe/prog/epita-prepa-asm-2026-s3-tp11-guillaume-alain.priso-totto
[2022-12-06T10:11:10.333Z] > git status -z -uall [39ms]
[2022-12-06T10:11:10.338Z] > git symbolic-ref --short HEAD [1ms]
[2022-12-06T10:11:10.345Z] > git for-each-ref --format=%(refname)%00%(upstream:short)%00%(objectname)%00%(upstream:track)%00%(upstream:remotename)%00%(upstream:remoteref) refs/heads/master refs/remotes/master [3ms]
[2022-12-06T10:11:10.353Z] > git for-each-ref --sort -committerdate --format %(refname) %(objectname) %(*objectname) [5ms]
[2022-12-06T10:11:10.353Z] > git remote --verbose [2ms]
[2022-12-06T10:11:10.360Z] > git config --get commit.template [1ms]
[2022-12-06T10:11:10.367Z] > git status -z -uall [2ms]
[2022-12-06T10:11:10.372Z] > git symbolic-ref --short HEAD [1ms]
[2022-12-06T10:11:10.378Z] > git for-each-ref --format=%(refname)%00%(upstream:short)%00%(objectname)%00%(upstream:track)%00%(upstream:remotename)%00%(upstream:remoteref) refs/heads/master refs/remotes/master [2ms]
[2022-12-06T10:11:10.385Z] > git for-each-ref --sort -committerdate --format %(refname) %(objectname) %(*objectname) [4ms]
[2022-12-06T10:11:10.385Z] > git remote --verbose [1ms]
[2022-12-06T10:11:10.392Z] > git config --get commit.template [2ms]
[2022-12-06T10:11:10.603Z] > git ls-files --stage -- /afs/cri.epita.fr/user/g/gu/guillaume-alain.priso-totto/u/work/spe/prog/epita-prepa-asm-2026-s3-tp11-guillaume-alain.priso-totto/test.c [1ms]
[2022-12-06T10:11:10.608Z] > git show --textconv :test.c [10ms]
[2022-12-06T10:11:10.610Z] > git cat-file -s e319e5253fa3550f9f7417a498a785edb52817f4 [2ms]
[2022-12-06T10:11:10.801Z] > git check-ignore -v -z --stdin [1ms]
[2022-12-06T10:17:13.833Z] > git rev-parse --show-toplevel [2ms]
[2022-12-06T10:17:16.580Z] > git ls-files --stage -- /afs/cri.epita.fr/user/g/gu/guillaume-alain.priso-totto/u/work/spe/prog/epita-prepa-asm-2026-s3-tp11-guillaume-alain.priso-totto/test.c [2ms]
[2022-12-06T10:17:16.584Z] > git show --textconv :test.c [10ms]
[2022-12-06T10:17:16.585Z] > git cat-file -s e319e5253fa3550f9f7417a498a785edb52817f4 [2ms]
[2022-12-06T10:17:41.786Z] > git ls-files --stage -- /afs/cri.epita.fr/user/g/gu/guillaume-alain.priso-totto/u/work/spe/prog/epita-prepa-asm-2026-s3-tp11-guillaume-alain.priso-totto/htab.c [2ms]
[2022-12-06T10:17:41.790Z] > git show --textconv :htab.c [9ms]
[2022-12-06T10:17:41.799Z] > git cat-file -s 1edcaf4eb4ffb5b5b3b74efddd5f2cf22da6582e [10ms]
[2022-12-06T10:17:42.058Z] > git check-ignore -v -z --stdin [1ms]
[2022-12-06T10:17:44.566Z] > git rev-parse --show-toplevel [11ms]
[2022-12-06T10:17:51.234Z] > git show --textconv :htab.c [4ms]
[2022-12-06T10:17:51.235Z] > git ls-files --stage -- /afs/cri.epita.fr/user/g/gu/guillaume-alain.priso-totto/u/work/spe/prog/epita-prepa-asm-2026-s3-tp11-guillaume-alain.priso-totto/htab.c [2ms]
[2022-12-06T10:17:51.239Z] > git cat-file -s 1edcaf4eb4ffb5b5b3b74efddd5f2cf22da6582e [1ms]
[2022-12-06T10:19:56.373Z] > git check-ignore -v -z --stdin [2ms]
[2022-12-06T10:19:56.429Z] > git ls-files --stage -- /afs/cri.epita.fr/user/g/gu/guillaume-alain.priso-totto/u/work/spe/prog/epita-prepa-asm-2026-s3-tp11-guillaume-alain.priso-totto/htab.h [2ms]
[2022-12-06T10:19:56.433Z] > git show --textconv :htab.h [10ms]
[2022-12-06T10:19:56.434Z] > git cat-file -s 366bcb6ad34305d55c6d5e8b723be982aa3c7483 [2ms]
[2022-12-06T10:20:56.233Z] > git show --textconv :htab.c [5ms]
[2022-12-06T10:20:56.235Z] > git ls-files --stage -- /afs/cri.epita.fr/user/g/gu/guillaume-alain.priso-totto/u/work/spe/prog/epita-prepa-asm-2026-s3-tp11-guillaume-alain.priso-totto/htab.c [2ms]
[2022-12-06T10:20:56.241Z] > git cat-file -s 1edcaf4eb4ffb5b5b3b74efddd5f2cf22da6582e [2ms]
[2022-12-06T10:25:06.216Z] > git show --textconv :htab.h [5ms]
[2022-12-06T10:25:06.217Z] > git ls-files --stage -- /afs/cri.epita.fr/user/g/gu/guillaume-alain.priso-totto/u/work/spe/prog/epita-prepa-asm-2026-s3-tp11-guillaume-alain.priso-totto/htab.h [2ms]
[2022-12-06T10:25:06.222Z] > git cat-file -s 366bcb6ad34305d55c6d5e8b723be982aa3c7483 [2ms]
[2022-12-06T10:25:30.411Z] > git ls-files --stage -- /afs/cri.epita.fr/user/g/gu/guillaume-alain.priso-totto/u/work/spe/prog/epita-prepa-asm-2026-s3-tp11-guillaume-alain.priso-totto/htab.c [2ms]
[2022-12-06T10:25:30.416Z] > git cat-file -s 1edcaf4eb4ffb5b5b3b74efddd5f2cf22da6582e [2ms]
[2022-12-06T10:25:30.417Z] > git show --textconv :htab.c [12ms]
[2022-12-06T10:27:45.708Z] > git show --textconv :htab.h [5ms]
[2022-12-06T10:27:45.709Z] > git ls-files --stage -- /afs/cri.epita.fr/user/g/gu/guillaume-alain.priso-totto/u/work/spe/prog/epita-prepa-asm-2026-s3-tp11-guillaume-alain.priso-totto/htab.h [1ms]
[2022-12-06T10:27:45.714Z] > git cat-file -s 366bcb6ad34305d55c6d5e8b723be982aa3c7483 [1ms]
[2022-12-06T10:27:48.341Z] > git show --textconv :htab.c [6ms]
[2022-12-06T10:27:48.341Z] > git ls-files --stage -- /afs/cri.epita.fr/user/g/gu/guillaume-alain.priso-totto/u/work/spe/prog/epita-prepa-asm-2026-s3-tp11-guillaume-alain.priso-totto/htab.c [1ms]
[2022-12-06T10:27:48.346Z] > git cat-file -s 1edcaf4eb4ffb5b5b3b74efddd5f2cf22da6582e [1ms]
[2022-12-06T10:28:42.553Z] > git show --textconv :htab.h [4ms]
[2022-12-06T10:28:42.554Z] > git ls-files --stage -- /afs/cri.epita.fr/user/g/gu/guillaume-alain.priso-totto/u/work/spe/prog/epita-prepa-asm-2026-s3-tp11-guillaume-alain.priso-totto/htab.h [2ms]
[2022-12-06T10:28:42.559Z] > git cat-file -s 366bcb6ad34305d55c6d5e8b723be982aa3c7483 [2ms]
[2022-12-06T10:28:44.370Z] > git show --textconv :htab.c [4ms]
[2022-12-06T10:28:44.371Z] > git ls-files --stage -- /afs/cri.epita.fr/user/g/gu/guillaume-alain.priso-totto/u/work/spe/prog/epita-prepa-asm-2026-s3-tp11-guillaume-alain.priso-totto/htab.c [1ms]
[2022-12-06T10:28:44.376Z] > git cat-file -s 1edcaf4eb4ffb5b5b3b74efddd5f2cf22da6582e [1ms]
[2022-12-06T10:28:45.126Z] > git show --textconv :htab.h [5ms]
[2022-12-06T10:28:45.126Z] > git ls-files --stage -- /afs/cri.epita.fr/user/g/gu/guillaume-alain.priso-totto/u/work/spe/prog/epita-prepa-asm-2026-s3-tp11-guillaume-alain.priso-totto/htab.h [1ms]
[2022-12-06T10:28:45.131Z] > git cat-file -s 366bcb6ad34305d55c6d5e8b723be982aa3c7483 [1ms]
[2022-12-06T10:28:45.776Z] > git show --textconv :htab.c [5ms]
[2022-12-06T10:28:45.777Z] > git ls-files --stage -- /afs/cri.epita.fr/user/g/gu/guillaume-alain.priso-totto/u/work/spe/prog/epita-prepa-asm-2026-s3-tp11-guillaume-alain.priso-totto/htab.c [2ms]
[2022-12-06T10:28:45.782Z] > git cat-file -s 1edcaf4eb4ffb5b5b3b74efddd5f2cf22da6582e [1ms]
[2022-12-06T10:28:46.959Z] > git show --textconv :htab.h [5ms]
[2022-12-06T10:28:46.961Z] > git ls-files --stage -- /afs/cri.epita.fr/user/g/gu/guillaume-alain.priso-totto/u/work/spe/prog/epita-prepa-asm-2026-s3-tp11-guillaume-alain.priso-totto/htab.h [2ms]
[2022-12-06T10:28:46.967Z] > git cat-file -s 366bcb6ad34305d55c6d5e8b723be982aa3c7483 [2ms]
[2022-12-06T10:28:47.471Z] > git show --textconv :htab.c [4ms]
[2022-12-06T10:28:47.472Z] > git ls-files --stage -- /afs/cri.epita.fr/user/g/gu/guillaume-alain.priso-totto/u/work/spe/prog/epita-prepa-asm-2026-s3-tp11-guillaume-alain.priso-totto/htab.c [1ms]
[2022-12-06T10:28:47.477Z] > git cat-file -s 1edcaf4eb4ffb5b5b3b74efddd5f2cf22da6582e [1ms]
[2022-12-06T10:28:50.324Z] > git show --textconv :htab.h [5ms]
[2022-12-06T10:28:50.325Z] > git ls-files --stage -- /afs/cri.epita.fr/user/g/gu/guillaume-alain.priso-totto/u/work/spe/prog/epita-prepa-asm-2026-s3-tp11-guillaume-alain.priso-totto/htab.h [2ms]
[2022-12-06T10:28:50.330Z] > git cat-file -s 366bcb6ad34305d55c6d5e8b723be982aa3c7483 [2ms]
[2022-12-06T10:28:52.552Z] > git show --textconv :htab.c [4ms]
[2022-12-06T10:28:52.553Z] > git ls-files --stage -- /afs/cri.epita.fr/user/g/gu/guillaume-alain.priso-totto/u/work/spe/prog/epita-prepa-asm-2026-s3-tp11-guillaume-alain.priso-totto/htab.c [2ms]
[2022-12-06T10:28:52.558Z] > git cat-file -s 1edcaf4eb4ffb5b5b3b74efddd5f2cf22da6582e [1ms]
[2022-12-06T10:28:54.379Z] > git show --textconv :htab.h [5ms]
[2022-12-06T10:28:54.380Z] > git ls-files --stage -- /afs/cri.epita.fr/user/g/gu/guillaume-alain.priso-totto/u/work/spe/prog/epita-prepa-asm-2026-s3-tp11-guillaume-alain.priso-totto/htab.h [1ms]
[2022-12-06T10:28:54.386Z] > git cat-file -s 366bcb6ad34305d55c6d5e8b723be982aa3c7483 [2ms]
[2022-12-06T10:29:12.438Z] > git show --textconv :htab.c [5ms]
[2022-12-06T10:29:12.439Z] > git ls-files --stage -- /afs/cri.epita.fr/user/g/gu/guillaume-alain.priso-totto/u/work/spe/prog/epita-prepa-asm-2026-s3-tp11-guillaume-alain.priso-totto/htab.c [1ms]
[2022-12-06T10:29:12.446Z] > git cat-file -s 1edcaf4eb4ffb5b5b3b74efddd5f2cf22da6582e [1ms]
[2022-12-06T10:29:31.757Z] > git show --textconv :htab.h [4ms]
[2022-12-06T10:29:31.759Z] > git ls-files --stage -- /afs/cri.epita.fr/user/g/gu/guillaume-alain.priso-totto/u/work/spe/prog/epita-prepa-asm-2026-s3-tp11-guillaume-alain.priso-totto/htab.h [1ms]
[2022-12-06T10:29:31.763Z] > git cat-file -s 366bcb6ad34305d55c6d5e8b723be982aa3c7483 [1ms]
[2022-12-06T10:31:46.087Z] > git show --textconv :htab.c [5ms]
[2022-12-06T10:31:46.088Z] > git ls-files --stage -- /afs/cri.epita.fr/user/g/gu/guillaume-alain.priso-totto/u/work/spe/prog/epita-prepa-asm-2026-s3-tp11-guillaume-alain.priso-totto/htab.c [2ms]
[2022-12-06T10:31:46.093Z] > git cat-file -s 1edcaf4eb4ffb5b5b3b74efddd5f2cf22da6582e [1ms]
[2022-12-06T10:37:33.872Z] > git show --textconv :htab.h [4ms]
[2022-12-06T10:37:33.874Z] > git ls-files --stage -- /afs/cri.epita.fr/user/g/gu/guillaume-alain.priso-totto/u/work/spe/prog/epita-prepa-asm-2026-s3-tp11-guillaume-alain.priso-totto/htab.h [2ms]
[2022-12-06T10:37:33.879Z] > git cat-file -s 366bcb6ad34305d55c6d5e8b723be982aa3c7483 [1ms]
[2022-12-06T10:37:34.964Z] > git show --textconv :htab.c [5ms]
[2022-12-06T10:37:34.965Z] > git ls-files --stage -- /afs/cri.epita.fr/user/g/gu/guillaume-alain.priso-totto/u/work/spe/prog/epita-prepa-asm-2026-s3-tp11-guillaume-alain.priso-totto/htab.c [1ms]
[2022-12-06T10:37:34.972Z] > git cat-file -s 1edcaf4eb4ffb5b5b3b74efddd5f2cf22da6582e [1ms]
[2022-12-06T10:44:05.796Z] > git show --textconv :htab.h [5ms]
[2022-12-06T10:44:05.797Z] > git ls-files --stage -- /afs/cri.epita.fr/user/g/gu/guillaume-alain.priso-totto/u/work/spe/prog/epita-prepa-asm-2026-s3-tp11-guillaume-alain.priso-totto/htab.h [1ms]
[2022-12-06T10:44:05.802Z] > git cat-file -s 366bcb6ad34305d55c6d5e8b723be982aa3c7483 [1ms]
[2022-12-06T10:44:06.851Z] > git show --textconv :htab.c [6ms]
[2022-12-06T10:44:06.852Z] > git ls-files --stage -- /afs/cri.epita.fr/user/g/gu/guillaume-alain.priso-totto/u/work/spe/prog/epita-prepa-asm-2026-s3-tp11-guillaume-alain.priso-totto/htab.c [2ms]
[2022-12-06T10:44:06.857Z] > git cat-file -s 1edcaf4eb4ffb5b5b3b74efddd5f2cf22da6582e [1ms]
[2022-12-06T10:44:18.102Z] > git show --textconv :htab.h [16ms]
[2022-12-06T10:44:18.103Z] > git ls-files --stage -- /afs/cri.epita.fr/user/g/gu/guillaume-alain.priso-totto/u/work/spe/prog/epita-prepa-asm-2026-s3-tp11-guillaume-alain.priso-totto/htab.h [1ms]
[2022-12-06T10:44:18.110Z] > git cat-file -s 366bcb6ad34305d55c6d5e8b723be982aa3c7483 [2ms]
[2022-12-06T10:44:19.873Z] > git show --textconv :htab.c [5ms]
[2022-12-06T10:44:19.874Z] > git ls-files --stage -- /afs/cri.epita.fr/user/g/gu/guillaume-alain.priso-totto/u/work/spe/prog/epita-prepa-asm-2026-s3-tp11-guillaume-alain.priso-totto/htab.c [2ms]
[2022-12-06T10:44:19.879Z] > git cat-file -s 1edcaf4eb4ffb5b5b3b74efddd5f2cf22da6582e [1ms]
[2022-12-06T10:44:26.592Z] > git show --textconv :htab.h [5ms]
[2022-12-06T10:44:26.593Z] > git ls-files --stage -- /afs/cri.epita.fr/user/g/gu/guillaume-alain.priso-totto/u/work/spe/prog/epita-prepa-asm-2026-s3-tp11-guillaume-alain.priso-totto/htab.h [2ms]
[2022-12-06T10:44:26.598Z] > git cat-file -s 366bcb6ad34305d55c6d5e8b723be982aa3c7483 [2ms]
[2022-12-06T10:44:28.306Z] > git show --textconv :htab.c [5ms]
[2022-12-06T10:44:28.307Z] > git ls-files --stage -- /afs/cri.epita.fr/user/g/gu/guillaume-alain.priso-totto/u/work/spe/prog/epita-prepa-asm-2026-s3-tp11-guillaume-alain.priso-totto/htab.c [2ms]
[2022-12-06T10:44:28.312Z] > git cat-file -s 1edcaf4eb4ffb5b5b3b74efddd5f2cf22da6582e [2ms]
[2022-12-06T10:49:22.578Z] > git show --textconv :htab.h [5ms]
[2022-12-06T10:49:22.579Z] > git ls-files --stage -- /afs/cri.epita.fr/user/g/gu/guillaume-alain.priso-totto/u/work/spe/prog/epita-prepa-asm-2026-s3-tp11-guillaume-alain.priso-totto/htab.h [1ms]
[2022-12-06T10:49:22.584Z] > git cat-file -s 366bcb6ad34305d55c6d5e8b723be982aa3c7483 [2ms]
[2022-12-06T10:49:50.695Z] > git show --textconv :htab.c [4ms]
[2022-12-06T10:49:50.696Z] > git ls-files --stage -- /afs/cri.epita.fr/user/g/gu/guillaume-alain.priso-totto/u/work/spe/prog/epita-prepa-asm-2026-s3-tp11-guillaume-alain.priso-totto/htab.c [2ms]
[2022-12-06T10:49:50.701Z] > git cat-file -s 1edcaf4eb4ffb5b5b3b74efddd5f2cf22da6582e [2ms]
[2022-12-06T10:50:20.860Z] > git show --textconv :htab.h [4ms]
[2022-12-06T10:50:20.861Z] > git ls-files --stage -- /afs/cri.epita.fr/user/g/gu/guillaume-alain.priso-totto/u/work/spe/prog/epita-prepa-asm-2026-s3-tp11-guillaume-alain.priso-totto/htab.h [1ms]
[2022-12-06T10:50:20.867Z] > git cat-file -s 366bcb6ad34305d55c6d5e8b723be982aa3c7483 [2ms]
[2022-12-06T10:50:24.163Z] > git show --textconv :htab.c [5ms]
[2022-12-06T10:50:24.165Z] > git ls-files --stage -- /afs/cri.epita.fr/user/g/gu/guillaume-alain.priso-totto/u/work/spe/prog/epita-prepa-asm-2026-s3-tp11-guillaume-alain.priso-totto/htab.c [2ms]
[2022-12-06T10:50:24.169Z] > git cat-file -s 1edcaf4eb4ffb5b5b3b74efddd5f2cf22da6582e [1ms]
[2022-12-06T10:50:25.396Z] > git show --textconv :htab.h [5ms]
[2022-12-06T10:50:25.397Z] > git ls-files --stage -- /afs/cri.epita.fr/user/g/gu/guillaume-alain.priso-totto/u/work/spe/prog/epita-prepa-asm-2026-s3-tp11-guillaume-alain.priso-totto/htab.h [1ms]
[2022-12-06T10:50:25.403Z] > git cat-file -s 366bcb6ad34305d55c6d5e8b723be982aa3c7483 [2ms]
[2022-12-06T10:50:29.739Z] > git show --textconv :htab.c [4ms]
[2022-12-06T10:50:29.740Z] > git ls-files --stage -- /afs/cri.epita.fr/user/g/gu/guillaume-alain.priso-totto/u/work/spe/prog/epita-prepa-asm-2026-s3-tp11-guillaume-alain.priso-totto/htab.c [1ms]
[2022-12-06T10:50:29.745Z] > git cat-file -s 1edcaf4eb4ffb5b5b3b74efddd5f2cf22da6582e [1ms]
[2022-12-06T10:50:30.517Z] > git show --textconv :htab.h [5ms]
[2022-12-06T10:50:30.518Z] > git ls-files --stage -- /afs/cri.epita.fr/user/g/gu/guillaume-alain.priso-totto/u/work/spe/prog/epita-prepa-asm-2026-s3-tp11-guillaume-alain.priso-totto/htab.h [2ms]
[2022-12-06T10:50:30.523Z] > git cat-file -s 366bcb6ad34305d55c6d5e8b723be982aa3c7483 [1ms]
[2022-12-06T10:50:32.941Z] > git show --textconv :htab.c [5ms]
[2022-12-06T10:50:32.943Z] > git ls-files --stage -- /afs/cri.epita.fr/user/g/gu/guillaume-alain.priso-totto/u/work/spe/prog/epita-prepa-asm-2026-s3-tp11-guillaume-alain.priso-totto/htab.c [2ms]
[2022-12-06T10:50:32.948Z] > git cat-file -s 1edcaf4eb4ffb5b5b3b74efddd5f2cf22da6582e [2ms]
[2022-12-06T10:50:33.580Z] > git show --textconv :htab.h [5ms]
[2022-12-06T10:50:33.582Z] > git ls-files --stage -- /afs/cri.epita.fr/user/g/gu/guillaume-alain.priso-totto/u/work/spe/prog/epita-prepa-asm-2026-s3-tp11-guillaume-alain.priso-totto/htab.h [2ms]
[2022-12-06T10:50:33.587Z] > git cat-file -s 366bcb6ad34305d55c6d5e8b723be982aa3c7483 [1ms]
[2022-12-06T10:50:38.439Z] > git show --textconv :htab.c [4ms]
[2022-12-06T10:50:38.441Z] > git ls-files --stage -- /afs/cri.epita.fr/user/g/gu/guillaume-alain.priso-totto/u/work/spe/prog/epita-prepa-asm-2026-s3-tp11-guillaume-alain.priso-totto/htab.c [2ms]
[2022-12-06T10:50:38.446Z] > git cat-file -s 1edcaf4eb4ffb5b5b3b74efddd5f2cf22da6582e [1ms]
[2022-12-06T10:50:56.284Z] > git show --textconv :htab.h [5ms]
[2022-12-06T10:50:56.284Z] > git ls-files --stage -- /afs/cri.epita.fr/user/g/gu/guillaume-alain.priso-totto/u/work/spe/prog/epita-prepa-asm-2026-s3-tp11-guillaume-alain.priso-totto/htab.h [1ms]
[2022-12-06T10:50:56.289Z] > git cat-file -s 366bcb6ad34305d55c6d5e8b723be982aa3c7483 [1ms]
[2022-12-06T10:51:02.013Z] > git show --textconv :htab.c [4ms]
[2022-12-06T10:51:02.014Z] > git ls-files --stage -- /afs/cri.epita.fr/user/g/gu/guillaume-alain.priso-totto/u/work/spe/prog/epita-prepa-asm-2026-s3-tp11-guillaume-alain.priso-totto/htab.c [1ms]
[2022-12-06T10:51:02.020Z] > git cat-file -s 1edcaf4eb4ffb5b5b3b74efddd5f2cf22da6582e [2ms]
[2022-12-06T10:51:03.639Z] > git show --textconv :htab.h [4ms]
[2022-12-06T10:51:03.641Z] > git ls-files --stage -- /afs/cri.epita.fr/user/g/gu/guillaume-alain.priso-totto/u/work/spe/prog/epita-prepa-asm-2026-s3-tp11-guillaume-alain.priso-totto/htab.h [2ms]
[2022-12-06T10:51:03.646Z] > git cat-file -s 366bcb6ad34305d55c6d5e8b723be982aa3c7483 [2ms]
[2022-12-06T10:51:07.102Z] > git show --textconv :htab.c [5ms]
[2022-12-06T10:51:07.104Z] > git ls-files --stage -- /afs/cri.epita.fr/user/g/gu/guillaume-alain.priso-totto/u/work/spe/prog/epita-prepa-asm-2026-s3-tp11-guillaume-alain.priso-totto/htab.c [3ms]
[2022-12-06T10:51:07.109Z] > git cat-file -s 1edcaf4eb4ffb5b5b3b74efddd5f2cf22da6582e [2ms]
[2022-12-06T10:51:08.531Z] > git show --textconv :htab.h [4ms]
[2022-12-06T10:51:08.532Z] > git ls-files --stage -- /afs/cri.epita.fr/user/g/gu/guillaume-alain.priso-totto/u/work/spe/prog/epita-prepa-asm-2026-s3-tp11-guillaume-alain.priso-totto/htab.h [1ms]
[2022-12-06T10:51:08.537Z] > git cat-file -s 366bcb6ad34305d55c6d5e8b723be982aa3c7483 [1ms]
[2022-12-06T10:51:09.874Z] > git show --textconv :htab.c [5ms]
[2022-12-06T10:51:09.875Z] > git ls-files --stage -- /afs/cri.epita.fr/user/g/gu/guillaume-alain.priso-totto/u/work/spe/prog/epita-prepa-asm-2026-s3-tp11-guillaume-alain.priso-totto/htab.c [1ms]
[2022-12-06T10:51:09.881Z] > git cat-file -s 1edcaf4eb4ffb5b5b3b74efddd5f2cf22da6582e [2ms]
[2022-12-06T10:51:36.422Z] > git show --textconv :htab.h [5ms]
[2022-12-06T10:51:36.423Z] > git ls-files --stage -- /afs/cri.epita.fr/user/g/gu/guillaume-alain.priso-totto/u/work/spe/prog/epita-prepa-asm-2026-s3-tp11-guillaume-alain.priso-totto/htab.h [2ms]
[2022-12-06T10:51:36.428Z] > git cat-file -s 366bcb6ad34305d55c6d5e8b723be982aa3c7483 [1ms]
[2022-12-06T10:51:52.486Z] > git show --textconv :htab.c [5ms]
[2022-12-06T10:51:52.487Z] > git ls-files --stage -- /afs/cri.epita.fr/user/g/gu/guillaume-alain.priso-totto/u/work/spe/prog/epita-prepa-asm-2026-s3-tp11-guillaume-alain.priso-totto/htab.c [1ms]
[2022-12-06T10:51:52.492Z] > git cat-file -s 1edcaf4eb4ffb5b5b3b74efddd5f2cf22da6582e [1ms]
[2022-12-06T10:51:53.247Z] > git show --textconv :htab.h [5ms]
[2022-12-06T10:51:53.248Z] > git ls-files --stage -- /afs/cri.epita.fr/user/g/gu/guillaume-alain.priso-totto/u/work/spe/prog/epita-prepa-asm-2026-s3-tp11-guillaume-alain.priso-totto/htab.h [2ms]
[2022-12-06T10:51:53.254Z] > git cat-file -s 366bcb6ad34305d55c6d5e8b723be982aa3c7483 [2ms]
[2022-12-06T10:52:04.642Z] > git show --textconv :htab.c [4ms]
[2022-12-06T10:52:04.644Z] > git ls-files --stage -- /afs/cri.epita.fr/user/g/gu/guillaume-alain.priso-totto/u/work/spe/prog/epita-prepa-asm-2026-s3-tp11-guillaume-alain.priso-totto/htab.c [2ms]
[2022-12-06T10:52:04.649Z] > git cat-file -s 1edcaf4eb4ffb5b5b3b74efddd5f2cf22da6582e [1ms]
[2022-12-06T10:52:23.508Z] > git show --textconv :htab.h [4ms]
[2022-12-06T10:52:23.510Z] > git ls-files --stage -- /afs/cri.epita.fr/user/g/gu/guillaume-alain.priso-totto/u/work/spe/prog/epita-prepa-asm-2026-s3-tp11-guillaume-alain.priso-totto/htab.h [2ms]
[2022-12-06T10:52:23.515Z] > git cat-file -s 366bcb6ad34305d55c6d5e8b723be982aa3c7483 [1ms]
[2022-12-06T10:52:33.863Z] > git show --textconv :htab.c [5ms]
[2022-12-06T10:52:33.865Z] > git ls-files --stage -- /afs/cri.epita.fr/user/g/gu/guillaume-alain.priso-totto/u/work/spe/prog/epita-prepa-asm-2026-s3-tp11-guillaume-alain.priso-totto/htab.c [3ms]
[2022-12-06T10:52:33.870Z] > git cat-file -s 1edcaf4eb4ffb5b5b3b74efddd5f2cf22da6582e [2ms]
[2022-12-06T10:52:35.720Z] > git show --textconv :htab.h [5ms]
[2022-12-06T10:52:35.722Z] > git ls-files --stage -- /afs/cri.epita.fr/user/g/gu/guillaume-alain.priso-totto/u/work/spe/prog/epita-prepa-asm-2026-s3-tp11-guillaume-alain.priso-totto/htab.h [2ms]
[2022-12-06T10:52:35.727Z] > git cat-file -s 366bcb6ad34305d55c6d5e8b723be982aa3c7483 [2ms]
[2022-12-06T10:52:37.807Z] > git show --textconv :htab.c [4ms]
[2022-12-06T10:52:37.808Z] > git ls-files --stage -- /afs/cri.epita.fr/user/g/gu/guillaume-alain.priso-totto/u/work/spe/prog/epita-prepa-asm-2026-s3-tp11-guillaume-alain.priso-totto/htab.c [1ms]
[2022-12-06T10:52:37.814Z] > git cat-file -s 1edcaf4eb4ffb5b5b3b74efddd5f2cf22da6582e [2ms]
[2022-12-06T10:52:38.719Z] > git show --textconv :htab.h [5ms]
[2022-12-06T10:52:38.720Z] > git ls-files --stage -- /afs/cri.epita.fr/user/g/gu/guillaume-alain.priso-totto/u/work/spe/prog/epita-prepa-asm-2026-s3-tp11-guillaume-alain.priso-totto/htab.h [2ms]
[2022-12-06T10:52:38.725Z] > git cat-file -s 366bcb6ad34305d55c6d5e8b723be982aa3c7483 [2ms]
[2022-12-06T10:52:39.592Z] > git show --textconv :htab.c [6ms]
[2022-12-06T10:52:39.593Z] > git ls-files --stage -- /afs/cri.epita.fr/user/g/gu/guillaume-alain.priso-totto/u/work/spe/prog/epita-prepa-asm-2026-s3-tp11-guillaume-alain.priso-totto/htab.c [2ms]
[2022-12-06T10:52:39.599Z] > git cat-file -s 1edcaf4eb4ffb5b5b3b74efddd5f2cf22da6582e [2ms]
[2022-12-06T10:52:50.150Z] > git show --textconv :htab.h [4ms]
[2022-12-06T10:52:50.151Z] > git ls-files --stage -- /afs/cri.epita.fr/user/g/gu/guillaume-alain.priso-totto/u/work/spe/prog/epita-prepa-asm-2026-s3-tp11-guillaume-alain.priso-totto/htab.h [1ms]
[2022-12-06T10:52:50.156Z] > git cat-file -s 366bcb6ad34305d55c6d5e8b723be982aa3c7483 [1ms]
[2022-12-06T10:53:26.105Z] > git show --textconv :htab.c [5ms]
[2022-12-06T10:53:26.106Z] > git ls-files --stage -- /afs/cri.epita.fr/user/g/gu/guillaume-alain.priso-totto/u/work/spe/prog/epita-prepa-asm-2026-s3-tp11-guillaume-alain.priso-totto/htab.c [1ms]
[2022-12-06T10:53:26.111Z] > git cat-file -s 1edcaf4eb4ffb5b5b3b74efddd5f2cf22da6582e [1ms]
[2022-12-06T10:53:37.641Z] > git show --textconv :htab.h [4ms]
[2022-12-06T10:53:37.643Z] > git ls-files --stage -- /afs/cri.epita.fr/user/g/gu/guillaume-alain.priso-totto/u/work/spe/prog/epita-prepa-asm-2026-s3-tp11-guillaume-alain.priso-totto/htab.h [2ms]
[2022-12-06T10:53:37.648Z] > git cat-file -s 366bcb6ad34305d55c6d5e8b723be982aa3c7483 [1ms]
[2022-12-06T10:53:43.216Z] > git show --textconv :htab.c [5ms]
[2022-12-06T10:53:43.217Z] > git ls-files --stage -- /afs/cri.epita.fr/user/g/gu/guillaume-alain.priso-totto/u/work/spe/prog/epita-prepa-asm-2026-s3-tp11-guillaume-alain.priso-totto/htab.c [1ms]
[2022-12-06T10:53:43.222Z] > git cat-file -s 1edcaf4eb4ffb5b5b3b74efddd5f2cf22da6582e [1ms]
[2022-12-06T11:00:55.133Z] > git show --textconv :htab.h [5ms]
[2022-12-06T11:00:55.134Z] > git ls-files --stage -- /afs/cri.epita.fr/user/g/gu/guillaume-alain.priso-totto/u/work/spe/prog/epita-prepa-asm-2026-s3-tp11-guillaume-alain.priso-totto/htab.h [2ms]
[2022-12-06T11:00:55.138Z] > git cat-file -s 366bcb6ad34305d55c6d5e8b723be982aa3c7483 [1ms]
[2022-12-06T11:01:19.056Z] > git show --textconv :htab.c [5ms]
[2022-12-06T11:01:19.057Z] > git ls-files --stage -- /afs/cri.epita.fr/user/g/gu/guillaume-alain.priso-totto/u/work/spe/prog/epita-prepa-asm-2026-s3-tp11-guillaume-alain.priso-totto/htab.c [1ms]
[2022-12-06T11:01:19.062Z] > git cat-file -s 1edcaf4eb4ffb5b5b3b74efddd5f2cf22da6582e [2ms]
[2022-12-06T11:01:48.108Z] > git show --textconv :htab.h [5ms]
[2022-12-06T11:01:48.109Z] > git ls-files --stage -- /afs/cri.epita.fr/user/g/gu/guillaume-alain.priso-totto/u/work/spe/prog/epita-prepa-asm-2026-s3-tp11-guillaume-alain.priso-totto/htab.h [2ms]
[2022-12-06T11:01:48.114Z] > git cat-file -s 366bcb6ad34305d55c6d5e8b723be982aa3c7483 [1ms]
[2022-12-06T11:02:33.678Z] > git show --textconv :htab.c [4ms]
[2022-12-06T11:02:33.679Z] > git ls-files --stage -- /afs/cri.epita.fr/user/g/gu/guillaume-alain.priso-totto/u/work/spe/prog/epita-prepa-asm-2026-s3-tp11-guillaume-alain.priso-totto/htab.c [2ms]
[2022-12-06T11:02:33.684Z] > git cat-file -s 1edcaf4eb4ffb5b5b3b74efddd5f2cf22da6582e [2ms]
[2022-12-06T11:02:44.043Z] > git show --textconv :htab.h [5ms]
[2022-12-06T11:02:44.044Z] > git ls-files --stage -- /afs/cri.epita.fr/user/g/gu/guillaume-alain.priso-totto/u/work/spe/prog/epita-prepa-asm-2026-s3-tp11-guillaume-alain.priso-totto/htab.h [1ms]
[2022-12-06T11:02:44.049Z] > git cat-file -s 366bcb6ad34305d55c6d5e8b723be982aa3c7483 [1ms]
[2022-12-06T11:03:02.263Z] > git show --textconv :htab.c [13ms]
[2022-12-06T11:03:02.264Z] > git ls-files --stage -- /afs/cri.epita.fr/user/g/gu/guillaume-alain.priso-totto/u/work/spe/prog/epita-prepa-asm-2026-s3-tp11-guillaume-alain.priso-totto/htab.c [1ms]
[2022-12-06T11:03:02.270Z] > git cat-file -s 1edcaf4eb4ffb5b5b3b74efddd5f2cf22da6582e [2ms]
[2022-12-06T11:31:35.465Z] > git show --textconv :htab.h [4ms]
[2022-12-06T11:31:35.466Z] > git ls-files --stage -- /afs/cri.epita.fr/user/g/gu/guillaume-alain.priso-totto/u/work/spe/prog/epita-prepa-asm-2026-s3-tp11-guillaume-alain.priso-totto/htab.h [1ms]
[2022-12-06T11:31:35.471Z] > git cat-file -s 366bcb6ad34305d55c6d5e8b723be982aa3c7483 [2ms]
[2022-12-06T11:31:40.692Z] > git show --textconv :htab.c [4ms]
[2022-12-06T11:31:40.693Z] > git ls-files --stage -- /afs/cri.epita.fr/user/g/gu/guillaume-alain.priso-totto/u/work/spe/prog/epita-prepa-asm-2026-s3-tp11-guillaume-alain.priso-totto/htab.c [2ms]
[2022-12-06T11:31:40.698Z] > git cat-file -s 1edcaf4eb4ffb5b5b3b74efddd5f2cf22da6582e [2ms]
[2022-12-06T11:32:08.117Z] > git show --textconv :htab.h [5ms]
[2022-12-06T11:32:08.118Z] > git ls-files --stage -- /afs/cri.epita.fr/user/g/gu/guillaume-alain.priso-totto/u/work/spe/prog/epita-prepa-asm-2026-s3-tp11-guillaume-alain.priso-totto/htab.h [2ms]
[2022-12-06T11:32:08.123Z] > git cat-file -s 366bcb6ad34305d55c6d5e8b723be982aa3c7483 [2ms]
[2022-12-06T11:38:39.530Z] > git show --textconv :htab.c [6ms]
[2022-12-06T11:38:39.531Z] > git ls-files --stage -- /afs/cri.epita.fr/user/g/gu/guillaume-alain.priso-totto/u/work/spe/prog/epita-prepa-asm-2026-s3-tp11-guillaume-alain.priso-totto/htab.c [2ms]
[2022-12-06T11:38:39.537Z] > git cat-file -s 1edcaf4eb4ffb5b5b3b74efddd5f2cf22da6582e [2ms]
[2022-12-06T11:41:14.706Z] > git show --textconv :htab.h [5ms]
[2022-12-06T11:41:14.708Z] > git ls-files --stage -- /afs/cri.epita.fr/user/g/gu/guillaume-alain.priso-totto/u/work/spe/prog/epita-prepa-asm-2026-s3-tp11-guillaume-alain.priso-totto/htab.h [2ms]
[2022-12-06T11:41:14.712Z] > git cat-file -s 366bcb6ad34305d55c6d5e8b723be982aa3c7483 [1ms]
[2022-12-06T11:41:29.758Z] > git show --textconv :htab.c [5ms]
[2022-12-06T11:41:29.759Z] > git ls-files --stage -- /afs/cri.epita.fr/user/g/gu/guillaume-alain.priso-totto/u/work/spe/prog/epita-prepa-asm-2026-s3-tp11-guillaume-alain.priso-totto/htab.c [2ms]
[2022-12-06T11:41:29.764Z] > git cat-file -s 1edcaf4eb4ffb5b5b3b74efddd5f2cf22da6582e [2ms]
[2022-12-06T11:41:48.995Z] > git show --textconv :htab.h [4ms]
[2022-12-06T11:41:48.996Z] > git ls-files --stage -- /afs/cri.epita.fr/user/g/gu/guillaume-alain.priso-totto/u/work/spe/prog/epita-prepa-asm-2026-s3-tp11-guillaume-alain.priso-totto/htab.h [2ms]
[2022-12-06T11:41:49.001Z] > git cat-file -s 366bcb6ad34305d55c6d5e8b723be982aa3c7483 [1ms]
[2022-12-06T11:41:54.537Z] > git show --textconv :htab.c [5ms]
[2022-12-06T11:41:54.538Z] > git ls-files --stage -- /afs/cri.epita.fr/user/g/gu/guillaume-alain.priso-totto/u/work/spe/prog/epita-prepa-asm-2026-s3-tp11-guillaume-alain.priso-totto/htab.c [2ms]
[2022-12-06T11:41:54.543Z] > git cat-file -s 1edcaf4eb4ffb5b5b3b74efddd5f2cf22da6582e [1ms]
[2022-12-06T11:42:13.956Z] > git show --textconv :htab.h [4ms]
[2022-12-06T11:42:13.958Z] > git ls-files --stage -- /afs/cri.epita.fr/user/g/gu/guillaume-alain.priso-totto/u/work/spe/prog/epita-prepa-asm-2026-s3-tp11-guillaume-alain.priso-totto/htab.h [2ms]
[2022-12-06T11:42:13.962Z] > git cat-file -s 366bcb6ad34305d55c6d5e8b723be982aa3c7483 [1ms]
[2022-12-06T11:42:15.990Z] > git show --textconv :htab.c [5ms]
[2022-12-06T11:42:15.991Z] > git ls-files --stage -- /afs/cri.epita.fr/user/g/gu/guillaume-alain.priso-totto/u/work/spe/prog/epita-prepa-asm-2026-s3-tp11-guillaume-alain.priso-totto/htab.c [2ms]
[2022-12-06T11:42:15.996Z] > git cat-file -s 1edcaf4eb4ffb5b5b3b74efddd5f2cf22da6582e [1ms]
[2022-12-06T11:43:06.697Z] > git show --textconv :htab.h [4ms]
[2022-12-06T11:43:06.699Z] > git ls-files --stage -- /afs/cri.epita.fr/user/g/gu/guillaume-alain.priso-totto/u/work/spe/prog/epita-prepa-asm-2026-s3-tp11-guillaume-alain.priso-totto/htab.h [2ms]
[2022-12-06T11:43:06.704Z] > git cat-file -s 366bcb6ad34305d55c6d5e8b723be982aa3c7483 [1ms]
[2022-12-06T11:43:09.265Z] > git show --textconv :htab.c [5ms]
[2022-12-06T11:43:09.267Z] > git ls-files --stage -- /afs/cri.epita.fr/user/g/gu/guillaume-alain.priso-totto/u/work/spe/prog/epita-prepa-asm-2026-s3-tp11-guillaume-alain.priso-totto/htab.c [2ms]
[2022-12-06T11:43:09.271Z] > git cat-file -s 1edcaf4eb4ffb5b5b3b74efddd5f2cf22da6582e [1ms]
[2022-12-06T11:43:16.179Z] > git show --textconv :htab.h [5ms]
[2022-12-06T11:43:16.180Z] > git ls-files --stage -- /afs/cri.epita.fr/user/g/gu/guillaume-alain.priso-totto/u/work/spe/prog/epita-prepa-asm-2026-s3-tp11-guillaume-alain.priso-totto/htab.h [1ms]
[2022-12-06T11:43:16.185Z] > git cat-file -s 366bcb6ad34305d55c6d5e8b723be982aa3c7483 [2ms]
[2022-12-06T11:43:19.473Z] > git show --textconv :htab.c [5ms]
[2022-12-06T11:43:19.474Z] > git ls-files --stage -- /afs/cri.epita.fr/user/g/gu/guillaume-alain.priso-totto/u/work/spe/prog/epita-prepa-asm-2026-s3-tp11-guillaume-alain.priso-totto/htab.c [2ms]
[2022-12-06T11:43:19.479Z] > git cat-file -s 1edcaf4eb4ffb5b5b3b74efddd5f2cf22da6582e [2ms]
[2022-12-06T11:43:36.666Z] > git show --textconv :htab.h [5ms]
[2022-12-06T11:43:36.667Z] > git ls-files --stage -- /afs/cri.epita.fr/user/g/gu/guillaume-alain.priso-totto/u/work/spe/prog/epita-prepa-asm-2026-s3-tp11-guillaume-alain.priso-totto/htab.h [2ms]
[2022-12-06T11:43:36.672Z] > git cat-file -s 366bcb6ad34305d55c6d5e8b723be982aa3c7483 [1ms]
[2022-12-06T11:43:41.605Z] > git show --textconv :htab.c [5ms]
[2022-12-06T11:43:41.606Z] > git ls-files --stage -- /afs/cri.epita.fr/user/g/gu/guillaume-alain.priso-totto/u/work/spe/prog/epita-prepa-asm-2026-s3-tp11-guillaume-alain.priso-totto/htab.c [1ms]
[2022-12-06T11:43:41.611Z] > git cat-file -s 1edcaf4eb4ffb5b5b3b74efddd5f2cf22da6582e [1ms]
[2022-12-06T11:43:54.041Z] > git show --textconv :htab.h [5ms]
[2022-12-06T11:43:54.042Z] > git ls-files --stage -- /afs/cri.epita.fr/user/g/gu/guillaume-alain.priso-totto/u/work/spe/prog/epita-prepa-asm-2026-s3-tp11-guillaume-alain.priso-totto/htab.h [2ms]
[2022-12-06T11:43:54.047Z] > git cat-file -s 366bcb6ad34305d55c6d5e8b723be982aa3c7483 [2ms]
[2022-12-06T11:43:55.270Z] > git show --textconv :htab.c [4ms]
[2022-12-06T11:43:55.272Z] > git ls-files --stage -- /afs/cri.epita.fr/user/g/gu/guillaume-alain.priso-totto/u/work/spe/prog/epita-prepa-asm-2026-s3-tp11-guillaume-alain.priso-totto/htab.c [2ms]
[2022-12-06T11:43:55.277Z] > git cat-file -s 1edcaf4eb4ffb5b5b3b74efddd5f2cf22da6582e [2ms]
[2022-12-06T11:44:01.135Z] > git show --textconv :htab.h [4ms]
[2022-12-06T11:44:01.136Z] > git ls-files --stage -- /afs/cri.epita.fr/user/g/gu/guillaume-alain.priso-totto/u/work/spe/prog/epita-prepa-asm-2026-s3-tp11-guillaume-alain.priso-totto/htab.h [1ms]
[2022-12-06T11:44:01.141Z] > git cat-file -s 366bcb6ad34305d55c6d5e8b723be982aa3c7483 [1ms]
[2022-12-06T11:44:44.234Z] > git show --textconv :htab.c [4ms]
[2022-12-06T11:44:44.235Z] > git ls-files --stage -- /afs/cri.epita.fr/user/g/gu/guillaume-alain.priso-totto/u/work/spe/prog/epita-prepa-asm-2026-s3-tp11-guillaume-alain.priso-totto/htab.c [1ms]
[2022-12-06T11:44:44.240Z] > git cat-file -s 1edcaf4eb4ffb5b5b3b74efddd5f2cf22da6582e [1ms]
[2022-12-06T11:44:53.478Z] > git status -z -uall [9ms]
[2022-12-06T11:44:53.483Z] > git symbolic-ref --short HEAD [1ms]
[2022-12-06T11:44:53.492Z] > git for-each-ref --format=%(refname)%00%(upstream:short)%00%(objectname)%00%(upstream:track)%00%(upstream:remotename)%00%(upstream:remoteref) refs/heads/master refs/remotes/master [5ms]
[2022-12-06T11:44:53.499Z] > git for-each-ref --sort -committerdate --format %(refname) %(objectname) %(*objectname) [4ms]
[2022-12-06T11:44:53.500Z] > git remote --verbose [2ms]
[2022-12-06T11:44:53.507Z] > git config --get commit.template [1ms]
[2022-12-06T11:45:33.163Z] > git show --textconv :test.c [4ms]
[2022-12-06T11:45:33.164Z] > git ls-files --stage -- /afs/cri.epita.fr/user/g/gu/guillaume-alain.priso-totto/u/work/spe/prog/epita-prepa-asm-2026-s3-tp11-guillaume-alain.priso-totto/test.c [1ms]
[2022-12-06T11:45:33.169Z] > git cat-file -s e319e5253fa3550f9f7417a498a785edb52817f4 [2ms]
[2022-12-06T11:45:47.712Z] > git show --textconv :htab.c [5ms]
[2022-12-06T11:45:47.713Z] > git ls-files --stage -- /afs/cri.epita.fr/user/g/gu/guillaume-alain.priso-totto/u/work/spe/prog/epita-prepa-asm-2026-s3-tp11-guillaume-alain.priso-totto/htab.c [2ms]
[2022-12-06T11:45:47.717Z] > git cat-file -s 1edcaf4eb4ffb5b5b3b74efddd5f2cf22da6582e [1ms]
[2022-12-06T11:45:55.457Z] > git show --textconv :test.c [6ms]
[2022-12-06T11:45:55.458Z] > git ls-files --stage -- /afs/cri.epita.fr/user/g/gu/guillaume-alain.priso-totto/u/work/spe/prog/epita-prepa-asm-2026-s3-tp11-guillaume-alain.priso-totto/test.c [2ms]
[2022-12-06T11:45:55.462Z] > git cat-file -s e319e5253fa3550f9f7417a498a785edb52817f4 [1ms]
[2022-12-06T11:46:06.948Z] > git show --textconv :htab.c [4ms]
[2022-12-06T11:46:06.949Z] > git ls-files --stage -- /afs/cri.epita.fr/user/g/gu/guillaume-alain.priso-totto/u/work/spe/prog/epita-prepa-asm-2026-s3-tp11-guillaume-alain.priso-totto/htab.c [1ms]
[2022-12-06T11:46:06.954Z] > git cat-file -s 1edcaf4eb4ffb5b5b3b74efddd5f2cf22da6582e [2ms]
[2022-12-06T11:46:08.468Z] > git show --textconv :test.c [4ms]
[2022-12-06T11:46:08.469Z] > git ls-files --stage -- /afs/cri.epita.fr/user/g/gu/guillaume-alain.priso-totto/u/work/spe/prog/epita-prepa-asm-2026-s3-tp11-guillaume-alain.priso-totto/test.c [2ms]
[2022-12-06T11:46:08.473Z] > git cat-file -s e319e5253fa3550f9f7417a498a785edb52817f4 [1ms]
[2022-12-06T11:46:09.485Z] > git show --textconv :htab.c [4ms]
[2022-12-06T11:46:09.486Z] > git ls-files --stage -- /afs/cri.epita.fr/user/g/gu/guillaume-alain.priso-totto/u/work/spe/prog/epita-prepa-asm-2026-s3-tp11-guillaume-alain.priso-totto/htab.c [2ms]
[2022-12-06T11:46:09.491Z] > git cat-file -s 1edcaf4eb4ffb5b5b3b74efddd5f2cf22da6582e [2ms]
[2022-12-06T11:46:10.290Z] > git show --textconv :test.c [5ms]
[2022-12-06T11:46:10.291Z] > git ls-files --stage -- /afs/cri.epita.fr/user/g/gu/guillaume-alain.priso-totto/u/work/spe/prog/epita-prepa-asm-2026-s3-tp11-guillaume-alain.priso-totto/test.c [2ms]
[2022-12-06T11:46:10.295Z] > git cat-file -s e319e5253fa3550f9f7417a498a785edb52817f4 [1ms]
[2022-12-06T11:46:12.198Z] > git show --textconv :htab.c [4ms]
[2022-12-06T11:46:12.199Z] > git ls-files --stage -- /afs/cri.epita.fr/user/g/gu/guillaume-alain.priso-totto/u/work/spe/prog/epita-prepa-asm-2026-s3-tp11-guillaume-alain.priso-totto/htab.c [2ms]
[2022-12-06T11:46:12.203Z] > git cat-file -s 1edcaf4eb4ffb5b5b3b74efddd5f2cf22da6582e [1ms]
[2022-12-06T11:46:16.234Z] > git show --textconv :test.c [4ms]
[2022-12-06T11:46:16.235Z] > git ls-files --stage -- /afs/cri.epita.fr/user/g/gu/guillaume-alain.priso-totto/u/work/spe/prog/epita-prepa-asm-2026-s3-tp11-guillaume-alain.priso-totto/test.c [2ms]
[2022-12-06T11:46:16.239Z] > git cat-file -s e319e5253fa3550f9f7417a498a785edb52817f4 [1ms]
[2022-12-06T11:46:29.099Z] > git show --textconv :htab.c [4ms]
[2022-12-06T11:46:29.100Z] > git ls-files --stage -- /afs/cri.epita.fr/user/g/gu/guillaume-alain.priso-totto/u/work/spe/prog/epita-prepa-asm-2026-s3-tp11-guillaume-alain.priso-totto/htab.c [2ms]
[2022-12-06T11:46:29.104Z] > git cat-file -s 1edcaf4eb4ffb5b5b3b74efddd5f2cf22da6582e [1ms]
[2022-12-06T11:46:36.221Z] > git show --textconv :test.c [4ms]
[2022-12-06T11:46:36.222Z] > git ls-files --stage -- /afs/cri.epita.fr/user/g/gu/guillaume-alain.priso-totto/u/work/spe/prog/epita-prepa-asm-2026-s3-tp11-guillaume-alain.priso-totto/test.c [2ms]
[2022-12-06T11:46:36.227Z] > git cat-file -s e319e5253fa3550f9f7417a498a785edb52817f4 [2ms]
[2022-12-06T11:46:42.232Z] > git show --textconv :htab.c [4ms]
[2022-12-06T11:46:42.232Z] > git ls-files --stage -- /afs/cri.epita.fr/user/g/gu/guillaume-alain.priso-totto/u/work/spe/prog/epita-prepa-asm-2026-s3-tp11-guillaume-alain.priso-totto/htab.c [1ms]
[2022-12-06T11:46:42.237Z] > git cat-file -s 1edcaf4eb4ffb5b5b3b74efddd5f2cf22da6582e [1ms]
[2022-12-06T11:46:43.351Z] > git show --textconv :test.c [3ms]
[2022-12-06T11:46:43.352Z] > git ls-files --stage -- /afs/cri.epita.fr/user/g/gu/guillaume-alain.priso-totto/u/work/spe/prog/epita-prepa-asm-2026-s3-tp11-guillaume-alain.priso-totto/test.c [1ms]
[2022-12-06T11:46:43.357Z] > git cat-file -s e319e5253fa3550f9f7417a498a785edb52817f4 [2ms]
[2022-12-06T11:46:46.263Z] > git show --textconv :htab.c [4ms]
[2022-12-06T11:46:46.264Z] > git ls-files --stage -- /afs/cri.epita.fr/user/g/gu/guillaume-alain.priso-totto/u/work/spe/prog/epita-prepa-asm-2026-s3-tp11-guillaume-alain.priso-totto/htab.c [1ms]
[2022-12-06T11:46:46.269Z] > git cat-file -s 1edcaf4eb4ffb5b5b3b74efddd5f2cf22da6582e [1ms]
[2022-12-06T11:46:52.531Z] > git show --textconv :test.c [4ms]
[2022-12-06T11:46:52.532Z] > git ls-files --stage -- /afs/cri.epita.fr/user/g/gu/guillaume-alain.priso-totto/u/work/spe/prog/epita-prepa-asm-2026-s3-tp11-guillaume-alain.priso-totto/test.c [2ms]
[2022-12-06T11:46:52.536Z] > git cat-file -s e319e5253fa3550f9f7417a498a785edb52817f4 [1ms]
[2022-12-06T11:46:54.620Z] > git show --textconv :htab.c [4ms]
[2022-12-06T11:46:54.621Z] > git ls-files --stage -- /afs/cri.epita.fr/user/g/gu/guillaume-alain.priso-totto/u/work/spe/prog/epita-prepa-asm-2026-s3-tp11-guillaume-alain.priso-totto/htab.c [1ms]
[2022-12-06T11:46:54.628Z] > git cat-file -s 1edcaf4eb4ffb5b5b3b74efddd5f2cf22da6582e [2ms]
[2022-12-06T11:48:45.181Z] > git show --textconv :test.c [4ms]
[2022-12-06T11:48:45.182Z] > git ls-files --stage -- /afs/cri.epita.fr/user/g/gu/guillaume-alain.priso-totto/u/work/spe/prog/epita-prepa-asm-2026-s3-tp11-guillaume-alain.priso-totto/test.c [1ms]
[2022-12-06T11:48:45.187Z] > git cat-file -s e319e5253fa3550f9f7417a498a785edb52817f4 [2ms]
[2022-12-06T11:48:46.393Z] > git show --textconv :htab.c [4ms]
[2022-12-06T11:48:46.394Z] > git ls-files --stage -- /afs/cri.epita.fr/user/g/gu/guillaume-alain.priso-totto/u/work/spe/prog/epita-prepa-asm-2026-s3-tp11-guillaume-alain.priso-totto/htab.c [2ms]
[2022-12-06T11:48:46.399Z] > git cat-file -s 1edcaf4eb4ffb5b5b3b74efddd5f2cf22da6582e [2ms]
[2022-12-06T11:48:49.674Z] > git show --textconv :htab.h [5ms]
[2022-12-06T11:48:49.675Z] > git ls-files --stage -- /afs/cri.epita.fr/user/g/gu/guillaume-alain.priso-totto/u/work/spe/prog/epita-prepa-asm-2026-s3-tp11-guillaume-alain.priso-totto/htab.h [2ms]
[2022-12-06T11:48:49.680Z] > git cat-file -s 366bcb6ad34305d55c6d5e8b723be982aa3c7483 [2ms]
[2022-12-06T11:48:55.667Z] > git show --textconv :htab.c [4ms]
[2022-12-06T11:48:55.669Z] > git ls-files --stage -- /afs/cri.epita.fr/user/g/gu/guillaume-alain.priso-totto/u/work/spe/prog/epita-prepa-asm-2026-s3-tp11-guillaume-alain.priso-totto/htab.c [2ms]
[2022-12-06T11:48:55.674Z] > git cat-file -s 1edcaf4eb4ffb5b5b3b74efddd5f2cf22da6582e [2ms]
[2022-12-06T11:49:05.285Z] > git show --textconv :htab.h [5ms]
[2022-12-06T11:49:05.286Z] > git ls-files --stage -- /afs/cri.epita.fr/user/g/gu/guillaume-alain.priso-totto/u/work/spe/prog/epita-prepa-asm-2026-s3-tp11-guillaume-alain.priso-totto/htab.h [1ms]
[2022-12-06T11:49:05.291Z] > git cat-file -s 366bcb6ad34305d55c6d5e8b723be982aa3c7483 [1ms]
[2022-12-06T11:49:06.370Z] > git show --textconv :htab.c [4ms]
[2022-12-06T11:49:06.372Z] > git ls-files --stage -- /afs/cri.epita.fr/user/g/gu/guillaume-alain.priso-totto/u/work/spe/prog/epita-prepa-asm-2026-s3-tp11-guillaume-alain.priso-totto/htab.c [2ms]
[2022-12-06T11:49:06.376Z] > git cat-file -s 1edcaf4eb4ffb5b5b3b74efddd5f2cf22da6582e [1ms]
[2022-12-06T11:49:36.027Z] > git show --textconv :htab.h [5ms]
[2022-12-06T11:49:36.028Z] > git ls-files --stage -- /afs/cri.epita.fr/user/g/gu/guillaume-alain.priso-totto/u/work/spe/prog/epita-prepa-asm-2026-s3-tp11-guillaume-alain.priso-totto/htab.h [1ms]
[2022-12-06T11:49:36.033Z] > git cat-file -s 366bcb6ad34305d55c6d5e8b723be982aa3c7483 [1ms]
[2022-12-06T11:49:44.120Z] > git show --textconv :htab.c [4ms]
[2022-12-06T11:49:44.121Z] > git ls-files --stage -- /afs/cri.epita.fr/user/g/gu/guillaume-alain.priso-totto/u/work/spe/prog/epita-prepa-asm-2026-s3-tp11-guillaume-alain.priso-totto/htab.c [1ms]
[2022-12-06T11:49:44.126Z] > git cat-file -s 1edcaf4eb4ffb5b5b3b74efddd5f2cf22da6582e [1ms]
[2022-12-06T11:50:14.497Z] > git status -z -uall [2ms]
[2022-12-06T11:50:14.502Z] > git symbolic-ref --short HEAD [2ms]
[2022-12-06T11:50:14.506Z] > git for-each-ref --format=%(refname)%00%(upstream:short)%00%(objectname)%00%(upstream:track)%00%(upstream:remotename)%00%(upstream:remoteref) refs/heads/master refs/remotes/master [1ms]
[2022-12-06T11:50:14.513Z] > git for-each-ref --sort -committerdate --format %(refname) %(objectname) %(*objectname) [3ms]
[2022-12-06T11:50:14.514Z] > git remote --verbose [1ms]
[2022-12-06T11:50:14.520Z] > git config --get commit.template [1ms]
[2022-12-06T11:50:43.344Z] > git show --textconv :htab.h [4ms]
[2022-12-06T11:50:43.345Z] > git ls-files --stage -- /afs/cri.epita.fr/user/g/gu/guillaume-alain.priso-totto/u/work/spe/prog/epita-prepa-asm-2026-s3-tp11-guillaume-alain.priso-totto/htab.h [1ms]
[2022-12-06T11:50:43.350Z] > git cat-file -s 366bcb6ad34305d55c6d5e8b723be982aa3c7483 [2ms]
[2022-12-06T11:50:51.590Z] > git show --textconv :htab.c [4ms]
[2022-12-06T11:50:51.591Z] > git ls-files --stage -- /afs/cri.epita.fr/user/g/gu/guillaume-alain.priso-totto/u/work/spe/prog/epita-prepa-asm-2026-s3-tp11-guillaume-alain.priso-totto/htab.c [2ms]
[2022-12-06T11:50:51.596Z] > git cat-file -s 1edcaf4eb4ffb5b5b3b74efddd5f2cf22da6582e [2ms]
[2022-12-06T11:50:52.677Z] > git show --textconv :htab.h [4ms]
[2022-12-06T11:50:52.679Z] > git ls-files --stage -- /afs/cri.epita.fr/user/g/gu/guillaume-alain.priso-totto/u/work/spe/prog/epita-prepa-asm-2026-s3-tp11-guillaume-alain.priso-totto/htab.h [2ms]
[2022-12-06T11:50:52.684Z] > git cat-file -s 366bcb6ad34305d55c6d5e8b723be982aa3c7483 [1ms]
[2022-12-06T11:50:57.996Z] > git show --textconv :htab.c [4ms]
[2022-12-06T11:50:57.998Z] > git ls-files --stage -- /afs/cri.epita.fr/user/g/gu/guillaume-alain.priso-totto/u/work/spe/prog/epita-prepa-asm-2026-s3-tp11-guillaume-alain.priso-totto/htab.c [2ms]
[2022-12-06T11:50:58.003Z] > git cat-file -s 1edcaf4eb4ffb5b5b3b74efddd5f2cf22da6582e [2ms]
[2022-12-06T11:51:00.126Z] > git show --textconv :htab.h [5ms]
[2022-12-06T11:51:00.128Z] > git ls-files --stage -- /afs/cri.epita.fr/user/g/gu/guillaume-alain.priso-totto/u/work/spe/prog/epita-prepa-asm-2026-s3-tp11-guillaume-alain.priso-totto/htab.h [2ms]
[2022-12-06T11:51:00.133Z] > git cat-file -s 366bcb6ad34305d55c6d5e8b723be982aa3c7483 [2ms]
[2022-12-06T11:51:04.948Z] > git show --textconv :htab.c [4ms]
[2022-12-06T11:51:04.950Z] > git ls-files --stage -- /afs/cri.epita.fr/user/g/gu/guillaume-alain.priso-totto/u/work/spe/prog/epita-prepa-asm-2026-s3-tp11-guillaume-alain.priso-totto/htab.c [2ms]
[2022-12-06T11:51:04.955Z] > git cat-file -s 1edcaf4eb4ffb5b5b3b74efddd5f2cf22da6582e [2ms]
[2022-12-06T11:55:52.110Z] > git status -z -uall [2ms]
[2022-12-06T11:55:52.115Z] > git symbolic-ref --short HEAD [1ms]
[2022-12-06T11:55:52.120Z] > git for-each-ref --format=%(refname)%00%(upstream:short)%00%(objectname)%00%(upstream:track)%00%(upstream:remotename)%00%(upstream:remoteref) refs/heads/master refs/remotes/master [2ms]
[2022-12-06T11:55:52.127Z] > git for-each-ref --sort -committerdate --format %(refname) %(objectname) %(*objectname) [4ms]
[2022-12-06T11:55:52.127Z] > git remote --verbose [1ms]
[2022-12-06T11:55:52.133Z] > git config --get commit.template [2ms]
