[2023-01-10T11:59:09.613Z] Log level: Info
[2023-01-10T11:59:09.650Z] [info] Validating found git in: git
[2023-01-10T11:59:09.854Z] [info] Using git 2.36.2 from git
[2023-01-10T11:59:09.879Z] > git rev-parse --show-toplevel [17ms]
[2023-01-10T11:59:09.935Z] > git rev-parse --git-dir --git-common-dir [49ms]
[2023-01-10T11:59:09.940Z] [info] Open repository: /afs/cri.epita.fr/user/g/gu/guillaume-alain.priso-totto/u/work/spe/prog/epita-prepa-asm-2026-s4-seminaire-guillaume-alain.priso-totto
[2023-01-10T11:59:10.030Z] > git status -z -uall [86ms]
[2023-01-10T11:59:10.035Z] > git symbolic-ref --short HEAD [2ms]
[2023-01-10T11:59:10.043Z] > git for-each-ref --format=%(refname)%00%(upstream:short)%00%(objectname)%00%(upstream:track)%00%(upstream:remotename)%00%(upstream:remoteref) refs/heads/master refs/remotes/master [4ms]
[2023-01-10T11:59:10.052Z] > git for-each-ref --sort -committerdate --format %(refname) %(objectname) %(*objectname) [5ms]
[2023-01-10T11:59:10.052Z] > git remote --verbose [2ms]
[2023-01-10T11:59:10.061Z] > git config --get commit.template [1ms]
[2023-01-10T11:59:10.068Z] > git status -z -uall [2ms]
[2023-01-10T11:59:10.073Z] > git symbolic-ref --short HEAD [1ms]
[2023-01-10T11:59:10.078Z] > git for-each-ref --format=%(refname)%00%(upstream:short)%00%(objectname)%00%(upstream:track)%00%(upstream:remotename)%00%(upstream:remoteref) refs/heads/master refs/remotes/master [1ms]
[2023-01-10T11:59:10.084Z] > git for-each-ref --sort -committerdate --format %(refname) %(objectname) %(*objectname) [3ms]
[2023-01-10T11:59:10.085Z] > git remote --verbose [1ms]
[2023-01-10T11:59:10.092Z] > git config --get commit.template [1ms]
[2023-01-10T11:59:10.284Z] > git ls-files --stage -- /afs/cri.epita.fr/user/g/gu/guillaume-alain.priso-totto/u/work/spe/prog/epita-prepa-asm-2026-s4-seminaire-guillaume-alain.priso-totto/day1/make/Makefile [1ms]
[2023-01-10T11:59:10.292Z] > git show --textconv :day1/make/Makefile [13ms]
[2023-01-10T11:59:10.293Z] > git cat-file -s 583849dbc7727289c3c909b31a06a69977de1d68 [3ms]
[2023-01-10T11:59:10.475Z] > git check-ignore -v -z --stdin [2ms]
[2023-01-10T12:09:00.563Z] > git status -z -uall [3ms]
[2023-01-10T12:09:00.571Z] > git symbolic-ref --short HEAD [3ms]
[2023-01-10T12:09:00.577Z] > git for-each-ref --format=%(refname)%00%(upstream:short)%00%(objectname)%00%(upstream:track)%00%(upstream:remotename)%00%(upstream:remoteref) refs/heads/master refs/remotes/master [1ms]
[2023-01-10T12:09:00.585Z] > git for-each-ref --sort -committerdate --format %(refname) %(objectname) %(*objectname) [5ms]
[2023-01-10T12:09:00.586Z] > git remote --verbose [2ms]
[2023-01-10T12:09:00.594Z] > git config --get commit.template [1ms]
[2023-01-10T12:09:27.180Z] > git status -z -uall [3ms]
[2023-01-10T12:09:27.188Z] > git symbolic-ref --short HEAD [1ms]
[2023-01-10T12:09:27.195Z] > git for-each-ref --format=%(refname)%00%(upstream:short)%00%(objectname)%00%(upstream:track)%00%(upstream:remotename)%00%(upstream:remoteref) refs/heads/master refs/remotes/master [2ms]
[2023-01-10T12:09:27.206Z] > git for-each-ref --sort -committerdate --format %(refname) %(objectname) %(*objectname) [5ms]
[2023-01-10T12:09:27.207Z] > git remote --verbose [2ms]
[2023-01-10T12:09:27.213Z] > git config --get commit.template [1ms]
[2023-01-10T12:09:32.133Z] > git rev-parse --show-toplevel [17ms]
[2023-01-10T12:09:32.138Z] > git rev-parse --git-dir --git-common-dir [1ms]
[2023-01-10T12:09:32.140Z] [info] Open repository: /afs/cri.epita.fr/user/g/gu/guillaume-alain.priso-totto/u/work/spe/prog/epita-prepa-asm-2026-s3-tp08-guillaume-alain.priso-totto
[2023-01-10T12:09:32.220Z] > git status -z -uall [3ms]
[2023-01-10T12:09:32.224Z] > git symbolic-ref --short HEAD [1ms]
[2023-01-10T12:09:32.228Z] > git for-each-ref --format=%(refname)%00%(upstream:short)%00%(objectname)%00%(upstream:track)%00%(upstream:remotename)%00%(upstream:remoteref) refs/heads/master refs/remotes/master [1ms]
[2023-01-10T12:09:32.235Z] > git status -z -uall [91ms]
[2023-01-10T12:09:32.239Z] > git for-each-ref --sort -committerdate --format %(refname) %(objectname) %(*objectname) [8ms]
[2023-01-10T12:09:32.240Z] > git remote --verbose [5ms]
[2023-01-10T12:09:32.244Z] > git symbolic-ref --short HEAD [5ms]
[2023-01-10T12:09:32.248Z] > git config --get commit.template [4ms]
[2023-01-10T12:09:32.253Z] > git for-each-ref --format=%(refname)%00%(upstream:short)%00%(objectname)%00%(upstream:track)%00%(upstream:remotename)%00%(upstream:remoteref) refs/heads/master refs/remotes/master [6ms]
[2023-01-10T12:09:32.263Z] > git for-each-ref --sort -committerdate --format %(refname) %(objectname) %(*objectname) [4ms]
[2023-01-10T12:09:32.264Z] > git remote --verbose [2ms]
[2023-01-10T12:09:32.269Z] > git config --get commit.template [1ms]
[2023-01-10T12:09:32.275Z] > git status -z -uall [2ms]
[2023-01-10T12:09:32.279Z] > git symbolic-ref --short HEAD [1ms]
[2023-01-10T12:09:32.284Z] > git for-each-ref --format=%(refname)%00%(upstream:short)%00%(objectname)%00%(upstream:track)%00%(upstream:remotename)%00%(upstream:remoteref) refs/heads/master refs/remotes/master [2ms]
[2023-01-10T12:09:32.291Z] > git for-each-ref --sort -committerdate --format %(refname) %(objectname) %(*objectname) [3ms]
[2023-01-10T12:09:32.292Z] > git remote --verbose [1ms]
[2023-01-10T12:09:32.297Z] > git config --get commit.template [1ms]
[2023-01-10T12:09:32.563Z] > git ls-files --stage -- /afs/cri.epita.fr/user/g/gu/guillaume-alain.priso-totto/u/work/spe/prog/epita-prepa-asm-2026-s3-tp08-guillaume-alain.priso-totto/basics/Makefile [2ms]
[2023-01-10T12:09:32.570Z] > git show --textconv :basics/Makefile [12ms]
[2023-01-10T12:09:32.571Z] > git cat-file -s c67a9456bc237defcb3c988aaeda1ff6fa49f5de [2ms]
[2023-01-10T12:09:32.663Z] > git check-ignore -v -z --stdin [1ms]
[2023-01-10T12:09:33.407Z] > git rev-parse --show-toplevel [14ms]
[2023-01-10T12:09:33.411Z] > git rev-parse --git-dir --git-common-dir [1ms]
[2023-01-10T12:09:33.413Z] [info] Open repository: /afs/cri.epita.fr/user/g/gu/guillaume-alain.priso-totto/u/work/spe/prog/guillaume-alain.priso-totto-2026-asm-s3-tp03
[2023-01-10T12:09:33.483Z] > git status -z -uall [64ms]
[2023-01-10T12:09:33.487Z] > git symbolic-ref --short HEAD [1ms]
[2023-01-10T12:09:33.494Z] > git for-each-ref --format=%(refname)%00%(upstream:short)%00%(objectname)%00%(upstream:track)%00%(upstream:remotename)%00%(upstream:remoteref) refs/heads/master refs/remotes/master [4ms]
[2023-01-10T12:09:33.500Z] > git for-each-ref --sort -committerdate --format %(refname) %(objectname) %(*objectname) [4ms]
[2023-01-10T12:09:33.501Z] > git remote --verbose [2ms]
[2023-01-10T12:09:33.508Z] > git config --get commit.template [1ms]
[2023-01-10T12:09:33.521Z] > git status -z -uall [7ms]
[2023-01-10T12:09:33.526Z] > git symbolic-ref --short HEAD [1ms]
[2023-01-10T12:09:33.531Z] > git for-each-ref --format=%(refname)%00%(upstream:short)%00%(objectname)%00%(upstream:track)%00%(upstream:remotename)%00%(upstream:remoteref) refs/heads/master refs/remotes/master [2ms]
[2023-01-10T12:09:33.540Z] > git for-each-ref --sort -committerdate --format %(refname) %(objectname) %(*objectname) [6ms]
[2023-01-10T12:09:33.543Z] > git remote --verbose [4ms]
[2023-01-10T12:09:33.550Z] > git config --get commit.template [2ms]
[2023-01-10T12:09:33.589Z] > git rev-parse --show-toplevel [12ms]
[2023-01-10T12:09:33.593Z] > git rev-parse --git-dir --git-common-dir [1ms]
[2023-01-10T12:09:33.595Z] [info] Open repository: /afs/cri.epita.fr/user/g/gu/guillaume-alain.priso-totto/u/work/spe/prog/epita-prepa-asm-2026-s3-tp09-guillaume-alain.priso-totto
[2023-01-10T12:09:33.641Z] > git status -z -uall [44ms]
[2023-01-10T12:09:33.650Z] > git symbolic-ref --short HEAD [6ms]
[2023-01-10T12:09:33.657Z] > git for-each-ref --format=%(refname)%00%(upstream:short)%00%(objectname)%00%(upstream:track)%00%(upstream:remotename)%00%(upstream:remoteref) refs/heads/master refs/remotes/master [4ms]
[2023-01-10T12:09:33.663Z] > git for-each-ref --sort -committerdate --format %(refname) %(objectname) %(*objectname) [3ms]
[2023-01-10T12:09:33.663Z] > git remote --verbose [1ms]
[2023-01-10T12:09:33.669Z] > git config --get commit.template [1ms]
[2023-01-10T12:09:33.675Z] > git status -z -uall [2ms]
[2023-01-10T12:09:33.679Z] > git symbolic-ref --short HEAD [1ms]
[2023-01-10T12:09:33.684Z] > git for-each-ref --format=%(refname)%00%(upstream:short)%00%(objectname)%00%(upstream:track)%00%(upstream:remotename)%00%(upstream:remoteref) refs/heads/master refs/remotes/master [2ms]
[2023-01-10T12:09:33.690Z] > git for-each-ref --sort -committerdate --format %(refname) %(objectname) %(*objectname) [3ms]
[2023-01-10T12:09:33.691Z] > git remote --verbose [2ms]
[2023-01-10T12:09:33.696Z] > git config --get commit.template [2ms]
[2023-01-10T12:09:33.910Z] > git ls-files --stage -- /afs/cri.epita.fr/user/g/gu/guillaume-alain.priso-totto/u/work/spe/prog/epita-prepa-asm-2026-s3-tp09-guillaume-alain.priso-totto/Makefile [1ms]
[2023-01-10T12:09:33.914Z] > git show --textconv :Makefile [9ms]
[2023-01-10T12:09:33.915Z] > git cat-file -s 65ce2b36555a36beea6d0b36e33157ce99660c59 [1ms]
[2023-01-10T12:09:34.118Z] > git check-ignore -v -z --stdin [4ms]
[2023-01-10T12:09:34.119Z] > git check-ignore -v -z --stdin [1ms]
[2023-01-10T12:09:35.263Z] > git ls-files --stage -- /afs/cri.epita.fr/user/g/gu/guillaume-alain.priso-totto/u/work/spe/prog/guillaume-alain.priso-totto-2026-asm-s3-tp03/basics/Makefile [1ms]
[2023-01-10T12:09:35.268Z] > git show --textconv :basics/Makefile [10ms]
[2023-01-10T12:09:35.268Z] > git cat-file -s ea89cbbaaf36a095385a2a4aea6c991be6bd283d [1ms]
[2023-01-10T12:09:35.568Z] > git check-ignore -v -z --stdin [3ms]
[2023-01-10T12:10:04.387Z] > git show --textconv :day2/Makefile [4ms]
[2023-01-10T12:10:04.388Z] > git ls-files --stage -- /afs/cri.epita.fr/user/g/gu/guillaume-alain.priso-totto/u/work/spe/prog/epita-prepa-asm-2026-s4-seminaire-guillaume-alain.priso-totto/day2/Makefile [2ms]
[2023-01-10T12:10:04.690Z] > git check-ignore -v -z --stdin [1ms]
[2023-01-10T12:11:40.237Z] > git show --textconv :day2/basics/basics.h [4ms]
[2023-01-10T12:11:40.238Z] > git ls-files --stage -- /afs/cri.epita.fr/user/g/gu/guillaume-alain.priso-totto/u/work/spe/prog/epita-prepa-asm-2026-s4-seminaire-guillaume-alain.priso-totto/day2/basics/basics.h [2ms]
[2023-01-10T12:11:40.498Z] > git check-ignore -v -z --stdin [1ms]
[2023-01-10T12:12:04.888Z] > git ls-files --stage -- /afs/cri.epita.fr/user/g/gu/guillaume-alain.priso-totto/u/work/spe/prog/epita-prepa-asm-2026-s4-seminaire-guillaume-alain.priso-totto/day1/make/src/add/add.h [2ms]
[2023-01-10T12:12:04.892Z] > git show --textconv :day1/make/src/add/add.h [10ms]
[2023-01-10T12:12:04.892Z] > git cat-file -s 2961ea67277a1f0af7d4bce09a9bfcd95a42f02f [1ms]
[2023-01-10T12:12:05.156Z] > git check-ignore -v -z --stdin [1ms]
[2023-01-10T12:12:07.355Z] > git show --textconv :day2/basics/basics.h [4ms]
[2023-01-10T12:12:07.356Z] > git ls-files --stage -- /afs/cri.epita.fr/user/g/gu/guillaume-alain.priso-totto/u/work/spe/prog/epita-prepa-asm-2026-s4-seminaire-guillaume-alain.priso-totto/day2/basics/basics.h [1ms]
[2023-01-10T12:12:12.049Z] > git show --textconv :day2/Makefile [3ms]
[2023-01-10T12:12:12.050Z] > git ls-files --stage -- /afs/cri.epita.fr/user/g/gu/guillaume-alain.priso-totto/u/work/spe/prog/epita-prepa-asm-2026-s4-seminaire-guillaume-alain.priso-totto/day2/Makefile [1ms]
[2023-01-10T12:12:13.562Z] > git show --textconv :day2/basics/basics.h [4ms]
[2023-01-10T12:12:13.563Z] > git ls-files --stage -- /afs/cri.epita.fr/user/g/gu/guillaume-alain.priso-totto/u/work/spe/prog/epita-prepa-asm-2026-s4-seminaire-guillaume-alain.priso-totto/day2/basics/basics.h [2ms]
[2023-01-10T12:12:25.100Z] > git status -z -uall [4ms]
[2023-01-10T12:12:25.109Z] > git symbolic-ref --short HEAD [1ms]
[2023-01-10T12:12:25.115Z] > git for-each-ref --format=%(refname)%00%(upstream:short)%00%(objectname)%00%(upstream:track)%00%(upstream:remotename)%00%(upstream:remoteref) refs/heads/master refs/remotes/master [2ms]
[2023-01-10T12:12:25.123Z] > git for-each-ref --sort -committerdate --format %(refname) %(objectname) %(*objectname) [5ms]
[2023-01-10T12:12:25.123Z] > git remote --verbose [1ms]
[2023-01-10T12:12:25.131Z] > git config --get commit.template [1ms]
[2023-01-10T12:12:25.442Z] > git show --textconv :day2/basics/basics.c [4ms]
[2023-01-10T12:12:25.443Z] > git ls-files --stage -- /afs/cri.epita.fr/user/g/gu/guillaume-alain.priso-totto/u/work/spe/prog/epita-prepa-asm-2026-s4-seminaire-guillaume-alain.priso-totto/day2/basics/basics.c [2ms]
[2023-01-10T12:12:25.604Z] > git check-ignore -v -z --stdin [1ms]
[2023-01-10T12:12:51.910Z] > git ls-files --stage -- /afs/cri.epita.fr/user/g/gu/guillaume-alain.priso-totto/u/work/spe/prog/epita-prepa-asm-2026-s4-seminaire-guillaume-alain.priso-totto/day1/make/src/add/add.c [2ms]
[2023-01-10T12:12:51.913Z] > git show --textconv :day1/make/src/add/add.c [8ms]
[2023-01-10T12:12:51.915Z] > git cat-file -s e73473e0f8c314b54eab63ef2597e9a50e8efe7e [2ms]
[2023-01-10T12:12:52.183Z] > git check-ignore -v -z --stdin [1ms]
[2023-01-10T12:12:54.219Z] > git show --textconv :day2/basics/basics.c [4ms]
[2023-01-10T12:12:54.220Z] > git ls-files --stage -- /afs/cri.epita.fr/user/g/gu/guillaume-alain.priso-totto/u/work/spe/prog/epita-prepa-asm-2026-s4-seminaire-guillaume-alain.priso-totto/day2/basics/basics.c [2ms]
[2023-01-10T12:13:00.175Z] > git status -z -uall [2ms]
[2023-01-10T12:13:00.180Z] > git symbolic-ref --short HEAD [2ms]
[2023-01-10T12:13:00.184Z] > git for-each-ref --format=%(refname)%00%(upstream:short)%00%(objectname)%00%(upstream:track)%00%(upstream:remotename)%00%(upstream:remoteref) refs/heads/master refs/remotes/master [1ms]
[2023-01-10T12:13:00.190Z] > git for-each-ref --sort -committerdate --format %(refname) %(objectname) %(*objectname) [3ms]
[2023-01-10T12:13:00.191Z] > git remote --verbose [1ms]
[2023-01-10T12:13:00.198Z] > git config --get commit.template [1ms]
[2023-01-10T12:13:01.922Z] > git show --textconv :day1/make/src/add/add.c [4ms]
[2023-01-10T12:13:01.923Z] > git ls-files --stage -- /afs/cri.epita.fr/user/g/gu/guillaume-alain.priso-totto/u/work/spe/prog/epita-prepa-asm-2026-s4-seminaire-guillaume-alain.priso-totto/day1/make/src/add/add.c [2ms]
[2023-01-10T12:13:01.929Z] > git cat-file -s e73473e0f8c314b54eab63ef2597e9a50e8efe7e [2ms]
[2023-01-10T12:13:04.001Z] > git show --textconv :day2/basics/basics.h [3ms]
[2023-01-10T12:13:04.002Z] > git ls-files --stage -- /afs/cri.epita.fr/user/g/gu/guillaume-alain.priso-totto/u/work/spe/prog/epita-prepa-asm-2026-s4-seminaire-guillaume-alain.priso-totto/day2/basics/basics.h [1ms]
[2023-01-10T12:14:41.532Z] > git status -z -uall [2ms]
[2023-01-10T12:14:41.537Z] > git symbolic-ref --short HEAD [2ms]
[2023-01-10T12:14:41.541Z] > git for-each-ref --format=%(refname)%00%(upstream:short)%00%(objectname)%00%(upstream:track)%00%(upstream:remotename)%00%(upstream:remoteref) refs/heads/master refs/remotes/master [2ms]
[2023-01-10T12:14:41.548Z] > git for-each-ref --sort -committerdate --format %(refname) %(objectname) %(*objectname) [4ms]
[2023-01-10T12:14:41.549Z] > git remote --verbose [2ms]
[2023-01-10T12:14:41.555Z] > git config --get commit.template [1ms]
[2023-01-10T12:14:47.180Z] > git status -z -uall [4ms]
[2023-01-10T12:14:47.186Z] > git symbolic-ref --short HEAD [2ms]
[2023-01-10T12:14:47.190Z] > git for-each-ref --format=%(refname)%00%(upstream:short)%00%(objectname)%00%(upstream:track)%00%(upstream:remotename)%00%(upstream:remoteref) refs/heads/master refs/remotes/master [1ms]
[2023-01-10T12:14:47.198Z] > git for-each-ref --sort -committerdate --format %(refname) %(objectname) %(*objectname) [5ms]
[2023-01-10T12:14:47.200Z] > git remote --verbose [2ms]
[2023-01-10T12:14:47.206Z] > git config --get commit.template [1ms]
[2023-01-10T12:14:47.291Z] > git show --textconv :day1/make/src/add/add.c [4ms]
[2023-01-10T12:14:47.292Z] > git ls-files --stage -- /afs/cri.epita.fr/user/g/gu/guillaume-alain.priso-totto/u/work/spe/prog/epita-prepa-asm-2026-s4-seminaire-guillaume-alain.priso-totto/day1/make/src/add/add.c [1ms]
[2023-01-10T12:14:47.297Z] > git cat-file -s e73473e0f8c314b54eab63ef2597e9a50e8efe7e [1ms]
[2023-01-10T12:14:49.479Z] > git show --textconv :day2/basics/basics.h [3ms]
[2023-01-10T12:14:49.480Z] > git ls-files --stage -- /afs/cri.epita.fr/user/g/gu/guillaume-alain.priso-totto/u/work/spe/prog/epita-prepa-asm-2026-s4-seminaire-guillaume-alain.priso-totto/day2/basics/basics.h [1ms]
[2023-01-10T12:14:52.104Z] > git show --textconv :day2/basics/basics.c [4ms]
[2023-01-10T12:14:52.105Z] > git ls-files --stage -- /afs/cri.epita.fr/user/g/gu/guillaume-alain.priso-totto/u/work/spe/prog/epita-prepa-asm-2026-s4-seminaire-guillaume-alain.priso-totto/day2/basics/basics.c [2ms]
[2023-01-10T12:14:54.291Z] > git show --textconv :day2/basics/basics.h [4ms]
[2023-01-10T12:14:54.292Z] > git ls-files --stage -- /afs/cri.epita.fr/user/g/gu/guillaume-alain.priso-totto/u/work/spe/prog/epita-prepa-asm-2026-s4-seminaire-guillaume-alain.priso-totto/day2/basics/basics.h [1ms]
[2023-01-10T12:14:57.267Z] > git show --textconv :day2/basics/basics.c [6ms]
[2023-01-10T12:14:57.269Z] > git ls-files --stage -- /afs/cri.epita.fr/user/g/gu/guillaume-alain.priso-totto/u/work/spe/prog/epita-prepa-asm-2026-s4-seminaire-guillaume-alain.priso-totto/day2/basics/basics.c [2ms]
[2023-01-10T12:14:59.763Z] > git show --textconv :day2/basics/basics.h [5ms]
[2023-01-10T12:14:59.765Z] > git ls-files --stage -- /afs/cri.epita.fr/user/g/gu/guillaume-alain.priso-totto/u/work/spe/prog/epita-prepa-asm-2026-s4-seminaire-guillaume-alain.priso-totto/day2/basics/basics.h [2ms]
[2023-01-10T12:15:01.908Z] > git show --textconv :day2/basics/basics.c [4ms]
[2023-01-10T12:15:01.909Z] > git ls-files --stage -- /afs/cri.epita.fr/user/g/gu/guillaume-alain.priso-totto/u/work/spe/prog/epita-prepa-asm-2026-s4-seminaire-guillaume-alain.priso-totto/day2/basics/basics.c [1ms]
[2023-01-10T12:16:46.853Z] > git show --textconv :day1/make/src/add/add.c [4ms]
[2023-01-10T12:16:46.854Z] > git ls-files --stage -- /afs/cri.epita.fr/user/g/gu/guillaume-alain.priso-totto/u/work/spe/prog/epita-prepa-asm-2026-s4-seminaire-guillaume-alain.priso-totto/day1/make/src/add/add.c [2ms]
[2023-01-10T12:16:46.858Z] > git cat-file -s e73473e0f8c314b54eab63ef2597e9a50e8efe7e [1ms]
[2023-01-10T12:16:50.115Z] > git show --textconv :day2/basics/basics.c [3ms]
[2023-01-10T12:16:50.116Z] > git ls-files --stage -- /afs/cri.epita.fr/user/g/gu/guillaume-alain.priso-totto/u/work/spe/prog/epita-prepa-asm-2026-s4-seminaire-guillaume-alain.priso-totto/day2/basics/basics.c [1ms]
[2023-01-10T12:16:51.468Z] > git show --textconv :day2/basics/basics.h [5ms]
[2023-01-10T12:16:51.469Z] > git ls-files --stage -- /afs/cri.epita.fr/user/g/gu/guillaume-alain.priso-totto/u/work/spe/prog/epita-prepa-asm-2026-s4-seminaire-guillaume-alain.priso-totto/day2/basics/basics.h [3ms]
[2023-01-10T12:17:02.230Z] > git status -z -uall [3ms]
[2023-01-10T12:17:02.234Z] > git symbolic-ref --short HEAD [1ms]
[2023-01-10T12:17:02.239Z] > git for-each-ref --format=%(refname)%00%(upstream:short)%00%(objectname)%00%(upstream:track)%00%(upstream:remotename)%00%(upstream:remoteref) refs/heads/master refs/remotes/master [1ms]
[2023-01-10T12:17:02.247Z] > git for-each-ref --sort -committerdate --format %(refname) %(objectname) %(*objectname) [5ms]
[2023-01-10T12:17:02.247Z] > git remote --verbose [2ms]
[2023-01-10T12:17:02.253Z] > git config --get commit.template [2ms]
[2023-01-10T12:17:03.004Z] > git show --textconv :day2/basics/basics.c [5ms]
[2023-01-10T12:17:03.005Z] > git ls-files --stage -- /afs/cri.epita.fr/user/g/gu/guillaume-alain.priso-totto/u/work/spe/prog/epita-prepa-asm-2026-s4-seminaire-guillaume-alain.priso-totto/day2/basics/basics.c [1ms]
[2023-01-10T12:17:20.472Z] > git show --textconv :day2/basics/basics.h [4ms]
[2023-01-10T12:17:20.473Z] > git ls-files --stage -- /afs/cri.epita.fr/user/g/gu/guillaume-alain.priso-totto/u/work/spe/prog/epita-prepa-asm-2026-s4-seminaire-guillaume-alain.priso-totto/day2/basics/basics.h [2ms]
[2023-01-10T12:17:23.059Z] > git show --textconv :day2/basics/basics.c [5ms]
[2023-01-10T12:17:23.060Z] > git ls-files --stage -- /afs/cri.epita.fr/user/g/gu/guillaume-alain.priso-totto/u/work/spe/prog/epita-prepa-asm-2026-s4-seminaire-guillaume-alain.priso-totto/day2/basics/basics.c [2ms]
[2023-01-10T12:20:02.899Z] > git show --textconv :day2/basics/basics.h [4ms]
[2023-01-10T12:20:02.900Z] > git ls-files --stage -- /afs/cri.epita.fr/user/g/gu/guillaume-alain.priso-totto/u/work/spe/prog/epita-prepa-asm-2026-s4-seminaire-guillaume-alain.priso-totto/day2/basics/basics.h [1ms]
[2023-01-10T12:21:43.524Z] > git show --textconv :day2/basics/basics.c [5ms]
[2023-01-10T12:21:43.525Z] > git ls-files --stage -- /afs/cri.epita.fr/user/g/gu/guillaume-alain.priso-totto/u/work/spe/prog/epita-prepa-asm-2026-s4-seminaire-guillaume-alain.priso-totto/day2/basics/basics.c [2ms]
[2023-01-10T12:36:56.996Z] > git status -z -uall [10ms]
[2023-01-10T12:36:57.000Z] > git symbolic-ref --short HEAD [1ms]
[2023-01-10T12:36:57.008Z] > git for-each-ref --format=%(refname)%00%(upstream:short)%00%(objectname)%00%(upstream:track)%00%(upstream:remotename)%00%(upstream:remoteref) refs/heads/master refs/remotes/master [5ms]
[2023-01-10T12:36:57.017Z] > git for-each-ref --sort -committerdate --format %(refname) %(objectname) %(*objectname) [5ms]
[2023-01-10T12:36:57.017Z] > git remote --verbose [1ms]
[2023-01-10T12:36:57.023Z] > git config --get commit.template [2ms]
[2023-01-10T12:37:00.322Z] > git show --textconv :day2/Makefile [4ms]
[2023-01-10T12:37:00.323Z] > git ls-files --stage -- /afs/cri.epita.fr/user/g/gu/guillaume-alain.priso-totto/u/work/spe/prog/epita-prepa-asm-2026-s4-seminaire-guillaume-alain.priso-totto/day2/Makefile [1ms]
[2023-01-10T12:37:02.032Z] > git status -z -uall [4ms]
[2023-01-10T12:37:02.036Z] > git symbolic-ref --short HEAD [1ms]
[2023-01-10T12:37:02.041Z] > git for-each-ref --format=%(refname)%00%(upstream:short)%00%(objectname)%00%(upstream:track)%00%(upstream:remotename)%00%(upstream:remoteref) refs/heads/master refs/remotes/master [1ms]
[2023-01-10T12:37:02.051Z] > git for-each-ref --sort -committerdate --format %(refname) %(objectname) %(*objectname) [5ms]
[2023-01-10T12:37:02.052Z] > git remote --verbose [1ms]
[2023-01-10T12:37:02.058Z] > git config --get commit.template [1ms]
[2023-01-10T12:37:02.130Z] > git show --textconv :day2/basics/basics.c [6ms]
[2023-01-10T12:37:02.131Z] > git ls-files --stage -- /afs/cri.epita.fr/user/g/gu/guillaume-alain.priso-totto/u/work/spe/prog/epita-prepa-asm-2026-s4-seminaire-guillaume-alain.priso-totto/day2/basics/basics.c [2ms]
[2023-01-10T12:37:16.532Z] > git status -z -uall [2ms]
[2023-01-10T12:37:16.537Z] > git symbolic-ref --short HEAD [2ms]
[2023-01-10T12:37:16.542Z] > git for-each-ref --format=%(refname)%00%(upstream:short)%00%(objectname)%00%(upstream:track)%00%(upstream:remotename)%00%(upstream:remoteref) refs/heads/master refs/remotes/master [2ms]
[2023-01-10T12:37:16.549Z] > git for-each-ref --sort -committerdate --format %(refname) %(objectname) %(*objectname) [4ms]
[2023-01-10T12:37:16.550Z] > git remote --verbose [1ms]
[2023-01-10T12:37:16.556Z] > git config --get commit.template [2ms]
[2023-01-10T12:37:31.992Z] > git status -z -uall [3ms]
[2023-01-10T12:37:32.002Z] > git symbolic-ref --short HEAD [4ms]
[2023-01-10T12:37:32.006Z] > git for-each-ref --format=%(refname)%00%(upstream:short)%00%(objectname)%00%(upstream:track)%00%(upstream:remotename)%00%(upstream:remoteref) refs/heads/master refs/remotes/master [1ms]
[2023-01-10T12:37:32.015Z] > git for-each-ref --sort -committerdate --format %(refname) %(objectname) %(*objectname) [5ms]
[2023-01-10T12:37:32.016Z] > git remote --verbose [2ms]
[2023-01-10T12:37:32.022Z] > git config --get commit.template [1ms]
[2023-01-10T12:37:47.915Z] > git status -z -uall [3ms]
[2023-01-10T12:37:47.922Z] > git symbolic-ref --short HEAD [3ms]
[2023-01-10T12:37:47.931Z] > git for-each-ref --format=%(refname)%00%(upstream:short)%00%(objectname)%00%(upstream:track)%00%(upstream:remotename)%00%(upstream:remoteref) refs/heads/master refs/remotes/master [1ms]
[2023-01-10T12:37:47.939Z] > git for-each-ref --sort -committerdate --format %(refname) %(objectname) %(*objectname) [4ms]
[2023-01-10T12:37:47.940Z] > git remote --verbose [2ms]
[2023-01-10T12:37:47.948Z] > git config --get commit.template [2ms]
[2023-01-10T12:38:06.915Z] > git status -z -uall [4ms]
[2023-01-10T12:38:06.921Z] > git symbolic-ref --short HEAD [2ms]
[2023-01-10T12:38:06.932Z] > git for-each-ref --format=%(refname)%00%(upstream:short)%00%(objectname)%00%(upstream:track)%00%(upstream:remotename)%00%(upstream:remoteref) refs/heads/master refs/remotes/master [2ms]
[2023-01-10T12:38:06.940Z] > git for-each-ref --sort -committerdate --format %(refname) %(objectname) %(*objectname) [4ms]
[2023-01-10T12:38:06.941Z] > git remote --verbose [2ms]
[2023-01-10T12:38:06.950Z] > git config --get commit.template [2ms]
[2023-01-10T12:41:11.265Z] > git status -z -uall [4ms]
[2023-01-10T12:41:11.272Z] > git symbolic-ref --short HEAD [1ms]
[2023-01-10T12:41:11.278Z] > git for-each-ref --format=%(refname)%00%(upstream:short)%00%(objectname)%00%(upstream:track)%00%(upstream:remotename)%00%(upstream:remoteref) refs/heads/master refs/remotes/master [2ms]
[2023-01-10T12:41:11.286Z] > git for-each-ref --sort -committerdate --format %(refname) %(objectname) %(*objectname) [5ms]
[2023-01-10T12:41:11.286Z] > git remote --verbose [1ms]
[2023-01-10T12:41:11.293Z] > git config --get commit.template [2ms]
[2023-01-10T12:42:17.318Z] > git status -z -uall [3ms]
[2023-01-10T12:42:17.325Z] > git symbolic-ref --short HEAD [2ms]
[2023-01-10T12:42:17.330Z] > git for-each-ref --format=%(refname)%00%(upstream:short)%00%(objectname)%00%(upstream:track)%00%(upstream:remotename)%00%(upstream:remoteref) refs/heads/master refs/remotes/master [2ms]
[2023-01-10T12:42:17.338Z] > git for-each-ref --sort -committerdate --format %(refname) %(objectname) %(*objectname) [5ms]
[2023-01-10T12:42:17.339Z] > git remote --verbose [3ms]
[2023-01-10T12:42:17.344Z] > git config --get commit.template [1ms]
[2023-01-10T12:42:22.350Z] > git status -z -uall [2ms]
[2023-01-10T12:42:22.355Z] > git symbolic-ref --short HEAD [1ms]
[2023-01-10T12:42:22.360Z] > git for-each-ref --format=%(refname)%00%(upstream:short)%00%(objectname)%00%(upstream:track)%00%(upstream:remotename)%00%(upstream:remoteref) refs/heads/master refs/remotes/master [2ms]
[2023-01-10T12:42:22.366Z] > git for-each-ref --sort -committerdate --format %(refname) %(objectname) %(*objectname) [3ms]
[2023-01-10T12:42:22.367Z] > git remote --verbose [1ms]
[2023-01-10T12:42:22.373Z] > git config --get commit.template [1ms]
[2023-01-10T12:43:41.770Z] > git status -z -uall [3ms]
[2023-01-10T12:43:41.779Z] > git symbolic-ref --short HEAD [2ms]
[2023-01-10T12:43:41.784Z] > git for-each-ref --format=%(refname)%00%(upstream:short)%00%(objectname)%00%(upstream:track)%00%(upstream:remotename)%00%(upstream:remoteref) refs/heads/master refs/remotes/master [2ms]
[2023-01-10T12:43:41.792Z] > git for-each-ref --sort -committerdate --format %(refname) %(objectname) %(*objectname) [5ms]
[2023-01-10T12:43:41.793Z] > git remote --verbose [1ms]
[2023-01-10T12:43:41.799Z] > git config --get commit.template [1ms]
[2023-01-10T12:44:05.781Z] > git status -z -uall [2ms]
[2023-01-10T12:44:05.786Z] > git symbolic-ref --short HEAD [2ms]
[2023-01-10T12:44:05.795Z] > git for-each-ref --format=%(refname)%00%(upstream:short)%00%(objectname)%00%(upstream:track)%00%(upstream:remotename)%00%(upstream:remoteref) refs/heads/master refs/remotes/master [3ms]
[2023-01-10T12:44:05.803Z] > git for-each-ref --sort -committerdate --format %(refname) %(objectname) %(*objectname) [5ms]
[2023-01-10T12:44:05.803Z] > git remote --verbose [1ms]
[2023-01-10T12:44:05.815Z] > git config --get commit.template [2ms]
[2023-01-10T12:45:50.927Z] > git status -z -uall [4ms]
[2023-01-10T12:45:50.937Z] > git symbolic-ref --short HEAD [2ms]
[2023-01-10T12:45:50.942Z] > git for-each-ref --format=%(refname)%00%(upstream:short)%00%(objectname)%00%(upstream:track)%00%(upstream:remotename)%00%(upstream:remoteref) refs/heads/master refs/remotes/master [2ms]
[2023-01-10T12:45:50.951Z] > git for-each-ref --sort -committerdate --format %(refname) %(objectname) %(*objectname) [5ms]
[2023-01-10T12:45:50.951Z] > git remote --verbose [1ms]
[2023-01-10T12:45:50.958Z] > git config --get commit.template [1ms]
[2023-01-10T12:45:50.966Z] > git ls-files --stage -- /afs/cri.epita.fr/user/g/gu/guillaume-alain.priso-totto/u/work/spe/prog/epita-prepa-asm-2026-s4-seminaire-guillaume-alain.priso-totto/day2/basics/basics.c [2ms]
[2023-01-10T12:45:50.971Z] > git cat-file -s c2102a328e09d1c428bfeaeb704f23f6698ee2f2 [2ms]
[2023-01-10T12:45:50.979Z] > git show --textconv :day2/basics/basics.c [2ms]
[2023-01-10T12:45:57.244Z] > git status -z -uall [3ms]
[2023-01-10T12:45:57.253Z] > git symbolic-ref --short HEAD [3ms]
[2023-01-10T12:45:57.258Z] > git for-each-ref --format=%(refname)%00%(upstream:short)%00%(objectname)%00%(upstream:track)%00%(upstream:remotename)%00%(upstream:remoteref) refs/heads/master refs/remotes/master [2ms]
[2023-01-10T12:45:57.266Z] > git for-each-ref --sort -committerdate --format %(refname) %(objectname) %(*objectname) [5ms]
[2023-01-10T12:45:57.267Z] > git remote --verbose [2ms]
[2023-01-10T12:45:57.272Z] > git config --get commit.template [2ms]
[2023-01-10T12:46:05.175Z] > git status -z -uall [2ms]
[2023-01-10T12:46:05.180Z] > git symbolic-ref --short HEAD [1ms]
[2023-01-10T12:46:05.184Z] > git for-each-ref --format=%(refname)%00%(upstream:short)%00%(objectname)%00%(upstream:track)%00%(upstream:remotename)%00%(upstream:remoteref) refs/heads/master refs/remotes/master [1ms]
[2023-01-10T12:46:05.191Z] > git for-each-ref --sort -committerdate --format %(refname) %(objectname) %(*objectname) [4ms]
[2023-01-10T12:46:05.192Z] > git remote --verbose [1ms]
[2023-01-10T12:46:05.198Z] > git config --get commit.template [1ms]
[2023-01-10T12:46:05.302Z] > git show --textconv :day2/basics/basics.h [4ms]
[2023-01-10T12:46:05.303Z] > git ls-files --stage -- /afs/cri.epita.fr/user/g/gu/guillaume-alain.priso-totto/u/work/spe/prog/epita-prepa-asm-2026-s4-seminaire-guillaume-alain.priso-totto/day2/basics/basics.h [1ms]
[2023-01-10T12:46:05.308Z] > git cat-file -s 2f30a688304bc0607fd43e2791ba116b3eb233a5 [1ms]
[2023-01-10T12:46:11.910Z] > git status -z -uall [2ms]
[2023-01-10T12:46:11.918Z] > git symbolic-ref --short HEAD [3ms]
[2023-01-10T12:46:11.926Z] > git for-each-ref --format=%(refname)%00%(upstream:short)%00%(objectname)%00%(upstream:track)%00%(upstream:remotename)%00%(upstream:remoteref) refs/heads/master refs/remotes/master [2ms]
[2023-01-10T12:46:11.935Z] > git for-each-ref --sort -committerdate --format %(refname) %(objectname) %(*objectname) [4ms]
[2023-01-10T12:46:11.936Z] > git remote --verbose [2ms]
[2023-01-10T12:46:11.942Z] > git config --get commit.template [1ms]
[2023-01-10T12:46:24.900Z] > git status -z -uall [2ms]
[2023-01-10T12:46:24.905Z] > git symbolic-ref --short HEAD [2ms]
[2023-01-10T12:46:24.909Z] > git for-each-ref --format=%(refname)%00%(upstream:short)%00%(objectname)%00%(upstream:track)%00%(upstream:remotename)%00%(upstream:remoteref) refs/heads/master refs/remotes/master [1ms]
[2023-01-10T12:46:24.917Z] > git for-each-ref --sort -committerdate --format %(refname) %(objectname) %(*objectname) [4ms]
[2023-01-10T12:46:24.918Z] > git remote --verbose [1ms]
[2023-01-10T12:46:24.923Z] > git config --get commit.template [1ms]
[2023-01-10T12:47:28.402Z] > git status -z -uall [13ms]
[2023-01-10T12:47:28.407Z] > git ls-files --stage -- /afs/cri.epita.fr/user/g/gu/guillaume-alain.priso-totto/u/work/spe/prog/epita-prepa-asm-2026-s4-seminaire-guillaume-alain.priso-totto/day2/basics/basics.h [6ms]
[2023-01-10T12:47:28.411Z] > git symbolic-ref --short HEAD [5ms]
[2023-01-10T12:47:28.417Z] > git cat-file -s bab24a183741dea7945c3024b072e06654b8db67 [7ms]
[2023-01-10T12:47:28.419Z] > git for-each-ref --format=%(refname)%00%(upstream:short)%00%(objectname)%00%(upstream:track)%00%(upstream:remotename)%00%(upstream:remoteref) refs/heads/master refs/remotes/master [2ms]
[2023-01-10T12:47:28.430Z] > git for-each-ref --sort -committerdate --format %(refname) %(objectname) %(*objectname) [8ms]
[2023-01-10T12:47:28.430Z] > git remote --verbose [5ms]
[2023-01-10T12:47:28.437Z] > git show --textconv :day2/basics/basics.h [8ms]
[2023-01-10T12:47:28.438Z] > git config --get commit.template [1ms]
[2023-01-10T12:47:50.431Z] > git status -z -uall [3ms]
[2023-01-10T12:47:50.438Z] > git symbolic-ref --short HEAD [2ms]
[2023-01-10T12:47:50.442Z] > git for-each-ref --format=%(refname)%00%(upstream:short)%00%(objectname)%00%(upstream:track)%00%(upstream:remotename)%00%(upstream:remoteref) refs/heads/master refs/remotes/master [1ms]
[2023-01-10T12:47:50.450Z] > git for-each-ref --sort -committerdate --format %(refname) %(objectname) %(*objectname) [5ms]
[2023-01-10T12:47:50.450Z] > git remote --verbose [1ms]
[2023-01-10T12:47:50.458Z] > git config --get commit.template [1ms]
[2023-01-10T12:47:53.892Z] > git show --textconv :day2/basics/basics.c [4ms]
[2023-01-10T12:47:53.893Z] > git ls-files --stage -- /afs/cri.epita.fr/user/g/gu/guillaume-alain.priso-totto/u/work/spe/prog/epita-prepa-asm-2026-s4-seminaire-guillaume-alain.priso-totto/day2/basics/basics.c [1ms]
[2023-01-10T12:47:53.898Z] > git cat-file -s c2102a328e09d1c428bfeaeb704f23f6698ee2f2 [2ms]
[2023-01-10T12:49:46.269Z] > git status -z -uall [5ms]
[2023-01-10T12:49:46.277Z] > git symbolic-ref --short HEAD [4ms]
[2023-01-10T12:49:46.283Z] > git for-each-ref --format=%(refname)%00%(upstream:short)%00%(objectname)%00%(upstream:track)%00%(upstream:remotename)%00%(upstream:remoteref) refs/heads/master refs/remotes/master [1ms]
[2023-01-10T12:49:46.293Z] > git for-each-ref --sort -committerdate --format %(refname) %(objectname) %(*objectname) [4ms]
[2023-01-10T12:49:46.293Z] > git remote --verbose [1ms]
[2023-01-10T12:49:46.299Z] > git config --get commit.template [1ms]
[2023-01-10T12:50:21.460Z] > git status -z -uall [2ms]
[2023-01-10T12:50:21.466Z] > git symbolic-ref --short HEAD [1ms]
[2023-01-10T12:50:21.475Z] > git for-each-ref --format=%(refname)%00%(upstream:short)%00%(objectname)%00%(upstream:track)%00%(upstream:remotename)%00%(upstream:remoteref) refs/heads/master refs/remotes/master [4ms]
[2023-01-10T12:50:21.486Z] > git for-each-ref --sort -committerdate --format %(refname) %(objectname) %(*objectname) [4ms]
[2023-01-10T12:50:21.486Z] > git remote --verbose [1ms]
[2023-01-10T12:50:21.493Z] > git config --get commit.template [1ms]
[2023-01-10T12:51:40.549Z] > git status -z -uall [2ms]
[2023-01-10T12:51:40.554Z] > git symbolic-ref --short HEAD [1ms]
[2023-01-10T12:51:40.559Z] > git for-each-ref --format=%(refname)%00%(upstream:short)%00%(objectname)%00%(upstream:track)%00%(upstream:remotename)%00%(upstream:remoteref) refs/heads/master refs/remotes/master [2ms]
[2023-01-10T12:51:40.565Z] > git for-each-ref --sort -committerdate --format %(refname) %(objectname) %(*objectname) [3ms]
[2023-01-10T12:51:40.566Z] > git remote --verbose [1ms]
[2023-01-10T12:51:40.572Z] > git config --get commit.template [2ms]
[2023-01-10T12:53:44.736Z] > git status -z -uall [2ms]
[2023-01-10T12:53:44.746Z] > git symbolic-ref --short HEAD [1ms]
[2023-01-10T12:53:44.752Z] > git for-each-ref --format=%(refname)%00%(upstream:short)%00%(objectname)%00%(upstream:track)%00%(upstream:remotename)%00%(upstream:remoteref) refs/heads/master refs/remotes/master [2ms]
[2023-01-10T12:53:44.761Z] > git for-each-ref --sort -committerdate --format %(refname) %(objectname) %(*objectname) [6ms]
[2023-01-10T12:53:44.761Z] > git remote --verbose [1ms]
[2023-01-10T12:53:44.767Z] > git config --get commit.template [1ms]
[2023-01-10T12:53:49.896Z] > git status -z -uall [3ms]
[2023-01-10T12:53:49.902Z] > git symbolic-ref --short HEAD [1ms]
[2023-01-10T12:53:49.909Z] > git for-each-ref --format=%(refname)%00%(upstream:short)%00%(objectname)%00%(upstream:track)%00%(upstream:remotename)%00%(upstream:remoteref) refs/heads/master refs/remotes/master [2ms]
[2023-01-10T12:53:49.920Z] > git for-each-ref --sort -committerdate --format %(refname) %(objectname) %(*objectname) [6ms]
[2023-01-10T12:53:49.921Z] > git remote --verbose [2ms]
[2023-01-10T12:53:49.929Z] > git config --get commit.template [1ms]
[2023-01-10T12:53:54.935Z] > git status -z -uall [3ms]
[2023-01-10T12:53:54.939Z] > git symbolic-ref --short HEAD [1ms]
[2023-01-10T12:53:54.944Z] > git for-each-ref --format=%(refname)%00%(upstream:short)%00%(objectname)%00%(upstream:track)%00%(upstream:remotename)%00%(upstream:remoteref) refs/heads/master refs/remotes/master [2ms]
[2023-01-10T12:53:54.950Z] > git for-each-ref --sort -committerdate --format %(refname) %(objectname) %(*objectname) [3ms]
[2023-01-10T12:53:54.951Z] > git remote --verbose [1ms]
[2023-01-10T12:53:54.957Z] > git config --get commit.template [1ms]
[2023-01-10T12:55:31.457Z] > git status -z -uall [3ms]
[2023-01-10T12:55:31.467Z] > git symbolic-ref --short HEAD [2ms]
[2023-01-10T12:55:31.479Z] > git for-each-ref --format=%(refname)%00%(upstream:short)%00%(objectname)%00%(upstream:track)%00%(upstream:remotename)%00%(upstream:remoteref) refs/heads/master refs/remotes/master [5ms]
[2023-01-10T12:55:31.494Z] > git for-each-ref --sort -committerdate --format %(refname) %(objectname) %(*objectname) [9ms]
[2023-01-10T12:55:31.495Z] > git remote --verbose [4ms]
[2023-01-10T12:55:31.507Z] > git ls-files --stage -- /afs/cri.epita.fr/user/g/gu/guillaume-alain.priso-totto/u/work/spe/prog/epita-prepa-asm-2026-s4-seminaire-guillaume-alain.priso-totto/day2/basics/basics.c [6ms]
[2023-01-10T12:55:31.512Z] > git config --get commit.template [6ms]
[2023-01-10T12:55:31.514Z] > git cat-file -s 74f976816d2da72535b0ceb7fc36453eaee46e78 [2ms]
[2023-01-10T12:55:31.522Z] > git show --textconv :day2/basics/basics.c [3ms]
[2023-01-10T12:55:36.519Z] > git status -z -uall [2ms]
[2023-01-10T12:55:36.524Z] > git symbolic-ref --short HEAD [2ms]
[2023-01-10T12:55:36.528Z] > git for-each-ref --format=%(refname)%00%(upstream:short)%00%(objectname)%00%(upstream:track)%00%(upstream:remotename)%00%(upstream:remoteref) refs/heads/master refs/remotes/master [1ms]
[2023-01-10T12:55:36.535Z] > git for-each-ref --sort -committerdate --format %(refname) %(objectname) %(*objectname) [4ms]
[2023-01-10T12:55:36.536Z] > git remote --verbose [2ms]
[2023-01-10T12:55:36.541Z] > git config --get commit.template [2ms]
[2023-01-10T12:58:13.732Z] > git status -z -uall [2ms]
[2023-01-10T12:58:13.738Z] > git symbolic-ref --short HEAD [1ms]
[2023-01-10T12:58:13.743Z] > git for-each-ref --format=%(refname)%00%(upstream:short)%00%(objectname)%00%(upstream:track)%00%(upstream:remotename)%00%(upstream:remoteref) refs/heads/master refs/remotes/master [2ms]
[2023-01-10T12:58:13.750Z] > git for-each-ref --sort -committerdate --format %(refname) %(objectname) %(*objectname) [3ms]
[2023-01-10T12:58:13.750Z] > git remote --verbose [1ms]
[2023-01-10T12:58:13.757Z] > git config --get commit.template [2ms]
[2023-01-10T12:59:40.718Z] > git status -z -uall [3ms]
[2023-01-10T12:59:40.728Z] > git symbolic-ref --short HEAD [1ms]
[2023-01-10T12:59:40.738Z] > git for-each-ref --format=%(refname)%00%(upstream:short)%00%(objectname)%00%(upstream:track)%00%(upstream:remotename)%00%(upstream:remoteref) refs/heads/master refs/remotes/master [3ms]
[2023-01-10T12:59:40.745Z] > git for-each-ref --sort -committerdate --format %(refname) %(objectname) %(*objectname) [4ms]
[2023-01-10T12:59:40.746Z] > git remote --verbose [2ms]
[2023-01-10T12:59:40.754Z] > git config --get commit.template [2ms]
[2023-01-10T12:59:45.760Z] > git status -z -uall [3ms]
[2023-01-10T12:59:45.764Z] > git symbolic-ref --short HEAD [1ms]
[2023-01-10T12:59:45.769Z] > git for-each-ref --format=%(refname)%00%(upstream:short)%00%(objectname)%00%(upstream:track)%00%(upstream:remotename)%00%(upstream:remoteref) refs/heads/master refs/remotes/master [1ms]
[2023-01-10T12:59:45.776Z] > git for-each-ref --sort -committerdate --format %(refname) %(objectname) %(*objectname) [4ms]
[2023-01-10T12:59:45.777Z] > git remote --verbose [2ms]
[2023-01-10T12:59:45.782Z] > git config --get commit.template [1ms]
[2023-01-10T13:01:53.834Z] > git status -z -uall [3ms]
[2023-01-10T13:01:53.842Z] > git symbolic-ref --short HEAD [3ms]
[2023-01-10T13:01:53.847Z] > git for-each-ref --format=%(refname)%00%(upstream:short)%00%(objectname)%00%(upstream:track)%00%(upstream:remotename)%00%(upstream:remoteref) refs/heads/master refs/remotes/master [2ms]
[2023-01-10T13:01:53.855Z] > git for-each-ref --sort -committerdate --format %(refname) %(objectname) %(*objectname) [4ms]
[2023-01-10T13:01:53.856Z] > git remote --verbose [1ms]
[2023-01-10T13:01:53.864Z] > git config --get commit.template [2ms]
[2023-01-10T13:02:06.410Z] > git show --textconv :day2/playlist/playlist.c [5ms]
[2023-01-10T13:02:06.411Z] > git ls-files --stage -- /afs/cri.epita.fr/user/g/gu/guillaume-alain.priso-totto/u/work/spe/prog/epita-prepa-asm-2026-s4-seminaire-guillaume-alain.priso-totto/day2/playlist/playlist.c [1ms]
[2023-01-10T13:02:06.416Z] > git cat-file -s e69de29bb2d1d6434b8b29ae775ad8c2e48c5391 [2ms]
[2023-01-10T13:02:06.721Z] > git check-ignore -v -z --stdin [2ms]
[2023-01-10T13:02:08.526Z] > git show --textconv :day2/playlist/playlist.h [4ms]
[2023-01-10T13:02:08.528Z] > git ls-files --stage -- /afs/cri.epita.fr/user/g/gu/guillaume-alain.priso-totto/u/work/spe/prog/epita-prepa-asm-2026-s4-seminaire-guillaume-alain.priso-totto/day2/playlist/playlist.h [1ms]
[2023-01-10T13:02:08.533Z] > git cat-file -s e69de29bb2d1d6434b8b29ae775ad8c2e48c5391 [2ms]
[2023-01-10T13:02:08.839Z] > git check-ignore -v -z --stdin [2ms]
[2023-01-10T13:02:43.786Z] > git show --textconv :day2/playlist/playlist.c [6ms]
[2023-01-10T13:02:43.786Z] > git ls-files --stage -- /afs/cri.epita.fr/user/g/gu/guillaume-alain.priso-totto/u/work/spe/prog/epita-prepa-asm-2026-s4-seminaire-guillaume-alain.priso-totto/day2/playlist/playlist.c [2ms]
[2023-01-10T13:02:43.791Z] > git cat-file -s e69de29bb2d1d6434b8b29ae775ad8c2e48c5391 [2ms]
[2023-01-10T13:02:44.668Z] > git show --textconv :day2/basics/basics.c [4ms]
[2023-01-10T13:02:44.669Z] > git ls-files --stage -- /afs/cri.epita.fr/user/g/gu/guillaume-alain.priso-totto/u/work/spe/prog/epita-prepa-asm-2026-s4-seminaire-guillaume-alain.priso-totto/day2/basics/basics.c [1ms]
[2023-01-10T13:02:44.674Z] > git cat-file -s 74f976816d2da72535b0ceb7fc36453eaee46e78 [2ms]
[2023-01-10T13:02:48.270Z] > git show --textconv :day2/basics/basics.h [4ms]
[2023-01-10T13:02:48.271Z] > git ls-files --stage -- /afs/cri.epita.fr/user/g/gu/guillaume-alain.priso-totto/u/work/spe/prog/epita-prepa-asm-2026-s4-seminaire-guillaume-alain.priso-totto/day2/basics/basics.h [1ms]
[2023-01-10T13:02:48.276Z] > git cat-file -s bab24a183741dea7945c3024b072e06654b8db67 [1ms]
[2023-01-10T13:02:54.508Z] > git show --textconv :day2/playlist/playlist.h [5ms]
[2023-01-10T13:02:54.510Z] > git ls-files --stage -- /afs/cri.epita.fr/user/g/gu/guillaume-alain.priso-totto/u/work/spe/prog/epita-prepa-asm-2026-s4-seminaire-guillaume-alain.priso-totto/day2/playlist/playlist.h [2ms]
[2023-01-10T13:02:54.514Z] > git cat-file -s e69de29bb2d1d6434b8b29ae775ad8c2e48c5391 [1ms]
[2023-01-10T13:02:58.005Z] > git show --textconv :day2/basics/basics.h [4ms]
[2023-01-10T13:02:58.006Z] > git ls-files --stage -- /afs/cri.epita.fr/user/g/gu/guillaume-alain.priso-totto/u/work/spe/prog/epita-prepa-asm-2026-s4-seminaire-guillaume-alain.priso-totto/day2/basics/basics.h [2ms]
[2023-01-10T13:02:58.011Z] > git cat-file -s bab24a183741dea7945c3024b072e06654b8db67 [2ms]
[2023-01-10T13:03:00.515Z] > git show --textconv :day2/basics/basics.c [5ms]
[2023-01-10T13:03:00.516Z] > git ls-files --stage -- /afs/cri.epita.fr/user/g/gu/guillaume-alain.priso-totto/u/work/spe/prog/epita-prepa-asm-2026-s4-seminaire-guillaume-alain.priso-totto/day2/basics/basics.c [1ms]
[2023-01-10T13:03:00.521Z] > git cat-file -s 74f976816d2da72535b0ceb7fc36453eaee46e78 [1ms]
[2023-01-10T13:03:02.736Z] > git show --textconv :day2/playlist/playlist.h [5ms]
[2023-01-10T13:03:02.737Z] > git ls-files --stage -- /afs/cri.epita.fr/user/g/gu/guillaume-alain.priso-totto/u/work/spe/prog/epita-prepa-asm-2026-s4-seminaire-guillaume-alain.priso-totto/day2/playlist/playlist.h [1ms]
[2023-01-10T13:03:02.744Z] > git cat-file -s e69de29bb2d1d6434b8b29ae775ad8c2e48c5391 [2ms]
[2023-01-10T13:03:27.786Z] > git show --textconv :day2/basics/basics.h [4ms]
[2023-01-10T13:03:27.787Z] > git ls-files --stage -- /afs/cri.epita.fr/user/g/gu/guillaume-alain.priso-totto/u/work/spe/prog/epita-prepa-asm-2026-s4-seminaire-guillaume-alain.priso-totto/day2/basics/basics.h [1ms]
[2023-01-10T13:03:27.791Z] > git cat-file -s bab24a183741dea7945c3024b072e06654b8db67 [1ms]
[2023-01-10T13:03:31.310Z] > git show --textconv :day2/playlist/playlist.h [5ms]
[2023-01-10T13:03:31.310Z] > git ls-files --stage -- /afs/cri.epita.fr/user/g/gu/guillaume-alain.priso-totto/u/work/spe/prog/epita-prepa-asm-2026-s4-seminaire-guillaume-alain.priso-totto/day2/playlist/playlist.h [2ms]
[2023-01-10T13:03:31.315Z] > git cat-file -s e69de29bb2d1d6434b8b29ae775ad8c2e48c5391 [2ms]
[2023-01-10T13:03:44.095Z] > git status -z -uall [9ms]
[2023-01-10T13:03:44.108Z] > git symbolic-ref --short HEAD [6ms]
[2023-01-10T13:03:44.113Z] > git for-each-ref --format=%(refname)%00%(upstream:short)%00%(objectname)%00%(upstream:track)%00%(upstream:remotename)%00%(upstream:remoteref) refs/heads/master refs/remotes/master [1ms]
[2023-01-10T13:03:44.124Z] > git for-each-ref --sort -committerdate --format %(refname) %(objectname) %(*objectname) [8ms]
[2023-01-10T13:03:44.125Z] > git remote --verbose [3ms]
[2023-01-10T13:03:44.131Z] > git config --get commit.template [1ms]
[2023-01-10T13:03:50.526Z] > git status -z -uall [4ms]
[2023-01-10T13:03:50.532Z] > git symbolic-ref --short HEAD [1ms]
[2023-01-10T13:03:50.540Z] > git for-each-ref --format=%(refname)%00%(upstream:short)%00%(objectname)%00%(upstream:track)%00%(upstream:remotename)%00%(upstream:remoteref) refs/heads/master refs/remotes/master [2ms]
[2023-01-10T13:03:50.548Z] > git for-each-ref --sort -committerdate --format %(refname) %(objectname) %(*objectname) [4ms]
[2023-01-10T13:03:50.549Z] > git remote --verbose [2ms]
[2023-01-10T13:03:50.556Z] > git config --get commit.template [1ms]
[2023-01-10T13:05:42.669Z] > git show --textconv :day2/playlist/playlist.c [5ms]
[2023-01-10T13:05:42.671Z] > git ls-files --stage -- /afs/cri.epita.fr/user/g/gu/guillaume-alain.priso-totto/u/work/spe/prog/epita-prepa-asm-2026-s4-seminaire-guillaume-alain.priso-totto/day2/playlist/playlist.c [3ms]
[2023-01-10T13:05:42.676Z] > git cat-file -s e69de29bb2d1d6434b8b29ae775ad8c2e48c5391 [1ms]
[2023-01-10T13:05:57.673Z] > git show --textconv :day2/playlist/playlist.h [7ms]
[2023-01-10T13:05:57.674Z] > git ls-files --stage -- /afs/cri.epita.fr/user/g/gu/guillaume-alain.priso-totto/u/work/spe/prog/epita-prepa-asm-2026-s4-seminaire-guillaume-alain.priso-totto/day2/playlist/playlist.h [2ms]
[2023-01-10T13:05:57.680Z] > git cat-file -s e69de29bb2d1d6434b8b29ae775ad8c2e48c5391 [2ms]
[2023-01-10T13:06:01.357Z] > git show --textconv :day2/playlist/playlist.c [6ms]
[2023-01-10T13:06:01.358Z] > git ls-files --stage -- /afs/cri.epita.fr/user/g/gu/guillaume-alain.priso-totto/u/work/spe/prog/epita-prepa-asm-2026-s4-seminaire-guillaume-alain.priso-totto/day2/playlist/playlist.c [1ms]
[2023-01-10T13:06:01.364Z] > git cat-file -s e69de29bb2d1d6434b8b29ae775ad8c2e48c5391 [1ms]
[2023-01-10T13:06:04.466Z] > git show --textconv :day2/playlist/playlist.h [4ms]
[2023-01-10T13:06:04.467Z] > git ls-files --stage -- /afs/cri.epita.fr/user/g/gu/guillaume-alain.priso-totto/u/work/spe/prog/epita-prepa-asm-2026-s4-seminaire-guillaume-alain.priso-totto/day2/playlist/playlist.h [1ms]
[2023-01-10T13:06:04.474Z] > git cat-file -s e69de29bb2d1d6434b8b29ae775ad8c2e48c5391 [2ms]
[2023-01-10T13:06:05.989Z] > git show --textconv :day2/playlist/playlist.c [4ms]
[2023-01-10T13:06:05.990Z] > git ls-files --stage -- /afs/cri.epita.fr/user/g/gu/guillaume-alain.priso-totto/u/work/spe/prog/epita-prepa-asm-2026-s4-seminaire-guillaume-alain.priso-totto/day2/playlist/playlist.c [1ms]
[2023-01-10T13:06:05.995Z] > git cat-file -s e69de29bb2d1d6434b8b29ae775ad8c2e48c5391 [1ms]
[2023-01-10T13:15:53.699Z] > git show --textconv :day2/playlist/playlist.h [4ms]
[2023-01-10T13:15:53.700Z] > git ls-files --stage -- /afs/cri.epita.fr/user/g/gu/guillaume-alain.priso-totto/u/work/spe/prog/epita-prepa-asm-2026-s4-seminaire-guillaume-alain.priso-totto/day2/playlist/playlist.h [2ms]
[2023-01-10T13:15:53.705Z] > git cat-file -s e69de29bb2d1d6434b8b29ae775ad8c2e48c5391 [1ms]
[2023-01-10T13:15:57.492Z] > git show --textconv :day2/playlist/playlist.c [4ms]
[2023-01-10T13:15:57.493Z] > git ls-files --stage -- /afs/cri.epita.fr/user/g/gu/guillaume-alain.priso-totto/u/work/spe/prog/epita-prepa-asm-2026-s4-seminaire-guillaume-alain.priso-totto/day2/playlist/playlist.c [1ms]
[2023-01-10T13:15:57.498Z] > git cat-file -s e69de29bb2d1d6434b8b29ae775ad8c2e48c5391 [2ms]
[2023-01-10T13:15:59.339Z] > git show --textconv :day2/playlist/playlist.h [4ms]
[2023-01-10T13:15:59.340Z] > git ls-files --stage -- /afs/cri.epita.fr/user/g/gu/guillaume-alain.priso-totto/u/work/spe/prog/epita-prepa-asm-2026-s4-seminaire-guillaume-alain.priso-totto/day2/playlist/playlist.h [2ms]
[2023-01-10T13:15:59.344Z] > git cat-file -s e69de29bb2d1d6434b8b29ae775ad8c2e48c5391 [1ms]
[2023-01-10T13:16:00.579Z] > git show --textconv :day2/playlist/playlist.c [4ms]
[2023-01-10T13:16:00.580Z] > git ls-files --stage -- /afs/cri.epita.fr/user/g/gu/guillaume-alain.priso-totto/u/work/spe/prog/epita-prepa-asm-2026-s4-seminaire-guillaume-alain.priso-totto/day2/playlist/playlist.c [1ms]
[2023-01-10T13:16:00.585Z] > git cat-file -s e69de29bb2d1d6434b8b29ae775ad8c2e48c5391 [1ms]
[2023-01-10T13:16:35.830Z] > git show --textconv :day2/playlist/playlist.h [4ms]
[2023-01-10T13:16:35.831Z] > git ls-files --stage -- /afs/cri.epita.fr/user/g/gu/guillaume-alain.priso-totto/u/work/spe/prog/epita-prepa-asm-2026-s4-seminaire-guillaume-alain.priso-totto/day2/playlist/playlist.h [2ms]
[2023-01-10T13:16:35.836Z] > git cat-file -s e69de29bb2d1d6434b8b29ae775ad8c2e48c5391 [2ms]
[2023-01-10T13:16:41.341Z] > git show --textconv :day2/playlist/playlist.c [4ms]
[2023-01-10T13:16:41.342Z] > git ls-files --stage -- /afs/cri.epita.fr/user/g/gu/guillaume-alain.priso-totto/u/work/spe/prog/epita-prepa-asm-2026-s4-seminaire-guillaume-alain.priso-totto/day2/playlist/playlist.c [1ms]
[2023-01-10T13:16:41.347Z] > git cat-file -s e69de29bb2d1d6434b8b29ae775ad8c2e48c5391 [2ms]
[2023-01-10T13:16:50.032Z] > git show --textconv :day2/playlist/playlist.h [4ms]
[2023-01-10T13:16:50.033Z] > git ls-files --stage -- /afs/cri.epita.fr/user/g/gu/guillaume-alain.priso-totto/u/work/spe/prog/epita-prepa-asm-2026-s4-seminaire-guillaume-alain.priso-totto/day2/playlist/playlist.h [1ms]
[2023-01-10T13:16:50.038Z] > git cat-file -s e69de29bb2d1d6434b8b29ae775ad8c2e48c5391 [1ms]
[2023-01-10T13:16:57.792Z] > git show --textconv :day2/playlist/playlist.c [4ms]
[2023-01-10T13:16:57.793Z] > git ls-files --stage -- /afs/cri.epita.fr/user/g/gu/guillaume-alain.priso-totto/u/work/spe/prog/epita-prepa-asm-2026-s4-seminaire-guillaume-alain.priso-totto/day2/playlist/playlist.c [2ms]
[2023-01-10T13:16:57.798Z] > git cat-file -s e69de29bb2d1d6434b8b29ae775ad8c2e48c5391 [2ms]
[2023-01-10T13:17:07.417Z] > git show --textconv :day2/playlist/playlist.h [5ms]
[2023-01-10T13:17:07.418Z] > git ls-files --stage -- /afs/cri.epita.fr/user/g/gu/guillaume-alain.priso-totto/u/work/spe/prog/epita-prepa-asm-2026-s4-seminaire-guillaume-alain.priso-totto/day2/playlist/playlist.h [2ms]
[2023-01-10T13:17:07.423Z] > git cat-file -s e69de29bb2d1d6434b8b29ae775ad8c2e48c5391 [2ms]
[2023-01-10T13:17:09.657Z] > git show --textconv :day2/playlist/playlist.c [5ms]
[2023-01-10T13:17:09.658Z] > git ls-files --stage -- /afs/cri.epita.fr/user/g/gu/guillaume-alain.priso-totto/u/work/spe/prog/epita-prepa-asm-2026-s4-seminaire-guillaume-alain.priso-totto/day2/playlist/playlist.c [2ms]
[2023-01-10T13:17:09.662Z] > git cat-file -s e69de29bb2d1d6434b8b29ae775ad8c2e48c5391 [1ms]
[2023-01-10T13:17:19.643Z] > git show --textconv :day2/playlist/playlist.h [5ms]
[2023-01-10T13:17:19.643Z] > git ls-files --stage -- /afs/cri.epita.fr/user/g/gu/guillaume-alain.priso-totto/u/work/spe/prog/epita-prepa-asm-2026-s4-seminaire-guillaume-alain.priso-totto/day2/playlist/playlist.h [1ms]
[2023-01-10T13:17:19.648Z] > git cat-file -s e69de29bb2d1d6434b8b29ae775ad8c2e48c5391 [2ms]
[2023-01-10T13:17:24.565Z] > git show --textconv :day2/playlist/playlist.c [4ms]
[2023-01-10T13:17:24.566Z] > git ls-files --stage -- /afs/cri.epita.fr/user/g/gu/guillaume-alain.priso-totto/u/work/spe/prog/epita-prepa-asm-2026-s4-seminaire-guillaume-alain.priso-totto/day2/playlist/playlist.c [1ms]
[2023-01-10T13:17:24.572Z] > git cat-file -s e69de29bb2d1d6434b8b29ae775ad8c2e48c5391 [2ms]
[2023-01-10T13:22:31.869Z] > git show --textconv :day2/playlist/playlist.h [4ms]
[2023-01-10T13:22:31.871Z] > git ls-files --stage -- /afs/cri.epita.fr/user/g/gu/guillaume-alain.priso-totto/u/work/spe/prog/epita-prepa-asm-2026-s4-seminaire-guillaume-alain.priso-totto/day2/playlist/playlist.h [2ms]
[2023-01-10T13:22:31.875Z] > git cat-file -s e69de29bb2d1d6434b8b29ae775ad8c2e48c5391 [1ms]
[2023-01-10T13:22:37.290Z] > git show --textconv :day2/playlist/playlist.c [4ms]
[2023-01-10T13:22:37.291Z] > git ls-files --stage -- /afs/cri.epita.fr/user/g/gu/guillaume-alain.priso-totto/u/work/spe/prog/epita-prepa-asm-2026-s4-seminaire-guillaume-alain.priso-totto/day2/playlist/playlist.c [2ms]
[2023-01-10T13:22:37.296Z] > git cat-file -s e69de29bb2d1d6434b8b29ae775ad8c2e48c5391 [1ms]
[2023-01-10T13:22:39.882Z] > git show --textconv :day2/playlist/playlist.h [4ms]
[2023-01-10T13:22:39.884Z] > git ls-files --stage -- /afs/cri.epita.fr/user/g/gu/guillaume-alain.priso-totto/u/work/spe/prog/epita-prepa-asm-2026-s4-seminaire-guillaume-alain.priso-totto/day2/playlist/playlist.h [2ms]
[2023-01-10T13:22:39.888Z] > git cat-file -s e69de29bb2d1d6434b8b29ae775ad8c2e48c5391 [1ms]
[2023-01-10T13:22:41.189Z] > git show --textconv :day2/playlist/playlist.c [4ms]
[2023-01-10T13:22:41.190Z] > git ls-files --stage -- /afs/cri.epita.fr/user/g/gu/guillaume-alain.priso-totto/u/work/spe/prog/epita-prepa-asm-2026-s4-seminaire-guillaume-alain.priso-totto/day2/playlist/playlist.c [2ms]
[2023-01-10T13:22:41.195Z] > git cat-file -s e69de29bb2d1d6434b8b29ae775ad8c2e48c5391 [2ms]
[2023-01-10T13:22:43.467Z] > git show --textconv :day2/playlist/playlist.h [4ms]
[2023-01-10T13:22:43.468Z] > git ls-files --stage -- /afs/cri.epita.fr/user/g/gu/guillaume-alain.priso-totto/u/work/spe/prog/epita-prepa-asm-2026-s4-seminaire-guillaume-alain.priso-totto/day2/playlist/playlist.h [1ms]
[2023-01-10T13:22:43.473Z] > git cat-file -s e69de29bb2d1d6434b8b29ae775ad8c2e48c5391 [1ms]
[2023-01-10T13:22:53.808Z] > git show --textconv :day2/playlist/playlist.c [4ms]
[2023-01-10T13:22:53.809Z] > git ls-files --stage -- /afs/cri.epita.fr/user/g/gu/guillaume-alain.priso-totto/u/work/spe/prog/epita-prepa-asm-2026-s4-seminaire-guillaume-alain.priso-totto/day2/playlist/playlist.c [1ms]
[2023-01-10T13:22:53.815Z] > git cat-file -s e69de29bb2d1d6434b8b29ae775ad8c2e48c5391 [2ms]
[2023-01-10T13:23:12.980Z] > git show --textconv :day2/playlist/playlist.h [6ms]
[2023-01-10T13:23:12.981Z] > git ls-files --stage -- /afs/cri.epita.fr/user/g/gu/guillaume-alain.priso-totto/u/work/spe/prog/epita-prepa-asm-2026-s4-seminaire-guillaume-alain.priso-totto/day2/playlist/playlist.h [2ms]
[2023-01-10T13:23:12.986Z] > git cat-file -s e69de29bb2d1d6434b8b29ae775ad8c2e48c5391 [2ms]
[2023-01-10T13:23:13.922Z] > git show --textconv :day2/playlist/playlist.c [4ms]
[2023-01-10T13:23:13.923Z] > git ls-files --stage -- /afs/cri.epita.fr/user/g/gu/guillaume-alain.priso-totto/u/work/spe/prog/epita-prepa-asm-2026-s4-seminaire-guillaume-alain.priso-totto/day2/playlist/playlist.c [1ms]
[2023-01-10T13:23:13.928Z] > git cat-file -s e69de29bb2d1d6434b8b29ae775ad8c2e48c5391 [1ms]
[2023-01-10T13:23:44.270Z] > git show --textconv :day2/playlist/playlist.h [4ms]
[2023-01-10T13:23:44.271Z] > git ls-files --stage -- /afs/cri.epita.fr/user/g/gu/guillaume-alain.priso-totto/u/work/spe/prog/epita-prepa-asm-2026-s4-seminaire-guillaume-alain.priso-totto/day2/playlist/playlist.h [2ms]
[2023-01-10T13:23:44.276Z] > git cat-file -s e69de29bb2d1d6434b8b29ae775ad8c2e48c5391 [1ms]
[2023-01-10T13:23:58.275Z] > git show --textconv :day2/playlist/playlist.c [3ms]
[2023-01-10T13:23:58.277Z] > git ls-files --stage -- /afs/cri.epita.fr/user/g/gu/guillaume-alain.priso-totto/u/work/spe/prog/epita-prepa-asm-2026-s4-seminaire-guillaume-alain.priso-totto/day2/playlist/playlist.c [2ms]
[2023-01-10T13:23:58.282Z] > git cat-file -s e69de29bb2d1d6434b8b29ae775ad8c2e48c5391 [2ms]
[2023-01-10T13:24:00.634Z] > git show --textconv :day2/playlist/playlist.h [3ms]
[2023-01-10T13:24:00.636Z] > git ls-files --stage -- /afs/cri.epita.fr/user/g/gu/guillaume-alain.priso-totto/u/work/spe/prog/epita-prepa-asm-2026-s4-seminaire-guillaume-alain.priso-totto/day2/playlist/playlist.h [2ms]
[2023-01-10T13:24:00.641Z] > git cat-file -s e69de29bb2d1d6434b8b29ae775ad8c2e48c5391 [2ms]
[2023-01-10T13:24:02.459Z] > git show --textconv :day2/playlist/playlist.c [4ms]
[2023-01-10T13:24:02.460Z] > git ls-files --stage -- /afs/cri.epita.fr/user/g/gu/guillaume-alain.priso-totto/u/work/spe/prog/epita-prepa-asm-2026-s4-seminaire-guillaume-alain.priso-totto/day2/playlist/playlist.c [2ms]
[2023-01-10T13:24:02.466Z] > git cat-file -s e69de29bb2d1d6434b8b29ae775ad8c2e48c5391 [2ms]
[2023-01-10T13:24:13.393Z] > git show --textconv :day2/playlist/playlist.h [5ms]
[2023-01-10T13:24:13.394Z] > git ls-files --stage -- /afs/cri.epita.fr/user/g/gu/guillaume-alain.priso-totto/u/work/spe/prog/epita-prepa-asm-2026-s4-seminaire-guillaume-alain.priso-totto/day2/playlist/playlist.h [1ms]
[2023-01-10T13:24:13.400Z] > git cat-file -s e69de29bb2d1d6434b8b29ae775ad8c2e48c5391 [2ms]
[2023-01-10T13:24:14.827Z] > git show --textconv :day2/playlist/playlist.c [4ms]
[2023-01-10T13:24:14.829Z] > git ls-files --stage -- /afs/cri.epita.fr/user/g/gu/guillaume-alain.priso-totto/u/work/spe/prog/epita-prepa-asm-2026-s4-seminaire-guillaume-alain.priso-totto/day2/playlist/playlist.c [2ms]
[2023-01-10T13:24:14.833Z] > git cat-file -s e69de29bb2d1d6434b8b29ae775ad8c2e48c5391 [1ms]
[2023-01-10T13:24:25.793Z] > git show --textconv :day2/playlist/playlist.h [5ms]
[2023-01-10T13:24:25.794Z] > git ls-files --stage -- /afs/cri.epita.fr/user/g/gu/guillaume-alain.priso-totto/u/work/spe/prog/epita-prepa-asm-2026-s4-seminaire-guillaume-alain.priso-totto/day2/playlist/playlist.h [1ms]
[2023-01-10T13:24:25.799Z] > git cat-file -s e69de29bb2d1d6434b8b29ae775ad8c2e48c5391 [1ms]
[2023-01-10T13:24:32.484Z] > git show --textconv :day2/playlist/playlist.c [6ms]
[2023-01-10T13:24:32.485Z] > git ls-files --stage -- /afs/cri.epita.fr/user/g/gu/guillaume-alain.priso-totto/u/work/spe/prog/epita-prepa-asm-2026-s4-seminaire-guillaume-alain.priso-totto/day2/playlist/playlist.c [1ms]
[2023-01-10T13:24:32.490Z] > git cat-file -s e69de29bb2d1d6434b8b29ae775ad8c2e48c5391 [2ms]
[2023-01-10T13:27:28.448Z] > git show --textconv :day2/playlist/playlist.h [4ms]
[2023-01-10T13:27:28.450Z] > git ls-files --stage -- /afs/cri.epita.fr/user/g/gu/guillaume-alain.priso-totto/u/work/spe/prog/epita-prepa-asm-2026-s4-seminaire-guillaume-alain.priso-totto/day2/playlist/playlist.h [3ms]
[2023-01-10T13:27:28.455Z] > git cat-file -s e69de29bb2d1d6434b8b29ae775ad8c2e48c5391 [2ms]
[2023-01-10T13:27:35.725Z] > git show --textconv :day2/playlist/playlist.c [4ms]
[2023-01-10T13:27:35.726Z] > git ls-files --stage -- /afs/cri.epita.fr/user/g/gu/guillaume-alain.priso-totto/u/work/spe/prog/epita-prepa-asm-2026-s4-seminaire-guillaume-alain.priso-totto/day2/playlist/playlist.c [1ms]
[2023-01-10T13:27:35.731Z] > git cat-file -s e69de29bb2d1d6434b8b29ae775ad8c2e48c5391 [1ms]
[2023-01-10T13:28:05.227Z] > git show --textconv :day2/playlist/playlist.h [4ms]
[2023-01-10T13:28:05.228Z] > git ls-files --stage -- /afs/cri.epita.fr/user/g/gu/guillaume-alain.priso-totto/u/work/spe/prog/epita-prepa-asm-2026-s4-seminaire-guillaume-alain.priso-totto/day2/playlist/playlist.h [1ms]
[2023-01-10T13:28:05.233Z] > git cat-file -s e69de29bb2d1d6434b8b29ae775ad8c2e48c5391 [1ms]
[2023-01-10T13:28:08.205Z] > git show --textconv :day2/playlist/playlist.c [4ms]
[2023-01-10T13:28:08.206Z] > git ls-files --stage -- /afs/cri.epita.fr/user/g/gu/guillaume-alain.priso-totto/u/work/spe/prog/epita-prepa-asm-2026-s4-seminaire-guillaume-alain.priso-totto/day2/playlist/playlist.c [2ms]
[2023-01-10T13:28:08.210Z] > git cat-file -s e69de29bb2d1d6434b8b29ae775ad8c2e48c5391 [1ms]
[2023-01-10T13:31:39.958Z] > git show --textconv :day2/playlist/playlist.h [3ms]
[2023-01-10T13:31:39.959Z] > git ls-files --stage -- /afs/cri.epita.fr/user/g/gu/guillaume-alain.priso-totto/u/work/spe/prog/epita-prepa-asm-2026-s4-seminaire-guillaume-alain.priso-totto/day2/playlist/playlist.h [1ms]
[2023-01-10T13:31:39.964Z] > git cat-file -s e69de29bb2d1d6434b8b29ae775ad8c2e48c5391 [2ms]
[2023-01-10T13:31:48.005Z] > git show --textconv :day2/playlist/playlist.c [4ms]
[2023-01-10T13:31:48.006Z] > git ls-files --stage -- /afs/cri.epita.fr/user/g/gu/guillaume-alain.priso-totto/u/work/spe/prog/epita-prepa-asm-2026-s4-seminaire-guillaume-alain.priso-totto/day2/playlist/playlist.c [2ms]
[2023-01-10T13:31:48.011Z] > git cat-file -s e69de29bb2d1d6434b8b29ae775ad8c2e48c5391 [2ms]
[2023-01-10T13:31:50.143Z] > git show --textconv :day2/playlist/playlist.h [4ms]
[2023-01-10T13:31:50.143Z] > git ls-files --stage -- /afs/cri.epita.fr/user/g/gu/guillaume-alain.priso-totto/u/work/spe/prog/epita-prepa-asm-2026-s4-seminaire-guillaume-alain.priso-totto/day2/playlist/playlist.h [1ms]
[2023-01-10T13:31:50.148Z] > git cat-file -s e69de29bb2d1d6434b8b29ae775ad8c2e48c5391 [1ms]
[2023-01-10T13:32:11.472Z] > git show --textconv :day2/playlist/playlist.c [4ms]
[2023-01-10T13:32:11.473Z] > git ls-files --stage -- /afs/cri.epita.fr/user/g/gu/guillaume-alain.priso-totto/u/work/spe/prog/epita-prepa-asm-2026-s4-seminaire-guillaume-alain.priso-totto/day2/playlist/playlist.c [2ms]
[2023-01-10T13:32:11.478Z] > git cat-file -s e69de29bb2d1d6434b8b29ae775ad8c2e48c5391 [2ms]
[2023-01-10T13:32:28.592Z] > git show --textconv :day2/playlist/playlist.h [5ms]
[2023-01-10T13:32:28.593Z] > git ls-files --stage -- /afs/cri.epita.fr/user/g/gu/guillaume-alain.priso-totto/u/work/spe/prog/epita-prepa-asm-2026-s4-seminaire-guillaume-alain.priso-totto/day2/playlist/playlist.h [2ms]
[2023-01-10T13:32:28.598Z] > git cat-file -s e69de29bb2d1d6434b8b29ae775ad8c2e48c5391 [2ms]
[2023-01-10T13:32:29.872Z] > git show --textconv :day2/playlist/playlist.c [3ms]
[2023-01-10T13:32:29.873Z] > git ls-files --stage -- /afs/cri.epita.fr/user/g/gu/guillaume-alain.priso-totto/u/work/spe/prog/epita-prepa-asm-2026-s4-seminaire-guillaume-alain.priso-totto/day2/playlist/playlist.c [1ms]
[2023-01-10T13:32:29.878Z] > git cat-file -s e69de29bb2d1d6434b8b29ae775ad8c2e48c5391 [1ms]
[2023-01-10T13:32:31.112Z] > git show --textconv :day2/basics/basics.c [4ms]
[2023-01-10T13:32:31.113Z] > git ls-files --stage -- /afs/cri.epita.fr/user/g/gu/guillaume-alain.priso-totto/u/work/spe/prog/epita-prepa-asm-2026-s4-seminaire-guillaume-alain.priso-totto/day2/basics/basics.c [1ms]
[2023-01-10T13:32:31.118Z] > git cat-file -s 74f976816d2da72535b0ceb7fc36453eaee46e78 [2ms]
[2023-01-10T13:32:33.424Z] > git show --textconv :day2/playlist/playlist.c [3ms]
[2023-01-10T13:32:33.425Z] > git ls-files --stage -- /afs/cri.epita.fr/user/g/gu/guillaume-alain.priso-totto/u/work/spe/prog/epita-prepa-asm-2026-s4-seminaire-guillaume-alain.priso-totto/day2/playlist/playlist.c [1ms]
[2023-01-10T13:32:33.430Z] > git cat-file -s e69de29bb2d1d6434b8b29ae775ad8c2e48c5391 [2ms]
[2023-01-10T13:35:21.086Z] > git show --textconv :day2/basics/basics.c [4ms]
[2023-01-10T13:35:21.087Z] > git ls-files --stage -- /afs/cri.epita.fr/user/g/gu/guillaume-alain.priso-totto/u/work/spe/prog/epita-prepa-asm-2026-s4-seminaire-guillaume-alain.priso-totto/day2/basics/basics.c [1ms]
[2023-01-10T13:35:21.093Z] > git cat-file -s 74f976816d2da72535b0ceb7fc36453eaee46e78 [1ms]
[2023-01-10T13:35:32.741Z] > git show --textconv :day2/playlist/playlist.c [3ms]
[2023-01-10T13:35:32.742Z] > git ls-files --stage -- /afs/cri.epita.fr/user/g/gu/guillaume-alain.priso-totto/u/work/spe/prog/epita-prepa-asm-2026-s4-seminaire-guillaume-alain.priso-totto/day2/playlist/playlist.c [1ms]
[2023-01-10T13:35:32.747Z] > git cat-file -s e69de29bb2d1d6434b8b29ae775ad8c2e48c5391 [2ms]
[2023-01-10T13:37:02.493Z] > git show --textconv :day2/basics/basics.c [4ms]
[2023-01-10T13:37:02.494Z] > git ls-files --stage -- /afs/cri.epita.fr/user/g/gu/guillaume-alain.priso-totto/u/work/spe/prog/epita-prepa-asm-2026-s4-seminaire-guillaume-alain.priso-totto/day2/basics/basics.c [2ms]
[2023-01-10T13:37:02.498Z] > git cat-file -s 74f976816d2da72535b0ceb7fc36453eaee46e78 [1ms]
[2023-01-10T13:37:07.206Z] > git show --textconv :day2/playlist/playlist.h [4ms]
[2023-01-10T13:37:07.207Z] > git ls-files --stage -- /afs/cri.epita.fr/user/g/gu/guillaume-alain.priso-totto/u/work/spe/prog/epita-prepa-asm-2026-s4-seminaire-guillaume-alain.priso-totto/day2/playlist/playlist.h [2ms]
[2023-01-10T13:37:07.212Z] > git cat-file -s e69de29bb2d1d6434b8b29ae775ad8c2e48c5391 [2ms]
[2023-01-10T13:37:08.751Z] > git show --textconv :day2/playlist/playlist.c [5ms]
[2023-01-10T13:37:08.752Z] > git ls-files --stage -- /afs/cri.epita.fr/user/g/gu/guillaume-alain.priso-totto/u/work/spe/prog/epita-prepa-asm-2026-s4-seminaire-guillaume-alain.priso-totto/day2/playlist/playlist.c [2ms]
[2023-01-10T13:37:08.757Z] > git cat-file -s e69de29bb2d1d6434b8b29ae775ad8c2e48c5391 [1ms]
[2023-01-10T13:37:31.749Z] > git show --textconv :day2/playlist/playlist.h [4ms]
[2023-01-10T13:37:31.750Z] > git ls-files --stage -- /afs/cri.epita.fr/user/g/gu/guillaume-alain.priso-totto/u/work/spe/prog/epita-prepa-asm-2026-s4-seminaire-guillaume-alain.priso-totto/day2/playlist/playlist.h [1ms]
[2023-01-10T13:37:31.755Z] > git cat-file -s e69de29bb2d1d6434b8b29ae775ad8c2e48c5391 [1ms]
[2023-01-10T13:37:34.655Z] > git show --textconv :day2/playlist/playlist.c [4ms]
[2023-01-10T13:37:34.657Z] > git ls-files --stage -- /afs/cri.epita.fr/user/g/gu/guillaume-alain.priso-totto/u/work/spe/prog/epita-prepa-asm-2026-s4-seminaire-guillaume-alain.priso-totto/day2/playlist/playlist.c [2ms]
[2023-01-10T13:37:34.661Z] > git cat-file -s e69de29bb2d1d6434b8b29ae775ad8c2e48c5391 [1ms]
[2023-01-10T13:50:02.520Z] > git show --textconv :day2/playlist/playlist.h [4ms]
[2023-01-10T13:50:02.521Z] > git ls-files --stage -- /afs/cri.epita.fr/user/g/gu/guillaume-alain.priso-totto/u/work/spe/prog/epita-prepa-asm-2026-s4-seminaire-guillaume-alain.priso-totto/day2/playlist/playlist.h [1ms]
[2023-01-10T13:50:02.526Z] > git cat-file -s e69de29bb2d1d6434b8b29ae775ad8c2e48c5391 [1ms]
[2023-01-10T13:50:03.640Z] > git show --textconv :day2/playlist/playlist.c [5ms]
[2023-01-10T13:50:03.642Z] > git ls-files --stage -- /afs/cri.epita.fr/user/g/gu/guillaume-alain.priso-totto/u/work/spe/prog/epita-prepa-asm-2026-s4-seminaire-guillaume-alain.priso-totto/day2/playlist/playlist.c [3ms]
[2023-01-10T13:50:03.647Z] > git cat-file -s e69de29bb2d1d6434b8b29ae775ad8c2e48c5391 [2ms]
[2023-01-10T13:50:10.794Z] > git show --textconv :day2/basics/basics.c [4ms]
[2023-01-10T13:50:10.795Z] > git ls-files --stage -- /afs/cri.epita.fr/user/g/gu/guillaume-alain.priso-totto/u/work/spe/prog/epita-prepa-asm-2026-s4-seminaire-guillaume-alain.priso-totto/day2/basics/basics.c [2ms]
[2023-01-10T13:50:10.799Z] > git cat-file -s 74f976816d2da72535b0ceb7fc36453eaee46e78 [1ms]
[2023-01-10T13:50:32.340Z] > git show --textconv :day2/playlist/playlist.c [4ms]
[2023-01-10T13:50:32.341Z] > git ls-files --stage -- /afs/cri.epita.fr/user/g/gu/guillaume-alain.priso-totto/u/work/spe/prog/epita-prepa-asm-2026-s4-seminaire-guillaume-alain.priso-totto/day2/playlist/playlist.c [1ms]
[2023-01-10T13:50:32.345Z] > git cat-file -s e69de29bb2d1d6434b8b29ae775ad8c2e48c5391 [1ms]
[2023-01-10T14:42:52.781Z] > git show --textconv :day2/basics/basics.c [4ms]
[2023-01-10T14:42:52.782Z] > git ls-files --stage -- /afs/cri.epita.fr/user/g/gu/guillaume-alain.priso-totto/u/work/spe/prog/epita-prepa-asm-2026-s4-seminaire-guillaume-alain.priso-totto/day2/basics/basics.c [2ms]
[2023-01-10T14:42:52.787Z] > git cat-file -s 74f976816d2da72535b0ceb7fc36453eaee46e78 [2ms]
[2023-01-10T14:43:37.240Z] > git show --textconv :day2/playlist/playlist.c [4ms]
[2023-01-10T14:43:37.241Z] > git ls-files --stage -- /afs/cri.epita.fr/user/g/gu/guillaume-alain.priso-totto/u/work/spe/prog/epita-prepa-asm-2026-s4-seminaire-guillaume-alain.priso-totto/day2/playlist/playlist.c [2ms]
[2023-01-10T14:43:37.246Z] > git cat-file -s e69de29bb2d1d6434b8b29ae775ad8c2e48c5391 [2ms]
[2023-01-10T14:45:21.985Z] > git status -z -uall [5ms]
[2023-01-10T14:45:21.997Z] > git symbolic-ref --short HEAD [4ms]
[2023-01-10T14:45:22.005Z] > git for-each-ref --format=%(refname)%00%(upstream:short)%00%(objectname)%00%(upstream:track)%00%(upstream:remotename)%00%(upstream:remoteref) refs/heads/master refs/remotes/master [3ms]
[2023-01-10T14:45:22.017Z] > git for-each-ref --sort -committerdate --format %(refname) %(objectname) %(*objectname) [6ms]
[2023-01-10T14:45:22.017Z] > git remote --verbose [1ms]
[2023-01-10T14:45:22.025Z] > git config --get commit.template [2ms]
[2023-01-10T14:52:03.325Z] > git show --textconv :day2/basics/basics.c [4ms]
[2023-01-10T14:52:03.326Z] > git ls-files --stage -- /afs/cri.epita.fr/user/g/gu/guillaume-alain.priso-totto/u/work/spe/prog/epita-prepa-asm-2026-s4-seminaire-guillaume-alain.priso-totto/day2/basics/basics.c [2ms]
[2023-01-10T14:52:03.330Z] > git cat-file -s 74f976816d2da72535b0ceb7fc36453eaee46e78 [1ms]
[2023-01-10T14:52:04.513Z] > git show --textconv :day2/playlist/playlist.c [4ms]
[2023-01-10T14:52:04.514Z] > git ls-files --stage -- /afs/cri.epita.fr/user/g/gu/guillaume-alain.priso-totto/u/work/spe/prog/epita-prepa-asm-2026-s4-seminaire-guillaume-alain.priso-totto/day2/playlist/playlist.c [2ms]
[2023-01-10T14:52:04.519Z] > git cat-file -s e69de29bb2d1d6434b8b29ae775ad8c2e48c5391 [2ms]
[2023-01-10T14:52:06.044Z] > git show --textconv :day2/playlist/playlist.h [4ms]
[2023-01-10T14:52:06.045Z] > git ls-files --stage -- /afs/cri.epita.fr/user/g/gu/guillaume-alain.priso-totto/u/work/spe/prog/epita-prepa-asm-2026-s4-seminaire-guillaume-alain.priso-totto/day2/playlist/playlist.h [2ms]
[2023-01-10T14:52:06.050Z] > git cat-file -s e69de29bb2d1d6434b8b29ae775ad8c2e48c5391 [2ms]
[2023-01-10T14:52:08.612Z] > git show --textconv :day2/playlist/playlist.c [4ms]
[2023-01-10T14:52:08.613Z] > git ls-files --stage -- /afs/cri.epita.fr/user/g/gu/guillaume-alain.priso-totto/u/work/spe/prog/epita-prepa-asm-2026-s4-seminaire-guillaume-alain.priso-totto/day2/playlist/playlist.c [1ms]
[2023-01-10T14:52:08.619Z] > git cat-file -s e69de29bb2d1d6434b8b29ae775ad8c2e48c5391 [2ms]
[2023-01-10T14:53:28.747Z] > git show --textconv :day2/playlist/playlist.h [4ms]
[2023-01-10T14:53:28.748Z] > git ls-files --stage -- /afs/cri.epita.fr/user/g/gu/guillaume-alain.priso-totto/u/work/spe/prog/epita-prepa-asm-2026-s4-seminaire-guillaume-alain.priso-totto/day2/playlist/playlist.h [1ms]
[2023-01-10T14:53:28.753Z] > git cat-file -s e69de29bb2d1d6434b8b29ae775ad8c2e48c5391 [1ms]
[2023-01-10T14:53:31.248Z] > git show --textconv :day2/playlist/playlist.c [3ms]
[2023-01-10T14:53:31.250Z] > git ls-files --stage -- /afs/cri.epita.fr/user/g/gu/guillaume-alain.priso-totto/u/work/spe/prog/epita-prepa-asm-2026-s4-seminaire-guillaume-alain.priso-totto/day2/playlist/playlist.c [2ms]
[2023-01-10T14:53:31.255Z] > git cat-file -s e69de29bb2d1d6434b8b29ae775ad8c2e48c5391 [2ms]
